[*] /usr/pkgsrc/category/incflo/work/.tools/bin/true
<.> true 
[*] /usr/pkgsrc/category/incflo/work/.tools/bin/true
<.> true 
[*] /usr/pkgsrc/category/incflo/work/.tools/bin/true
<.> true 
[*] /usr/pkgsrc/category/incflo/work/.tools/bin/true
<.> true 
[*] /usr/pkgsrc/category/incflo/work/.tools/bin/true
<.> true 
[*] /usr/pkgsrc/category/incflo/work/.tools/bin/true
<.> true 
[*] /usr/pkgsrc/category/incflo/work/.tools/bin/true
<.> true 
[*] /usr/pkgsrc/category/incflo/work/.tools/bin/true
<.> true 
[*] /usr/pkgsrc/category/incflo/work/.tools/bin/true
<.> true 
[*] /usr/pkgsrc/category/incflo/work/.tools/bin/true
<.> true 
[*] /usr/pkgsrc/category/incflo/work/.tools/bin/true
<.> true 
[*] /usr/pkgsrc/category/incflo/work/.tools/bin/true
<.> true 
[*] /usr/pkgsrc/category/incflo/work/.tools/bin/true
<.> true 
[*] /usr/pkgsrc/category/incflo/work/.tools/bin/true
<.> true 
[*] /usr/pkgsrc/category/incflo/work/.tools/bin/true
<.> true 
[*] /usr/pkgsrc/category/incflo/work/.tools/bin/true
<.> true 
[*] /usr/pkgsrc/category/incflo/work/.tools/bin/true
<.> true 
[*] /usr/pkgsrc/category/incflo/work/.tools/bin/true
<.> true 
[*] /usr/pkgsrc/category/incflo/work/.tools/bin/true
<.> true 
[*] /usr/pkgsrc/category/incflo/work/.tools/bin/true
<.> true 
[*] /usr/pkgsrc/category/incflo/work/.tools/bin/true
<.> true 
[*] cc -O2 -D_FORTIFY_SOURCE=2 CMakeCCompilerId.c
<.> /usr/pkgsrc/category/incflo/work/.gcc/bin/gcc -fcommon -m64 -O2 -D_FORTIFY_SOURCE=2 CMakeCCompilerId.c -D_FORTIFY_SOURCE=2 -fstack-protector -I/usr/pkgsrc/category/incflo/work/.buildlink/include
[*] c++ -O2 -D_FORTIFY_SOURCE=2 CMakeCXXCompilerId.cpp
<.> /usr/pkgsrc/category/incflo/work/.gcc/bin/g++ -m64 -O2 -D_FORTIFY_SOURCE=2 CMakeCXXCompilerId.cpp -fstack-protector -I/usr/pkgsrc/category/incflo/work/.buildlink/include
[*] cc -O2 -D_FORTIFY_SOURCE=2 -o CMakeFiles/cmTC_66e62.dir/testCCompiler.c.o -c /usr/pkgsrc/category/incflo/work/incflo-20.08/CMakeFiles/CMakeTmp/testCCompiler.c
<.> /usr/pkgsrc/category/incflo/work/.gcc/bin/gcc -fcommon -m64 -O2 -D_FORTIFY_SOURCE=2 -o CMakeFiles/cmTC_66e62.dir/testCCompiler.c.o -c /usr/pkgsrc/category/incflo/work/incflo-20.08/CMakeFiles/CMakeTmp/testCCompiler.c -D_FORTIFY_SOURCE=2 -fstack-protector -I/usr/pkgsrc/category/incflo/work/.buildlink/include
[*] cc -O2 -D_FORTIFY_SOURCE=2 -Wl,-z,relro -Wl,-z,now -Wl,-R/usr/pkg/lib CMakeFiles/cmTC_66e62.dir/testCCompiler.c.o -o cmTC_66e62
<.> /usr/pkgsrc/category/incflo/work/.gcc/bin/gcc -fcommon -m64 -O2 -D_FORTIFY_SOURCE=2 -Wl,-z -Wl,relro -Wl,-z -Wl,now -Wl,-rpath,/usr/pkg/lib CMakeFiles/cmTC_66e62.dir/testCCompiler.c.o -o cmTC_66e62 -D_FORTIFY_SOURCE=2 -fstack-protector -I/usr/pkgsrc/category/incflo/work/.buildlink/include
[*] cc -O2 -D_FORTIFY_SOURCE=2 -v -o CMakeFiles/cmTC_9587f.dir/CMakeCCompilerABI.c.o -c /usr/pkg/share/cmake-3.17/Modules/CMakeCCompilerABI.c
<.> /usr/pkgsrc/category/incflo/work/.gcc/bin/gcc -fcommon -m64 -O2 -D_FORTIFY_SOURCE=2 -v -o CMakeFiles/cmTC_9587f.dir/CMakeCCompilerABI.c.o -c /usr/pkg/share/cmake-3.17/Modules/CMakeCCompilerABI.c -D_FORTIFY_SOURCE=2 -fstack-protector -I/usr/pkgsrc/category/incflo/work/.buildlink/include
[*] cc -O2 -D_FORTIFY_SOURCE=2 -Wl,-z,relro -Wl,-z,now -Wl,-R/usr/pkg/lib -v CMakeFiles/cmTC_9587f.dir/CMakeCCompilerABI.c.o -o cmTC_9587f
<.> /usr/pkgsrc/category/incflo/work/.gcc/bin/gcc -fcommon -m64 -O2 -D_FORTIFY_SOURCE=2 -Wl,-z -Wl,relro -Wl,-z -Wl,now -Wl,-rpath,/usr/pkg/lib -v CMakeFiles/cmTC_9587f.dir/CMakeCCompilerABI.c.o -o cmTC_9587f -D_FORTIFY_SOURCE=2 -fstack-protector -I/usr/pkgsrc/category/incflo/work/.buildlink/include
[*] c++ -O2 -D_FORTIFY_SOURCE=2 -o CMakeFiles/cmTC_ab43b.dir/testCXXCompiler.cxx.o -c /usr/pkgsrc/category/incflo/work/incflo-20.08/CMakeFiles/CMakeTmp/testCXXCompiler.cxx
<.> /usr/pkgsrc/category/incflo/work/.gcc/bin/g++ -m64 -O2 -D_FORTIFY_SOURCE=2 -o CMakeFiles/cmTC_ab43b.dir/testCXXCompiler.cxx.o -c /usr/pkgsrc/category/incflo/work/incflo-20.08/CMakeFiles/CMakeTmp/testCXXCompiler.cxx -fstack-protector -I/usr/pkgsrc/category/incflo/work/.buildlink/include
[*] c++ -O2 -D_FORTIFY_SOURCE=2 -Wl,-z,relro -Wl,-z,now -Wl,-R/usr/pkg/lib CMakeFiles/cmTC_ab43b.dir/testCXXCompiler.cxx.o -o cmTC_ab43b
<.> /usr/pkgsrc/category/incflo/work/.gcc/bin/g++ -m64 -O2 -D_FORTIFY_SOURCE=2 -Wl,-z -Wl,relro -Wl,-z -Wl,now -Wl,-rpath,/usr/pkg/lib CMakeFiles/cmTC_ab43b.dir/testCXXCompiler.cxx.o -o cmTC_ab43b -fstack-protector -I/usr/pkgsrc/category/incflo/work/.buildlink/include
[*] c++ -O2 -D_FORTIFY_SOURCE=2 -v -o CMakeFiles/cmTC_735be.dir/CMakeCXXCompilerABI.cpp.o -c /usr/pkg/share/cmake-3.17/Modules/CMakeCXXCompilerABI.cpp
<.> /usr/pkgsrc/category/incflo/work/.gcc/bin/g++ -m64 -O2 -D_FORTIFY_SOURCE=2 -v -o CMakeFiles/cmTC_735be.dir/CMakeCXXCompilerABI.cpp.o -c /usr/pkg/share/cmake-3.17/Modules/CMakeCXXCompilerABI.cpp -fstack-protector -I/usr/pkgsrc/category/incflo/work/.buildlink/include
[*] c++ -O2 -D_FORTIFY_SOURCE=2 -Wl,-z,relro -Wl,-z,now -Wl,-R/usr/pkg/lib -v CMakeFiles/cmTC_735be.dir/CMakeCXXCompilerABI.cpp.o -o cmTC_735be
<.> /usr/pkgsrc/category/incflo/work/.gcc/bin/g++ -m64 -O2 -D_FORTIFY_SOURCE=2 -Wl,-z -Wl,relro -Wl,-z -Wl,now -Wl,-rpath,/usr/pkg/lib -v CMakeFiles/cmTC_735be.dir/CMakeCXXCompilerABI.cpp.o -o cmTC_735be -fstack-protector -I/usr/pkgsrc/category/incflo/work/.buildlink/include
