This file contains any messages produced by compilers while
running configure, to aid debugging if configure makes a mistake.

It was created by configure, which was
generated by GNU Autoconf 2.69.  Invocation command line was

  $ ./configure --prefix=/usr/pkg --build=x86_64-unknown-linux --host=x86_64-unknown-linux --mandir=/usr/pkg/man --enable-option-checking=yes

## --------- ##
## Platform. ##
## --------- ##

hostname = Hattin
uname -m = x86_64
uname -r = 5.10.9-1-default
uname -s = Linux
uname -v = #1 SMP Wed Jan 20 07:26:11 UTC 2021 (b7732a5)

/usr/bin/uname -p = x86_64
/bin/uname -X     = unknown

/bin/arch              = x86_64
/usr/bin/arch -k       = unknown
/usr/convex/getsysinfo = unknown
/usr/bin/hostinfo      = unknown
/bin/machine           = unknown
/usr/bin/oslevel       = unknown
/bin/universe          = unknown

PATH: /usr/pkgsrc/category/nusigma-pyr/work/.cwrapper/bin
PATH: /usr/pkgsrc/category/nusigma-pyr/work/.buildlink/bin
PATH: /usr/pkgsrc/category/nusigma-pyr/work/.gcc/bin
PATH: /usr/pkgsrc/category/nusigma-pyr/work/.tools/bin
PATH: /usr/pkg/bin
PATH: /home/jihbed/.gvm/bin
PATH: /home/jihbed/.gvm/bin
PATH: /home/jihbed/bin
PATH: /usr/local/bin
PATH: /usr/bin
PATH: /bin
PATH: /snap/bin
PATH: /usr/pkg/bin
PATH: /usr/pkg/bin


## ----------- ##
## Core tests. ##
## ----------- ##

configure:2296: checking for x86_64-unknown-linux-gcc
configure:2323: result: cc
configure:2592: checking for C compiler version
configure:2601: cc --version >&5
gcc (SUSE Linux) 10.2.1 20201202 [revision e563687cf9d3d1278f45aaebd03e0f66531076c9]
Copyright (C) 2020 Free Software Foundation, Inc.
This is free software; see the source for copying conditions.  There is NO
warranty; not even for MERCHANTABILITY or FITNESS FOR A PARTICULAR PURPOSE.

configure:2612: $? = 0
configure:2601: cc -v >&5
Using built-in specs.
COLLECT_GCC=/usr/pkgsrc/category/nusigma-pyr/work/.gcc/bin/gcc
COLLECT_LTO_WRAPPER=/usr/lib64/gcc/x86_64-suse-linux/10/lto-wrapper
OFFLOAD_TARGET_NAMES=nvptx-none:amdgcn-amdhsa
OFFLOAD_TARGET_DEFAULT=1
Target: x86_64-suse-linux
Configured with: ../configure --prefix=/usr --infodir=/usr/share/info --mandir=/usr/share/man --libdir=/usr/lib64 --libexecdir=/usr/lib64 --enable-languages=c,c++,objc,fortran,obj-c++,ada,go,d --enable-offload-targets=nvptx-none,amdgcn-amdhsa, --without-cuda-driver --enable-checking=release --disable-werror --with-gxx-include-dir=/usr/include/c++/10 --enable-ssp --disable-libssp --disable-libvtv --enable-cet=auto --disable-libcc1 --enable-plugin --with-bugurl=https://bugs.opensuse.org/ --with-pkgversion='SUSE Linux' --with-slibdir=/lib64 --with-system-zlib --enable-libstdcxx-allocator=new --disable-libstdcxx-pch --enable-libphobos --enable-version-specific-runtime-libs --with-gcc-major-version-only --enable-linker-build-id --enable-linux-futex --enable-gnu-indirect-function --program-suffix=-10 --without-system-libunwind --enable-multilib --with-arch-32=x86-64 --with-tune=generic --with-build-config=bootstrap-lto-lean --enable-link-mutex --build=x86_64-suse-linux --host=x86_64-suse-linux
Thread model: posix
Supported LTO compression algorithms: zlib zstd
gcc version 10.2.1 20201202 [revision e563687cf9d3d1278f45aaebd03e0f66531076c9] (SUSE Linux) 
... rest of stderr output deleted ...
configure:2612: $? = 0
configure:2601: cc -V >&5
gcc: error: unrecognized command-line option '-V'
gcc: fatal error: no input files
compilation terminated.
configure:2612: $? = 1
configure:2601: cc -qversion >&5
gcc: error: unrecognized command-line option '-qversion'; did you mean '--version'?
gcc: fatal error: no input files
compilation terminated.
configure:2612: $? = 1
configure:2632: checking whether the C compiler works
configure:2654: cc -O2 -D_FORTIFY_SOURCE=2  -Wl,-z,relro -Wl,-z,now -Wl,-R/usr/pkg/lib conftest.c  >&5
configure:2658: $? = 0
configure:2706: result: yes
configure:2709: checking for C compiler default output file name
configure:2711: result: a.out
configure:2717: checking for suffix of executables
configure:2724: cc -o conftest -O2 -D_FORTIFY_SOURCE=2  -Wl,-z,relro -Wl,-z,now -Wl,-R/usr/pkg/lib conftest.c  >&5
configure:2728: $? = 0
configure:2750: result: 
configure:2772: checking whether we are cross compiling
configure:2780: cc -o conftest -O2 -D_FORTIFY_SOURCE=2  -Wl,-z,relro -Wl,-z,now -Wl,-R/usr/pkg/lib conftest.c  >&5
configure:2784: $? = 0
configure:2791: ./conftest
configure:2795: $? = 0
configure:2810: result: no
configure:2815: checking for suffix of object files
configure:2837: cc -c -O2 -D_FORTIFY_SOURCE=2  conftest.c >&5
configure:2841: $? = 0
configure:2862: result: o
configure:2866: checking whether we are using the GNU C compiler
configure:2885: cc -c -O2 -D_FORTIFY_SOURCE=2  conftest.c >&5
configure:2885: $? = 0
configure:2894: result: yes
configure:2903: checking whether cc accepts -g
configure:2923: cc -c -g  conftest.c >&5
configure:2923: $? = 0
configure:2964: result: yes
configure:2981: checking for cc option to accept ISO C89
configure:3044: cc  -c -O2 -D_FORTIFY_SOURCE=2  conftest.c >&5
configure:3044: $? = 0
configure:3057: result: none needed
configure:3077: checking whether make sets $(MAKE)
configure:3099: result: yes
configure:3111: checking for x86_64-unknown-linux-ranlib
configure:3141: result: no
configure:3151: checking for ranlib
configure:3167: found /usr/bin/ranlib
configure:3178: result: ranlib
configure:3216: checking for x86_64-unknown-linux-ifort
configure:3243: result: gfortran
configure:3313: checking for Fortran compiler version
configure:3322: gfortran --version >&5
GNU Fortran (SUSE Linux) 10.2.1 20201202 [revision e563687cf9d3d1278f45aaebd03e0f66531076c9]
Copyright (C) 2020 Free Software Foundation, Inc.
This is free software; see the source for copying conditions.  There is NO
warranty; not even for MERCHANTABILITY or FITNESS FOR A PARTICULAR PURPOSE.

configure:3333: $? = 0
configure:3322: gfortran -v >&5
Using built-in specs.
COLLECT_GCC=/usr/pkgsrc/category/nusigma-pyr/work/.gcc/bin/gfortran
COLLECT_LTO_WRAPPER=/usr/lib64/gcc/x86_64-suse-linux/10/lto-wrapper
OFFLOAD_TARGET_NAMES=nvptx-none:amdgcn-amdhsa
OFFLOAD_TARGET_DEFAULT=1
Target: x86_64-suse-linux
Configured with: ../configure --prefix=/usr --infodir=/usr/share/info --mandir=/usr/share/man --libdir=/usr/lib64 --libexecdir=/usr/lib64 --enable-languages=c,c++,objc,fortran,obj-c++,ada,go,d --enable-offload-targets=nvptx-none,amdgcn-amdhsa, --without-cuda-driver --enable-checking=release --disable-werror --with-gxx-include-dir=/usr/include/c++/10 --enable-ssp --disable-libssp --disable-libvtv --enable-cet=auto --disable-libcc1 --enable-plugin --with-bugurl=https://bugs.opensuse.org/ --with-pkgversion='SUSE Linux' --with-slibdir=/lib64 --with-system-zlib --enable-libstdcxx-allocator=new --disable-libstdcxx-pch --enable-libphobos --enable-version-specific-runtime-libs --with-gcc-major-version-only --enable-linker-build-id --enable-linux-futex --enable-gnu-indirect-function --program-suffix=-10 --without-system-libunwind --enable-multilib --with-arch-32=x86-64 --with-tune=generic --with-build-config=bootstrap-lto-lean --enable-link-mutex --build=x86_64-suse-linux --host=x86_64-suse-linux
Thread model: posix
Supported LTO compression algorithms: zlib zstd
gcc version 10.2.1 20201202 [revision e563687cf9d3d1278f45aaebd03e0f66531076c9] (SUSE Linux) 
... rest of stderr output deleted ...
configure:3333: $? = 0
configure:3322: gfortran -V >&5
gfortran: error: unrecognized command-line option '-V'
gfortran: fatal error: no input files
compilation terminated.
configure:3333: $? = 1
configure:3322: gfortran -qversion >&5
gfortran: error: unrecognized command-line option '-qversion'; did you mean '--version'?
gfortran: fatal error: no input files
compilation terminated.
configure:3333: $? = 1
configure:3342: checking whether we are using the GNU Fortran compiler
configure:3355: gfortran -c   conftest.F >&5
configure:3355: $? = 0
configure:3364: result: yes
configure:3370: checking whether gfortran accepts -g
configure:3381: gfortran -c -g  conftest.f >&5
configure:3381: $? = 0
configure:3389: result: yes
configure:3445: checking for x86_64-unknown-linux-icc
configure:3472: result: cc
configure:3547: checking for C compiler version
configure:3556: cc --version >&5
gcc (SUSE Linux) 10.2.1 20201202 [revision e563687cf9d3d1278f45aaebd03e0f66531076c9]
Copyright (C) 2020 Free Software Foundation, Inc.
This is free software; see the source for copying conditions.  There is NO
warranty; not even for MERCHANTABILITY or FITNESS FOR A PARTICULAR PURPOSE.

configure:3567: $? = 0
configure:3556: cc -v >&5
Using built-in specs.
COLLECT_GCC=/usr/pkgsrc/category/nusigma-pyr/work/.gcc/bin/gcc
COLLECT_LTO_WRAPPER=/usr/lib64/gcc/x86_64-suse-linux/10/lto-wrapper
OFFLOAD_TARGET_NAMES=nvptx-none:amdgcn-amdhsa
OFFLOAD_TARGET_DEFAULT=1
Target: x86_64-suse-linux
Configured with: ../configure --prefix=/usr --infodir=/usr/share/info --mandir=/usr/share/man --libdir=/usr/lib64 --libexecdir=/usr/lib64 --enable-languages=c,c++,objc,fortran,obj-c++,ada,go,d --enable-offload-targets=nvptx-none,amdgcn-amdhsa, --without-cuda-driver --enable-checking=release --disable-werror --with-gxx-include-dir=/usr/include/c++/10 --enable-ssp --disable-libssp --disable-libvtv --enable-cet=auto --disable-libcc1 --enable-plugin --with-bugurl=https://bugs.opensuse.org/ --with-pkgversion='SUSE Linux' --with-slibdir=/lib64 --with-system-zlib --enable-libstdcxx-allocator=new --disable-libstdcxx-pch --enable-libphobos --enable-version-specific-runtime-libs --with-gcc-major-version-only --enable-linker-build-id --enable-linux-futex --enable-gnu-indirect-function --program-suffix=-10 --without-system-libunwind --enable-multilib --with-arch-32=x86-64 --with-tune=generic --with-build-config=bootstrap-lto-lean --enable-link-mutex --build=x86_64-suse-linux --host=x86_64-suse-linux
Thread model: posix
Supported LTO compression algorithms: zlib zstd
gcc version 10.2.1 20201202 [revision e563687cf9d3d1278f45aaebd03e0f66531076c9] (SUSE Linux) 
... rest of stderr output deleted ...
configure:3567: $? = 0
configure:3556: cc -V >&5
gcc: error: unrecognized command-line option '-V'
gcc: fatal error: no input files
compilation terminated.
configure:3567: $? = 1
configure:3556: cc -qversion >&5
gcc: error: unrecognized command-line option '-qversion'; did you mean '--version'?
gcc: fatal error: no input files
compilation terminated.
configure:3567: $? = 1
configure:3571: checking whether we are using the GNU C compiler
configure:3599: result: yes
configure:3608: checking whether cc accepts -g
configure:3669: result: yes
configure:3686: checking for cc option to accept ISO C89
configure:3762: result: none needed
configure:3894: checking for C++ compiler version
configure:3903: c++ --version >&5
g++ (SUSE Linux) 10.2.1 20201202 [revision e563687cf9d3d1278f45aaebd03e0f66531076c9]
Copyright (C) 2020 Free Software Foundation, Inc.
This is free software; see the source for copying conditions.  There is NO
warranty; not even for MERCHANTABILITY or FITNESS FOR A PARTICULAR PURPOSE.

configure:3914: $? = 0
configure:3903: c++ -v >&5
Using built-in specs.
COLLECT_GCC=/usr/pkgsrc/category/nusigma-pyr/work/.gcc/bin/g++
COLLECT_LTO_WRAPPER=/usr/lib64/gcc/x86_64-suse-linux/10/lto-wrapper
OFFLOAD_TARGET_NAMES=nvptx-none:amdgcn-amdhsa
OFFLOAD_TARGET_DEFAULT=1
Target: x86_64-suse-linux
Configured with: ../configure --prefix=/usr --infodir=/usr/share/info --mandir=/usr/share/man --libdir=/usr/lib64 --libexecdir=/usr/lib64 --enable-languages=c,c++,objc,fortran,obj-c++,ada,go,d --enable-offload-targets=nvptx-none,amdgcn-amdhsa, --without-cuda-driver --enable-checking=release --disable-werror --with-gxx-include-dir=/usr/include/c++/10 --enable-ssp --disable-libssp --disable-libvtv --enable-cet=auto --disable-libcc1 --enable-plugin --with-bugurl=https://bugs.opensuse.org/ --with-pkgversion='SUSE Linux' --with-slibdir=/lib64 --with-system-zlib --enable-libstdcxx-allocator=new --disable-libstdcxx-pch --enable-libphobos --enable-version-specific-runtime-libs --with-gcc-major-version-only --enable-linker-build-id --enable-linux-futex --enable-gnu-indirect-function --program-suffix=-10 --without-system-libunwind --enable-multilib --with-arch-32=x86-64 --with-tune=generic --with-build-config=bootstrap-lto-lean --enable-link-mutex --build=x86_64-suse-linux --host=x86_64-suse-linux
Thread model: posix
Supported LTO compression algorithms: zlib zstd
gcc version 10.2.1 20201202 [revision e563687cf9d3d1278f45aaebd03e0f66531076c9] (SUSE Linux) 
... rest of stderr output deleted ...
configure:3914: $? = 0
configure:3903: c++ -V >&5
g++: error: unrecognized command-line option '-V'
g++: fatal error: no input files
compilation terminated.
configure:3914: $? = 1
configure:3903: c++ -qversion >&5
g++: error: unrecognized command-line option '-qversion'; did you mean '--version'?
g++: fatal error: no input files
compilation terminated.
configure:3914: $? = 1
configure:3918: checking whether we are using the GNU C++ compiler
configure:3937: c++ -c -O2 -D_FORTIFY_SOURCE=2  conftest.cpp >&5
configure:3937: $? = 0
configure:3946: result: yes
configure:3955: checking whether c++ accepts -g
configure:3975: c++ -c -g  conftest.cpp >&5
configure:3975: $? = 0
configure:4016: result: yes
configure:4059: checking for x86_64-unknown-linux-ifort
configure:4086: result: gfortran
configure:4156: checking for Fortran 77 compiler version
configure:4165: gfortran --version >&5
GNU Fortran (SUSE Linux) 10.2.1 20201202 [revision e563687cf9d3d1278f45aaebd03e0f66531076c9]
Copyright (C) 2020 Free Software Foundation, Inc.
This is free software; see the source for copying conditions.  There is NO
warranty; not even for MERCHANTABILITY or FITNESS FOR A PARTICULAR PURPOSE.

configure:4176: $? = 0
configure:4165: gfortran -v >&5
Using built-in specs.
COLLECT_GCC=/usr/pkgsrc/category/nusigma-pyr/work/.gcc/bin/gfortran
COLLECT_LTO_WRAPPER=/usr/lib64/gcc/x86_64-suse-linux/10/lto-wrapper
OFFLOAD_TARGET_NAMES=nvptx-none:amdgcn-amdhsa
OFFLOAD_TARGET_DEFAULT=1
Target: x86_64-suse-linux
Configured with: ../configure --prefix=/usr --infodir=/usr/share/info --mandir=/usr/share/man --libdir=/usr/lib64 --libexecdir=/usr/lib64 --enable-languages=c,c++,objc,fortran,obj-c++,ada,go,d --enable-offload-targets=nvptx-none,amdgcn-amdhsa, --without-cuda-driver --enable-checking=release --disable-werror --with-gxx-include-dir=/usr/include/c++/10 --enable-ssp --disable-libssp --disable-libvtv --enable-cet=auto --disable-libcc1 --enable-plugin --with-bugurl=https://bugs.opensuse.org/ --with-pkgversion='SUSE Linux' --with-slibdir=/lib64 --with-system-zlib --enable-libstdcxx-allocator=new --disable-libstdcxx-pch --enable-libphobos --enable-version-specific-runtime-libs --with-gcc-major-version-only --enable-linker-build-id --enable-linux-futex --enable-gnu-indirect-function --program-suffix=-10 --without-system-libunwind --enable-multilib --with-arch-32=x86-64 --with-tune=generic --with-build-config=bootstrap-lto-lean --enable-link-mutex --build=x86_64-suse-linux --host=x86_64-suse-linux
Thread model: posix
Supported LTO compression algorithms: zlib zstd
gcc version 10.2.1 20201202 [revision e563687cf9d3d1278f45aaebd03e0f66531076c9] (SUSE Linux) 
... rest of stderr output deleted ...
configure:4176: $? = 0
configure:4165: gfortran -V >&5
gfortran: error: unrecognized command-line option '-V'
gfortran: fatal error: no input files
compilation terminated.
configure:4176: $? = 1
configure:4165: gfortran -qversion >&5
gfortran: error: unrecognized command-line option '-qversion'; did you mean '--version'?
gfortran: fatal error: no input files
compilation terminated.
configure:4176: $? = 1
configure:4185: checking whether we are using the GNU Fortran 77 compiler
configure:4198: gfortran -c -O conftest.F >&5
configure:4198: $? = 0
configure:4207: result: yes
configure:4213: checking whether gfortran accepts -g
configure:4224: gfortran -c -g conftest.f >&5
configure:4224: $? = 0
configure:4232: result: yes
configure:4275: checking for svn
configure:4291: found /usr/bin/svn
configure:4302: result: svn
configure:4322: checking for dsinit in -lds_core
configure:4347: cc -o conftest -O2 -D_FORTIFY_SOURCE=2  -Wl,-z,relro -Wl,-z,now -Wl,-R/usr/pkg/lib conftest.c -lds_core   >&5
/usr/lib64/gcc/x86_64-suse-linux/10/../../../../x86_64-suse-linux/bin/ld: cannot find -lds_core
collect2: error: ld returned 1 exit status
configure:4347: $? = 1
configure: failed program was:
| /* confdefs.h */
| #define PACKAGE_NAME ""
| #define PACKAGE_TARNAME ""
| #define PACKAGE_VERSION ""
| #define PACKAGE_STRING ""
| #define PACKAGE_BUGREPORT ""
| #define PACKAGE_URL ""
| /* end confdefs.h.  */
| 
| /* Override any GCC internal prototype to avoid an error.
|    Use char because int might match the return type of a GCC
|    builtin and then its argument prototype would still apply.  */
| #ifdef __cplusplus
| extern "C"
| #endif
| char dsinit ();
| int
| main ()
| {
| return dsinit ();
|   ;
|   return 0;
| }
configure:4356: result: no
configure:4367: checking for dsinit_module in -lds_generic_wimp
configure:4392: cc -o conftest -O2 -D_FORTIFY_SOURCE=2  -Wl,-z,relro -Wl,-z,now -Wl,-R/usr/pkg/lib conftest.c -lds_generic_wimp   >&5
/usr/lib64/gcc/x86_64-suse-linux/10/../../../../x86_64-suse-linux/bin/ld: cannot find -lds_generic_wimp
collect2: error: ld returned 1 exit status
configure:4392: $? = 1
configure: failed program was:
| /* confdefs.h */
| #define PACKAGE_NAME ""
| #define PACKAGE_TARNAME ""
| #define PACKAGE_VERSION ""
| #define PACKAGE_STRING ""
| #define PACKAGE_BUGREPORT ""
| #define PACKAGE_URL ""
| /* end confdefs.h.  */
| 
| /* Override any GCC internal prototype to avoid an error.
|    Use char because int might match the return type of a GCC
|    builtin and then its argument prototype would still apply.  */
| #ifdef __cplusplus
| extern "C"
| #endif
| char dsinit_module ();
| int
| main ()
| {
| return dsinit_module ();
|   ;
|   return 0;
| }
configure:4401: result: no
configure:4418: checking how to run the C preprocessor
configure:4449: cc -E  conftest.c
In file included from /usr/include/bits/libc-header-start.h:33,
                 from /usr/include/limits.h:26,
                 from /usr/lib64/gcc/x86_64-suse-linux/10/include-fixed/limits.h:195,
                 from /usr/lib64/gcc/x86_64-suse-linux/10/include-fixed/syslimits.h:7,
                 from /usr/lib64/gcc/x86_64-suse-linux/10/include-fixed/limits.h:34,
                 from conftest.c:10:
/usr/include/features.h:397:4: warning: #warning _FORTIFY_SOURCE requires compiling with optimization (-O) [-Wcpp]
  397 | #  warning _FORTIFY_SOURCE requires compiling with optimization (-O)
      |    ^~~~~~~
configure:4449: $? = 0
configure:4463: cc -E  conftest.c
conftest.c:9:10: fatal error: ac_nonexistent.h: No such file or directory
    9 | #include <ac_nonexistent.h>
      |          ^~~~~~~~~~~~~~~~~~
compilation terminated.
configure:4463: $? = 1
configure: failed program was:
| /* confdefs.h */
| #define PACKAGE_NAME ""
| #define PACKAGE_TARNAME ""
| #define PACKAGE_VERSION ""
| #define PACKAGE_STRING ""
| #define PACKAGE_BUGREPORT ""
| #define PACKAGE_URL ""
| /* end confdefs.h.  */
| #include <ac_nonexistent.h>
configure:4488: result: cc -E
configure:4508: cc -E  conftest.c
In file included from /usr/include/bits/libc-header-start.h:33,
                 from /usr/include/limits.h:26,
                 from /usr/lib64/gcc/x86_64-suse-linux/10/include-fixed/limits.h:195,
                 from /usr/lib64/gcc/x86_64-suse-linux/10/include-fixed/syslimits.h:7,
                 from /usr/lib64/gcc/x86_64-suse-linux/10/include-fixed/limits.h:34,
                 from conftest.c:10:
/usr/include/features.h:397:4: warning: #warning _FORTIFY_SOURCE requires compiling with optimization (-O) [-Wcpp]
  397 | #  warning _FORTIFY_SOURCE requires compiling with optimization (-O)
      |    ^~~~~~~
configure:4508: $? = 0
configure:4522: cc -E  conftest.c
conftest.c:9:10: fatal error: ac_nonexistent.h: No such file or directory
    9 | #include <ac_nonexistent.h>
      |          ^~~~~~~~~~~~~~~~~~
compilation terminated.
configure:4522: $? = 1
configure: failed program was:
| /* confdefs.h */
| #define PACKAGE_NAME ""
| #define PACKAGE_TARNAME ""
| #define PACKAGE_VERSION ""
| #define PACKAGE_STRING ""
| #define PACKAGE_BUGREPORT ""
| #define PACKAGE_URL ""
| /* end confdefs.h.  */
| #include <ac_nonexistent.h>
configure:4551: checking for grep that handles long lines and -e
configure:4609: result: /bin/grep
configure:4614: checking for egrep
configure:4676: result: /bin/egrep
configure:4681: checking for ANSI C header files
configure:4701: cc -c -O2 -D_FORTIFY_SOURCE=2  conftest.c >&5
configure:4701: $? = 0
In file included from /usr/include/bits/libc-header-start.h:33,
                 from /usr/include/string.h:26,
                 from conftest.c:9:
/usr/include/features.h:397:4: warning: #warning _FORTIFY_SOURCE requires compiling with optimization (-O) [-Wcpp]
  397 | #  warning _FORTIFY_SOURCE requires compiling with optimization (-O)
      |    ^~~~~~~
In file included from /usr/include/bits/libc-header-start.h:33,
                 from /usr/include/stdlib.h:25,
                 from conftest.c:9:
/usr/include/features.h:397:4: warning: #warning _FORTIFY_SOURCE requires compiling with optimization (-O) [-Wcpp]
  397 | #  warning _FORTIFY_SOURCE requires compiling with optimization (-O)
      |    ^~~~~~~
configure:4774: cc -o conftest -O2 -D_FORTIFY_SOURCE=2  -Wl,-z,relro -Wl,-z,now -Wl,-R/usr/pkg/lib conftest.c  >&5
configure:4774: $? = 0
configure:4774: ./conftest
configure:4774: $? = 0
configure:4785: result: yes
configure:4798: checking for sys/types.h
configure:4798: cc -c -O2 -D_FORTIFY_SOURCE=2  conftest.c >&5
configure:4798: $? = 0
configure:4798: result: yes
configure:4798: checking for sys/stat.h
configure:4798: cc -c -O2 -D_FORTIFY_SOURCE=2  conftest.c >&5
configure:4798: $? = 0
configure:4798: result: yes
configure:4798: checking for stdlib.h
configure:4798: cc -c -O2 -D_FORTIFY_SOURCE=2  conftest.c >&5
configure:4798: $? = 0
configure:4798: result: yes
configure:4798: checking for string.h
configure:4798: cc -c -O2 -D_FORTIFY_SOURCE=2  conftest.c >&5
configure:4798: $? = 0
configure:4798: result: yes
configure:4798: checking for memory.h
configure:4798: cc -c -O2 -D_FORTIFY_SOURCE=2  conftest.c >&5
configure:4798: $? = 0
configure:4798: result: yes
configure:4798: checking for strings.h
configure:4798: cc -c -O2 -D_FORTIFY_SOURCE=2  conftest.c >&5
configure:4798: $? = 0
configure:4798: result: yes
configure:4798: checking for inttypes.h
configure:4798: cc -c -O2 -D_FORTIFY_SOURCE=2  conftest.c >&5
configure:4798: $? = 0
configure:4798: result: yes
configure:4798: checking for stdint.h
configure:4798: cc -c -O2 -D_FORTIFY_SOURCE=2  conftest.c >&5
configure:4798: $? = 0
configure:4798: result: yes
configure:4798: checking for unistd.h
configure:4798: cc -c -O2 -D_FORTIFY_SOURCE=2  conftest.c >&5
configure:4798: $? = 0
configure:4798: result: yes
configure:4813: checking for stdlib.h
configure:4813: result: yes
configure:4813: checking for string.h
configure:4813: result: yes
configure:4825: checking for size_t
configure:4825: cc -c -O2 -D_FORTIFY_SOURCE=2  conftest.c >&5
configure:4825: $? = 0
configure:4825: cc -c -O2 -D_FORTIFY_SOURCE=2  conftest.c >&5
conftest.c: In function 'main':
conftest.c:57:21: error: expected expression before ')' token
   57 | if (sizeof ((size_t)))
      |                     ^
configure:4825: $? = 1
configure: failed program was:
| /* confdefs.h */
| #define PACKAGE_NAME ""
| #define PACKAGE_TARNAME ""
| #define PACKAGE_VERSION ""
| #define PACKAGE_STRING ""
| #define PACKAGE_BUGREPORT ""
| #define PACKAGE_URL ""
| #define STDC_HEADERS 1
| #define HAVE_SYS_TYPES_H 1
| #define HAVE_SYS_STAT_H 1
| #define HAVE_STDLIB_H 1
| #define HAVE_STRING_H 1
| #define HAVE_MEMORY_H 1
| #define HAVE_STRINGS_H 1
| #define HAVE_INTTYPES_H 1
| #define HAVE_STDINT_H 1
| #define HAVE_UNISTD_H 1
| #define HAVE_STDLIB_H 1
| #define HAVE_STRING_H 1
| /* end confdefs.h.  */
| #include <stdio.h>
| #ifdef HAVE_SYS_TYPES_H
| # include <sys/types.h>
| #endif
| #ifdef HAVE_SYS_STAT_H
| # include <sys/stat.h>
| #endif
| #ifdef STDC_HEADERS
| # include <stdlib.h>
| # include <stddef.h>
| #else
| # ifdef HAVE_STDLIB_H
| #  include <stdlib.h>
| # endif
| #endif
| #ifdef HAVE_STRING_H
| # if !defined STDC_HEADERS && defined HAVE_MEMORY_H
| #  include <memory.h>
| # endif
| # include <string.h>
| #endif
| #ifdef HAVE_STRINGS_H
| # include <strings.h>
| #endif
| #ifdef HAVE_INTTYPES_H
| # include <inttypes.h>
| #endif
| #ifdef HAVE_STDINT_H
| # include <stdint.h>
| #endif
| #ifdef HAVE_UNISTD_H
| # include <unistd.h>
| #endif
| int
| main ()
| {
| if (sizeof ((size_t)))
| 	    return 0;
|   ;
|   return 0;
| }
configure:4825: result: yes
configure:4840: checking for stdlib.h
configure:4840: result: yes
configure:4850: checking for GNU libc compatible malloc
configure:4874: cc -o conftest -O2 -D_FORTIFY_SOURCE=2  -Wl,-z,relro -Wl,-z,now -Wl,-R/usr/pkg/lib conftest.c  >&5
configure:4874: $? = 0
configure:4874: ./conftest
configure:4874: $? = 0
configure:4884: result: yes
configure:4908: checking for floor
configure:4908: cc -o conftest -O2 -D_FORTIFY_SOURCE=2  -Wl,-z,relro -Wl,-z,now -Wl,-R/usr/pkg/lib conftest.c  >&5
conftest.c:46:6: warning: conflicting types for built-in function 'floor'; expected 'double(double)' [-Wbuiltin-declaration-mismatch]
   46 | char floor ();
      |      ^~~~~
conftest.c:34:1: note: 'floor' is declared in header '<math.h>'
   33 | # include <limits.h>
   34 | #else
/usr/lib64/gcc/x86_64-suse-linux/10/../../../../x86_64-suse-linux/bin/ld: /tmp/ccL1N5mK.o: in function `main':
conftest.c:(.text.startup+0x7): undefined reference to `floor'
collect2: error: ld returned 1 exit status
configure:4908: $? = 1
configure: failed program was:
| /* confdefs.h */
| #define PACKAGE_NAME ""
| #define PACKAGE_TARNAME ""
| #define PACKAGE_VERSION ""
| #define PACKAGE_STRING ""
| #define PACKAGE_BUGREPORT ""
| #define PACKAGE_URL ""
| #define STDC_HEADERS 1
| #define HAVE_SYS_TYPES_H 1
| #define HAVE_SYS_STAT_H 1
| #define HAVE_STDLIB_H 1
| #define HAVE_STRING_H 1
| #define HAVE_MEMORY_H 1
| #define HAVE_STRINGS_H 1
| #define HAVE_INTTYPES_H 1
| #define HAVE_STDINT_H 1
| #define HAVE_UNISTD_H 1
| #define HAVE_STDLIB_H 1
| #define HAVE_STRING_H 1
| #define HAVE_STDLIB_H 1
| #define HAVE_MALLOC 1
| /* end confdefs.h.  */
| /* Define floor to an innocuous variant, in case <limits.h> declares floor.
|    For example, HP-UX 11i <limits.h> declares gettimeofday.  */
| #define floor innocuous_floor
| 
| /* System header to define __stub macros and hopefully few prototypes,
|     which can conflict with char floor (); below.
|     Prefer <limits.h> to <assert.h> if __STDC__ is defined, since
|     <limits.h> exists even on freestanding compilers.  */
| 
| #ifdef __STDC__
| # include <limits.h>
| #else
| # include <assert.h>
| #endif
| 
| #undef floor
| 
| /* Override any GCC internal prototype to avoid an error.
|    Use char because int might match the return type of a GCC
|    builtin and then its argument prototype would still apply.  */
| #ifdef __cplusplus
| extern "C"
| #endif
| char floor ();
| /* The GNU C library defines this for functions which it implements
|     to always fail with ENOSYS.  Some functions are actually named
|     something starting with __ and the normal name is an alias.  */
| #if defined __stub_floor || defined __stub___floor
| choke me
| #endif
| 
| int
| main ()
| {
| return floor ();
|   ;
|   return 0;
| }
configure:4908: result: no
configure:4908: checking for memmove
configure:4908: cc -o conftest -O2 -D_FORTIFY_SOURCE=2  -Wl,-z,relro -Wl,-z,now -Wl,-R/usr/pkg/lib conftest.c  >&5
conftest.c:46:6: warning: conflicting types for built-in function 'memmove'; expected 'void *(void *, const void *, long unsigned int)' [-Wbuiltin-declaration-mismatch]
   46 | char memmove ();
      |      ^~~~~~~
conftest.c:34:1: note: 'memmove' is declared in header '<string.h>'
   33 | # include <limits.h>
   34 | #else
configure:4908: $? = 0
configure:4908: result: yes
configure:5068: creating ./config.status

## ---------------------- ##
## Running config.status. ##
## ---------------------- ##

This file was extended by config.status, which was
generated by GNU Autoconf 2.69.  Invocation command line was

  CONFIG_FILES    = 
  CONFIG_HEADERS  = 
  CONFIG_LINKS    = 
  CONFIG_COMMANDS = 
  $ ./config.status 

on Hattin

config.status:743: creating makefile
config.status:743: creating src/makefile
config.status:743: creating mains/makefile

## ---------------- ##
## Cache variables. ##
## ---------------- ##

ac_cv_c_compiler_gnu=yes
ac_cv_cxx_compiler_gnu=yes
ac_cv_env_CCC_set=
ac_cv_env_CCC_value=
ac_cv_env_CC_set=set
ac_cv_env_CC_value=cc
ac_cv_env_CFLAGS_set=set
ac_cv_env_CFLAGS_value='-O2 -D_FORTIFY_SOURCE=2'
ac_cv_env_CPPFLAGS_set=set
ac_cv_env_CPPFLAGS_value=
ac_cv_env_CPP_set=
ac_cv_env_CPP_value=
ac_cv_env_CXXFLAGS_set=set
ac_cv_env_CXXFLAGS_value='-O2 -D_FORTIFY_SOURCE=2'
ac_cv_env_CXX_set=set
ac_cv_env_CXX_value=c++
ac_cv_env_DARKSUSY_DIR_set=
ac_cv_env_DARKSUSY_DIR_value=
ac_cv_env_F77_set=set
ac_cv_env_F77_value=gfortran
ac_cv_env_FCFLAGS_set=
ac_cv_env_FCFLAGS_value=
ac_cv_env_FC_set=set
ac_cv_env_FC_value=gfortran
ac_cv_env_FFLAGS_set=set
ac_cv_env_FFLAGS_value=-O
ac_cv_env_LDFLAGS_set=set
ac_cv_env_LDFLAGS_value='-Wl,-z,relro -Wl,-z,now -Wl,-R/usr/pkg/lib'
ac_cv_env_LIBS_set=set
ac_cv_env_LIBS_value=
ac_cv_env_PYTHIA_set=
ac_cv_env_PYTHIA_value=
ac_cv_env_WSREV_set=
ac_cv_env_WSREV_value=
ac_cv_env_WSVERSION_set=
ac_cv_env_WSVERSION_value=
ac_cv_env_build_alias_set=set
ac_cv_env_build_alias_value=x86_64-unknown-linux
ac_cv_env_host_alias_set=set
ac_cv_env_host_alias_value=x86_64-unknown-linux
ac_cv_env_target_alias_set=
ac_cv_env_target_alias_value=
ac_cv_f77_compiler_gnu=yes
ac_cv_fc_compiler_gnu=yes
ac_cv_func_floor=no
ac_cv_func_malloc_0_nonnull=yes
ac_cv_func_memmove=yes
ac_cv_header_inttypes_h=yes
ac_cv_header_memory_h=yes
ac_cv_header_stdc=yes
ac_cv_header_stdint_h=yes
ac_cv_header_stdlib_h=yes
ac_cv_header_string_h=yes
ac_cv_header_strings_h=yes
ac_cv_header_sys_stat_h=yes
ac_cv_header_sys_types_h=yes
ac_cv_header_unistd_h=yes
ac_cv_lib_ds_core_dsinit=no
ac_cv_lib_ds_generic_wimp_dsinit_module=no
ac_cv_objext=o
ac_cv_path_CAT=/bin/cat
ac_cv_path_ECHO=echo
ac_cv_path_EGREP=/bin/egrep
ac_cv_path_ENV=/usr/bin/env
ac_cv_path_FALSE=false
ac_cv_path_GREP=/bin/grep
ac_cv_path_TEST=test
ac_cv_path_TRUE=true
ac_cv_prog_CC=cc
ac_cv_prog_CPP='cc -E'
ac_cv_prog_F77=gfortran
ac_cv_prog_FC=gfortran
ac_cv_prog_SVN=svn
ac_cv_prog_ac_ct_RANLIB=ranlib
ac_cv_prog_cc_c89=
ac_cv_prog_cc_g=yes
ac_cv_prog_cxx_g=yes
ac_cv_prog_f77_g=yes
ac_cv_prog_fc_g=yes
ac_cv_prog_make_make_set=yes
ac_cv_type_size_t=yes

## ----------------- ##
## Output variables. ##
## ----------------- ##

CC='cc'
CFLAGS='-O2 -D_FORTIFY_SOURCE=2'
CPP='cc -E'
CPPFLAGS=''
CXX='c++'
CXXFLAGS='-O2 -D_FORTIFY_SOURCE=2'
DARKSUSY_DIR='../../../../DarkSUSY/library_6plus/trunk'
DEFS='-DPACKAGE_NAME=\"\" -DPACKAGE_TARNAME=\"\" -DPACKAGE_VERSION=\"\" -DPACKAGE_STRING=\"\" -DPACKAGE_BUGREPORT=\"\" -DPACKAGE_URL=\"\" -DSTDC_HEADERS=1 -DHAVE_SYS_TYPES_H=1 -DHAVE_SYS_STAT_H=1 -DHAVE_STDLIB_H=1 -DHAVE_STRING_H=1 -DHAVE_MEMORY_H=1 -DHAVE_STRINGS_H=1 -DHAVE_INTTYPES_H=1 -DHAVE_STDINT_H=1 -DHAVE_UNISTD_H=1 -DHAVE_STDLIB_H=1 -DHAVE_STRING_H=1 -DHAVE_STDLIB_H=1 -DHAVE_MALLOC=1 -DHAVE_MEMMOVE=1'
ECHO_C=''
ECHO_N='-n'
ECHO_T=''
EGREP='/bin/egrep'
EXEEXT=''
F77='gfortran'
FC='gfortran'
FCFLAGS='-O -ffixed-line-length-none -fopenmp'
FFLAGS='-O -ffixed-line-length-none -fopenmp'
GREP='/bin/grep'
LDFLAGS='-Wl,-z,relro -Wl,-z,now -Wl,-R/usr/pkg/lib'
LIBOBJS=''
LIBS=''
LTLIBOBJS=''
OBJEXT='o'
PACKAGE_BUGREPORT=''
PACKAGE_NAME=''
PACKAGE_STRING=''
PACKAGE_TARNAME=''
PACKAGE_URL=''
PACKAGE_VERSION=''
PATH_SEPARATOR=':'
PYTHIA='../../../pythia/pythia-6.4.26.o'
RANLIB='ranlib'
SET_MAKE=''
SHELL='/bin/sh'
SVN='svn'
WSREV=''
WSVERSION=''
ac_ct_CC=''
ac_ct_CXX=''
ac_ct_F77=''
ac_ct_FC=''
bindir='${exec_prefix}/bin'
build_alias='x86_64-unknown-linux'
datadir='${datarootdir}'
datarootdir='${prefix}/share'
docdir='${datarootdir}/doc/${PACKAGE}'
dvidir='${docdir}'
exec_prefix='${prefix}'
host_alias='x86_64-unknown-linux'
htmldir='${docdir}'
includedir='${prefix}/include'
infodir='${datarootdir}/info'
libdir='${exec_prefix}/lib'
libexecdir='${exec_prefix}/libexec'
localedir='${datarootdir}/locale'
localstatedir='${prefix}/var'
mandir='/usr/pkg/man'
oldincludedir='/usr/include'
pdfdir='${docdir}'
prefix='/usr/pkg'
program_transform_name='s,x,x,'
psdir='${docdir}'
sbindir='${exec_prefix}/sbin'
sharedstatedir='${prefix}/com'
sysconfdir='${prefix}/etc'
target_alias=''

## ----------- ##
## confdefs.h. ##
## ----------- ##

/* confdefs.h */
#define PACKAGE_NAME ""
#define PACKAGE_TARNAME ""
#define PACKAGE_VERSION ""
#define PACKAGE_STRING ""
#define PACKAGE_BUGREPORT ""
#define PACKAGE_URL ""
#define STDC_HEADERS 1
#define HAVE_SYS_TYPES_H 1
#define HAVE_SYS_STAT_H 1
#define HAVE_STDLIB_H 1
#define HAVE_STRING_H 1
#define HAVE_MEMORY_H 1
#define HAVE_STRINGS_H 1
#define HAVE_INTTYPES_H 1
#define HAVE_STDINT_H 1
#define HAVE_UNISTD_H 1
#define HAVE_STDLIB_H 1
#define HAVE_STRING_H 1
#define HAVE_STDLIB_H 1
#define HAVE_MALLOC 1
#define HAVE_MEMMOVE 1

configure: exit 0
