[*] /usr/pkgsrc/category/py-sxtwl/work/.tools/bin/true
<.> true 
[*] /usr/pkgsrc/category/py-sxtwl/work/.tools/bin/true
<.> true 
[*] /usr/pkgsrc/category/py-sxtwl/work/.tools/bin/true
<.> true 
[*] /usr/pkgsrc/category/py-sxtwl/work/.tools/bin/true
<.> true 
[*] /usr/pkgsrc/category/py-sxtwl/work/.tools/bin/true
<.> true 
[*] /usr/pkgsrc/category/py-sxtwl/work/.tools/bin/true
<.> true 
[*] /usr/pkgsrc/category/py-sxtwl/work/.tools/bin/true
<.> true 
[*] /usr/pkgsrc/category/py-sxtwl/work/.tools/bin/true
<.> true 
[*] /usr/pkgsrc/category/py-sxtwl/work/.tools/bin/true
<.> true 
[*] /usr/pkgsrc/category/py-sxtwl/work/.tools/bin/true
<.> true 
[*] /usr/pkgsrc/category/py-sxtwl/work/.tools/bin/true
<.> true 
[*] /usr/pkgsrc/category/py-sxtwl/work/.tools/bin/true
<.> true 
[*] /usr/pkgsrc/category/py-sxtwl/work/.tools/bin/true
<.> true 
[*] /usr/pkgsrc/category/py-sxtwl/work/.tools/bin/true
<.> true 
[*] /usr/pkgsrc/category/py-sxtwl/work/.tools/bin/true
<.> true 
[*] /usr/pkgsrc/category/py-sxtwl/work/.tools/bin/true
<.> true 
[*] /usr/pkgsrc/category/py-sxtwl/work/.tools/bin/true
<.> true 
[*] /usr/pkgsrc/category/py-sxtwl/work/.tools/bin/true
<.> true 
[*] /usr/pkgsrc/category/py-sxtwl/work/.tools/bin/true
<.> true 
[*] /usr/pkgsrc/category/py-sxtwl/work/.tools/bin/true
<.> true 
[*] /usr/pkgsrc/category/py-sxtwl/work/.tools/bin/true
<.> true 
[*] /usr/pkgsrc/category/py-sxtwl/work/.tools/bin/true
<.> true 
[*] /usr/pkgsrc/category/py-sxtwl/work/.tools/bin/true
<.> true 
[*] /usr/pkgsrc/category/py-sxtwl/work/.tools/bin/true
<.> true 
[*] /usr/pkgsrc/category/py-sxtwl/work/.tools/bin/true
<.> true 
[*] /usr/pkgsrc/category/py-sxtwl/work/.tools/bin/true
<.> true 
[*] /usr/pkgsrc/category/py-sxtwl/work/.tools/bin/true
<.> true 
[*] /usr/pkgsrc/category/py-sxtwl/work/.tools/bin/true
<.> true 
[*] /usr/pkgsrc/category/py-sxtwl/work/.tools/bin/true
<.> true 
[*] cc -Wno-unused-result -Wsign-compare -DNDEBUG -O2 -D_FORTIFY_SOURCE=2 -I/usr/include -I/usr/pkg/include -I/usr/pkg/include/db4 -O2 -D_FORTIFY_SOURCE=2 -I/usr/include -I/usr/pkg/include -I/usr/pkg/include/db4 -O2 -D_FORTIFY_SOURCE=2 -I/usr/include -I/usr/pkg/include -I/usr/pkg/include/db4 -O2 -D_FORTIFY_SOURCE=2 -I/usr/include -I/usr/pkg/include/python3.8 -I/usr/include -I/usr/pkg/include/python3.8 -fPIC -Isrc -I/usr/pkg/include/python3.8 -c sxtwl_wrap.cxx -o build/temp.linux-x86_64-3.8/sxtwl_wrap.o -std=c++11
<.> /usr/pkgsrc/category/py-sxtwl/work/.gcc/bin/gcc -fcommon -m64 -Wno-unused-result -Wsign-compare -DNDEBUG -O2 -D_FORTIFY_SOURCE=2 -I/usr/pkgsrc/category/py-sxtwl/work/.buildlink/include -I/usr/pkgsrc/category/py-sxtwl/work/.buildlink/include/db4 -O2 -D_FORTIFY_SOURCE=2 -O2 -D_FORTIFY_SOURCE=2 -O2 -D_FORTIFY_SOURCE=2 -I/usr/pkgsrc/category/py-sxtwl/work/.buildlink/include/python3.8 -fPIC -Isrc -c sxtwl_wrap.cxx -o build/temp.linux-x86_64-3.8/sxtwl_wrap.o -std=c++11 -D_FORTIFY_SOURCE=2 -fstack-protector
[*] cc -Wno-unused-result -Wsign-compare -DNDEBUG -O2 -D_FORTIFY_SOURCE=2 -I/usr/include -I/usr/pkg/include -I/usr/pkg/include/db4 -O2 -D_FORTIFY_SOURCE=2 -I/usr/include -I/usr/pkg/include -I/usr/pkg/include/db4 -O2 -D_FORTIFY_SOURCE=2 -I/usr/include -I/usr/pkg/include -I/usr/pkg/include/db4 -O2 -D_FORTIFY_SOURCE=2 -I/usr/include -I/usr/pkg/include/python3.8 -I/usr/include -I/usr/pkg/include/python3.8 -fPIC -Isrc -I/usr/pkg/include/python3.8 -c src/eph.cpp -o build/temp.linux-x86_64-3.8/src/eph.o -std=c++11
<.> /usr/pkgsrc/category/py-sxtwl/work/.gcc/bin/gcc -fcommon -m64 -Wno-unused-result -Wsign-compare -DNDEBUG -O2 -D_FORTIFY_SOURCE=2 -I/usr/pkgsrc/category/py-sxtwl/work/.buildlink/include -I/usr/pkgsrc/category/py-sxtwl/work/.buildlink/include/db4 -O2 -D_FORTIFY_SOURCE=2 -O2 -D_FORTIFY_SOURCE=2 -O2 -D_FORTIFY_SOURCE=2 -I/usr/pkgsrc/category/py-sxtwl/work/.buildlink/include/python3.8 -fPIC -Isrc -c src/eph.cpp -o build/temp.linux-x86_64-3.8/src/eph.o -std=c++11 -D_FORTIFY_SOURCE=2 -fstack-protector
[*] cc -Wno-unused-result -Wsign-compare -DNDEBUG -O2 -D_FORTIFY_SOURCE=2 -I/usr/include -I/usr/pkg/include -I/usr/pkg/include/db4 -O2 -D_FORTIFY_SOURCE=2 -I/usr/include -I/usr/pkg/include -I/usr/pkg/include/db4 -O2 -D_FORTIFY_SOURCE=2 -I/usr/include -I/usr/pkg/include -I/usr/pkg/include/db4 -O2 -D_FORTIFY_SOURCE=2 -I/usr/include -I/usr/pkg/include/python3.8 -I/usr/include -I/usr/pkg/include/python3.8 -fPIC -Isrc -I/usr/pkg/include/python3.8 -c src/JD.cpp -o build/temp.linux-x86_64-3.8/src/JD.o -std=c++11
<.> /usr/pkgsrc/category/py-sxtwl/work/.gcc/bin/gcc -fcommon -m64 -Wno-unused-result -Wsign-compare -DNDEBUG -O2 -D_FORTIFY_SOURCE=2 -I/usr/pkgsrc/category/py-sxtwl/work/.buildlink/include -I/usr/pkgsrc/category/py-sxtwl/work/.buildlink/include/db4 -O2 -D_FORTIFY_SOURCE=2 -O2 -D_FORTIFY_SOURCE=2 -O2 -D_FORTIFY_SOURCE=2 -I/usr/pkgsrc/category/py-sxtwl/work/.buildlink/include/python3.8 -fPIC -Isrc -c src/JD.cpp -o build/temp.linux-x86_64-3.8/src/JD.o -std=c++11 -D_FORTIFY_SOURCE=2 -fstack-protector
[*] cc -Wno-unused-result -Wsign-compare -DNDEBUG -O2 -D_FORTIFY_SOURCE=2 -I/usr/include -I/usr/pkg/include -I/usr/pkg/include/db4 -O2 -D_FORTIFY_SOURCE=2 -I/usr/include -I/usr/pkg/include -I/usr/pkg/include/db4 -O2 -D_FORTIFY_SOURCE=2 -I/usr/include -I/usr/pkg/include -I/usr/pkg/include/db4 -O2 -D_FORTIFY_SOURCE=2 -I/usr/include -I/usr/pkg/include/python3.8 -I/usr/include -I/usr/pkg/include/python3.8 -fPIC -Isrc -I/usr/pkg/include/python3.8 -c src/SSQ.cpp -o build/temp.linux-x86_64-3.8/src/SSQ.o -std=c++11
<.> /usr/pkgsrc/category/py-sxtwl/work/.gcc/bin/gcc -fcommon -m64 -Wno-unused-result -Wsign-compare -DNDEBUG -O2 -D_FORTIFY_SOURCE=2 -I/usr/pkgsrc/category/py-sxtwl/work/.buildlink/include -I/usr/pkgsrc/category/py-sxtwl/work/.buildlink/include/db4 -O2 -D_FORTIFY_SOURCE=2 -O2 -D_FORTIFY_SOURCE=2 -O2 -D_FORTIFY_SOURCE=2 -I/usr/pkgsrc/category/py-sxtwl/work/.buildlink/include/python3.8 -fPIC -Isrc -c src/SSQ.cpp -o build/temp.linux-x86_64-3.8/src/SSQ.o -std=c++11 -D_FORTIFY_SOURCE=2 -fstack-protector
[*] cc -Wno-unused-result -Wsign-compare -DNDEBUG -O2 -D_FORTIFY_SOURCE=2 -I/usr/include -I/usr/pkg/include -I/usr/pkg/include/db4 -O2 -D_FORTIFY_SOURCE=2 -I/usr/include -I/usr/pkg/include -I/usr/pkg/include/db4 -O2 -D_FORTIFY_SOURCE=2 -I/usr/include -I/usr/pkg/include -I/usr/pkg/include/db4 -O2 -D_FORTIFY_SOURCE=2 -I/usr/include -I/usr/pkg/include/python3.8 -I/usr/include -I/usr/pkg/include/python3.8 -fPIC -Isrc -I/usr/pkg/include/python3.8 -c src/lunar.cpp -o build/temp.linux-x86_64-3.8/src/lunar.o -std=c++11
<.> /usr/pkgsrc/category/py-sxtwl/work/.gcc/bin/gcc -fcommon -m64 -Wno-unused-result -Wsign-compare -DNDEBUG -O2 -D_FORTIFY_SOURCE=2 -I/usr/pkgsrc/category/py-sxtwl/work/.buildlink/include -I/usr/pkgsrc/category/py-sxtwl/work/.buildlink/include/db4 -O2 -D_FORTIFY_SOURCE=2 -O2 -D_FORTIFY_SOURCE=2 -O2 -D_FORTIFY_SOURCE=2 -I/usr/pkgsrc/category/py-sxtwl/work/.buildlink/include/python3.8 -fPIC -Isrc -c src/lunar.cpp -o build/temp.linux-x86_64-3.8/src/lunar.o -std=c++11 -D_FORTIFY_SOURCE=2 -fstack-protector
[*] c++ -pthread -shared -L. -Wl,-z,relro -Wl,-z,now -L/usr/lib64 -Wl,-R/usr/lib64 -L/usr/pkg/lib -Wl,-R/usr/pkg/lib -Wl,-z,relro -Wl,-z,now -L/usr/lib64 -Wl,-R/usr/lib64 -L/usr/pkg/lib -Wl,-R/usr/pkg/lib -Wl,-z,relro -Wl,-z,now -L/usr/lib64 -Wl,-R/usr/lib64 -Wl,-R/usr/pkg/lib -O2 -D_FORTIFY_SOURCE=2 -I/usr/include -I/usr/pkg/include/python3.8 -I/usr/include -I/usr/pkg/include/python3.8 build/temp.linux-x86_64-3.8/sxtwl_wrap.o build/temp.linux-x86_64-3.8/src/eph.o build/temp.linux-x86_64-3.8/src/JD.o build/temp.linux-x86_64-3.8/src/SSQ.o build/temp.linux-x86_64-3.8/src/lunar.o -L/usr/pkg/lib -o build/lib.linux-x86_64-3.8/_sxtwl.so
<.> /usr/pkgsrc/category/py-sxtwl/work/.gcc/bin/g++ -m64 -pthread -shared -L. -Wl,-z -Wl,relro -Wl,-z -Wl,now -L/usr/pkgsrc/category/py-sxtwl/work/.buildlink/lib -Wl,-rpath,/usr/pkg/lib -Wl,-z -Wl,relro -Wl,-z -Wl,now -Wl,-rpath,/usr/pkg/lib -Wl,-z -Wl,relro -Wl,-z -Wl,now -Wl,-rpath,/usr/pkg/lib -O2 -D_FORTIFY_SOURCE=2 -I/usr/pkgsrc/category/py-sxtwl/work/.buildlink/include/python3.8 build/temp.linux-x86_64-3.8/sxtwl_wrap.o build/temp.linux-x86_64-3.8/src/eph.o build/temp.linux-x86_64-3.8/src/JD.o build/temp.linux-x86_64-3.8/src/SSQ.o build/temp.linux-x86_64-3.8/src/lunar.o -o build/lib.linux-x86_64-3.8/_sxtwl.so -fstack-protector -I/usr/pkgsrc/category/py-sxtwl/work/.buildlink/include
[*] /usr/pkgsrc/category/py-sxtwl/work/.tools/bin/true
<.> true 
[*] /usr/pkgsrc/category/py-sxtwl/work/.tools/bin/true
<.> true 
[*] /usr/pkgsrc/category/py-sxtwl/work/.tools/bin/true
<.> true 
[*] /usr/pkgsrc/category/py-sxtwl/work/.tools/bin/true
<.> true 
[*] /usr/pkgsrc/category/py-sxtwl/work/.tools/bin/true
<.> true 
[*] /usr/pkgsrc/category/py-sxtwl/work/.tools/bin/true
<.> true 
[*] /usr/pkgsrc/category/py-sxtwl/work/.tools/bin/true
<.> true 
