[*] /usr/pkgsrc/category/go-libvlc/work/.tools/bin/true
<.> true 
[*] /usr/pkgsrc/category/go-libvlc/work/.tools/bin/true
<.> true 
[*] /usr/pkgsrc/category/go-libvlc/work/.tools/bin/true
<.> true 
[*] /usr/pkgsrc/category/go-libvlc/work/.tools/bin/true
<.> true 
[*] /usr/pkgsrc/category/go-libvlc/work/.tools/bin/true
<.> true 
[*] /usr/pkgsrc/category/go-libvlc/work/.tools/bin/true
<.> true 
[*] /usr/pkgsrc/category/go-libvlc/work/.tools/bin/true
<.> true 
[*] /usr/pkgsrc/category/go-libvlc/work/.tools/bin/true
<.> true 
[*] /usr/pkgsrc/category/go-libvlc/work/.tools/bin/true
<.> true 
[*] /usr/pkgsrc/category/go-libvlc/work/.tools/bin/true
<.> true 
[*] /usr/pkgsrc/category/go-libvlc/work/.tools/bin/true
<.> true 
[*] /usr/pkgsrc/category/go-libvlc/work/.tools/bin/true
<.> true 
[*] /usr/pkgsrc/category/go-libvlc/work/.tools/bin/true
<.> true 
[*] /usr/pkgsrc/category/go-libvlc/work/.tools/bin/true
<.> true 
[*] /usr/pkgsrc/category/go-libvlc/work/.tools/bin/true
<.> true 
[*] /usr/pkgsrc/category/go-libvlc/work/.tools/bin/true
<.> true 
[*] /usr/pkgsrc/category/go-libvlc/work/.tools/bin/true
<.> true 
[*] /usr/pkgsrc/category/go-libvlc/work/.tools/bin/true
<.> true 
[*] /usr/pkgsrc/category/go-libvlc/work/.tools/bin/true
<.> true 
[*] /usr/pkgsrc/category/go-libvlc/work/.tools/bin/true
<.> true 
[*] /usr/pkgsrc/category/go-libvlc/work/.tools/bin/true
<.> true 
[*] /usr/pkgsrc/category/go-libvlc/work/.tools/bin/true
<.> true 
[*] /usr/pkgsrc/category/go-libvlc/work/.tools/bin/true
<.> true 
[*] /usr/pkgsrc/category/go-libvlc/work/.tools/bin/true
<.> true 
[*] /usr/pkgsrc/category/go-libvlc/work/.tools/bin/true
<.> true 
[*] /usr/pkgsrc/category/go-libvlc/work/.tools/bin/true
<.> true 
[*] /usr/pkgsrc/category/go-libvlc/work/.tools/bin/true
<.> true 
[*] /usr/pkgsrc/category/go-libvlc/work/.tools/bin/true
<.> true 
[*] cc -E -dM -m64 -I /tmp/go-build573709180/b036/ -O2 -Wall -Werror -I . /tmp/cgo-gcc-input-843193706.c
<.> /usr/pkgsrc/category/go-libvlc/work/.gcc/bin/gcc -fcommon -m64 -E -dM -m64 -O2 -Wall -Werror -I. /tmp/cgo-gcc-input-843193706.c -D_FORTIFY_SOURCE=2 -I/usr/pkgsrc/category/go-libvlc/work/.buildlink/include
[*] cc -fno-caret-diagnostics -c -x c - -o /dev/null
<.> /usr/pkgsrc/category/go-libvlc/work/.gcc/bin/gcc -fcommon -m64 -fno-caret-diagnostics -c -x c - -o /dev/null -D_FORTIFY_SOURCE=2 -I/usr/pkgsrc/category/go-libvlc/work/.buildlink/include
[*] cc -Qunused-arguments -c -x c - -o /dev/null
<.> /usr/pkgsrc/category/go-libvlc/work/.gcc/bin/gcc -fcommon -m64 -Qunused-arguments -c -x c - -o /dev/null -D_FORTIFY_SOURCE=2 -I/usr/pkgsrc/category/go-libvlc/work/.buildlink/include
[*] cc -fdebug-prefix-map=a=b -c -x c - -o /dev/null
<.> /usr/pkgsrc/category/go-libvlc/work/.gcc/bin/gcc -fcommon -m64 -fdebug-prefix-map=a=b -c -x c - -o /dev/null -D_FORTIFY_SOURCE=2 -I/usr/pkgsrc/category/go-libvlc/work/.buildlink/include
[*] cc -gno-record-gcc-switches -c -x c - -o /dev/null
<.> /usr/pkgsrc/category/go-libvlc/work/.gcc/bin/gcc -fcommon -m64 -gno-record-gcc-switches -c -x c - -o /dev/null -D_FORTIFY_SOURCE=2 -I/usr/pkgsrc/category/go-libvlc/work/.buildlink/include
[*] cc -I /usr/pkg/go115/src/runtime/cgo -fPIC -m64 -pthread -fmessage-length=0 -fdebug-prefix-map=/tmp/go-build573709180/b036=/tmp/go-build -gno-record-gcc-switches -I /tmp/go-build573709180/b036/ -g -O2 -Wall -Werror -o /tmp/go-build573709180/b036/_x001.o -c _cgo_export.c
<.> /usr/pkgsrc/category/go-libvlc/work/.gcc/bin/gcc -fcommon -m64 -I/usr/pkgsrc/category/go-libvlc/work/.buildlink/go115/src/runtime/cgo -fPIC -m64 -pthread -fmessage-length=0 -fdebug-prefix-map=/tmp/go-build573709180/b036=/tmp/go-build -gno-record-gcc-switches -g -O2 -Wall -Werror -o /tmp/go-build573709180/b036/_x001.o -c _cgo_export.c -D_FORTIFY_SOURCE=2 -I/usr/pkgsrc/category/go-libvlc/work/.buildlink/include
[*] cc -I /usr/pkg/go115/src/runtime/cgo -fPIC -m64 -pthread -fmessage-length=0 -fdebug-prefix-map=/tmp/go-build573709180/b036=/tmp/go-build -gno-record-gcc-switches -I /tmp/go-build573709180/b036/ -g -O2 -Wall -Werror -o /tmp/go-build573709180/b036/_x002.o -c cgo.cgo2.c
<.> /usr/pkgsrc/category/go-libvlc/work/.gcc/bin/gcc -fcommon -m64 -I/usr/pkgsrc/category/go-libvlc/work/.buildlink/go115/src/runtime/cgo -fPIC -m64 -pthread -fmessage-length=0 -fdebug-prefix-map=/tmp/go-build573709180/b036=/tmp/go-build -gno-record-gcc-switches -g -O2 -Wall -Werror -o /tmp/go-build573709180/b036/_x002.o -c cgo.cgo2.c -D_FORTIFY_SOURCE=2 -I/usr/pkgsrc/category/go-libvlc/work/.buildlink/include
[*] cc -I /usr/pkg/go115/src/runtime/cgo -fPIC -m64 -pthread -fmessage-length=0 -fdebug-prefix-map=/tmp/go-build573709180/b036=/tmp/go-build -gno-record-gcc-switches -I /tmp/go-build573709180/b036/ -g -O2 -Wall -Werror -o /tmp/go-build573709180/b036/_x003.o -c gcc_context.c
<.> /usr/pkgsrc/category/go-libvlc/work/.gcc/bin/gcc -fcommon -m64 -I/usr/pkgsrc/category/go-libvlc/work/.buildlink/go115/src/runtime/cgo -fPIC -m64 -pthread -fmessage-length=0 -fdebug-prefix-map=/tmp/go-build573709180/b036=/tmp/go-build -gno-record-gcc-switches -g -O2 -Wall -Werror -o /tmp/go-build573709180/b036/_x003.o -c gcc_context.c -D_FORTIFY_SOURCE=2 -I/usr/pkgsrc/category/go-libvlc/work/.buildlink/include
[*] cc -I /usr/pkg/go115/src/runtime/cgo -fPIC -m64 -pthread -fmessage-length=0 -fdebug-prefix-map=/tmp/go-build573709180/b036=/tmp/go-build -gno-record-gcc-switches -I /tmp/go-build573709180/b036/ -g -O2 -Wall -Werror -o /tmp/go-build573709180/b036/_x004.o -c gcc_fatalf.c
<.> /usr/pkgsrc/category/go-libvlc/work/.gcc/bin/gcc -fcommon -m64 -I/usr/pkgsrc/category/go-libvlc/work/.buildlink/go115/src/runtime/cgo -fPIC -m64 -pthread -fmessage-length=0 -fdebug-prefix-map=/tmp/go-build573709180/b036=/tmp/go-build -gno-record-gcc-switches -g -O2 -Wall -Werror -o /tmp/go-build573709180/b036/_x004.o -c gcc_fatalf.c -D_FORTIFY_SOURCE=2 -I/usr/pkgsrc/category/go-libvlc/work/.buildlink/include
[*] cc -I /usr/pkg/go115/src/runtime/cgo -fPIC -m64 -pthread -fmessage-length=0 -fdebug-prefix-map=/tmp/go-build573709180/b036=/tmp/go-build -gno-record-gcc-switches -I /tmp/go-build573709180/b036/ -g -O2 -Wall -Werror -o /tmp/go-build573709180/b036/_x005.o -c gcc_libinit.c
<.> /usr/pkgsrc/category/go-libvlc/work/.gcc/bin/gcc -fcommon -m64 -I/usr/pkgsrc/category/go-libvlc/work/.buildlink/go115/src/runtime/cgo -fPIC -m64 -pthread -fmessage-length=0 -fdebug-prefix-map=/tmp/go-build573709180/b036=/tmp/go-build -gno-record-gcc-switches -g -O2 -Wall -Werror -o /tmp/go-build573709180/b036/_x005.o -c gcc_libinit.c -D_FORTIFY_SOURCE=2 -I/usr/pkgsrc/category/go-libvlc/work/.buildlink/include
[*] cc -I /usr/pkg/go115/src/runtime/cgo -fPIC -m64 -pthread -fmessage-length=0 -fdebug-prefix-map=/tmp/go-build573709180/b036=/tmp/go-build -gno-record-gcc-switches -I /tmp/go-build573709180/b036/ -g -O2 -Wall -Werror -o /tmp/go-build573709180/b036/_x006.o -c gcc_linux_amd64.c
<.> /usr/pkgsrc/category/go-libvlc/work/.gcc/bin/gcc -fcommon -m64 -I/usr/pkgsrc/category/go-libvlc/work/.buildlink/go115/src/runtime/cgo -fPIC -m64 -pthread -fmessage-length=0 -fdebug-prefix-map=/tmp/go-build573709180/b036=/tmp/go-build -gno-record-gcc-switches -g -O2 -Wall -Werror -o /tmp/go-build573709180/b036/_x006.o -c gcc_linux_amd64.c -D_FORTIFY_SOURCE=2 -I/usr/pkgsrc/category/go-libvlc/work/.buildlink/include
[*] cc -I /usr/pkg/go115/src/runtime/cgo -fPIC -m64 -pthread -fmessage-length=0 -fdebug-prefix-map=/tmp/go-build573709180/b036=/tmp/go-build -gno-record-gcc-switches -I /tmp/go-build573709180/b036/ -g -O2 -Wall -Werror -o /tmp/go-build573709180/b036/_x007.o -c gcc_mmap.c
<.> /usr/pkgsrc/category/go-libvlc/work/.gcc/bin/gcc -fcommon -m64 -I/usr/pkgsrc/category/go-libvlc/work/.buildlink/go115/src/runtime/cgo -fPIC -m64 -pthread -fmessage-length=0 -fdebug-prefix-map=/tmp/go-build573709180/b036=/tmp/go-build -gno-record-gcc-switches -g -O2 -Wall -Werror -o /tmp/go-build573709180/b036/_x007.o -c gcc_mmap.c -D_FORTIFY_SOURCE=2 -I/usr/pkgsrc/category/go-libvlc/work/.buildlink/include
[*] cc -I /usr/pkg/go115/src/runtime/cgo -fPIC -m64 -pthread -fmessage-length=0 -fdebug-prefix-map=/tmp/go-build573709180/b036=/tmp/go-build -gno-record-gcc-switches -I /tmp/go-build573709180/b036/ -g -O2 -Wall -Werror -o /tmp/go-build573709180/b036/_x008.o -c gcc_setenv.c
<.> /usr/pkgsrc/category/go-libvlc/work/.gcc/bin/gcc -fcommon -m64 -I/usr/pkgsrc/category/go-libvlc/work/.buildlink/go115/src/runtime/cgo -fPIC -m64 -pthread -fmessage-length=0 -fdebug-prefix-map=/tmp/go-build573709180/b036=/tmp/go-build -gno-record-gcc-switches -g -O2 -Wall -Werror -o /tmp/go-build573709180/b036/_x008.o -c gcc_setenv.c -D_FORTIFY_SOURCE=2 -I/usr/pkgsrc/category/go-libvlc/work/.buildlink/include
[*] cc -I /usr/pkg/go115/src/runtime/cgo -fPIC -m64 -pthread -fmessage-length=0 -fdebug-prefix-map=/tmp/go-build573709180/b036=/tmp/go-build -gno-record-gcc-switches -I /tmp/go-build573709180/b036/ -g -O2 -Wall -Werror -o /tmp/go-build573709180/b036/_x009.o -c gcc_sigaction.c
<.> /usr/pkgsrc/category/go-libvlc/work/.gcc/bin/gcc -fcommon -m64 -I/usr/pkgsrc/category/go-libvlc/work/.buildlink/go115/src/runtime/cgo -fPIC -m64 -pthread -fmessage-length=0 -fdebug-prefix-map=/tmp/go-build573709180/b036=/tmp/go-build -gno-record-gcc-switches -g -O2 -Wall -Werror -o /tmp/go-build573709180/b036/_x009.o -c gcc_sigaction.c -D_FORTIFY_SOURCE=2 -I/usr/pkgsrc/category/go-libvlc/work/.buildlink/include
[*] cc -I /usr/pkg/go115/src/runtime/cgo -fPIC -m64 -pthread -fmessage-length=0 -fdebug-prefix-map=/tmp/go-build573709180/b036=/tmp/go-build -gno-record-gcc-switches -I /tmp/go-build573709180/b036/ -g -O2 -Wall -Werror -o /tmp/go-build573709180/b036/_x010.o -c gcc_traceback.c
<.> /usr/pkgsrc/category/go-libvlc/work/.gcc/bin/gcc -fcommon -m64 -I/usr/pkgsrc/category/go-libvlc/work/.buildlink/go115/src/runtime/cgo -fPIC -m64 -pthread -fmessage-length=0 -fdebug-prefix-map=/tmp/go-build573709180/b036=/tmp/go-build -gno-record-gcc-switches -g -O2 -Wall -Werror -o /tmp/go-build573709180/b036/_x010.o -c gcc_traceback.c -D_FORTIFY_SOURCE=2 -I/usr/pkgsrc/category/go-libvlc/work/.buildlink/include
[*] cc -I /usr/pkg/go115/src/runtime/cgo -fPIC -m64 -pthread -fmessage-length=0 -fdebug-prefix-map=/tmp/go-build573709180/b036=/tmp/go-build -gno-record-gcc-switches -I /tmp/go-build573709180/b036/ -g -O2 -Wall -Werror -o /tmp/go-build573709180/b036/_x011.o -c gcc_util.c
<.> /usr/pkgsrc/category/go-libvlc/work/.gcc/bin/gcc -fcommon -m64 -I/usr/pkgsrc/category/go-libvlc/work/.buildlink/go115/src/runtime/cgo -fPIC -m64 -pthread -fmessage-length=0 -fdebug-prefix-map=/tmp/go-build573709180/b036=/tmp/go-build -gno-record-gcc-switches -g -O2 -Wall -Werror -o /tmp/go-build573709180/b036/_x011.o -c gcc_util.c -D_FORTIFY_SOURCE=2 -I/usr/pkgsrc/category/go-libvlc/work/.buildlink/include
[*] cc -I /usr/pkg/go115/src/runtime/cgo -fPIC -m64 -pthread -fmessage-length=0 -fdebug-prefix-map=/tmp/go-build573709180/b036=/tmp/go-build -gno-record-gcc-switches -I /tmp/go-build573709180/b036/ -g -O2 -Wall -Werror -o /tmp/go-build573709180/b036/_x012.o -c gcc_amd64.S
<.> /usr/pkgsrc/category/go-libvlc/work/.gcc/bin/gcc -fcommon -m64 -I/usr/pkgsrc/category/go-libvlc/work/.buildlink/go115/src/runtime/cgo -fPIC -m64 -pthread -fmessage-length=0 -fdebug-prefix-map=/tmp/go-build573709180/b036=/tmp/go-build -gno-record-gcc-switches -g -O2 -Wall -Werror -o /tmp/go-build573709180/b036/_x012.o -c gcc_amd64.S -D_FORTIFY_SOURCE=2 -I/usr/pkgsrc/category/go-libvlc/work/.buildlink/include
[*] cc -I /usr/pkg/go115/src/runtime/cgo -fPIC -m64 -pthread -fmessage-length=0 -fdebug-prefix-map=/tmp/go-build573709180/b036=/tmp/go-build -gno-record-gcc-switches -I /tmp/go-build573709180/b036/ -g -O2 -Wall -Werror -o /tmp/go-build573709180/b036/_cgo_main.o -c _cgo_main.c
<.> /usr/pkgsrc/category/go-libvlc/work/.gcc/bin/gcc -fcommon -m64 -I/usr/pkgsrc/category/go-libvlc/work/.buildlink/go115/src/runtime/cgo -fPIC -m64 -pthread -fmessage-length=0 -fdebug-prefix-map=/tmp/go-build573709180/b036=/tmp/go-build -gno-record-gcc-switches -g -O2 -Wall -Werror -o /tmp/go-build573709180/b036/_cgo_main.o -c _cgo_main.c -D_FORTIFY_SOURCE=2 -I/usr/pkgsrc/category/go-libvlc/work/.buildlink/include
[*] cc -I /usr/pkg/go115/src/runtime/cgo -fPIC -m64 -pthread -fmessage-length=0 -fdebug-prefix-map=/tmp/go-build573709180/b036=/tmp/go-build -gno-record-gcc-switches -o /tmp/go-build573709180/b036/_cgo_.o /tmp/go-build573709180/b036/_cgo_main.o /tmp/go-build573709180/b036/_x001.o /tmp/go-build573709180/b036/_x002.o /tmp/go-build573709180/b036/_x003.o /tmp/go-build573709180/b036/_x004.o /tmp/go-build573709180/b036/_x005.o /tmp/go-build573709180/b036/_x006.o /tmp/go-build573709180/b036/_x007.o /tmp/go-build573709180/b036/_x008.o /tmp/go-build573709180/b036/_x009.o /tmp/go-build573709180/b036/_x010.o /tmp/go-build573709180/b036/_x011.o /tmp/go-build573709180/b036/_x012.o -g -O2 -lpthread
<.> /usr/pkgsrc/category/go-libvlc/work/.gcc/bin/gcc -fcommon -m64 -I/usr/pkgsrc/category/go-libvlc/work/.buildlink/go115/src/runtime/cgo -fPIC -m64 -pthread -fmessage-length=0 -fdebug-prefix-map=/tmp/go-build573709180/b036=/tmp/go-build -gno-record-gcc-switches -o /tmp/go-build573709180/b036/_cgo_.o /tmp/go-build573709180/b036/_cgo_main.o /tmp/go-build573709180/b036/_x001.o /tmp/go-build573709180/b036/_x002.o /tmp/go-build573709180/b036/_x003.o /tmp/go-build573709180/b036/_x004.o /tmp/go-build573709180/b036/_x005.o /tmp/go-build573709180/b036/_x006.o /tmp/go-build573709180/b036/_x007.o /tmp/go-build573709180/b036/_x008.o /tmp/go-build573709180/b036/_x009.o /tmp/go-build573709180/b036/_x010.o /tmp/go-build573709180/b036/_x011.o /tmp/go-build573709180/b036/_x012.o -g -O2 -lpthread -D_FORTIFY_SOURCE=2 -I/usr/pkgsrc/category/go-libvlc/work/.buildlink/include
[*] cc -E -dM -m64 -I /tmp/go-build573709180/b001/ -O2 -w -I . /tmp/cgo-gcc-input-129918036.c
<.> /usr/pkgsrc/category/go-libvlc/work/.gcc/bin/gcc -fcommon -m64 -E -dM -m64 -O2 -I. /tmp/cgo-gcc-input-129918036.c -D_FORTIFY_SOURCE=2 -I/usr/pkgsrc/category/go-libvlc/work/.buildlink/include
[*] cc -E -dM -m64 -I /tmp/go-build573709180/b037/ -O2 -w -I . /tmp/cgo-gcc-input-063919141.c
<.> /usr/pkgsrc/category/go-libvlc/work/.gcc/bin/gcc -fcommon -m64 -E -dM -m64 -O2 -I. /tmp/cgo-gcc-input-063919141.c -D_FORTIFY_SOURCE=2 -I/usr/pkgsrc/category/go-libvlc/work/.buildlink/include
