[*] /usr/pkgsrc/category/liquidshell/work/.tools/bin/true
<.> true 
[*] /usr/pkgsrc/category/liquidshell/work/.tools/bin/true
<.> true 
[*] /usr/pkgsrc/category/liquidshell/work/.tools/bin/true
<.> true 
[*] /usr/pkgsrc/category/liquidshell/work/.tools/bin/true
<.> true 
[*] /usr/pkgsrc/category/liquidshell/work/.tools/bin/true
<.> true 
[*] /usr/pkgsrc/category/liquidshell/work/.tools/bin/true
<.> true 
[*] /usr/pkgsrc/category/liquidshell/work/.tools/bin/true
<.> true 
[*] /usr/pkgsrc/category/liquidshell/work/.tools/bin/true
<.> true 
[*] /usr/pkgsrc/category/liquidshell/work/.tools/bin/true
<.> true 
[*] /usr/pkgsrc/category/liquidshell/work/.tools/bin/true
<.> true 
[*] /usr/pkgsrc/category/liquidshell/work/.tools/bin/true
<.> true 
[*] /usr/pkgsrc/category/liquidshell/work/.tools/bin/true
<.> true 
[*] /usr/pkgsrc/category/liquidshell/work/.tools/bin/true
<.> true 
[*] /usr/pkgsrc/category/liquidshell/work/.tools/bin/true
<.> true 
[*] /usr/pkgsrc/category/liquidshell/work/.tools/bin/true
<.> true 
[*] /usr/pkgsrc/category/liquidshell/work/.tools/bin/true
<.> true 
[*] /usr/pkgsrc/category/liquidshell/work/.tools/bin/true
<.> true 
[*] /usr/pkgsrc/category/liquidshell/work/.tools/bin/true
<.> true 
[*] /usr/pkgsrc/category/liquidshell/work/.tools/bin/true
<.> true 
[*] /usr/pkgsrc/category/liquidshell/work/.tools/bin/true
<.> true 
[*] /usr/pkgsrc/category/liquidshell/work/.tools/bin/true
<.> true 
[*] cc -O2 -D_FORTIFY_SOURCE=2 CMakeCCompilerId.c
<.> /usr/pkgsrc/category/liquidshell/work/.gcc/bin/gcc -fcommon -m64 -O2 -D_FORTIFY_SOURCE=2 CMakeCCompilerId.c -D_FORTIFY_SOURCE=2 -fstack-protector -I/usr/pkgsrc/category/liquidshell/work/.buildlink/include
[*] cc -print-sysroot
<.> /usr/pkgsrc/category/liquidshell/work/.gcc/bin/gcc -fcommon -m64 -print-sysroot -D_FORTIFY_SOURCE=2 -fstack-protector -I/usr/pkgsrc/category/liquidshell/work/.buildlink/include
[*] c++ -O2 -D_FORTIFY_SOURCE=2 CMakeCXXCompilerId.cpp
<.> /usr/pkgsrc/category/liquidshell/work/.gcc/bin/g++ -m64 -O2 -D_FORTIFY_SOURCE=2 CMakeCXXCompilerId.cpp -fstack-protector -I/usr/pkgsrc/category/liquidshell/work/.buildlink/include
[*] c++ -print-sysroot
<.> /usr/pkgsrc/category/liquidshell/work/.gcc/bin/g++ -m64 -print-sysroot -fstack-protector -I/usr/pkgsrc/category/liquidshell/work/.buildlink/include
[*] cc -O2 -D_FORTIFY_SOURCE=2 -v -o CMakeFiles/cmTC_359f5.dir/CMakeCCompilerABI.c.o -c /usr/pkg/share/cmake-3.18/Modules/CMakeCCompilerABI.c
<.> /usr/pkgsrc/category/liquidshell/work/.gcc/bin/gcc -fcommon -m64 -O2 -D_FORTIFY_SOURCE=2 -v -o CMakeFiles/cmTC_359f5.dir/CMakeCCompilerABI.c.o -c /usr/pkg/share/cmake-3.18/Modules/CMakeCCompilerABI.c -D_FORTIFY_SOURCE=2 -fstack-protector -I/usr/pkgsrc/category/liquidshell/work/.buildlink/include
[*] cc -O2 -D_FORTIFY_SOURCE=2 -Wl,-z,relro -Wl,-z,now -Wl,-R/usr/pkg/lib -v -rdynamic CMakeFiles/cmTC_359f5.dir/CMakeCCompilerABI.c.o -o cmTC_359f5
<.> /usr/pkgsrc/category/liquidshell/work/.gcc/bin/gcc -fcommon -m64 -O2 -D_FORTIFY_SOURCE=2 -Wl,-z -Wl,relro -Wl,-z -Wl,now -Wl,-rpath,/usr/pkg/lib -v -rdynamic CMakeFiles/cmTC_359f5.dir/CMakeCCompilerABI.c.o -o cmTC_359f5 -D_FORTIFY_SOURCE=2 -fstack-protector -I/usr/pkgsrc/category/liquidshell/work/.buildlink/include
[*] c++ -O2 -D_FORTIFY_SOURCE=2 -v -o CMakeFiles/cmTC_5ed44.dir/CMakeCXXCompilerABI.cpp.o -c /usr/pkg/share/cmake-3.18/Modules/CMakeCXXCompilerABI.cpp
<.> /usr/pkgsrc/category/liquidshell/work/.gcc/bin/g++ -m64 -O2 -D_FORTIFY_SOURCE=2 -v -o CMakeFiles/cmTC_5ed44.dir/CMakeCXXCompilerABI.cpp.o -c /usr/pkg/share/cmake-3.18/Modules/CMakeCXXCompilerABI.cpp -fstack-protector -I/usr/pkgsrc/category/liquidshell/work/.buildlink/include
[*] c++ -O2 -D_FORTIFY_SOURCE=2 -Wl,-z,relro -Wl,-z,now -Wl,-R/usr/pkg/lib -v -rdynamic CMakeFiles/cmTC_5ed44.dir/CMakeCXXCompilerABI.cpp.o -o cmTC_5ed44
<.> /usr/pkgsrc/category/liquidshell/work/.gcc/bin/g++ -m64 -O2 -D_FORTIFY_SOURCE=2 -Wl,-z -Wl,relro -Wl,-z -Wl,now -Wl,-rpath,/usr/pkg/lib -v -rdynamic CMakeFiles/cmTC_5ed44.dir/CMakeCXXCompilerABI.cpp.o -o cmTC_5ed44 -fstack-protector -I/usr/pkgsrc/category/liquidshell/work/.buildlink/include
[*] cc -O2 -D_FORTIFY_SOURCE=2 -o CMakeFiles/cmTC_45eea.dir/CheckSymbolExists.c.o -c /usr/pkgsrc/category/liquidshell/work/liquidshell-1.7.1/CMakeFiles/CMakeTmp/CheckSymbolExists.c
<.> /usr/pkgsrc/category/liquidshell/work/.gcc/bin/gcc -fcommon -m64 -O2 -D_FORTIFY_SOURCE=2 -o CMakeFiles/cmTC_45eea.dir/CheckSymbolExists.c.o -c /usr/pkgsrc/category/liquidshell/work/liquidshell-1.7.1/CMakeFiles/CMakeTmp/CheckSymbolExists.c -D_FORTIFY_SOURCE=2 -fstack-protector -I/usr/pkgsrc/category/liquidshell/work/.buildlink/include
[*] cc -O2 -D_FORTIFY_SOURCE=2 -Wl,-z,relro -Wl,-z,now -Wl,-R/usr/pkg/lib -rdynamic CMakeFiles/cmTC_45eea.dir/CheckSymbolExists.c.o -o cmTC_45eea
<.> /usr/pkgsrc/category/liquidshell/work/.gcc/bin/gcc -fcommon -m64 -O2 -D_FORTIFY_SOURCE=2 -Wl,-z -Wl,relro -Wl,-z -Wl,now -Wl,-rpath,/usr/pkg/lib -rdynamic CMakeFiles/cmTC_45eea.dir/CheckSymbolExists.c.o -o cmTC_45eea -D_FORTIFY_SOURCE=2 -fstack-protector -I/usr/pkgsrc/category/liquidshell/work/.buildlink/include
[*] c++ -D_GNU_SOURCE -D_LARGEFILE64_SOURCE -O2 -D_FORTIFY_SOURCE=2 -D_OFFT_IS_64BIT -o CMakeFiles/cmTC_1987d.dir/src.cxx.o -c /usr/pkgsrc/category/liquidshell/work/liquidshell-1.7.1/CMakeFiles/CMakeTmp/src.cxx
<.> /usr/pkgsrc/category/liquidshell/work/.gcc/bin/g++ -m64 -D_GNU_SOURCE -D_LARGEFILE64_SOURCE -O2 -D_FORTIFY_SOURCE=2 -D_OFFT_IS_64BIT -o CMakeFiles/cmTC_1987d.dir/src.cxx.o -c /usr/pkgsrc/category/liquidshell/work/liquidshell-1.7.1/CMakeFiles/CMakeTmp/src.cxx -fstack-protector -I/usr/pkgsrc/category/liquidshell/work/.buildlink/include
[*] c++ -O2 -D_FORTIFY_SOURCE=2 -D_OFFT_IS_64BIT -Wl,-z,relro -Wl,-z,now -Wl,-R/usr/pkg/lib -rdynamic CMakeFiles/cmTC_1987d.dir/src.cxx.o -o cmTC_1987d
<.> /usr/pkgsrc/category/liquidshell/work/.gcc/bin/g++ -m64 -O2 -D_FORTIFY_SOURCE=2 -D_OFFT_IS_64BIT -Wl,-z -Wl,relro -Wl,-z -Wl,now -Wl,-rpath,/usr/pkg/lib -rdynamic CMakeFiles/cmTC_1987d.dir/src.cxx.o -o cmTC_1987d -fstack-protector -I/usr/pkgsrc/category/liquidshell/work/.buildlink/include
[*] c++ -O2 -D_FORTIFY_SOURCE=2 -fno-operator-names -fno-exceptions -Wall -Wextra -Wcast-align -Wchar-subscripts -Wformat-security -Wno-long-long -Wpointer-arith -Wundef -Wnon-virtual-dtor -Woverloaded-virtual -Werror=return-type -Wvla -DHAVE_DATE_TIME -Wdate-time -o CMakeFiles/cmTC_2f968.dir/src.cxx.o -c /usr/pkgsrc/category/liquidshell/work/liquidshell-1.7.1/CMakeFiles/CMakeTmp/src.cxx
<.> /usr/pkgsrc/category/liquidshell/work/.gcc/bin/g++ -m64 -O2 -D_FORTIFY_SOURCE=2 -fno-operator-names -fno-exceptions -Wall -Wextra -Wcast-align -Wchar-subscripts -Wformat-security -Wno-long-long -Wpointer-arith -Wundef -Wnon-virtual-dtor -Woverloaded-virtual -Werror=return-type -Wvla -DHAVE_DATE_TIME -Wdate-time -o CMakeFiles/cmTC_2f968.dir/src.cxx.o -c /usr/pkgsrc/category/liquidshell/work/liquidshell-1.7.1/CMakeFiles/CMakeTmp/src.cxx -fstack-protector -I/usr/pkgsrc/category/liquidshell/work/.buildlink/include
[*] c++ -O2 -D_FORTIFY_SOURCE=2 -fno-operator-names -fno-exceptions -Wall -Wextra -Wcast-align -Wchar-subscripts -Wformat-security -Wno-long-long -Wpointer-arith -Wundef -Wnon-virtual-dtor -Woverloaded-virtual -Werror=return-type -Wvla -DHAVE_DATE_TIME -Wl,-z,relro -Wl,-z,now -Wl,-R/usr/pkg/lib -rdynamic CMakeFiles/cmTC_2f968.dir/src.cxx.o -o cmTC_2f968
<.> /usr/pkgsrc/category/liquidshell/work/.gcc/bin/g++ -m64 -O2 -D_FORTIFY_SOURCE=2 -fno-operator-names -fno-exceptions -Wall -Wextra -Wcast-align -Wchar-subscripts -Wformat-security -Wno-long-long -Wpointer-arith -Wundef -Wnon-virtual-dtor -Woverloaded-virtual -Werror=return-type -Wvla -DHAVE_DATE_TIME -Wl,-z -Wl,relro -Wl,-z -Wl,now -Wl,-rpath,/usr/pkg/lib -rdynamic CMakeFiles/cmTC_2f968.dir/src.cxx.o -o cmTC_2f968 -fstack-protector -I/usr/pkgsrc/category/liquidshell/work/.buildlink/include
