[*] /usr/pkgsrc/category/py-cbor2/work/.tools/bin/true
<.> true 
[*] /usr/pkgsrc/category/py-cbor2/work/.tools/bin/true
<.> true 
[*] /usr/pkgsrc/category/py-cbor2/work/.tools/bin/true
<.> true 
[*] /usr/pkgsrc/category/py-cbor2/work/.tools/bin/true
<.> true 
[*] /usr/pkgsrc/category/py-cbor2/work/.tools/bin/true
<.> true 
[*] /usr/pkgsrc/category/py-cbor2/work/.tools/bin/true
<.> true 
[*] /usr/pkgsrc/category/py-cbor2/work/.tools/bin/true
<.> true 
[*] /usr/pkgsrc/category/py-cbor2/work/.tools/bin/true
<.> true 
[*] /usr/pkgsrc/category/py-cbor2/work/.tools/bin/true
<.> true 
[*] /usr/pkgsrc/category/py-cbor2/work/.tools/bin/true
<.> true 
[*] /usr/pkgsrc/category/py-cbor2/work/.tools/bin/true
<.> true 
[*] /usr/pkgsrc/category/py-cbor2/work/.tools/bin/true
<.> true 
[*] /usr/pkgsrc/category/py-cbor2/work/.tools/bin/true
<.> true 
[*] /usr/pkgsrc/category/py-cbor2/work/.tools/bin/true
<.> true 
[*] /usr/pkgsrc/category/py-cbor2/work/.tools/bin/true
<.> true 
[*] /usr/pkgsrc/category/py-cbor2/work/.tools/bin/true
<.> true 
[*] /usr/pkgsrc/category/py-cbor2/work/.tools/bin/true
<.> true 
[*] /usr/pkgsrc/category/py-cbor2/work/.tools/bin/true
<.> true 
[*] /usr/pkgsrc/category/py-cbor2/work/.tools/bin/true
<.> true 
[*] /usr/pkgsrc/category/py-cbor2/work/.tools/bin/true
<.> true 
[*] /usr/pkgsrc/category/py-cbor2/work/.tools/bin/true
<.> true 
[*] /usr/pkgsrc/category/py-cbor2/work/.tools/bin/true
<.> true 
[*] /usr/pkgsrc/category/py-cbor2/work/.tools/bin/true
<.> true 
[*] /usr/pkgsrc/category/py-cbor2/work/.tools/bin/true
<.> true 
[*] /usr/pkgsrc/category/py-cbor2/work/.tools/bin/true
<.> true 
[*] /usr/pkgsrc/category/py-cbor2/work/.tools/bin/true
<.> true 
[*] /usr/pkgsrc/category/py-cbor2/work/.tools/bin/true
<.> true 
[*] /usr/pkgsrc/category/py-cbor2/work/.tools/bin/true
<.> true 
[*] /usr/pkgsrc/category/py-cbor2/work/.tools/bin/true
<.> true 
[*] cc -Wno-unused-result -Wsign-compare -DNDEBUG -O2 -D_FORTIFY_SOURCE=2 -I/usr/include -I/usr/pkg/include -I/usr/pkg/include/db4 -O2 -D_FORTIFY_SOURCE=2 -I/usr/include -I/usr/pkg/include -I/usr/pkg/include/db4 -O2 -D_FORTIFY_SOURCE=2 -I/usr/include -I/usr/pkg/include -I/usr/pkg/include/db4 -O2 -D_FORTIFY_SOURCE=2 -I/usr/include -I/usr/pkg/include/python3.7 -I/usr/include -I/usr/pkg/include/python3.7 -fPIC -I/usr/pkg/include/python3.7 -c source/module.c -o build/temp.linux-x86_64-3.7/source/module.o -std=c99 -D_GNU_SOURCE
<.> /usr/pkgsrc/category/py-cbor2/work/.gcc/bin/gcc -fcommon -m64 -Wno-unused-result -Wsign-compare -DNDEBUG -O2 -D_FORTIFY_SOURCE=2 -I/usr/pkgsrc/category/py-cbor2/work/.buildlink/include -I/usr/pkgsrc/category/py-cbor2/work/.buildlink/include/db4 -O2 -D_FORTIFY_SOURCE=2 -O2 -D_FORTIFY_SOURCE=2 -O2 -D_FORTIFY_SOURCE=2 -I/usr/pkgsrc/category/py-cbor2/work/.buildlink/include/python3.7 -fPIC -c source/module.c -o build/temp.linux-x86_64-3.7/source/module.o -std=c99 -D_GNU_SOURCE -D_FORTIFY_SOURCE=2 -fstack-protector
[*] cc -Wno-unused-result -Wsign-compare -DNDEBUG -O2 -D_FORTIFY_SOURCE=2 -I/usr/include -I/usr/pkg/include -I/usr/pkg/include/db4 -O2 -D_FORTIFY_SOURCE=2 -I/usr/include -I/usr/pkg/include -I/usr/pkg/include/db4 -O2 -D_FORTIFY_SOURCE=2 -I/usr/include -I/usr/pkg/include -I/usr/pkg/include/db4 -O2 -D_FORTIFY_SOURCE=2 -I/usr/include -I/usr/pkg/include/python3.7 -I/usr/include -I/usr/pkg/include/python3.7 -fPIC -I/usr/pkg/include/python3.7 -c source/encoder.c -o build/temp.linux-x86_64-3.7/source/encoder.o -std=c99 -D_GNU_SOURCE
<.> /usr/pkgsrc/category/py-cbor2/work/.gcc/bin/gcc -fcommon -m64 -Wno-unused-result -Wsign-compare -DNDEBUG -O2 -D_FORTIFY_SOURCE=2 -I/usr/pkgsrc/category/py-cbor2/work/.buildlink/include -I/usr/pkgsrc/category/py-cbor2/work/.buildlink/include/db4 -O2 -D_FORTIFY_SOURCE=2 -O2 -D_FORTIFY_SOURCE=2 -O2 -D_FORTIFY_SOURCE=2 -I/usr/pkgsrc/category/py-cbor2/work/.buildlink/include/python3.7 -fPIC -c source/encoder.c -o build/temp.linux-x86_64-3.7/source/encoder.o -std=c99 -D_GNU_SOURCE -D_FORTIFY_SOURCE=2 -fstack-protector
[*] cc -Wno-unused-result -Wsign-compare -DNDEBUG -O2 -D_FORTIFY_SOURCE=2 -I/usr/include -I/usr/pkg/include -I/usr/pkg/include/db4 -O2 -D_FORTIFY_SOURCE=2 -I/usr/include -I/usr/pkg/include -I/usr/pkg/include/db4 -O2 -D_FORTIFY_SOURCE=2 -I/usr/include -I/usr/pkg/include -I/usr/pkg/include/db4 -O2 -D_FORTIFY_SOURCE=2 -I/usr/include -I/usr/pkg/include/python3.7 -I/usr/include -I/usr/pkg/include/python3.7 -fPIC -I/usr/pkg/include/python3.7 -c source/decoder.c -o build/temp.linux-x86_64-3.7/source/decoder.o -std=c99 -D_GNU_SOURCE
<.> /usr/pkgsrc/category/py-cbor2/work/.gcc/bin/gcc -fcommon -m64 -Wno-unused-result -Wsign-compare -DNDEBUG -O2 -D_FORTIFY_SOURCE=2 -I/usr/pkgsrc/category/py-cbor2/work/.buildlink/include -I/usr/pkgsrc/category/py-cbor2/work/.buildlink/include/db4 -O2 -D_FORTIFY_SOURCE=2 -O2 -D_FORTIFY_SOURCE=2 -O2 -D_FORTIFY_SOURCE=2 -I/usr/pkgsrc/category/py-cbor2/work/.buildlink/include/python3.7 -fPIC -c source/decoder.c -o build/temp.linux-x86_64-3.7/source/decoder.o -std=c99 -D_GNU_SOURCE -D_FORTIFY_SOURCE=2 -fstack-protector
[*] cc -Wno-unused-result -Wsign-compare -DNDEBUG -O2 -D_FORTIFY_SOURCE=2 -I/usr/include -I/usr/pkg/include -I/usr/pkg/include/db4 -O2 -D_FORTIFY_SOURCE=2 -I/usr/include -I/usr/pkg/include -I/usr/pkg/include/db4 -O2 -D_FORTIFY_SOURCE=2 -I/usr/include -I/usr/pkg/include -I/usr/pkg/include/db4 -O2 -D_FORTIFY_SOURCE=2 -I/usr/include -I/usr/pkg/include/python3.7 -I/usr/include -I/usr/pkg/include/python3.7 -fPIC -I/usr/pkg/include/python3.7 -c source/tags.c -o build/temp.linux-x86_64-3.7/source/tags.o -std=c99 -D_GNU_SOURCE
<.> /usr/pkgsrc/category/py-cbor2/work/.gcc/bin/gcc -fcommon -m64 -Wno-unused-result -Wsign-compare -DNDEBUG -O2 -D_FORTIFY_SOURCE=2 -I/usr/pkgsrc/category/py-cbor2/work/.buildlink/include -I/usr/pkgsrc/category/py-cbor2/work/.buildlink/include/db4 -O2 -D_FORTIFY_SOURCE=2 -O2 -D_FORTIFY_SOURCE=2 -O2 -D_FORTIFY_SOURCE=2 -I/usr/pkgsrc/category/py-cbor2/work/.buildlink/include/python3.7 -fPIC -c source/tags.c -o build/temp.linux-x86_64-3.7/source/tags.o -std=c99 -D_GNU_SOURCE -D_FORTIFY_SOURCE=2 -fstack-protector
[*] cc -Wno-unused-result -Wsign-compare -DNDEBUG -O2 -D_FORTIFY_SOURCE=2 -I/usr/include -I/usr/pkg/include -I/usr/pkg/include/db4 -O2 -D_FORTIFY_SOURCE=2 -I/usr/include -I/usr/pkg/include -I/usr/pkg/include/db4 -O2 -D_FORTIFY_SOURCE=2 -I/usr/include -I/usr/pkg/include -I/usr/pkg/include/db4 -O2 -D_FORTIFY_SOURCE=2 -I/usr/include -I/usr/pkg/include/python3.7 -I/usr/include -I/usr/pkg/include/python3.7 -fPIC -I/usr/pkg/include/python3.7 -c source/halffloat.c -o build/temp.linux-x86_64-3.7/source/halffloat.o -std=c99 -D_GNU_SOURCE
<.> /usr/pkgsrc/category/py-cbor2/work/.gcc/bin/gcc -fcommon -m64 -Wno-unused-result -Wsign-compare -DNDEBUG -O2 -D_FORTIFY_SOURCE=2 -I/usr/pkgsrc/category/py-cbor2/work/.buildlink/include -I/usr/pkgsrc/category/py-cbor2/work/.buildlink/include/db4 -O2 -D_FORTIFY_SOURCE=2 -O2 -D_FORTIFY_SOURCE=2 -O2 -D_FORTIFY_SOURCE=2 -I/usr/pkgsrc/category/py-cbor2/work/.buildlink/include/python3.7 -fPIC -c source/halffloat.c -o build/temp.linux-x86_64-3.7/source/halffloat.o -std=c99 -D_GNU_SOURCE -D_FORTIFY_SOURCE=2 -fstack-protector
[*] cc -pthread -shared -L. -Wl,-z,relro -Wl,-z,now -L/usr/lib64 -Wl,-R/usr/lib64 -L/usr/pkg/lib -Wl,-R/usr/pkg/lib -Wl,-z,relro -Wl,-z,now -L/usr/lib64 -Wl,-R/usr/lib64 -L/usr/pkg/lib -Wl,-R/usr/pkg/lib -Wl,-z,relro -Wl,-z,now -L/usr/lib64 -Wl,-R/usr/lib64 -Wl,-R/usr/pkg/lib -O2 -D_FORTIFY_SOURCE=2 -I/usr/include -I/usr/pkg/include/python3.7 -I/usr/include -I/usr/pkg/include/python3.7 build/temp.linux-x86_64-3.7/source/module.o build/temp.linux-x86_64-3.7/source/encoder.o build/temp.linux-x86_64-3.7/source/decoder.o build/temp.linux-x86_64-3.7/source/tags.o build/temp.linux-x86_64-3.7/source/halffloat.o -L/usr/pkg/lib -lm -lpython3.7 -o build/lib.linux-x86_64-3.7/_cbor2.so
<.> /usr/pkgsrc/category/py-cbor2/work/.gcc/bin/gcc -fcommon -m64 -pthread -shared -L. -Wl,-z -Wl,relro -Wl,-z -Wl,now -L/usr/pkgsrc/category/py-cbor2/work/.buildlink/lib -Wl,-rpath,/usr/pkg/lib -Wl,-z -Wl,relro -Wl,-z -Wl,now -Wl,-rpath,/usr/pkg/lib -Wl,-z -Wl,relro -Wl,-z -Wl,now -Wl,-rpath,/usr/pkg/lib -O2 -D_FORTIFY_SOURCE=2 -I/usr/pkgsrc/category/py-cbor2/work/.buildlink/include/python3.7 build/temp.linux-x86_64-3.7/source/module.o build/temp.linux-x86_64-3.7/source/encoder.o build/temp.linux-x86_64-3.7/source/decoder.o build/temp.linux-x86_64-3.7/source/tags.o build/temp.linux-x86_64-3.7/source/halffloat.o -lm -lpython3.7 -o build/lib.linux-x86_64-3.7/_cbor2.so -D_FORTIFY_SOURCE=2 -fstack-protector -I/usr/pkgsrc/category/py-cbor2/work/.buildlink/include
[*] /usr/pkgsrc/category/py-cbor2/work/.tools/bin/true
<.> true 
[*] /usr/pkgsrc/category/py-cbor2/work/.tools/bin/true
<.> true 
[*] /usr/pkgsrc/category/py-cbor2/work/.tools/bin/true
<.> true 
[*] /usr/pkgsrc/category/py-cbor2/work/.tools/bin/true
<.> true 
[*] /usr/pkgsrc/category/py-cbor2/work/.tools/bin/true
<.> true 
[*] /usr/pkgsrc/category/py-cbor2/work/.tools/bin/true
<.> true 
[*] /usr/pkgsrc/category/py-cbor2/work/.tools/bin/true
<.> true 
