This file contains any messages produced by compilers while
running configure, to aid debugging if configure makes a mistake.

It was created by qd configure 2.3.20, which was
generated by GNU Autoconf 2.65.  Invocation command line was

  $ ./configure --prefix=/usr/pkg --build=x86_64-unknown-linux --host=x86_64-unknown-linux --mandir=/usr/pkg/man --enable-option-checking=yes

## --------- ##
## Platform. ##
## --------- ##

hostname = Hattin
uname -m = x86_64
uname -r = 5.8.10-1-default
uname -s = Linux
uname -v = #1 SMP Mon Sep 21 11:00:19 UTC 2020 (af3e800)

/usr/bin/uname -p = x86_64
/bin/uname -X     = unknown

/bin/arch              = x86_64
/usr/bin/arch -k       = unknown
/usr/convex/getsysinfo = unknown
/usr/bin/hostinfo      = unknown
/bin/machine           = unknown
/usr/bin/oslevel       = unknown
/bin/universe          = unknown

PATH: /usr/pkgsrc/category/libqd/work/.cwrapper/bin
PATH: /usr/pkgsrc/category/libqd/work/.buildlink/bin
PATH: /usr/pkgsrc/category/libqd/work/.gcc/bin
PATH: /usr/pkgsrc/category/libqd/work/.tools/bin
PATH: /usr/pkg/bin
PATH: /home/jihbed/.gvm/bin
PATH: /home/jihbed/.gvm/bin
PATH: /home/jihbed/bin
PATH: /usr/local/bin
PATH: /usr/bin
PATH: /bin
PATH: /snap/bin
PATH: /usr/pkg/bin
PATH: /usr/pkg/bin


## ----------- ##
## Core tests. ##
## ----------- ##

configure:2749: checking for a BSD-compatible install
configure:2817: result: /usr/bin/install -c -o jihbed -g users
configure:2828: checking whether build environment is sane
configure:2878: result: yes
configure:3019: checking for a thread-safe mkdir -p
configure:3058: result: /usr/pkgsrc/category/libqd/work/.tools/bin/mkdir -p
configure:3071: checking for gawk
configure:3098: result: /bin/awk
configure:3109: checking whether make sets $(MAKE)
configure:3131: result: yes
configure:3220: checking build system type
configure:3234: result: x86_64-unknown-linux-gnu
configure:3254: checking host system type
configure:3267: result: x86_64-unknown-linux-gnu
configure:3295: checking if commonly used function is to be inlined
configure:3303: result: yes
configure:3312: checking if addition with IEEE-style error bound is to be used
configure:3321: result: no
configure:3330: checking if sloppy multiplication is to be used
configure:3338: result: yes
configure:3347: checking if sloppy division is to be used
configure:3355: result: yes
configure:3365: checking if debugging code is to be enabled
configure:3374: result: no
configure:3383: checking if compiler warnings is to be enabled
configure:3388: result: no
configure:3528: checking for C++ compiler version
configure:3537: c++ --version >&5
g++ (SUSE Linux) 10.2.1 20200825 [revision c0746a1beb1ba073c7981eb09f55b3d993b32e5c]
Copyright (C) 2020 Free Software Foundation, Inc.
This is free software; see the source for copying conditions.  There is NO
warranty; not even for MERCHANTABILITY or FITNESS FOR A PARTICULAR PURPOSE.

configure:3548: $? = 0
configure:3537: c++ -v >&5
Using built-in specs.
COLLECT_GCC=/usr/pkgsrc/category/libqd/work/.gcc/bin/g++
COLLECT_LTO_WRAPPER=/usr/lib64/gcc/x86_64-suse-linux/10/lto-wrapper
OFFLOAD_TARGET_NAMES=nvptx-none:amdgcn-amdhsa
OFFLOAD_TARGET_DEFAULT=1
Target: x86_64-suse-linux
Configured with: ../configure --prefix=/usr --infodir=/usr/share/info --mandir=/usr/share/man --libdir=/usr/lib64 --libexecdir=/usr/lib64 --enable-languages=c,c++,objc,fortran,obj-c++,ada,go,d --enable-offload-targets=nvptx-none=/usr/nvptx-none,amdgcn-amdhsa=/usr/amdgcn-amdhsa, --without-cuda-driver --enable-checking=release --disable-werror --with-gxx-include-dir=/usr/include/c++/10 --enable-ssp --disable-libssp --disable-libvtv --enable-cet=auto --disable-libcc1 --enable-plugin --with-bugurl=https://bugs.opensuse.org/ --with-pkgversion='SUSE Linux' --with-slibdir=/lib64 --with-system-zlib --enable-libstdcxx-allocator=new --disable-libstdcxx-pch --enable-libphobos --enable-version-specific-runtime-libs --with-gcc-major-version-only --enable-linker-build-id --enable-linux-futex --enable-gnu-indirect-function --program-suffix=-10 --without-system-libunwind --enable-multilib --with-arch-32=x86-64 --with-tune=generic --with-build-config=bootstrap-lto-lean --enable-link-mutex --build=x86_64-suse-linux --host=x86_64-suse-linux
Thread model: posix
Supported LTO compression algorithms: zlib zstd
gcc version 10.2.1 20200825 [revision c0746a1beb1ba073c7981eb09f55b3d993b32e5c] (SUSE Linux) 
... rest of stderr output deleted ...
configure:3548: $? = 0
configure:3537: c++ -V >&5
g++: error: unrecognized command-line option '-V'
g++: fatal error: no input files
compilation terminated.
configure:3548: $? = 1
configure:3537: c++ -qversion >&5
g++: error: unrecognized command-line option '-qversion'; did you mean '--version'?
g++: fatal error: no input files
compilation terminated.
configure:3548: $? = 1
configure:3568: checking whether the C++ compiler works
configure:3590: c++ -O2 -D_FORTIFY_SOURCE=2  -Wl,-z,relro -Wl,-z,now -Wl,-R/usr/pkg/lib conftest.cpp  >&5
configure:3594: $? = 0
configure:3643: result: yes
configure:3646: checking for C++ compiler default output file name
configure:3648: result: a.out
configure:3654: checking for suffix of executables
configure:3661: c++ -o conftest -O2 -D_FORTIFY_SOURCE=2  -Wl,-z,relro -Wl,-z,now -Wl,-R/usr/pkg/lib conftest.cpp  >&5
configure:3665: $? = 0
configure:3687: result: 
configure:3709: checking whether we are cross compiling
configure:3717: c++ -o conftest -O2 -D_FORTIFY_SOURCE=2  -Wl,-z,relro -Wl,-z,now -Wl,-R/usr/pkg/lib conftest.cpp  >&5
configure:3721: $? = 0
configure:3728: ./conftest
configure:3732: $? = 0
configure:3747: result: no
configure:3752: checking for suffix of object files
configure:3774: c++ -c -O2 -D_FORTIFY_SOURCE=2  conftest.cpp >&5
configure:3778: $? = 0
configure:3799: result: o
configure:3803: checking whether we are using the GNU C++ compiler
configure:3822: c++ -c -O2 -D_FORTIFY_SOURCE=2  conftest.cpp >&5
configure:3822: $? = 0
configure:3831: result: yes
configure:3840: checking whether c++ accepts -g
configure:3860: c++ -c -g  conftest.cpp >&5
configure:3860: $? = 0
configure:3901: result: yes
configure:3935: checking for style of include used by make
configure:3963: result: GNU
configure:3988: checking dependency style of c++
configure:4098: result: gcc3
configure:4124: checking for x86_64-unknown-linux-gcc
configure:4151: result: cc
configure:4420: checking for C compiler version
configure:4429: cc --version >&5
gcc (SUSE Linux) 10.2.1 20200825 [revision c0746a1beb1ba073c7981eb09f55b3d993b32e5c]
Copyright (C) 2020 Free Software Foundation, Inc.
This is free software; see the source for copying conditions.  There is NO
warranty; not even for MERCHANTABILITY or FITNESS FOR A PARTICULAR PURPOSE.

configure:4440: $? = 0
configure:4429: cc -v >&5
Using built-in specs.
COLLECT_GCC=/usr/pkgsrc/category/libqd/work/.gcc/bin/gcc
COLLECT_LTO_WRAPPER=/usr/lib64/gcc/x86_64-suse-linux/10/lto-wrapper
OFFLOAD_TARGET_NAMES=nvptx-none:amdgcn-amdhsa
OFFLOAD_TARGET_DEFAULT=1
Target: x86_64-suse-linux
Configured with: ../configure --prefix=/usr --infodir=/usr/share/info --mandir=/usr/share/man --libdir=/usr/lib64 --libexecdir=/usr/lib64 --enable-languages=c,c++,objc,fortran,obj-c++,ada,go,d --enable-offload-targets=nvptx-none=/usr/nvptx-none,amdgcn-amdhsa=/usr/amdgcn-amdhsa, --without-cuda-driver --enable-checking=release --disable-werror --with-gxx-include-dir=/usr/include/c++/10 --enable-ssp --disable-libssp --disable-libvtv --enable-cet=auto --disable-libcc1 --enable-plugin --with-bugurl=https://bugs.opensuse.org/ --with-pkgversion='SUSE Linux' --with-slibdir=/lib64 --with-system-zlib --enable-libstdcxx-allocator=new --disable-libstdcxx-pch --enable-libphobos --enable-version-specific-runtime-libs --with-gcc-major-version-only --enable-linker-build-id --enable-linux-futex --enable-gnu-indirect-function --program-suffix=-10 --without-system-libunwind --enable-multilib --with-arch-32=x86-64 --with-tune=generic --with-build-config=bootstrap-lto-lean --enable-link-mutex --build=x86_64-suse-linux --host=x86_64-suse-linux
Thread model: posix
Supported LTO compression algorithms: zlib zstd
gcc version 10.2.1 20200825 [revision c0746a1beb1ba073c7981eb09f55b3d993b32e5c] (SUSE Linux) 
... rest of stderr output deleted ...
configure:4440: $? = 0
configure:4429: cc -V >&5
gcc: error: unrecognized command-line option '-V'
gcc: fatal error: no input files
compilation terminated.
configure:4440: $? = 1
configure:4429: cc -qversion >&5
gcc: error: unrecognized command-line option '-qversion'; did you mean '--version'?
gcc: fatal error: no input files
compilation terminated.
configure:4440: $? = 1
configure:4444: checking whether we are using the GNU C compiler
configure:4463: cc -c -O2 -D_FORTIFY_SOURCE=2  conftest.c >&5
configure:4463: $? = 0
configure:4472: result: yes
configure:4481: checking whether cc accepts -g
configure:4501: cc -c -g  conftest.c >&5
configure:4501: $? = 0
configure:4542: result: yes
configure:4559: checking for cc option to accept ISO C89
configure:4623: cc  -c -O2 -D_FORTIFY_SOURCE=2  conftest.c >&5
configure:4623: $? = 0
configure:4636: result: none needed
configure:4658: checking dependency style of cc
configure:4768: result: gcc3
configure:5571: checking how to run the C++ preprocessor
configure:5598: c++ -E  conftest.cpp
configure:5598: $? = 0
configure:5612: c++ -E  conftest.cpp
conftest.cpp:17:10: fatal error: ac_nonexistent.h: No such file or directory
   17 | #include <ac_nonexistent.h>
      |          ^~~~~~~~~~~~~~~~~~
compilation terminated.
configure:5612: $? = 1
configure: failed program was:
| /* confdefs.h */
| #define PACKAGE_NAME "qd"
| #define PACKAGE_TARNAME "qd"
| #define PACKAGE_VERSION "2.3.20"
| #define PACKAGE_STRING "qd 2.3.20"
| #define PACKAGE_BUGREPORT "yozo@cs.berkeley.edu"
| #define PACKAGE_URL ""
| #define MAJOR_VERSION 2
| #define MINOR_VERSION 3
| #define PATCH_VERSION 12
| #define PACKAGE "qd"
| #define VERSION "2.3.20"
| #define QD_INLINE 1
| #define QD_SLOPPY_MUL 1
| #define QD_SLOPPY_DIV 1
| /* end confdefs.h.  */
| #include <ac_nonexistent.h>
configure:5637: result: c++ -E
configure:5657: c++ -E  conftest.cpp
configure:5657: $? = 0
configure:5671: c++ -E  conftest.cpp
conftest.cpp:17:10: fatal error: ac_nonexistent.h: No such file or directory
   17 | #include <ac_nonexistent.h>
      |          ^~~~~~~~~~~~~~~~~~
compilation terminated.
configure:5671: $? = 1
configure: failed program was:
| /* confdefs.h */
| #define PACKAGE_NAME "qd"
| #define PACKAGE_TARNAME "qd"
| #define PACKAGE_VERSION "2.3.20"
| #define PACKAGE_STRING "qd 2.3.20"
| #define PACKAGE_BUGREPORT "yozo@cs.berkeley.edu"
| #define PACKAGE_URL ""
| #define MAJOR_VERSION 2
| #define MINOR_VERSION 3
| #define PATCH_VERSION 12
| #define PACKAGE "qd"
| #define VERSION "2.3.20"
| #define QD_INLINE 1
| #define QD_SLOPPY_MUL 1
| #define QD_SLOPPY_DIV 1
| /* end confdefs.h.  */
| #include <ac_nonexistent.h>
configure:5700: checking for grep that handles long lines and -e
configure:5758: result: /bin/grep
configure:5763: checking for egrep
configure:5825: result: /bin/egrep
configure:5830: checking for ANSI C header files
configure:5850: c++ -c -O2 -D_FORTIFY_SOURCE=2   conftest.cpp >&5
configure:5850: $? = 0
configure:5923: c++ -o conftest -O2 -D_FORTIFY_SOURCE=2   -Wl,-z,relro -Wl,-z,now -Wl,-R/usr/pkg/lib conftest.cpp  >&5
configure:5923: $? = 0
configure:5923: ./conftest
configure:5923: $? = 0
configure:5934: result: yes
configure:5947: checking for sys/types.h
configure:5947: c++ -c -O2 -D_FORTIFY_SOURCE=2   conftest.cpp >&5
configure:5947: $? = 0
configure:5947: result: yes
configure:5947: checking for sys/stat.h
configure:5947: c++ -c -O2 -D_FORTIFY_SOURCE=2   conftest.cpp >&5
configure:5947: $? = 0
configure:5947: result: yes
configure:5947: checking for stdlib.h
configure:5947: c++ -c -O2 -D_FORTIFY_SOURCE=2   conftest.cpp >&5
configure:5947: $? = 0
configure:5947: result: yes
configure:5947: checking for string.h
configure:5947: c++ -c -O2 -D_FORTIFY_SOURCE=2   conftest.cpp >&5
configure:5947: $? = 0
configure:5947: result: yes
configure:5947: checking for memory.h
configure:5947: c++ -c -O2 -D_FORTIFY_SOURCE=2   conftest.cpp >&5
configure:5947: $? = 0
configure:5947: result: yes
configure:5947: checking for strings.h
configure:5947: c++ -c -O2 -D_FORTIFY_SOURCE=2   conftest.cpp >&5
configure:5947: $? = 0
configure:5947: result: yes
configure:5947: checking for inttypes.h
configure:5947: c++ -c -O2 -D_FORTIFY_SOURCE=2   conftest.cpp >&5
configure:5947: $? = 0
configure:5947: result: yes
configure:5947: checking for stdint.h
configure:5947: c++ -c -O2 -D_FORTIFY_SOURCE=2   conftest.cpp >&5
configure:5947: $? = 0
configure:5947: result: yes
configure:5947: checking for unistd.h
configure:5947: c++ -c -O2 -D_FORTIFY_SOURCE=2   conftest.cpp >&5
configure:5947: $? = 0
configure:5947: result: yes
configure:5962: checking ieeefp.h usability
configure:5962: c++ -c -O2 -D_FORTIFY_SOURCE=2   conftest.cpp >&5
conftest.cpp:60:10: fatal error: ieeefp.h: No such file or directory
   60 | #include <ieeefp.h>
      |          ^~~~~~~~~~
compilation terminated.
configure:5962: $? = 1
configure: failed program was:
| /* confdefs.h */
| #define PACKAGE_NAME "qd"
| #define PACKAGE_TARNAME "qd"
| #define PACKAGE_VERSION "2.3.20"
| #define PACKAGE_STRING "qd 2.3.20"
| #define PACKAGE_BUGREPORT "yozo@cs.berkeley.edu"
| #define PACKAGE_URL ""
| #define MAJOR_VERSION 2
| #define MINOR_VERSION 3
| #define PATCH_VERSION 12
| #define PACKAGE "qd"
| #define VERSION "2.3.20"
| #define QD_INLINE 1
| #define QD_SLOPPY_MUL 1
| #define QD_SLOPPY_DIV 1
| #define STDC_HEADERS 1
| #define HAVE_SYS_TYPES_H 1
| #define HAVE_SYS_STAT_H 1
| #define HAVE_STDLIB_H 1
| #define HAVE_STRING_H 1
| #define HAVE_MEMORY_H 1
| #define HAVE_STRINGS_H 1
| #define HAVE_INTTYPES_H 1
| #define HAVE_STDINT_H 1
| #define HAVE_UNISTD_H 1
| /* end confdefs.h.  */
| #include <stdio.h>
| #ifdef HAVE_SYS_TYPES_H
| # include <sys/types.h>
| #endif
| #ifdef HAVE_SYS_STAT_H
| # include <sys/stat.h>
| #endif
| #ifdef STDC_HEADERS
| # include <stdlib.h>
| # include <stddef.h>
| #else
| # ifdef HAVE_STDLIB_H
| #  include <stdlib.h>
| # endif
| #endif
| #ifdef HAVE_STRING_H
| # if !defined STDC_HEADERS && defined HAVE_MEMORY_H
| #  include <memory.h>
| # endif
| # include <string.h>
| #endif
| #ifdef HAVE_STRINGS_H
| # include <strings.h>
| #endif
| #ifdef HAVE_INTTYPES_H
| # include <inttypes.h>
| #endif
| #ifdef HAVE_STDINT_H
| # include <stdint.h>
| #endif
| #ifdef HAVE_UNISTD_H
| # include <unistd.h>
| #endif
| #include <ieeefp.h>
configure:5962: result: no
configure:5962: checking ieeefp.h presence
configure:5962: c++ -E  conftest.cpp
conftest.cpp:27:10: fatal error: ieeefp.h: No such file or directory
   27 | #include <ieeefp.h>
      |          ^~~~~~~~~~
compilation terminated.
configure:5962: $? = 1
configure: failed program was:
| /* confdefs.h */
| #define PACKAGE_NAME "qd"
| #define PACKAGE_TARNAME "qd"
| #define PACKAGE_VERSION "2.3.20"
| #define PACKAGE_STRING "qd 2.3.20"
| #define PACKAGE_BUGREPORT "yozo@cs.berkeley.edu"
| #define PACKAGE_URL ""
| #define MAJOR_VERSION 2
| #define MINOR_VERSION 3
| #define PATCH_VERSION 12
| #define PACKAGE "qd"
| #define VERSION "2.3.20"
| #define QD_INLINE 1
| #define QD_SLOPPY_MUL 1
| #define QD_SLOPPY_DIV 1
| #define STDC_HEADERS 1
| #define HAVE_SYS_TYPES_H 1
| #define HAVE_SYS_STAT_H 1
| #define HAVE_STDLIB_H 1
| #define HAVE_STRING_H 1
| #define HAVE_MEMORY_H 1
| #define HAVE_STRINGS_H 1
| #define HAVE_INTTYPES_H 1
| #define HAVE_STDINT_H 1
| #define HAVE_UNISTD_H 1
| /* end confdefs.h.  */
| #include <ieeefp.h>
configure:5962: result: no
configure:5962: checking for ieeefp.h
configure:5962: result: no
configure:5977: checking for stdbool.h that conforms to C99
configure:6062: c++ -c -O2 -D_FORTIFY_SOURCE=2   conftest.cpp >&5
conftest.cpp:30:2: error: expected unqualified-id before string constant
   30 |  "error: bool is not defined"
      |  ^~~~~~~~~~~~~~~~~~~~~~~~~~~~
conftest.cpp:48:36: error: 's' does not name a type
   48 |  struct s { _Bool s: 1; _Bool t; } s;
      |                                    ^
conftest.cpp:54:12: error: 's' was not declared in this scope
   54 |  bool e = &s;
      |            ^
conftest.cpp:58:16: error: 's' was not declared in this scope
   58 |  char i[sizeof s.t];
      |                ^
conftest.cpp: In function 'int main()':
conftest.cpp:98:51: error: 'i' was not declared in this scope
   98 |  return (!a + !b + !c + !d + !e + !f + !g + !h + !i + !!j + !k + !!l
      |                                                   ^
configure:6062: $? = 1
configure: failed program was:
| /* confdefs.h */
| #define PACKAGE_NAME "qd"
| #define PACKAGE_TARNAME "qd"
| #define PACKAGE_VERSION "2.3.20"
| #define PACKAGE_STRING "qd 2.3.20"
| #define PACKAGE_BUGREPORT "yozo@cs.berkeley.edu"
| #define PACKAGE_URL ""
| #define MAJOR_VERSION 2
| #define MINOR_VERSION 3
| #define PATCH_VERSION 12
| #define PACKAGE "qd"
| #define VERSION "2.3.20"
| #define QD_INLINE 1
| #define QD_SLOPPY_MUL 1
| #define QD_SLOPPY_DIV 1
| #define STDC_HEADERS 1
| #define HAVE_SYS_TYPES_H 1
| #define HAVE_SYS_STAT_H 1
| #define HAVE_STDLIB_H 1
| #define HAVE_STRING_H 1
| #define HAVE_MEMORY_H 1
| #define HAVE_STRINGS_H 1
| #define HAVE_INTTYPES_H 1
| #define HAVE_STDINT_H 1
| #define HAVE_UNISTD_H 1
| /* end confdefs.h.  */
| 
| #include <stdbool.h>
| #ifndef bool
|  "error: bool is not defined"
| #endif
| #ifndef false
|  "error: false is not defined"
| #endif
| #if false
|  "error: false is not 0"
| #endif
| #ifndef true
|  "error: true is not defined"
| #endif
| #if true != 1
|  "error: true is not 1"
| #endif
| #ifndef __bool_true_false_are_defined
|  "error: __bool_true_false_are_defined is not defined"
| #endif
| 
| 	struct s { _Bool s: 1; _Bool t; } s;
| 
| 	char a[true == 1 ? 1 : -1];
| 	char b[false == 0 ? 1 : -1];
| 	char c[__bool_true_false_are_defined == 1 ? 1 : -1];
| 	char d[(bool) 0.5 == true ? 1 : -1];
| 	bool e = &s;
| 	char f[(_Bool) 0.0 == false ? 1 : -1];
| 	char g[true];
| 	char h[sizeof (_Bool)];
| 	char i[sizeof s.t];
| 	enum { j = false, k = true, l = false * true, m = true * 256 };
| 	/* The following fails for
| 	   HP aC++/ANSI C B3910B A.05.55 [Dec 04 2003]. */
| 	_Bool n[m];
| 	char o[sizeof n == m * sizeof n[0] ? 1 : -1];
| 	char p[-1 - (_Bool) 0 < 0 && -1 - (bool) 0 < 0 ? 1 : -1];
| #	if defined __xlc__ || defined __GNUC__
| 	 /* Catch a bug in IBM AIX xlc compiler version 6.0.0.0
| 	    reported by James Lemley on 2005-10-05; see
| 	    http://lists.gnu.org/archive/html/bug-coreutils/2005-10/msg00086.html
| 	    This test is not quite right, since xlc is allowed to
| 	    reject this program, as the initializer for xlcbug is
| 	    not one of the forms that C requires support for.
| 	    However, doing the test right would require a runtime
| 	    test, and that would make cross-compilation harder.
| 	    Let us hope that IBM fixes the xlc bug, and also adds
| 	    support for this kind of constant expression.  In the
| 	    meantime, this test will reject xlc, which is OK, since
| 	    our stdbool.h substitute should suffice.  We also test
| 	    this with GCC, where it should work, to detect more
| 	    quickly whether someone messes up the test in the
| 	    future.  */
| 	 char digs[] = "0123456789";
| 	 int xlcbug = 1 / (&(digs + 5)[-2 + (bool) 1] == &digs[4] ? 1 : -1);
| #	endif
| 	/* Catch a bug in an HP-UX C compiler.  See
| 	   http://gcc.gnu.org/ml/gcc-patches/2003-12/msg02303.html
| 	   http://lists.gnu.org/archive/html/bug-coreutils/2005-11/msg00161.html
| 	 */
| 	_Bool q = true;
| 	_Bool *pq = &q;
| 
| int
| main ()
| {
| 
| 	*pq |= q;
| 	*pq |= ! q;
| 	/* Refer to every declared value, to avoid compiler optimizations.  */
| 	return (!a + !b + !c + !d + !e + !f + !g + !h + !i + !!j + !k + !!l
| 		+ !m + !n + !o + !p + !q + !pq);
| 
|   ;
|   return 0;
| }
configure:6069: result: no
configure:6071: checking for _Bool
configure:6071: c++ -c -O2 -D_FORTIFY_SOURCE=2   conftest.cpp >&5
conftest.cpp: In function 'int main()':
conftest.cpp:63:13: error: '_Bool' was not declared in this scope
   63 | if (sizeof (_Bool))
      |             ^~~~~
configure:6071: $? = 1
configure: failed program was:
| /* confdefs.h */
| #define PACKAGE_NAME "qd"
| #define PACKAGE_TARNAME "qd"
| #define PACKAGE_VERSION "2.3.20"
| #define PACKAGE_STRING "qd 2.3.20"
| #define PACKAGE_BUGREPORT "yozo@cs.berkeley.edu"
| #define PACKAGE_URL ""
| #define MAJOR_VERSION 2
| #define MINOR_VERSION 3
| #define PATCH_VERSION 12
| #define PACKAGE "qd"
| #define VERSION "2.3.20"
| #define QD_INLINE 1
| #define QD_SLOPPY_MUL 1
| #define QD_SLOPPY_DIV 1
| #define STDC_HEADERS 1
| #define HAVE_SYS_TYPES_H 1
| #define HAVE_SYS_STAT_H 1
| #define HAVE_STDLIB_H 1
| #define HAVE_STRING_H 1
| #define HAVE_MEMORY_H 1
| #define HAVE_STRINGS_H 1
| #define HAVE_INTTYPES_H 1
| #define HAVE_STDINT_H 1
| #define HAVE_UNISTD_H 1
| /* end confdefs.h.  */
| #include <stdio.h>
| #ifdef HAVE_SYS_TYPES_H
| # include <sys/types.h>
| #endif
| #ifdef HAVE_SYS_STAT_H
| # include <sys/stat.h>
| #endif
| #ifdef STDC_HEADERS
| # include <stdlib.h>
| # include <stddef.h>
| #else
| # ifdef HAVE_STDLIB_H
| #  include <stdlib.h>
| # endif
| #endif
| #ifdef HAVE_STRING_H
| # if !defined STDC_HEADERS && defined HAVE_MEMORY_H
| #  include <memory.h>
| # endif
| # include <string.h>
| #endif
| #ifdef HAVE_STRINGS_H
| # include <strings.h>
| #endif
| #ifdef HAVE_INTTYPES_H
| # include <inttypes.h>
| #endif
| #ifdef HAVE_STDINT_H
| # include <stdint.h>
| #endif
| #ifdef HAVE_UNISTD_H
| # include <unistd.h>
| #endif
| int
| main ()
| {
| if (sizeof (_Bool))
| 	 return 0;
|   ;
|   return 0;
| }
configure:6071: result: no
configure:6087: checking whether time.h and sys/time.h may both be included
configure:6107: c++ -c -O2 -D_FORTIFY_SOURCE=2   conftest.cpp >&5
configure:6107: $? = 0
configure:6114: result: yes
configure:6122: checking whether struct tm is in sys/time.h or time.h
configure:6142: c++ -c -O2 -D_FORTIFY_SOURCE=2   conftest.cpp >&5
configure:6142: $? = 0
configure:6149: result: time.h
configure:6159: checking whether x86 FPU control code is needed
configure:6170: result: yes
configure:6175: checking fpu_control.h usability
configure:6175: c++ -c -O2 -D_FORTIFY_SOURCE=2   conftest.cpp >&5
configure:6175: $? = 0
configure:6175: result: yes
configure:6175: checking fpu_control.h presence
configure:6175: c++ -E  conftest.cpp
configure:6175: $? = 0
configure:6175: result: yes
configure:6175: checking for fpu_control.h
configure:6175: result: yes
configure:6190: checking for gettimeofday
configure:6190: c++ -o conftest -O2 -D_FORTIFY_SOURCE=2   -Wl,-z,relro -Wl,-z,now -Wl,-R/usr/pkg/lib conftest.cpp  >&5
configure:6190: $? = 0
configure:6190: result: yes
configure:6200: checking for clock_gettime useability
configure:6218: c++ -c -O2 -D_FORTIFY_SOURCE=2   conftest.cpp >&5
configure:6218: $? = 0
configure:6230: result: yes
configure:6234: checking for library containing clock_gettime
configure:6265: c++ -o conftest -O2 -D_FORTIFY_SOURCE=2   -Wl,-z,relro -Wl,-z,now -Wl,-R/usr/pkg/lib conftest.cpp  >&5
configure:6265: $? = 0
configure:6282: result: none required
configure:6294: checking for isnan
configure:6311: c++ -c -O2 -D_FORTIFY_SOURCE=2   conftest.cpp >&5
configure:6311: $? = 0
configure:6312: result: std::isnan
configure:6350: checking for isinf
configure:6367: c++ -c -O2 -D_FORTIFY_SOURCE=2   conftest.cpp >&5
configure:6367: $? = 0
configure:6368: result: std::isinf
configure:6406: checking for isfinite
configure:6423: c++ -c -O2 -D_FORTIFY_SOURCE=2   conftest.cpp >&5
configure:6423: $? = 0
configure:6424: result: std::isfinite
configure:6462: checking for copysign
configure:6479: c++ -c -O2 -D_FORTIFY_SOURCE=2   conftest.cpp >&5
configure:6479: $? = 0
configure:6480: result: std::copysign
configure:6555: checking for x86_64-unknown-linux-xlf95
configure:6582: result: gfortran
configure:6652: checking for Fortran compiler version
configure:6661: gfortran --version >&5
GNU Fortran (SUSE Linux) 10.2.1 20200825 [revision c0746a1beb1ba073c7981eb09f55b3d993b32e5c]
Copyright (C) 2020 Free Software Foundation, Inc.
This is free software; see the source for copying conditions.  There is NO
warranty; not even for MERCHANTABILITY or FITNESS FOR A PARTICULAR PURPOSE.

configure:6672: $? = 0
configure:6661: gfortran -v >&5
Using built-in specs.
COLLECT_GCC=/usr/pkgsrc/category/libqd/work/.gcc/bin/gfortran
COLLECT_LTO_WRAPPER=/usr/lib64/gcc/x86_64-suse-linux/10/lto-wrapper
OFFLOAD_TARGET_NAMES=nvptx-none:amdgcn-amdhsa
OFFLOAD_TARGET_DEFAULT=1
Target: x86_64-suse-linux
Configured with: ../configure --prefix=/usr --infodir=/usr/share/info --mandir=/usr/share/man --libdir=/usr/lib64 --libexecdir=/usr/lib64 --enable-languages=c,c++,objc,fortran,obj-c++,ada,go,d --enable-offload-targets=nvptx-none=/usr/nvptx-none,amdgcn-amdhsa=/usr/amdgcn-amdhsa, --without-cuda-driver --enable-checking=release --disable-werror --with-gxx-include-dir=/usr/include/c++/10 --enable-ssp --disable-libssp --disable-libvtv --enable-cet=auto --disable-libcc1 --enable-plugin --with-bugurl=https://bugs.opensuse.org/ --with-pkgversion='SUSE Linux' --with-slibdir=/lib64 --with-system-zlib --enable-libstdcxx-allocator=new --disable-libstdcxx-pch --enable-libphobos --enable-version-specific-runtime-libs --with-gcc-major-version-only --enable-linker-build-id --enable-linux-futex --enable-gnu-indirect-function --program-suffix=-10 --without-system-libunwind --enable-multilib --with-arch-32=x86-64 --with-tune=generic --with-build-config=bootstrap-lto-lean --enable-link-mutex --build=x86_64-suse-linux --host=x86_64-suse-linux
Thread model: posix
Supported LTO compression algorithms: zlib zstd
gcc version 10.2.1 20200825 [revision c0746a1beb1ba073c7981eb09f55b3d993b32e5c] (SUSE Linux) 
... rest of stderr output deleted ...
configure:6672: $? = 0
configure:6661: gfortran -V >&5
gfortran: error: unrecognized command-line option '-V'
gfortran: fatal error: no input files
compilation terminated.
configure:6672: $? = 1
configure:6661: gfortran -qversion >&5
gfortran: error: unrecognized command-line option '-qversion'; did you mean '--version'?
gfortran: fatal error: no input files
compilation terminated.
configure:6672: $? = 1
configure:6681: checking whether we are using the GNU Fortran compiler
configure:6694: gfortran -c -O2  conftest.F >&5
configure:6694: $? = 0
configure:6703: result: yes
configure:6709: checking whether gfortran accepts -g
configure:6720: gfortran -c -g  conftest.f >&5
configure:6720: $? = 0
configure:6728: result: yes
configure:6764: checking how to get verbose linking output from gfortran
configure:6774: gfortran -c -O2  conftest.f >&5
configure:6774: $? = 0
configure:6792: gfortran -o conftest -O2 -v -Wl,-z,relro -Wl,-z,now -Wl,-R/usr/pkg/lib conftest.f
Using built-in specs.
Target: x86_64-suse-linux
Configured with: ../configure --prefix=/usr --infodir=/usr/share/info --mandir=/usr/share/man --libdir=/usr/lib64 --libexecdir=/usr/lib64 --enable-languages=c,c++,objc,fortran,obj-c++,ada,go,d --enable-offload-targets=nvptx-none=/usr/nvptx-none,amdgcn-amdhsa=/usr/amdgcn-amdhsa, --without-cuda-driver --enable-checking=release --disable-werror --with-gxx-include-dir=/usr/include/c++/10 --enable-ssp --disable-libssp --disable-libvtv --enable-cet=auto --disable-libcc1 --enable-plugin --with-bugurl=https://bugs.opensuse.org/ --with-pkgversion='SUSE Linux' --with-slibdir=/lib64 --with-system-zlib --enable-libstdcxx-allocator=new --disable-libstdcxx-pch --enable-libphobos --enable-version-specific-runtime-libs --with-gcc-major-version-only --enable-linker-build-id --enable-linux-futex --enable-gnu-indirect-function --program-suffix=-10 --without-system-libunwind --enable-multilib --with-arch-32=x86-64 --with-tune=generic --with-build-config=bootstrap-lto-lean --enable-link-mutex --build=x86_64-suse-linux --host=x86_64-suse-linux
Thread model: posix
Supported LTO compression algorithms: zlib zstd
gcc version 10.2.1 20200825 [revision c0746a1beb1ba073c7981eb09f55b3d993b32e5c] (SUSE Linux) 
 /usr/lib64/gcc/x86_64-suse-linux/10/f951 conftest.f -ffixed-form -quiet -dumpbase conftest.f -m64 -mtune=generic -march=x86-64 -auxbase conftest -O2 -version -fstack-protector -fintrinsic-modules-path /usr/lib64/gcc/x86_64-suse-linux/10/finclude -fpre-include=/usr/include/finclude/math-vector-fortran.h -o /tmp/ccYVhb63.s
GNU Fortran (SUSE Linux) version 10.2.1 20200825 [revision c0746a1beb1ba073c7981eb09f55b3d993b32e5c] (x86_64-suse-linux)
	compiled by GNU C version 10.2.1 20200825 [revision c0746a1beb1ba073c7981eb09f55b3d993b32e5c], GMP version 6.2.0, MPFR version 4.1.0, MPC version 1.2.0, isl version isl-0.22.1-GMP

GGC heuristics: --param ggc-min-expand=100 --param ggc-min-heapsize=131072
GNU Fortran2008 (SUSE Linux) version 10.2.1 20200825 [revision c0746a1beb1ba073c7981eb09f55b3d993b32e5c] (x86_64-suse-linux)
	compiled by GNU C version 10.2.1 20200825 [revision c0746a1beb1ba073c7981eb09f55b3d993b32e5c], GMP version 6.2.0, MPFR version 4.1.0, MPC version 1.2.0, isl version isl-0.22.1-GMP

GGC heuristics: --param ggc-min-expand=100 --param ggc-min-heapsize=131072
 /usr/lib64/gcc/x86_64-suse-linux/10/../../../../x86_64-suse-linux/bin/as -v --64 -o /tmp/ccboHlx1.o /tmp/ccYVhb63.s
GNU assembler version 2.34.0 (x86_64-suse-linux) using BFD version (GNU Binutils; openSUSE Tumbleweed) 2.34.0.20200325-1
Reading specs from /usr/lib64/gcc/x86_64-suse-linux/10/libgfortran.spec
rename spec lib to liborig
 /usr/lib64/gcc/x86_64-suse-linux/10/collect2 -plugin /usr/lib64/gcc/x86_64-suse-linux/10/liblto_plugin.so -plugin-opt=/usr/lib64/gcc/x86_64-suse-linux/10/lto-wrapper -plugin-opt=-fresolution=/tmp/ccviq7n5.res -plugin-opt=-pass-through=-lgcc_s -plugin-opt=-pass-through=-lgcc -plugin-opt=-pass-through=-lquadmath -plugin-opt=-pass-through=-lm -plugin-opt=-pass-through=-lgcc_s -plugin-opt=-pass-through=-lgcc -plugin-opt=-pass-through=-lc -plugin-opt=-pass-through=-lgcc_s -plugin-opt=-pass-through=-lgcc --build-id --eh-frame-hdr -m elf_x86_64 -dynamic-linker /lib64/ld-linux-x86-64.so.2 -o conftest /usr/lib64/gcc/x86_64-suse-linux/10/../../../../lib64/crt1.o /usr/lib64/gcc/x86_64-suse-linux/10/../../../../lib64/crti.o /usr/lib64/gcc/x86_64-suse-linux/10/crtbegin.o -L/usr/lib64/gcc/x86_64-suse-linux/10 -L/usr/lib64/gcc/x86_64-suse-linux/10/../../../../lib64 -L/lib/../lib64 -L/usr/lib/../lib64 -L/usr/lib64/gcc/x86_64-suse-linux/10/../../../../x86_64-suse-linux/lib -L/usr/lib64/gcc/x86_64-suse-linux/10/../../.. -z relro -z now -rpath /usr/pkg/lib /tmp/ccboHlx1.o -lgfortran -lm -lgcc_s -lgcc -lquadmath -lm -lgcc_s -lgcc -lc -lgcc_s -lgcc /usr/lib64/gcc/x86_64-suse-linux/10/crtend.o /usr/lib64/gcc/x86_64-suse-linux/10/../../../../lib64/crtn.o
configure:6857: result: -v
configure:6859: checking for Fortran libraries of gfortran
configure:6882: gfortran -o conftest -O2 -v -Wl,-z,relro -Wl,-z,now -Wl,-R/usr/pkg/lib conftest.f
Using built-in specs.
Target: x86_64-suse-linux
Configured with: ../configure --prefix=/usr --infodir=/usr/share/info --mandir=/usr/share/man --libdir=/usr/lib64 --libexecdir=/usr/lib64 --enable-languages=c,c++,objc,fortran,obj-c++,ada,go,d --enable-offload-targets=nvptx-none=/usr/nvptx-none,amdgcn-amdhsa=/usr/amdgcn-amdhsa, --without-cuda-driver --enable-checking=release --disable-werror --with-gxx-include-dir=/usr/include/c++/10 --enable-ssp --disable-libssp --disable-libvtv --enable-cet=auto --disable-libcc1 --enable-plugin --with-bugurl=https://bugs.opensuse.org/ --with-pkgversion='SUSE Linux' --with-slibdir=/lib64 --with-system-zlib --enable-libstdcxx-allocator=new --disable-libstdcxx-pch --enable-libphobos --enable-version-specific-runtime-libs --with-gcc-major-version-only --enable-linker-build-id --enable-linux-futex --enable-gnu-indirect-function --program-suffix=-10 --without-system-libunwind --enable-multilib --with-arch-32=x86-64 --with-tune=generic --with-build-config=bootstrap-lto-lean --enable-link-mutex --build=x86_64-suse-linux --host=x86_64-suse-linux
Thread model: posix
Supported LTO compression algorithms: zlib zstd
gcc version 10.2.1 20200825 [revision c0746a1beb1ba073c7981eb09f55b3d993b32e5c] (SUSE Linux) 
 /usr/lib64/gcc/x86_64-suse-linux/10/f951 conftest.f -ffixed-form -quiet -dumpbase conftest.f -m64 -mtune=generic -march=x86-64 -auxbase conftest -O2 -version -fstack-protector -fintrinsic-modules-path /usr/lib64/gcc/x86_64-suse-linux/10/finclude -fpre-include=/usr/include/finclude/math-vector-fortran.h -o /tmp/ccK3Km6h.s
GNU Fortran (SUSE Linux) version 10.2.1 20200825 [revision c0746a1beb1ba073c7981eb09f55b3d993b32e5c] (x86_64-suse-linux)
	compiled by GNU C version 10.2.1 20200825 [revision c0746a1beb1ba073c7981eb09f55b3d993b32e5c], GMP version 6.2.0, MPFR version 4.1.0, MPC version 1.2.0, isl version isl-0.22.1-GMP

GGC heuristics: --param ggc-min-expand=100 --param ggc-min-heapsize=131072
GNU Fortran2008 (SUSE Linux) version 10.2.1 20200825 [revision c0746a1beb1ba073c7981eb09f55b3d993b32e5c] (x86_64-suse-linux)
	compiled by GNU C version 10.2.1 20200825 [revision c0746a1beb1ba073c7981eb09f55b3d993b32e5c], GMP version 6.2.0, MPFR version 4.1.0, MPC version 1.2.0, isl version isl-0.22.1-GMP

GGC heuristics: --param ggc-min-expand=100 --param ggc-min-heapsize=131072
 /usr/lib64/gcc/x86_64-suse-linux/10/../../../../x86_64-suse-linux/bin/as -v --64 -o /tmp/ccvnSlXf.o /tmp/ccK3Km6h.s
GNU assembler version 2.34.0 (x86_64-suse-linux) using BFD version (GNU Binutils; openSUSE Tumbleweed) 2.34.0.20200325-1
Reading specs from /usr/lib64/gcc/x86_64-suse-linux/10/libgfortran.spec
rename spec lib to liborig
 /usr/lib64/gcc/x86_64-suse-linux/10/collect2 -plugin /usr/lib64/gcc/x86_64-suse-linux/10/liblto_plugin.so -plugin-opt=/usr/lib64/gcc/x86_64-suse-linux/10/lto-wrapper -plugin-opt=-fresolution=/tmp/ccjIpIch.res -plugin-opt=-pass-through=-lgcc_s -plugin-opt=-pass-through=-lgcc -plugin-opt=-pass-through=-lquadmath -plugin-opt=-pass-through=-lm -plugin-opt=-pass-through=-lgcc_s -plugin-opt=-pass-through=-lgcc -plugin-opt=-pass-through=-lc -plugin-opt=-pass-through=-lgcc_s -plugin-opt=-pass-through=-lgcc --build-id --eh-frame-hdr -m elf_x86_64 -dynamic-linker /lib64/ld-linux-x86-64.so.2 -o conftest /usr/lib64/gcc/x86_64-suse-linux/10/../../../../lib64/crt1.o /usr/lib64/gcc/x86_64-suse-linux/10/../../../../lib64/crti.o /usr/lib64/gcc/x86_64-suse-linux/10/crtbegin.o -L/usr/lib64/gcc/x86_64-suse-linux/10 -L/usr/lib64/gcc/x86_64-suse-linux/10/../../../../lib64 -L/lib/../lib64 -L/usr/lib/../lib64 -L/usr/lib64/gcc/x86_64-suse-linux/10/../../../../x86_64-suse-linux/lib -L/usr/lib64/gcc/x86_64-suse-linux/10/../../.. -z relro -z now -rpath /usr/pkg/lib /tmp/ccvnSlXf.o -lgfortran -lm -lgcc_s -lgcc -lquadmath -lm -lgcc_s -lgcc -lc -lgcc_s -lgcc /usr/lib64/gcc/x86_64-suse-linux/10/crtend.o /usr/lib64/gcc/x86_64-suse-linux/10/../../../../lib64/crtn.o
configure:7056: result:  -L/usr/lib64/gcc/x86_64-suse-linux/10 -L/usr/lib64/gcc/x86_64-suse-linux/10/../../../../lib64 -L/lib/../lib64 -L/usr/lib/../lib64 -L/usr/lib64/gcc/x86_64-suse-linux/10/../../../../x86_64-suse-linux/lib -L/usr/lib64/gcc/x86_64-suse-linux/10/../../.. -lgfortran -lm -lquadmath
configure:7070: checking for Fortran flag needed to allow free-form source
configure:7089: gfortran -c -O2  conftest.f >&5
conftest.f:2:4:

    2 |   program freeform
      |    1
Error: Non-numeric character in statement label at (1)
conftest.f:4:27:

    4 |        print *, 'Hello ', &
      |                           1
Error: Expected expression in PRINT statement at (1)
conftest.f:5:12:

    5 |           'world.'
      |            1
Error: Invalid character in name at (1)
configure:7089: $? = 1
configure: failed program was:
| 
|   program freeform
|        ! FIXME: how to best confuse non-freeform compilers?
|        print *, 'Hello ', &
|           'world.'
|        end
configure:7089: gfortran -c -O2 -ffree-form  conftest.f >&5
configure:7089: $? = 0
configure:7098: result: -ffree-form
configure:7135: checking for etime
configure:7152: gfortran -o conftest -O2 -ffree-form -Wl,-z,relro -Wl,-z,now -Wl,-R/usr/pkg/lib  conftest.f  >&5
configure:7152: $? = 0
configure:7167: result: etime
configure:7179: checking whether extra library is needed to link Fortran and C++
configure:7208: c++ -o conftest -O2 -D_FORTIFY_SOURCE=2   -Wl,-z,relro -Wl,-z,now -Wl,-R/usr/pkg/lib conftest.cpp   -L/usr/lib64/gcc/x86_64-suse-linux/10 -L/usr/lib64/gcc/x86_64-suse-linux/10/../../../../lib64 -L/lib/../lib64 -L/usr/lib/../lib64 -L/usr/lib64/gcc/x86_64-suse-linux/10/../../../../x86_64-suse-linux/lib -L/usr/lib64/gcc/x86_64-suse-linux/10/../../.. -lgfortran -lm -lquadmath  >&5
configure:7208: $? = 0
configure:7224: result: none
configure:7243: checking for dummy main to link with Fortran libraries
configure:7277: cc -o conftest -O2 -D_FORTIFY_SOURCE=2  -Wl,-z,relro -Wl,-z,now -Wl,-R/usr/pkg/lib conftest.c   -L/usr/lib64/gcc/x86_64-suse-linux/10 -L/usr/lib64/gcc/x86_64-suse-linux/10/../../../../lib64 -L/lib/../lib64 -L/usr/lib/../lib64 -L/usr/lib64/gcc/x86_64-suse-linux/10/../../../../x86_64-suse-linux/lib -L/usr/lib64/gcc/x86_64-suse-linux/10/../../.. -lgfortran -lm -lquadmath  >&5
configure:7277: $? = 0
configure:7322: result: none
configure:7354: checking for Fortran name-mangling scheme
configure:7367: gfortran -c -O2 -ffree-form  conftest.f >&5
configure:7367: $? = 0
configure:7408: cc -o conftest -O2 -D_FORTIFY_SOURCE=2  -Wl,-z,relro -Wl,-z,now -Wl,-R/usr/pkg/lib conftest.c cfortran_test.o   -L/usr/lib64/gcc/x86_64-suse-linux/10 -L/usr/lib64/gcc/x86_64-suse-linux/10/../../../../lib64 -L/lib/../lib64 -L/usr/lib/../lib64 -L/usr/lib64/gcc/x86_64-suse-linux/10/../../../../x86_64-suse-linux/lib -L/usr/lib64/gcc/x86_64-suse-linux/10/../../.. -lgfortran -lm -lquadmath  >&5
/usr/lib64/gcc/x86_64-suse-linux/10/../../../../x86_64-suse-linux/bin/ld: /tmp/ccEHd75E.o: in function `main':
conftest.c:(.text.startup+0x7): undefined reference to `foobar'
collect2: error: ld returned 1 exit status
configure:7408: $? = 1
configure: failed program was:
| /* confdefs.h */
| #define PACKAGE_NAME "qd"
| #define PACKAGE_TARNAME "qd"
| #define PACKAGE_VERSION "2.3.20"
| #define PACKAGE_STRING "qd 2.3.20"
| #define PACKAGE_BUGREPORT "yozo@cs.berkeley.edu"
| #define PACKAGE_URL ""
| #define MAJOR_VERSION 2
| #define MINOR_VERSION 3
| #define PATCH_VERSION 12
| #define PACKAGE "qd"
| #define VERSION "2.3.20"
| #define QD_INLINE 1
| #define QD_SLOPPY_MUL 1
| #define QD_SLOPPY_DIV 1
| #define STDC_HEADERS 1
| #define HAVE_SYS_TYPES_H 1
| #define HAVE_SYS_STAT_H 1
| #define HAVE_STDLIB_H 1
| #define HAVE_STRING_H 1
| #define HAVE_MEMORY_H 1
| #define HAVE_STRINGS_H 1
| #define HAVE_INTTYPES_H 1
| #define HAVE_STDINT_H 1
| #define HAVE_UNISTD_H 1
| #define TIME_WITH_SYS_TIME 1
| #define X86 1
| #define HAVE_FPU_CONTROL_H 1
| #define HAVE_GETTIMEOFDAY 1
| #define HAVE_CLOCK_GETTIME 1
| #define QD_ISNAN(x) std::isnan(x)
| #define QD_ISINF(x) std::isinf(x)
| #define QD_ISFINITE(x) std::isfinite(x)
| #define QD_COPYSIGN(x, y) std::copysign(x, y)
| #define QD_API /**/
| #define QD_HAVE_STD 1
| #define HAVE_FORTRAN 1
| /* end confdefs.h.  */
| 
| /* Override any GCC internal prototype to avoid an error.
|    Use char because int might match the return type of a GCC
|    builtin and then its argument prototype would still apply.  */
| #ifdef __cplusplus
| extern "C"
| #endif
| char foobar ();
| #ifdef FC_DUMMY_MAIN
| #ifndef FC_DUMMY_MAIN_EQ_F77
| #  ifdef __cplusplus
|      extern "C"
| #  endif
|    int FC_DUMMY_MAIN() { return 1; }
| #endif
| #endif
| int
| main ()
| {
| return foobar ();
|   ;
|   return 0;
| }
configure:7408: cc -o conftest -O2 -D_FORTIFY_SOURCE=2  -Wl,-z,relro -Wl,-z,now -Wl,-R/usr/pkg/lib conftest.c cfortran_test.o   -L/usr/lib64/gcc/x86_64-suse-linux/10 -L/usr/lib64/gcc/x86_64-suse-linux/10/../../../../lib64 -L/lib/../lib64 -L/usr/lib/../lib64 -L/usr/lib64/gcc/x86_64-suse-linux/10/../../../../x86_64-suse-linux/lib -L/usr/lib64/gcc/x86_64-suse-linux/10/../../.. -lgfortran -lm -lquadmath  >&5
configure:7408: $? = 0
configure:7466: cc -o conftest -O2 -D_FORTIFY_SOURCE=2  -Wl,-z,relro -Wl,-z,now -Wl,-R/usr/pkg/lib conftest.c cfortran_test.o   -L/usr/lib64/gcc/x86_64-suse-linux/10 -L/usr/lib64/gcc/x86_64-suse-linux/10/../../../../lib64 -L/lib/../lib64 -L/usr/lib/../lib64 -L/usr/lib64/gcc/x86_64-suse-linux/10/../../../../x86_64-suse-linux/lib -L/usr/lib64/gcc/x86_64-suse-linux/10/../../.. -lgfortran -lm -lquadmath  >&5
configure:7466: $? = 0
configure:7508: result: lower case, underscore, no extra underscore
configure:7576: checking for alternate main to link with Fortran libraries
configure:7616: cc -o conftest -O2 -D_FORTIFY_SOURCE=2  -Wl,-z,relro -Wl,-z,now -Wl,-R/usr/pkg/lib conftest.c   -L/usr/lib64/gcc/x86_64-suse-linux/10 -L/usr/lib64/gcc/x86_64-suse-linux/10/../../../../lib64 -L/lib/../lib64 -L/usr/lib/../lib64 -L/usr/lib64/gcc/x86_64-suse-linux/10/../../../../x86_64-suse-linux/lib -L/usr/lib64/gcc/x86_64-suse-linux/10/../../.. -lgfortran -lm -lquadmath  >&5
/usr/lib64/gcc/x86_64-suse-linux/10/../../../../x86_64-suse-linux/bin/ld: /usr/lib64/gcc/x86_64-suse-linux/10/../../../../lib64/crt1.o: in function `_start':
/home/abuild/rpmbuild/BUILD/glibc-2.31/csu/../sysdeps/x86_64/start.S:104: undefined reference to `main'
collect2: error: ld returned 1 exit status
configure:7616: $? = 1
configure: failed program was:
| /* confdefs.h */
| #define PACKAGE_NAME "qd"
| #define PACKAGE_TARNAME "qd"
| #define PACKAGE_VERSION "2.3.20"
| #define PACKAGE_STRING "qd 2.3.20"
| #define PACKAGE_BUGREPORT "yozo@cs.berkeley.edu"
| #define PACKAGE_URL ""
| #define MAJOR_VERSION 2
| #define MINOR_VERSION 3
| #define PATCH_VERSION 12
| #define PACKAGE "qd"
| #define VERSION "2.3.20"
| #define QD_INLINE 1
| #define QD_SLOPPY_MUL 1
| #define QD_SLOPPY_DIV 1
| #define STDC_HEADERS 1
| #define HAVE_SYS_TYPES_H 1
| #define HAVE_SYS_STAT_H 1
| #define HAVE_STDLIB_H 1
| #define HAVE_STRING_H 1
| #define HAVE_MEMORY_H 1
| #define HAVE_STRINGS_H 1
| #define HAVE_INTTYPES_H 1
| #define HAVE_STDINT_H 1
| #define HAVE_UNISTD_H 1
| #define TIME_WITH_SYS_TIME 1
| #define X86 1
| #define HAVE_FPU_CONTROL_H 1
| #define HAVE_GETTIMEOFDAY 1
| #define HAVE_CLOCK_GETTIME 1
| #define QD_ISNAN(x) std::isnan(x)
| #define QD_ISINF(x) std::isinf(x)
| #define QD_ISFINITE(x) std::isfinite(x)
| #define QD_COPYSIGN(x, y) std::copysign(x, y)
| #define QD_API /**/
| #define QD_HAVE_STD 1
| #define HAVE_FORTRAN 1
| #define FC_FUNC(name,NAME) name ## _
| #define FC_FUNC_(name,NAME) name ## _
| /* end confdefs.h.  */
| #ifdef FC_DUMMY_MAIN_EQ_F77
| #  undef F77_DUMMY_MAIN
| #  undef FC_DUMMY_MAIN
| #else
| #  undef FC_DUMMY_MAIN
| #endif
| #define main MAIN__
| #ifdef FC_DUMMY_MAIN
| #ifndef FC_DUMMY_MAIN_EQ_F77
| #  ifdef __cplusplus
|      extern "C"
| #  endif
|    int FC_DUMMY_MAIN() { return 1; }
| #endif
| #endif
| int
| main ()
| {
| 
|   ;
|   return 0;
| }
configure:7616: cc -o conftest -O2 -D_FORTIFY_SOURCE=2  -Wl,-z,relro -Wl,-z,now -Wl,-R/usr/pkg/lib conftest.c   -L/usr/lib64/gcc/x86_64-suse-linux/10 -L/usr/lib64/gcc/x86_64-suse-linux/10/../../../../lib64 -L/lib/../lib64 -L/usr/lib/../lib64 -L/usr/lib64/gcc/x86_64-suse-linux/10/../../../../x86_64-suse-linux/lib -L/usr/lib64/gcc/x86_64-suse-linux/10/../../.. -lgfortran -lm -lquadmath  >&5
/usr/lib64/gcc/x86_64-suse-linux/10/../../../../x86_64-suse-linux/bin/ld: /usr/lib64/gcc/x86_64-suse-linux/10/../../../../lib64/crt1.o: in function `_start':
/home/abuild/rpmbuild/BUILD/glibc-2.31/csu/../sysdeps/x86_64/start.S:104: undefined reference to `main'
collect2: error: ld returned 1 exit status
configure:7616: $? = 1
configure: failed program was:
| /* confdefs.h */
| #define PACKAGE_NAME "qd"
| #define PACKAGE_TARNAME "qd"
| #define PACKAGE_VERSION "2.3.20"
| #define PACKAGE_STRING "qd 2.3.20"
| #define PACKAGE_BUGREPORT "yozo@cs.berkeley.edu"
| #define PACKAGE_URL ""
| #define MAJOR_VERSION 2
| #define MINOR_VERSION 3
| #define PATCH_VERSION 12
| #define PACKAGE "qd"
| #define VERSION "2.3.20"
| #define QD_INLINE 1
| #define QD_SLOPPY_MUL 1
| #define QD_SLOPPY_DIV 1
| #define STDC_HEADERS 1
| #define HAVE_SYS_TYPES_H 1
| #define HAVE_SYS_STAT_H 1
| #define HAVE_STDLIB_H 1
| #define HAVE_STRING_H 1
| #define HAVE_MEMORY_H 1
| #define HAVE_STRINGS_H 1
| #define HAVE_INTTYPES_H 1
| #define HAVE_STDINT_H 1
| #define HAVE_UNISTD_H 1
| #define TIME_WITH_SYS_TIME 1
| #define X86 1
| #define HAVE_FPU_CONTROL_H 1
| #define HAVE_GETTIMEOFDAY 1
| #define HAVE_CLOCK_GETTIME 1
| #define QD_ISNAN(x) std::isnan(x)
| #define QD_ISINF(x) std::isinf(x)
| #define QD_ISFINITE(x) std::isfinite(x)
| #define QD_COPYSIGN(x, y) std::copysign(x, y)
| #define QD_API /**/
| #define QD_HAVE_STD 1
| #define HAVE_FORTRAN 1
| #define FC_FUNC(name,NAME) name ## _
| #define FC_FUNC_(name,NAME) name ## _
| /* end confdefs.h.  */
| #ifdef FC_DUMMY_MAIN_EQ_F77
| #  undef F77_DUMMY_MAIN
| #  undef FC_DUMMY_MAIN
| #else
| #  undef FC_DUMMY_MAIN
| #endif
| #define main MAIN_
| #ifdef FC_DUMMY_MAIN
| #ifndef FC_DUMMY_MAIN_EQ_F77
| #  ifdef __cplusplus
|      extern "C"
| #  endif
|    int FC_DUMMY_MAIN() { return 1; }
| #endif
| #endif
| int
| main ()
| {
| 
|   ;
|   return 0;
| }
configure:7616: cc -o conftest -O2 -D_FORTIFY_SOURCE=2  -Wl,-z,relro -Wl,-z,now -Wl,-R/usr/pkg/lib conftest.c   -L/usr/lib64/gcc/x86_64-suse-linux/10 -L/usr/lib64/gcc/x86_64-suse-linux/10/../../../../lib64 -L/lib/../lib64 -L/usr/lib/../lib64 -L/usr/lib64/gcc/x86_64-suse-linux/10/../../../../x86_64-suse-linux/lib -L/usr/lib64/gcc/x86_64-suse-linux/10/../../.. -lgfortran -lm -lquadmath  >&5
/usr/lib64/gcc/x86_64-suse-linux/10/../../../../x86_64-suse-linux/bin/ld: /usr/lib64/gcc/x86_64-suse-linux/10/../../../../lib64/crt1.o: in function `_start':
/home/abuild/rpmbuild/BUILD/glibc-2.31/csu/../sysdeps/x86_64/start.S:104: undefined reference to `main'
collect2: error: ld returned 1 exit status
configure:7616: $? = 1
configure: failed program was:
| /* confdefs.h */
| #define PACKAGE_NAME "qd"
| #define PACKAGE_TARNAME "qd"
| #define PACKAGE_VERSION "2.3.20"
| #define PACKAGE_STRING "qd 2.3.20"
| #define PACKAGE_BUGREPORT "yozo@cs.berkeley.edu"
| #define PACKAGE_URL ""
| #define MAJOR_VERSION 2
| #define MINOR_VERSION 3
| #define PATCH_VERSION 12
| #define PACKAGE "qd"
| #define VERSION "2.3.20"
| #define QD_INLINE 1
| #define QD_SLOPPY_MUL 1
| #define QD_SLOPPY_DIV 1
| #define STDC_HEADERS 1
| #define HAVE_SYS_TYPES_H 1
| #define HAVE_SYS_STAT_H 1
| #define HAVE_STDLIB_H 1
| #define HAVE_STRING_H 1
| #define HAVE_MEMORY_H 1
| #define HAVE_STRINGS_H 1
| #define HAVE_INTTYPES_H 1
| #define HAVE_STDINT_H 1
| #define HAVE_UNISTD_H 1
| #define TIME_WITH_SYS_TIME 1
| #define X86 1
| #define HAVE_FPU_CONTROL_H 1
| #define HAVE_GETTIMEOFDAY 1
| #define HAVE_CLOCK_GETTIME 1
| #define QD_ISNAN(x) std::isnan(x)
| #define QD_ISINF(x) std::isinf(x)
| #define QD_ISFINITE(x) std::isfinite(x)
| #define QD_COPYSIGN(x, y) std::copysign(x, y)
| #define QD_API /**/
| #define QD_HAVE_STD 1
| #define HAVE_FORTRAN 1
| #define FC_FUNC(name,NAME) name ## _
| #define FC_FUNC_(name,NAME) name ## _
| /* end confdefs.h.  */
| #ifdef FC_DUMMY_MAIN_EQ_F77
| #  undef F77_DUMMY_MAIN
| #  undef FC_DUMMY_MAIN
| #else
| #  undef FC_DUMMY_MAIN
| #endif
| #define main __main
| #ifdef FC_DUMMY_MAIN
| #ifndef FC_DUMMY_MAIN_EQ_F77
| #  ifdef __cplusplus
|      extern "C"
| #  endif
|    int FC_DUMMY_MAIN() { return 1; }
| #endif
| #endif
| int
| main ()
| {
| 
|   ;
|   return 0;
| }
configure:7616: cc -o conftest -O2 -D_FORTIFY_SOURCE=2  -Wl,-z,relro -Wl,-z,now -Wl,-R/usr/pkg/lib conftest.c   -L/usr/lib64/gcc/x86_64-suse-linux/10 -L/usr/lib64/gcc/x86_64-suse-linux/10/../../../../lib64 -L/lib/../lib64 -L/usr/lib/../lib64 -L/usr/lib64/gcc/x86_64-suse-linux/10/../../../../x86_64-suse-linux/lib -L/usr/lib64/gcc/x86_64-suse-linux/10/../../.. -lgfortran -lm -lquadmath  >&5
/usr/lib64/gcc/x86_64-suse-linux/10/../../../../x86_64-suse-linux/bin/ld: /usr/lib64/gcc/x86_64-suse-linux/10/../../../../lib64/crt1.o: in function `_start':
/home/abuild/rpmbuild/BUILD/glibc-2.31/csu/../sysdeps/x86_64/start.S:104: undefined reference to `main'
collect2: error: ld returned 1 exit status
configure:7616: $? = 1
configure: failed program was:
| /* confdefs.h */
| #define PACKAGE_NAME "qd"
| #define PACKAGE_TARNAME "qd"
| #define PACKAGE_VERSION "2.3.20"
| #define PACKAGE_STRING "qd 2.3.20"
| #define PACKAGE_BUGREPORT "yozo@cs.berkeley.edu"
| #define PACKAGE_URL ""
| #define MAJOR_VERSION 2
| #define MINOR_VERSION 3
| #define PATCH_VERSION 12
| #define PACKAGE "qd"
| #define VERSION "2.3.20"
| #define QD_INLINE 1
| #define QD_SLOPPY_MUL 1
| #define QD_SLOPPY_DIV 1
| #define STDC_HEADERS 1
| #define HAVE_SYS_TYPES_H 1
| #define HAVE_SYS_STAT_H 1
| #define HAVE_STDLIB_H 1
| #define HAVE_STRING_H 1
| #define HAVE_MEMORY_H 1
| #define HAVE_STRINGS_H 1
| #define HAVE_INTTYPES_H 1
| #define HAVE_STDINT_H 1
| #define HAVE_UNISTD_H 1
| #define TIME_WITH_SYS_TIME 1
| #define X86 1
| #define HAVE_FPU_CONTROL_H 1
| #define HAVE_GETTIMEOFDAY 1
| #define HAVE_CLOCK_GETTIME 1
| #define QD_ISNAN(x) std::isnan(x)
| #define QD_ISINF(x) std::isinf(x)
| #define QD_ISFINITE(x) std::isfinite(x)
| #define QD_COPYSIGN(x, y) std::copysign(x, y)
| #define QD_API /**/
| #define QD_HAVE_STD 1
| #define HAVE_FORTRAN 1
| #define FC_FUNC(name,NAME) name ## _
| #define FC_FUNC_(name,NAME) name ## _
| /* end confdefs.h.  */
| #ifdef FC_DUMMY_MAIN_EQ_F77
| #  undef F77_DUMMY_MAIN
| #  undef FC_DUMMY_MAIN
| #else
| #  undef FC_DUMMY_MAIN
| #endif
| #define main MAIN
| #ifdef FC_DUMMY_MAIN
| #ifndef FC_DUMMY_MAIN_EQ_F77
| #  ifdef __cplusplus
|      extern "C"
| #  endif
|    int FC_DUMMY_MAIN() { return 1; }
| #endif
| #endif
| int
| main ()
| {
| 
|   ;
|   return 0;
| }
configure:7616: cc -o conftest -O2 -D_FORTIFY_SOURCE=2  -Wl,-z,relro -Wl,-z,now -Wl,-R/usr/pkg/lib conftest.c   -L/usr/lib64/gcc/x86_64-suse-linux/10 -L/usr/lib64/gcc/x86_64-suse-linux/10/../../../../lib64 -L/lib/../lib64 -L/usr/lib/../lib64 -L/usr/lib64/gcc/x86_64-suse-linux/10/../../../../x86_64-suse-linux/lib -L/usr/lib64/gcc/x86_64-suse-linux/10/../../.. -lgfortran -lm -lquadmath  >&5
/usr/lib64/gcc/x86_64-suse-linux/10/../../../../x86_64-suse-linux/bin/ld: /usr/lib64/gcc/x86_64-suse-linux/10/../../../../lib64/crt1.o: in function `_start':
/home/abuild/rpmbuild/BUILD/glibc-2.31/csu/../sysdeps/x86_64/start.S:104: undefined reference to `main'
collect2: error: ld returned 1 exit status
configure:7616: $? = 1
configure: failed program was:
| /* confdefs.h */
| #define PACKAGE_NAME "qd"
| #define PACKAGE_TARNAME "qd"
| #define PACKAGE_VERSION "2.3.20"
| #define PACKAGE_STRING "qd 2.3.20"
| #define PACKAGE_BUGREPORT "yozo@cs.berkeley.edu"
| #define PACKAGE_URL ""
| #define MAJOR_VERSION 2
| #define MINOR_VERSION 3
| #define PATCH_VERSION 12
| #define PACKAGE "qd"
| #define VERSION "2.3.20"
| #define QD_INLINE 1
| #define QD_SLOPPY_MUL 1
| #define QD_SLOPPY_DIV 1
| #define STDC_HEADERS 1
| #define HAVE_SYS_TYPES_H 1
| #define HAVE_SYS_STAT_H 1
| #define HAVE_STDLIB_H 1
| #define HAVE_STRING_H 1
| #define HAVE_MEMORY_H 1
| #define HAVE_STRINGS_H 1
| #define HAVE_INTTYPES_H 1
| #define HAVE_STDINT_H 1
| #define HAVE_UNISTD_H 1
| #define TIME_WITH_SYS_TIME 1
| #define X86 1
| #define HAVE_FPU_CONTROL_H 1
| #define HAVE_GETTIMEOFDAY 1
| #define HAVE_CLOCK_GETTIME 1
| #define QD_ISNAN(x) std::isnan(x)
| #define QD_ISINF(x) std::isinf(x)
| #define QD_ISFINITE(x) std::isfinite(x)
| #define QD_COPYSIGN(x, y) std::copysign(x, y)
| #define QD_API /**/
| #define QD_HAVE_STD 1
| #define HAVE_FORTRAN 1
| #define FC_FUNC(name,NAME) name ## _
| #define FC_FUNC_(name,NAME) name ## _
| /* end confdefs.h.  */
| #ifdef FC_DUMMY_MAIN_EQ_F77
| #  undef F77_DUMMY_MAIN
| #  undef FC_DUMMY_MAIN
| #else
| #  undef FC_DUMMY_MAIN
| #endif
| #define main _MAIN
| #ifdef FC_DUMMY_MAIN
| #ifndef FC_DUMMY_MAIN_EQ_F77
| #  ifdef __cplusplus
|      extern "C"
| #  endif
|    int FC_DUMMY_MAIN() { return 1; }
| #endif
| #endif
| int
| main ()
| {
| 
|   ;
|   return 0;
| }
configure:7616: cc -o conftest -O2 -D_FORTIFY_SOURCE=2  -Wl,-z,relro -Wl,-z,now -Wl,-R/usr/pkg/lib conftest.c   -L/usr/lib64/gcc/x86_64-suse-linux/10 -L/usr/lib64/gcc/x86_64-suse-linux/10/../../../../lib64 -L/lib/../lib64 -L/usr/lib/../lib64 -L/usr/lib64/gcc/x86_64-suse-linux/10/../../../../x86_64-suse-linux/lib -L/usr/lib64/gcc/x86_64-suse-linux/10/../../.. -lgfortran -lm -lquadmath  >&5
