[*] /usr/pkgsrc/category/py-symengine/work/.tools/bin/true
<.> true 
[*] /usr/pkgsrc/category/py-symengine/work/.tools/bin/true
<.> true 
[*] /usr/pkgsrc/category/py-symengine/work/.tools/bin/true
<.> true 
[*] /usr/pkgsrc/category/py-symengine/work/.tools/bin/true
<.> true 
[*] /usr/pkgsrc/category/py-symengine/work/.tools/bin/true
<.> true 
[*] /usr/pkgsrc/category/py-symengine/work/.tools/bin/true
<.> true 
[*] /usr/pkgsrc/category/py-symengine/work/.tools/bin/true
<.> true 
[*] /usr/pkgsrc/category/py-symengine/work/.tools/bin/true
<.> true 
[*] /usr/pkgsrc/category/py-symengine/work/.tools/bin/true
<.> true 
[*] /usr/pkgsrc/category/py-symengine/work/.tools/bin/true
<.> true 
[*] /usr/pkgsrc/category/py-symengine/work/.tools/bin/true
<.> true 
[*] /usr/pkgsrc/category/py-symengine/work/.tools/bin/true
<.> true 
[*] /usr/pkgsrc/category/py-symengine/work/.tools/bin/true
<.> true 
[*] /usr/pkgsrc/category/py-symengine/work/.tools/bin/true
<.> true 
[*] /usr/pkgsrc/category/py-symengine/work/.tools/bin/true
<.> true 
[*] /usr/pkgsrc/category/py-symengine/work/.tools/bin/true
<.> true 
[*] /usr/pkgsrc/category/py-symengine/work/.tools/bin/true
<.> true 
[*] /usr/pkgsrc/category/py-symengine/work/.tools/bin/true
<.> true 
[*] /usr/pkgsrc/category/py-symengine/work/.tools/bin/true
<.> true 
[*] /usr/pkgsrc/category/py-symengine/work/.tools/bin/true
<.> true 
[*] /usr/pkgsrc/category/py-symengine/work/.tools/bin/true
<.> true 
[*] cc -O2 -D_FORTIFY_SOURCE=2 -I/usr/pkg/include -I/usr/include -I/usr/pkg/include/python3.7 CMakeCCompilerId.c
<.> /usr/pkgsrc/category/py-symengine/work/.gcc/bin/gcc -fcommon -m64 -O2 -D_FORTIFY_SOURCE=2 -I/usr/pkgsrc/category/py-symengine/work/.buildlink/include -I/usr/pkgsrc/category/py-symengine/work/.buildlink/include/python3.7 CMakeCCompilerId.c -D_FORTIFY_SOURCE=2 -fstack-protector
[*] c++ -O2 -D_FORTIFY_SOURCE=2 -I/usr/pkg/include -I/usr/include -I/usr/pkg/include/python3.7 CMakeCXXCompilerId.cpp
<.> /usr/pkgsrc/category/py-symengine/work/.compiler/bin/c++-fail-wrapper -m64 -O2 -D_FORTIFY_SOURCE=2 -I/usr/pkgsrc/category/py-symengine/work/.buildlink/include -I/usr/pkgsrc/category/py-symengine/work/.buildlink/include/python3.7 CMakeCXXCompilerId.cpp -fstack-protector
*** Please consider adding c++ to USE_LANGUAGES in the package Makefile.
[*] c++ -O2 -D_FORTIFY_SOURCE=2 -I/usr/pkg/include -I/usr/include -I/usr/pkg/include/python3.7 -c CMakeCXXCompilerId.cpp
<.> /usr/pkgsrc/category/py-symengine/work/.compiler/bin/c++-fail-wrapper -m64 -O2 -D_FORTIFY_SOURCE=2 -I/usr/pkgsrc/category/py-symengine/work/.buildlink/include -I/usr/pkgsrc/category/py-symengine/work/.buildlink/include/python3.7 -c CMakeCXXCompilerId.cpp -fstack-protector
*** Please consider adding c++ to USE_LANGUAGES in the package Makefile.
[*] c++ -O2 -D_FORTIFY_SOURCE=2 -I/usr/pkg/include -I/usr/include -I/usr/pkg/include/python3.7 --c++ CMakeCXXCompilerId.cpp
<.> /usr/pkgsrc/category/py-symengine/work/.compiler/bin/c++-fail-wrapper -m64 -O2 -D_FORTIFY_SOURCE=2 -I/usr/pkgsrc/category/py-symengine/work/.buildlink/include -I/usr/pkgsrc/category/py-symengine/work/.buildlink/include/python3.7 --c++ CMakeCXXCompilerId.cpp -fstack-protector
*** Please consider adding c++ to USE_LANGUAGES in the package Makefile.
[*] c++ -O2 -D_FORTIFY_SOURCE=2 -I/usr/pkg/include -I/usr/include -I/usr/pkg/include/python3.7 --ec++ CMakeCXXCompilerId.cpp
<.> /usr/pkgsrc/category/py-symengine/work/.compiler/bin/c++-fail-wrapper -m64 -O2 -D_FORTIFY_SOURCE=2 -I/usr/pkgsrc/category/py-symengine/work/.buildlink/include -I/usr/pkgsrc/category/py-symengine/work/.buildlink/include/python3.7 --ec++ CMakeCXXCompilerId.cpp -fstack-protector
*** Please consider adding c++ to USE_LANGUAGES in the package Makefile.
[*] c++ -O2 -D_FORTIFY_SOURCE=2 -I/usr/pkg/include -I/usr/include -I/usr/pkg/include/python3.7 --target=arm-arm-none-eabi -mcpu=cortex-m3 CMakeCXXCompilerId.cpp
<.> /usr/pkgsrc/category/py-symengine/work/.compiler/bin/c++-fail-wrapper -m64 -O2 -D_FORTIFY_SOURCE=2 -I/usr/pkgsrc/category/py-symengine/work/.buildlink/include -I/usr/pkgsrc/category/py-symengine/work/.buildlink/include/python3.7 --target=arm-arm-none-eabi -mcpu=cortex-m3 CMakeCXXCompilerId.cpp -fstack-protector
*** Please consider adding c++ to USE_LANGUAGES in the package Makefile.
[*] c++ CMakeCXXCompilerId.cpp
<.> /usr/pkgsrc/category/py-symengine/work/.compiler/bin/c++-fail-wrapper -m64 CMakeCXXCompilerId.cpp -fstack-protector -I/usr/pkgsrc/category/py-symengine/work/.buildlink/include
*** Please consider adding c++ to USE_LANGUAGES in the package Makefile.
[*] c++ -c CMakeCXXCompilerId.cpp
<.> /usr/pkgsrc/category/py-symengine/work/.compiler/bin/c++-fail-wrapper -m64 -c CMakeCXXCompilerId.cpp -fstack-protector -I/usr/pkgsrc/category/py-symengine/work/.buildlink/include
*** Please consider adding c++ to USE_LANGUAGES in the package Makefile.
[*] c++ --c++ CMakeCXXCompilerId.cpp
<.> /usr/pkgsrc/category/py-symengine/work/.compiler/bin/c++-fail-wrapper -m64 --c++ CMakeCXXCompilerId.cpp -fstack-protector -I/usr/pkgsrc/category/py-symengine/work/.buildlink/include
*** Please consider adding c++ to USE_LANGUAGES in the package Makefile.
[*] c++ --ec++ CMakeCXXCompilerId.cpp
<.> /usr/pkgsrc/category/py-symengine/work/.compiler/bin/c++-fail-wrapper -m64 --ec++ CMakeCXXCompilerId.cpp -fstack-protector -I/usr/pkgsrc/category/py-symengine/work/.buildlink/include
*** Please consider adding c++ to USE_LANGUAGES in the package Makefile.
[*] c++ --target=arm-arm-none-eabi -mcpu=cortex-m3 CMakeCXXCompilerId.cpp
<.> /usr/pkgsrc/category/py-symengine/work/.compiler/bin/c++-fail-wrapper -m64 --target=arm-arm-none-eabi -mcpu=cortex-m3 CMakeCXXCompilerId.cpp -fstack-protector -I/usr/pkgsrc/category/py-symengine/work/.buildlink/include
*** Please consider adding c++ to USE_LANGUAGES in the package Makefile.
[*] c++ -O2 -D_FORTIFY_SOURCE=2 -I/usr/pkg/include -I/usr/include -I/usr/pkg/include/python3.7
<.> /usr/pkgsrc/category/py-symengine/work/.compiler/bin/c++-fail-wrapper -m64 -O2 -D_FORTIFY_SOURCE=2 -I/usr/pkgsrc/category/py-symengine/work/.buildlink/include -I/usr/pkgsrc/category/py-symengine/work/.buildlink/include/python3.7 -fstack-protector
*** Please consider adding c++ to USE_LANGUAGES in the package Makefile.
[*] c++
<.> /usr/pkgsrc/category/py-symengine/work/.compiler/bin/c++-fail-wrapper -m64 -fstack-protector -I/usr/pkgsrc/category/py-symengine/work/.buildlink/include
*** Please consider adding c++ to USE_LANGUAGES in the package Makefile.
[*] cc -O2 -D_FORTIFY_SOURCE=2 -I/usr/pkg/include -I/usr/include -I/usr/pkg/include/python3.7 -o CMakeFiles/cmTC_15b46.dir/testCCompiler.c.o -c /usr/pkgsrc/category/py-symengine/work/symengine-0.6.1/CMakeFiles/CMakeTmp/testCCompiler.c
<.> /usr/pkgsrc/category/py-symengine/work/.gcc/bin/gcc -fcommon -m64 -O2 -D_FORTIFY_SOURCE=2 -I/usr/pkgsrc/category/py-symengine/work/.buildlink/include -I/usr/pkgsrc/category/py-symengine/work/.buildlink/include/python3.7 -o CMakeFiles/cmTC_15b46.dir/testCCompiler.c.o -c /usr/pkgsrc/category/py-symengine/work/symengine-0.6.1/CMakeFiles/CMakeTmp/testCCompiler.c -D_FORTIFY_SOURCE=2 -fstack-protector
[*] cc -O2 -D_FORTIFY_SOURCE=2 -I/usr/pkg/include -I/usr/include -I/usr/pkg/include/python3.7 -Wl,-z,relro -Wl,-z,now -L/usr/pkg/lib -Wl,-R/usr/pkg/lib -L/usr/lib64 -Wl,-R/usr/lib64 -rdynamic CMakeFiles/cmTC_15b46.dir/testCCompiler.c.o -o cmTC_15b46
<.> /usr/pkgsrc/category/py-symengine/work/.gcc/bin/gcc -fcommon -m64 -O2 -D_FORTIFY_SOURCE=2 -I/usr/pkgsrc/category/py-symengine/work/.buildlink/include -I/usr/pkgsrc/category/py-symengine/work/.buildlink/include/python3.7 -Wl,-z -Wl,relro -Wl,-z -Wl,now -L/usr/pkgsrc/category/py-symengine/work/.buildlink/lib -Wl,-rpath,/usr/pkg/lib -rdynamic CMakeFiles/cmTC_15b46.dir/testCCompiler.c.o -o cmTC_15b46 -D_FORTIFY_SOURCE=2 -fstack-protector
[*] cc -O2 -D_FORTIFY_SOURCE=2 -I/usr/pkg/include -I/usr/include -I/usr/pkg/include/python3.7 -v -o CMakeFiles/cmTC_f4c0d.dir/CMakeCCompilerABI.c.o -c /usr/pkg/share/cmake-3.17/Modules/CMakeCCompilerABI.c
<.> /usr/pkgsrc/category/py-symengine/work/.gcc/bin/gcc -fcommon -m64 -O2 -D_FORTIFY_SOURCE=2 -I/usr/pkgsrc/category/py-symengine/work/.buildlink/include -I/usr/pkgsrc/category/py-symengine/work/.buildlink/include/python3.7 -v -o CMakeFiles/cmTC_f4c0d.dir/CMakeCCompilerABI.c.o -c /usr/pkg/share/cmake-3.17/Modules/CMakeCCompilerABI.c -D_FORTIFY_SOURCE=2 -fstack-protector
[*] cc -O2 -D_FORTIFY_SOURCE=2 -I/usr/pkg/include -I/usr/include -I/usr/pkg/include/python3.7 -Wl,-z,relro -Wl,-z,now -L/usr/pkg/lib -Wl,-R/usr/pkg/lib -L/usr/lib64 -Wl,-R/usr/lib64 -v -rdynamic CMakeFiles/cmTC_f4c0d.dir/CMakeCCompilerABI.c.o -o cmTC_f4c0d
<.> /usr/pkgsrc/category/py-symengine/work/.gcc/bin/gcc -fcommon -m64 -O2 -D_FORTIFY_SOURCE=2 -I/usr/pkgsrc/category/py-symengine/work/.buildlink/include -I/usr/pkgsrc/category/py-symengine/work/.buildlink/include/python3.7 -Wl,-z -Wl,relro -Wl,-z -Wl,now -L/usr/pkgsrc/category/py-symengine/work/.buildlink/lib -Wl,-rpath,/usr/pkg/lib -v -rdynamic CMakeFiles/cmTC_f4c0d.dir/CMakeCCompilerABI.c.o -o cmTC_f4c0d -D_FORTIFY_SOURCE=2 -fstack-protector
[*] c++ -O2 -D_FORTIFY_SOURCE=2 -I/usr/pkg/include -I/usr/include -I/usr/pkg/include/python3.7 -o CMakeFiles/cmTC_54123.dir/testCXXCompiler.cxx.o -c /usr/pkgsrc/category/py-symengine/work/symengine-0.6.1/CMakeFiles/CMakeTmp/testCXXCompiler.cxx
<.> /usr/pkgsrc/category/py-symengine/work/.compiler/bin/c++-fail-wrapper -m64 -O2 -D_FORTIFY_SOURCE=2 -I/usr/pkgsrc/category/py-symengine/work/.buildlink/include -I/usr/pkgsrc/category/py-symengine/work/.buildlink/include/python3.7 -o CMakeFiles/cmTC_54123.dir/testCXXCompiler.cxx.o -c /usr/pkgsrc/category/py-symengine/work/symengine-0.6.1/CMakeFiles/CMakeTmp/testCXXCompiler.cxx -fstack-protector
*** Please consider adding c++ to USE_LANGUAGES in the package Makefile.
