[*] /usr/pkgsrc/category/libqd/work/.tools/bin/true
<.> true 
[*] /usr/pkgsrc/category/libqd/work/.tools/bin/true
<.> true 
[*] /usr/pkgsrc/category/libqd/work/.tools/bin/true
<.> true 
[*] /usr/pkgsrc/category/libqd/work/.tools/bin/true
<.> true 
[*] /usr/pkgsrc/category/libqd/work/.tools/bin/true
<.> true 
[*] /usr/pkgsrc/category/libqd/work/.tools/bin/true
<.> true 
[*] /usr/pkgsrc/category/libqd/work/.tools/bin/true
<.> true 
[*] /usr/pkgsrc/category/libqd/work/.tools/bin/true
<.> true 
[*] /usr/pkgsrc/category/libqd/work/.tools/bin/true
<.> true 
[*] /usr/pkgsrc/category/libqd/work/.tools/bin/true
<.> true 
[*] /usr/pkgsrc/category/libqd/work/.tools/bin/true
<.> true 
[*] /usr/pkgsrc/category/libqd/work/.tools/bin/true
<.> true 
[*] /usr/pkgsrc/category/libqd/work/.tools/bin/true
<.> true 
[*] /usr/pkgsrc/category/libqd/work/.tools/bin/true
<.> true 
[*] /usr/pkgsrc/category/libqd/work/.tools/bin/true
<.> true 
[*] /usr/pkgsrc/category/libqd/work/.tools/bin/true
<.> true 
[*] /usr/pkgsrc/category/libqd/work/.tools/bin/true
<.> true 
[*] /usr/pkgsrc/category/libqd/work/.tools/bin/true
<.> true 
[*] /usr/pkgsrc/category/libqd/work/.tools/bin/true
<.> true 
[*] /usr/pkgsrc/category/libqd/work/.tools/bin/true
<.> true 
[*] /usr/pkgsrc/category/libqd/work/.tools/bin/true
<.> true 
[*] /usr/pkgsrc/category/libqd/work/.tools/bin/mkdir conf9605.dir
<.> /bin/mkdir -p conf9605.dir
[*] /usr/pkgsrc/category/libqd/work/.tools/bin/mkdir -p .
<.> /bin/mkdir -p -p .
[*] /usr/pkgsrc/category/libqd/work/.tools/bin/mkdir --version
<.> /bin/mkdir -p --version
[*] /usr/pkgsrc/category/libqd/work/.tools/bin/mkdir .tst
<.> /bin/mkdir -p .tst
[*] c++ --version
<.> /usr/pkgsrc/category/libqd/work/.gcc/bin/g++ -m64 --version -fstack-protector -I/usr/pkgsrc/category/libqd/work/.buildlink/include
[*] c++ -v
<.> /usr/pkgsrc/category/libqd/work/.gcc/bin/g++ -m64 -v -fstack-protector -I/usr/pkgsrc/category/libqd/work/.buildlink/include
[*] c++ -V
<.> /usr/pkgsrc/category/libqd/work/.gcc/bin/g++ -m64 -V -fstack-protector -I/usr/pkgsrc/category/libqd/work/.buildlink/include
[*] c++ -qversion
<.> /usr/pkgsrc/category/libqd/work/.gcc/bin/g++ -m64 -qversion -fstack-protector -I/usr/pkgsrc/category/libqd/work/.buildlink/include
[*] c++ -O2 -D_FORTIFY_SOURCE=2 -Wl,-z,relro -Wl,-z,now -Wl,-R/usr/pkg/lib conftest.cpp
<.> /usr/pkgsrc/category/libqd/work/.gcc/bin/g++ -m64 -O2 -D_FORTIFY_SOURCE=2 -Wl,-z -Wl,relro -Wl,-z -Wl,now -Wl,-rpath,/usr/pkg/lib conftest.cpp -fstack-protector -I/usr/pkgsrc/category/libqd/work/.buildlink/include
[*] c++ -o conftest -O2 -D_FORTIFY_SOURCE=2 -Wl,-z,relro -Wl,-z,now -Wl,-R/usr/pkg/lib conftest.cpp
<.> /usr/pkgsrc/category/libqd/work/.gcc/bin/g++ -m64 -o conftest -O2 -D_FORTIFY_SOURCE=2 -Wl,-z -Wl,relro -Wl,-z -Wl,now -Wl,-rpath,/usr/pkg/lib conftest.cpp -fstack-protector -I/usr/pkgsrc/category/libqd/work/.buildlink/include
[*] c++ -o conftest -O2 -D_FORTIFY_SOURCE=2 -Wl,-z,relro -Wl,-z,now -Wl,-R/usr/pkg/lib conftest.cpp
<.> /usr/pkgsrc/category/libqd/work/.gcc/bin/g++ -m64 -o conftest -O2 -D_FORTIFY_SOURCE=2 -Wl,-z -Wl,relro -Wl,-z -Wl,now -Wl,-rpath,/usr/pkg/lib conftest.cpp -fstack-protector -I/usr/pkgsrc/category/libqd/work/.buildlink/include
[*] c++ -c -O2 -D_FORTIFY_SOURCE=2 conftest.cpp
<.> /usr/pkgsrc/category/libqd/work/.gcc/bin/g++ -m64 -c -O2 -D_FORTIFY_SOURCE=2 conftest.cpp -fstack-protector -I/usr/pkgsrc/category/libqd/work/.buildlink/include
[*] c++ -c -O2 -D_FORTIFY_SOURCE=2 conftest.cpp
<.> /usr/pkgsrc/category/libqd/work/.gcc/bin/g++ -m64 -c -O2 -D_FORTIFY_SOURCE=2 conftest.cpp -fstack-protector -I/usr/pkgsrc/category/libqd/work/.buildlink/include
[*] c++ -c -g conftest.cpp
<.> /usr/pkgsrc/category/libqd/work/.gcc/bin/g++ -m64 -c -g conftest.cpp -fstack-protector -I/usr/pkgsrc/category/libqd/work/.buildlink/include
[*] /usr/pkgsrc/category/libqd/work/.tools/bin/echo this is the am__doit target
<.> echo  this is the am__doit target
[*] /usr/pkgsrc/category/libqd/work/.tools/bin/mkdir conftest.dir
<.> /bin/mkdir -p conftest.dir
[*] /usr/pkgsrc/category/libqd/work/.tools/bin/mkdir sub
<.> /bin/mkdir -p sub
[*] c++ -MT sub/conftest.o -MD -MP -MF sub/conftest.TPo -c -o sub/conftest.o sub/conftest.c
<.> /usr/pkgsrc/category/libqd/work/.gcc/bin/g++ -m64 -MT sub/conftest.o -MD -MP -MF sub/conftest.TPo -c -o sub/conftest.o sub/conftest.c -fstack-protector -I/usr/pkgsrc/category/libqd/work/.buildlink/include
[*] cc --version
<.> /usr/pkgsrc/category/libqd/work/.gcc/bin/gcc -fcommon -m64 --version -D_FORTIFY_SOURCE=2 -fstack-protector -I/usr/pkgsrc/category/libqd/work/.buildlink/include
[*] cc -v
<.> /usr/pkgsrc/category/libqd/work/.gcc/bin/gcc -fcommon -m64 -v -D_FORTIFY_SOURCE=2 -fstack-protector -I/usr/pkgsrc/category/libqd/work/.buildlink/include
[*] cc -V
<.> /usr/pkgsrc/category/libqd/work/.gcc/bin/gcc -fcommon -m64 -V -D_FORTIFY_SOURCE=2 -fstack-protector -I/usr/pkgsrc/category/libqd/work/.buildlink/include
[*] cc -qversion
<.> /usr/pkgsrc/category/libqd/work/.gcc/bin/gcc -fcommon -m64 -qversion -D_FORTIFY_SOURCE=2 -fstack-protector -I/usr/pkgsrc/category/libqd/work/.buildlink/include
[*] cc -c -O2 -D_FORTIFY_SOURCE=2 conftest.c
<.> /usr/pkgsrc/category/libqd/work/.gcc/bin/gcc -fcommon -m64 -c -O2 -D_FORTIFY_SOURCE=2 conftest.c -D_FORTIFY_SOURCE=2 -fstack-protector -I/usr/pkgsrc/category/libqd/work/.buildlink/include
[*] cc -c -g conftest.c
<.> /usr/pkgsrc/category/libqd/work/.gcc/bin/gcc -fcommon -m64 -c -g conftest.c -D_FORTIFY_SOURCE=2 -fstack-protector -I/usr/pkgsrc/category/libqd/work/.buildlink/include
[*] cc -c -O2 -D_FORTIFY_SOURCE=2 conftest.c
<.> /usr/pkgsrc/category/libqd/work/.gcc/bin/gcc -fcommon -m64 -c -O2 -D_FORTIFY_SOURCE=2 conftest.c -D_FORTIFY_SOURCE=2 -fstack-protector -I/usr/pkgsrc/category/libqd/work/.buildlink/include
[*] /usr/pkgsrc/category/libqd/work/.tools/bin/mkdir conftest.dir
<.> /bin/mkdir -p conftest.dir
[*] /usr/pkgsrc/category/libqd/work/.tools/bin/mkdir sub
<.> /bin/mkdir -p sub
[*] cc -MT sub/conftest.o -MD -MP -MF sub/conftest.TPo -c -o sub/conftest.o sub/conftest.c
<.> /usr/pkgsrc/category/libqd/work/.gcc/bin/gcc -fcommon -m64 -MT sub/conftest.o -MD -MP -MF sub/conftest.TPo -c -o sub/conftest.o sub/conftest.c -D_FORTIFY_SOURCE=2 -fstack-protector -I/usr/pkgsrc/category/libqd/work/.buildlink/include
[*] c++ -E conftest.cpp
<.> /usr/pkgsrc/category/libqd/work/.gcc/bin/g++ -m64 -E conftest.cpp -fstack-protector -I/usr/pkgsrc/category/libqd/work/.buildlink/include
[*] c++ -E conftest.cpp
<.> /usr/pkgsrc/category/libqd/work/.gcc/bin/g++ -m64 -E conftest.cpp -fstack-protector -I/usr/pkgsrc/category/libqd/work/.buildlink/include
[*] c++ -E conftest.cpp
<.> /usr/pkgsrc/category/libqd/work/.gcc/bin/g++ -m64 -E conftest.cpp -fstack-protector -I/usr/pkgsrc/category/libqd/work/.buildlink/include
[*] c++ -E conftest.cpp
<.> /usr/pkgsrc/category/libqd/work/.gcc/bin/g++ -m64 -E conftest.cpp -fstack-protector -I/usr/pkgsrc/category/libqd/work/.buildlink/include
[*] c++ -c -O2 -D_FORTIFY_SOURCE=2 conftest.cpp
<.> /usr/pkgsrc/category/libqd/work/.gcc/bin/g++ -m64 -c -O2 -D_FORTIFY_SOURCE=2 conftest.cpp -fstack-protector -I/usr/pkgsrc/category/libqd/work/.buildlink/include
[*] c++ -E conftest.cpp
<.> /usr/pkgsrc/category/libqd/work/.gcc/bin/g++ -m64 -E conftest.cpp -fstack-protector -I/usr/pkgsrc/category/libqd/work/.buildlink/include
[*] c++ -E conftest.cpp
<.> /usr/pkgsrc/category/libqd/work/.gcc/bin/g++ -m64 -E conftest.cpp -fstack-protector -I/usr/pkgsrc/category/libqd/work/.buildlink/include
[*] c++ -o conftest -O2 -D_FORTIFY_SOURCE=2 -Wl,-z,relro -Wl,-z,now -Wl,-R/usr/pkg/lib conftest.cpp
<.> /usr/pkgsrc/category/libqd/work/.gcc/bin/g++ -m64 -o conftest -O2 -D_FORTIFY_SOURCE=2 -Wl,-z -Wl,relro -Wl,-z -Wl,now -Wl,-rpath,/usr/pkg/lib conftest.cpp -fstack-protector -I/usr/pkgsrc/category/libqd/work/.buildlink/include
[*] c++ -c -O2 -D_FORTIFY_SOURCE=2 conftest.cpp
<.> /usr/pkgsrc/category/libqd/work/.gcc/bin/g++ -m64 -c -O2 -D_FORTIFY_SOURCE=2 conftest.cpp -fstack-protector -I/usr/pkgsrc/category/libqd/work/.buildlink/include
[*] c++ -c -O2 -D_FORTIFY_SOURCE=2 conftest.cpp
<.> /usr/pkgsrc/category/libqd/work/.gcc/bin/g++ -m64 -c -O2 -D_FORTIFY_SOURCE=2 conftest.cpp -fstack-protector -I/usr/pkgsrc/category/libqd/work/.buildlink/include
[*] c++ -c -O2 -D_FORTIFY_SOURCE=2 conftest.cpp
<.> /usr/pkgsrc/category/libqd/work/.gcc/bin/g++ -m64 -c -O2 -D_FORTIFY_SOURCE=2 conftest.cpp -fstack-protector -I/usr/pkgsrc/category/libqd/work/.buildlink/include
[*] c++ -c -O2 -D_FORTIFY_SOURCE=2 conftest.cpp
<.> /usr/pkgsrc/category/libqd/work/.gcc/bin/g++ -m64 -c -O2 -D_FORTIFY_SOURCE=2 conftest.cpp -fstack-protector -I/usr/pkgsrc/category/libqd/work/.buildlink/include
[*] c++ -c -O2 -D_FORTIFY_SOURCE=2 conftest.cpp
<.> /usr/pkgsrc/category/libqd/work/.gcc/bin/g++ -m64 -c -O2 -D_FORTIFY_SOURCE=2 conftest.cpp -fstack-protector -I/usr/pkgsrc/category/libqd/work/.buildlink/include
[*] c++ -c -O2 -D_FORTIFY_SOURCE=2 conftest.cpp
<.> /usr/pkgsrc/category/libqd/work/.gcc/bin/g++ -m64 -c -O2 -D_FORTIFY_SOURCE=2 conftest.cpp -fstack-protector -I/usr/pkgsrc/category/libqd/work/.buildlink/include
[*] c++ -c -O2 -D_FORTIFY_SOURCE=2 conftest.cpp
<.> /usr/pkgsrc/category/libqd/work/.gcc/bin/g++ -m64 -c -O2 -D_FORTIFY_SOURCE=2 conftest.cpp -fstack-protector -I/usr/pkgsrc/category/libqd/work/.buildlink/include
[*] c++ -c -O2 -D_FORTIFY_SOURCE=2 conftest.cpp
<.> /usr/pkgsrc/category/libqd/work/.gcc/bin/g++ -m64 -c -O2 -D_FORTIFY_SOURCE=2 conftest.cpp -fstack-protector -I/usr/pkgsrc/category/libqd/work/.buildlink/include
[*] c++ -c -O2 -D_FORTIFY_SOURCE=2 conftest.cpp
<.> /usr/pkgsrc/category/libqd/work/.gcc/bin/g++ -m64 -c -O2 -D_FORTIFY_SOURCE=2 conftest.cpp -fstack-protector -I/usr/pkgsrc/category/libqd/work/.buildlink/include
[*] c++ -c -O2 -D_FORTIFY_SOURCE=2 conftest.cpp
<.> /usr/pkgsrc/category/libqd/work/.gcc/bin/g++ -m64 -c -O2 -D_FORTIFY_SOURCE=2 conftest.cpp -fstack-protector -I/usr/pkgsrc/category/libqd/work/.buildlink/include
[*] c++ -E conftest.cpp
<.> /usr/pkgsrc/category/libqd/work/.gcc/bin/g++ -m64 -E conftest.cpp -fstack-protector -I/usr/pkgsrc/category/libqd/work/.buildlink/include
[*] c++ -c -O2 -D_FORTIFY_SOURCE=2 conftest.cpp
<.> /usr/pkgsrc/category/libqd/work/.gcc/bin/g++ -m64 -c -O2 -D_FORTIFY_SOURCE=2 conftest.cpp -fstack-protector -I/usr/pkgsrc/category/libqd/work/.buildlink/include
[*] c++ -c -O2 -D_FORTIFY_SOURCE=2 conftest.cpp
<.> /usr/pkgsrc/category/libqd/work/.gcc/bin/g++ -m64 -c -O2 -D_FORTIFY_SOURCE=2 conftest.cpp -fstack-protector -I/usr/pkgsrc/category/libqd/work/.buildlink/include
[*] c++ -c -O2 -D_FORTIFY_SOURCE=2 conftest.cpp
<.> /usr/pkgsrc/category/libqd/work/.gcc/bin/g++ -m64 -c -O2 -D_FORTIFY_SOURCE=2 conftest.cpp -fstack-protector -I/usr/pkgsrc/category/libqd/work/.buildlink/include
[*] c++ -c -O2 -D_FORTIFY_SOURCE=2 conftest.cpp
<.> /usr/pkgsrc/category/libqd/work/.gcc/bin/g++ -m64 -c -O2 -D_FORTIFY_SOURCE=2 conftest.cpp -fstack-protector -I/usr/pkgsrc/category/libqd/work/.buildlink/include
[*] c++ -c -O2 -D_FORTIFY_SOURCE=2 conftest.cpp
<.> /usr/pkgsrc/category/libqd/work/.gcc/bin/g++ -m64 -c -O2 -D_FORTIFY_SOURCE=2 conftest.cpp -fstack-protector -I/usr/pkgsrc/category/libqd/work/.buildlink/include
[*] c++ -E conftest.cpp
<.> /usr/pkgsrc/category/libqd/work/.gcc/bin/g++ -m64 -E conftest.cpp -fstack-protector -I/usr/pkgsrc/category/libqd/work/.buildlink/include
[*] c++ -o conftest -O2 -D_FORTIFY_SOURCE=2 -Wl,-z,relro -Wl,-z,now -Wl,-R/usr/pkg/lib conftest.cpp
<.> /usr/pkgsrc/category/libqd/work/.gcc/bin/g++ -m64 -o conftest -O2 -D_FORTIFY_SOURCE=2 -Wl,-z -Wl,relro -Wl,-z -Wl,now -Wl,-rpath,/usr/pkg/lib conftest.cpp -fstack-protector -I/usr/pkgsrc/category/libqd/work/.buildlink/include
[*] c++ -c -O2 -D_FORTIFY_SOURCE=2 conftest.cpp
<.> /usr/pkgsrc/category/libqd/work/.gcc/bin/g++ -m64 -c -O2 -D_FORTIFY_SOURCE=2 conftest.cpp -fstack-protector -I/usr/pkgsrc/category/libqd/work/.buildlink/include
[*] c++ -o conftest -O2 -D_FORTIFY_SOURCE=2 -Wl,-z,relro -Wl,-z,now -Wl,-R/usr/pkg/lib conftest.cpp
<.> /usr/pkgsrc/category/libqd/work/.gcc/bin/g++ -m64 -o conftest -O2 -D_FORTIFY_SOURCE=2 -Wl,-z -Wl,relro -Wl,-z -Wl,now -Wl,-rpath,/usr/pkg/lib conftest.cpp -fstack-protector -I/usr/pkgsrc/category/libqd/work/.buildlink/include
[*] c++ -c -O2 -D_FORTIFY_SOURCE=2 conftest.cpp
<.> /usr/pkgsrc/category/libqd/work/.gcc/bin/g++ -m64 -c -O2 -D_FORTIFY_SOURCE=2 conftest.cpp -fstack-protector -I/usr/pkgsrc/category/libqd/work/.buildlink/include
[*] c++ -c -O2 -D_FORTIFY_SOURCE=2 conftest.cpp
<.> /usr/pkgsrc/category/libqd/work/.gcc/bin/g++ -m64 -c -O2 -D_FORTIFY_SOURCE=2 conftest.cpp -fstack-protector -I/usr/pkgsrc/category/libqd/work/.buildlink/include
[*] c++ -c -O2 -D_FORTIFY_SOURCE=2 conftest.cpp
<.> /usr/pkgsrc/category/libqd/work/.gcc/bin/g++ -m64 -c -O2 -D_FORTIFY_SOURCE=2 conftest.cpp -fstack-protector -I/usr/pkgsrc/category/libqd/work/.buildlink/include
[*] c++ -c -O2 -D_FORTIFY_SOURCE=2 conftest.cpp
<.> /usr/pkgsrc/category/libqd/work/.gcc/bin/g++ -m64 -c -O2 -D_FORTIFY_SOURCE=2 conftest.cpp -fstack-protector -I/usr/pkgsrc/category/libqd/work/.buildlink/include
[*] f77 --version
<.> /usr/pkgsrc/category/libqd/work/.gcc/bin/gfortran -m64 --version -fstack-protector
[*] f77 -v
<.> /usr/pkgsrc/category/libqd/work/.gcc/bin/gfortran -m64 -v -fstack-protector
[*] f77 -V
<.> /usr/pkgsrc/category/libqd/work/.gcc/bin/gfortran -m64 -V -fstack-protector
[*] f77 -qversion
<.> /usr/pkgsrc/category/libqd/work/.gcc/bin/gfortran -m64 -qversion -fstack-protector
[*] f77 -c -O2 conftest.F
<.> /usr/pkgsrc/category/libqd/work/.gcc/bin/gfortran -m64 -c -O2 conftest.F -fstack-protector
[*] f77 -c -g conftest.f
<.> /usr/pkgsrc/category/libqd/work/.gcc/bin/gfortran -m64 -c -g conftest.f -fstack-protector
[*] f77 -c -O2 conftest.f
<.> /usr/pkgsrc/category/libqd/work/.gcc/bin/gfortran -m64 -c -O2 conftest.f -fstack-protector
[*] f77 -o conftest -O2 -v -Wl,-z,relro -Wl,-z,now -Wl,-R/usr/pkg/lib conftest.f
<.> /usr/pkgsrc/category/libqd/work/.gcc/bin/gfortran -m64 -o conftest -O2 -v -Wl,-z -Wl,relro -Wl,-z -Wl,now -Wl,-rpath,/usr/pkg/lib conftest.f -fstack-protector
[*] f77 -o conftest -O2 -v -Wl,-z,relro -Wl,-z,now -Wl,-R/usr/pkg/lib conftest.f
<.> /usr/pkgsrc/category/libqd/work/.gcc/bin/gfortran -m64 -o conftest -O2 -v -Wl,-z -Wl,relro -Wl,-z -Wl,now -Wl,-rpath,/usr/pkg/lib conftest.f -fstack-protector
[*] f77 -c -O2 conftest.f
<.> /usr/pkgsrc/category/libqd/work/.gcc/bin/gfortran -m64 -c -O2 conftest.f -fstack-protector
[*] f77 -c -O2 -ffree-form conftest.f
<.> /usr/pkgsrc/category/libqd/work/.gcc/bin/gfortran -m64 -c -O2 -ffree-form conftest.f -fstack-protector
[*] f77 -o conftest -O2 -ffree-form -Wl,-z,relro -Wl,-z,now -Wl,-R/usr/pkg/lib conftest.f
<.> /usr/pkgsrc/category/libqd/work/.gcc/bin/gfortran -m64 -o conftest -O2 -ffree-form -Wl,-z -Wl,relro -Wl,-z -Wl,now -Wl,-rpath,/usr/pkg/lib conftest.f -fstack-protector
[*] c++ -o conftest -O2 -D_FORTIFY_SOURCE=2 -Wl,-z,relro -Wl,-z,now -Wl,-R/usr/pkg/lib conftest.cpp -L/usr/lib64/gcc/x86_64-suse-linux/10 -L/usr/lib64/gcc/x86_64-suse-linux/10/../../../../lib64 -L/lib/../lib64 -L/usr/lib/../lib64 -L/usr/lib64/gcc/x86_64-suse-linux/10/../../../../x86_64-suse-linux/lib -L/usr/lib64/gcc/x86_64-suse-linux/10/../../.. -lgfortran -lm -lquadmath
<.> /usr/pkgsrc/category/libqd/work/.gcc/bin/g++ -m64 -o conftest -O2 -D_FORTIFY_SOURCE=2 -Wl,-z -Wl,relro -Wl,-z -Wl,now -Wl,-rpath,/usr/pkg/lib conftest.cpp -L/usr/lib64/gcc/x86_64-suse-linux/10 -L/usr/lib64/gcc/x86_64-suse-linux/10/../../../../lib64 -L/usr/lib64/gcc/x86_64-suse-linux/10/../../../../x86_64-suse-linux/lib -L/usr/lib64/gcc/x86_64-suse-linux/10/../../.. -lgfortran -lm -lquadmath -fstack-protector -I/usr/pkgsrc/category/libqd/work/.buildlink/include
[*] cc -o conftest -O2 -D_FORTIFY_SOURCE=2 -Wl,-z,relro -Wl,-z,now -Wl,-R/usr/pkg/lib conftest.c -L/usr/lib64/gcc/x86_64-suse-linux/10 -L/usr/lib64/gcc/x86_64-suse-linux/10/../../../../lib64 -L/lib/../lib64 -L/usr/lib/../lib64 -L/usr/lib64/gcc/x86_64-suse-linux/10/../../../../x86_64-suse-linux/lib -L/usr/lib64/gcc/x86_64-suse-linux/10/../../.. -lgfortran -lm -lquadmath
<.> /usr/pkgsrc/category/libqd/work/.gcc/bin/gcc -fcommon -m64 -o conftest -O2 -D_FORTIFY_SOURCE=2 -Wl,-z -Wl,relro -Wl,-z -Wl,now -Wl,-rpath,/usr/pkg/lib conftest.c -L/usr/lib64/gcc/x86_64-suse-linux/10 -L/usr/lib64/gcc/x86_64-suse-linux/10/../../../../lib64 -L/usr/lib64/gcc/x86_64-suse-linux/10/../../../../x86_64-suse-linux/lib -L/usr/lib64/gcc/x86_64-suse-linux/10/../../.. -lgfortran -lm -lquadmath -D_FORTIFY_SOURCE=2 -fstack-protector -I/usr/pkgsrc/category/libqd/work/.buildlink/include
[*] f77 -c -O2 -ffree-form conftest.f
<.> /usr/pkgsrc/category/libqd/work/.gcc/bin/gfortran -m64 -c -O2 -ffree-form conftest.f -fstack-protector
[*] cc -o conftest -O2 -D_FORTIFY_SOURCE=2 -Wl,-z,relro -Wl,-z,now -Wl,-R/usr/pkg/lib conftest.c cfortran_test.o -L/usr/lib64/gcc/x86_64-suse-linux/10 -L/usr/lib64/gcc/x86_64-suse-linux/10/../../../../lib64 -L/lib/../lib64 -L/usr/lib/../lib64 -L/usr/lib64/gcc/x86_64-suse-linux/10/../../../../x86_64-suse-linux/lib -L/usr/lib64/gcc/x86_64-suse-linux/10/../../.. -lgfortran -lm -lquadmath
<.> /usr/pkgsrc/category/libqd/work/.gcc/bin/gcc -fcommon -m64 -o conftest -O2 -D_FORTIFY_SOURCE=2 -Wl,-z -Wl,relro -Wl,-z -Wl,now -Wl,-rpath,/usr/pkg/lib conftest.c cfortran_test.o -L/usr/lib64/gcc/x86_64-suse-linux/10 -L/usr/lib64/gcc/x86_64-suse-linux/10/../../../../lib64 -L/usr/lib64/gcc/x86_64-suse-linux/10/../../../../x86_64-suse-linux/lib -L/usr/lib64/gcc/x86_64-suse-linux/10/../../.. -lgfortran -lm -lquadmath -D_FORTIFY_SOURCE=2 -fstack-protector -I/usr/pkgsrc/category/libqd/work/.buildlink/include
[*] cc -o conftest -O2 -D_FORTIFY_SOURCE=2 -Wl,-z,relro -Wl,-z,now -Wl,-R/usr/pkg/lib conftest.c cfortran_test.o -L/usr/lib64/gcc/x86_64-suse-linux/10 -L/usr/lib64/gcc/x86_64-suse-linux/10/../../../../lib64 -L/lib/../lib64 -L/usr/lib/../lib64 -L/usr/lib64/gcc/x86_64-suse-linux/10/../../../../x86_64-suse-linux/lib -L/usr/lib64/gcc/x86_64-suse-linux/10/../../.. -lgfortran -lm -lquadmath
<.> /usr/pkgsrc/category/libqd/work/.gcc/bin/gcc -fcommon -m64 -o conftest -O2 -D_FORTIFY_SOURCE=2 -Wl,-z -Wl,relro -Wl,-z -Wl,now -Wl,-rpath,/usr/pkg/lib conftest.c cfortran_test.o -L/usr/lib64/gcc/x86_64-suse-linux/10 -L/usr/lib64/gcc/x86_64-suse-linux/10/../../../../lib64 -L/usr/lib64/gcc/x86_64-suse-linux/10/../../../../x86_64-suse-linux/lib -L/usr/lib64/gcc/x86_64-suse-linux/10/../../.. -lgfortran -lm -lquadmath -D_FORTIFY_SOURCE=2 -fstack-protector -I/usr/pkgsrc/category/libqd/work/.buildlink/include
[*] cc -o conftest -O2 -D_FORTIFY_SOURCE=2 -Wl,-z,relro -Wl,-z,now -Wl,-R/usr/pkg/lib conftest.c cfortran_test.o -L/usr/lib64/gcc/x86_64-suse-linux/10 -L/usr/lib64/gcc/x86_64-suse-linux/10/../../../../lib64 -L/lib/../lib64 -L/usr/lib/../lib64 -L/usr/lib64/gcc/x86_64-suse-linux/10/../../../../x86_64-suse-linux/lib -L/usr/lib64/gcc/x86_64-suse-linux/10/../../.. -lgfortran -lm -lquadmath
<.> /usr/pkgsrc/category/libqd/work/.gcc/bin/gcc -fcommon -m64 -o conftest -O2 -D_FORTIFY_SOURCE=2 -Wl,-z -Wl,relro -Wl,-z -Wl,now -Wl,-rpath,/usr/pkg/lib conftest.c cfortran_test.o -L/usr/lib64/gcc/x86_64-suse-linux/10 -L/usr/lib64/gcc/x86_64-suse-linux/10/../../../../lib64 -L/usr/lib64/gcc/x86_64-suse-linux/10/../../../../x86_64-suse-linux/lib -L/usr/lib64/gcc/x86_64-suse-linux/10/../../.. -lgfortran -lm -lquadmath -D_FORTIFY_SOURCE=2 -fstack-protector -I/usr/pkgsrc/category/libqd/work/.buildlink/include
[*] cc -o conftest -O2 -D_FORTIFY_SOURCE=2 -Wl,-z,relro -Wl,-z,now -Wl,-R/usr/pkg/lib conftest.c -L/usr/lib64/gcc/x86_64-suse-linux/10 -L/usr/lib64/gcc/x86_64-suse-linux/10/../../../../lib64 -L/lib/../lib64 -L/usr/lib/../lib64 -L/usr/lib64/gcc/x86_64-suse-linux/10/../../../../x86_64-suse-linux/lib -L/usr/lib64/gcc/x86_64-suse-linux/10/../../.. -lgfortran -lm -lquadmath
<.> /usr/pkgsrc/category/libqd/work/.gcc/bin/gcc -fcommon -m64 -o conftest -O2 -D_FORTIFY_SOURCE=2 -Wl,-z -Wl,relro -Wl,-z -Wl,now -Wl,-rpath,/usr/pkg/lib conftest.c -L/usr/lib64/gcc/x86_64-suse-linux/10 -L/usr/lib64/gcc/x86_64-suse-linux/10/../../../../lib64 -L/usr/lib64/gcc/x86_64-suse-linux/10/../../../../x86_64-suse-linux/lib -L/usr/lib64/gcc/x86_64-suse-linux/10/../../.. -lgfortran -lm -lquadmath -D_FORTIFY_SOURCE=2 -fstack-protector -I/usr/pkgsrc/category/libqd/work/.buildlink/include
[*] cc -o conftest -O2 -D_FORTIFY_SOURCE=2 -Wl,-z,relro -Wl,-z,now -Wl,-R/usr/pkg/lib conftest.c -L/usr/lib64/gcc/x86_64-suse-linux/10 -L/usr/lib64/gcc/x86_64-suse-linux/10/../../../../lib64 -L/lib/../lib64 -L/usr/lib/../lib64 -L/usr/lib64/gcc/x86_64-suse-linux/10/../../../../x86_64-suse-linux/lib -L/usr/lib64/gcc/x86_64-suse-linux/10/../../.. -lgfortran -lm -lquadmath
<.> /usr/pkgsrc/category/libqd/work/.gcc/bin/gcc -fcommon -m64 -o conftest -O2 -D_FORTIFY_SOURCE=2 -Wl,-z -Wl,relro -Wl,-z -Wl,now -Wl,-rpath,/usr/pkg/lib conftest.c -L/usr/lib64/gcc/x86_64-suse-linux/10 -L/usr/lib64/gcc/x86_64-suse-linux/10/../../../../lib64 -L/usr/lib64/gcc/x86_64-suse-linux/10/../../../../x86_64-suse-linux/lib -L/usr/lib64/gcc/x86_64-suse-linux/10/../../.. -lgfortran -lm -lquadmath -D_FORTIFY_SOURCE=2 -fstack-protector -I/usr/pkgsrc/category/libqd/work/.buildlink/include
[*] cc -o conftest -O2 -D_FORTIFY_SOURCE=2 -Wl,-z,relro -Wl,-z,now -Wl,-R/usr/pkg/lib conftest.c -L/usr/lib64/gcc/x86_64-suse-linux/10 -L/usr/lib64/gcc/x86_64-suse-linux/10/../../../../lib64 -L/lib/../lib64 -L/usr/lib/../lib64 -L/usr/lib64/gcc/x86_64-suse-linux/10/../../../../x86_64-suse-linux/lib -L/usr/lib64/gcc/x86_64-suse-linux/10/../../.. -lgfortran -lm -lquadmath
<.> /usr/pkgsrc/category/libqd/work/.gcc/bin/gcc -fcommon -m64 -o conftest -O2 -D_FORTIFY_SOURCE=2 -Wl,-z -Wl,relro -Wl,-z -Wl,now -Wl,-rpath,/usr/pkg/lib conftest.c -L/usr/lib64/gcc/x86_64-suse-linux/10 -L/usr/lib64/gcc/x86_64-suse-linux/10/../../../../lib64 -L/usr/lib64/gcc/x86_64-suse-linux/10/../../../../x86_64-suse-linux/lib -L/usr/lib64/gcc/x86_64-suse-linux/10/../../.. -lgfortran -lm -lquadmath -D_FORTIFY_SOURCE=2 -fstack-protector -I/usr/pkgsrc/category/libqd/work/.buildlink/include
[*] cc -o conftest -O2 -D_FORTIFY_SOURCE=2 -Wl,-z,relro -Wl,-z,now -Wl,-R/usr/pkg/lib conftest.c -L/usr/lib64/gcc/x86_64-suse-linux/10 -L/usr/lib64/gcc/x86_64-suse-linux/10/../../../../lib64 -L/lib/../lib64 -L/usr/lib/../lib64 -L/usr/lib64/gcc/x86_64-suse-linux/10/../../../../x86_64-suse-linux/lib -L/usr/lib64/gcc/x86_64-suse-linux/10/../../.. -lgfortran -lm -lquadmath
<.> /usr/pkgsrc/category/libqd/work/.gcc/bin/gcc -fcommon -m64 -o conftest -O2 -D_FORTIFY_SOURCE=2 -Wl,-z -Wl,relro -Wl,-z -Wl,now -Wl,-rpath,/usr/pkg/lib conftest.c -L/usr/lib64/gcc/x86_64-suse-linux/10 -L/usr/lib64/gcc/x86_64-suse-linux/10/../../../../lib64 -L/usr/lib64/gcc/x86_64-suse-linux/10/../../../../x86_64-suse-linux/lib -L/usr/lib64/gcc/x86_64-suse-linux/10/../../.. -lgfortran -lm -lquadmath -D_FORTIFY_SOURCE=2 -fstack-protector -I/usr/pkgsrc/category/libqd/work/.buildlink/include
[*] cc -o conftest -O2 -D_FORTIFY_SOURCE=2 -Wl,-z,relro -Wl,-z,now -Wl,-R/usr/pkg/lib conftest.c -L/usr/lib64/gcc/x86_64-suse-linux/10 -L/usr/lib64/gcc/x86_64-suse-linux/10/../../../../lib64 -L/lib/../lib64 -L/usr/lib/../lib64 -L/usr/lib64/gcc/x86_64-suse-linux/10/../../../../x86_64-suse-linux/lib -L/usr/lib64/gcc/x86_64-suse-linux/10/../../.. -lgfortran -lm -lquadmath
<.> /usr/pkgsrc/category/libqd/work/.gcc/bin/gcc -fcommon -m64 -o conftest -O2 -D_FORTIFY_SOURCE=2 -Wl,-z -Wl,relro -Wl,-z -Wl,now -Wl,-rpath,/usr/pkg/lib conftest.c -L/usr/lib64/gcc/x86_64-suse-linux/10 -L/usr/lib64/gcc/x86_64-suse-linux/10/../../../../lib64 -L/usr/lib64/gcc/x86_64-suse-linux/10/../../../../x86_64-suse-linux/lib -L/usr/lib64/gcc/x86_64-suse-linux/10/../../.. -lgfortran -lm -lquadmath -D_FORTIFY_SOURCE=2 -fstack-protector -I/usr/pkgsrc/category/libqd/work/.buildlink/include
[*] cc -o conftest -O2 -D_FORTIFY_SOURCE=2 -Wl,-z,relro -Wl,-z,now -Wl,-R/usr/pkg/lib conftest.c -L/usr/lib64/gcc/x86_64-suse-linux/10 -L/usr/lib64/gcc/x86_64-suse-linux/10/../../../../lib64 -L/lib/../lib64 -L/usr/lib/../lib64 -L/usr/lib64/gcc/x86_64-suse-linux/10/../../../../x86_64-suse-linux/lib -L/usr/lib64/gcc/x86_64-suse-linux/10/../../.. -lgfortran -lm -lquadmath
<.> /usr/pkgsrc/category/libqd/work/.gcc/bin/gcc -fcommon -m64 -o conftest -O2 -D_FORTIFY_SOURCE=2 -Wl,-z -Wl,relro -Wl,-z -Wl,now -Wl,-rpath,/usr/pkg/lib conftest.c -L/usr/lib64/gcc/x86_64-suse-linux/10 -L/usr/lib64/gcc/x86_64-suse-linux/10/../../../../lib64 -L/usr/lib64/gcc/x86_64-suse-linux/10/../../../../x86_64-suse-linux/lib -L/usr/lib64/gcc/x86_64-suse-linux/10/../../.. -lgfortran -lm -lquadmath -D_FORTIFY_SOURCE=2 -fstack-protector -I/usr/pkgsrc/category/libqd/work/.buildlink/include
