[*] /usr/pkgsrc/category/py-POT/work/.tools/bin/true
<.> true 
[*] /usr/pkgsrc/category/py-POT/work/.tools/bin/true
<.> true 
[*] /usr/pkgsrc/category/py-POT/work/.tools/bin/true
<.> true 
[*] /usr/pkgsrc/category/py-POT/work/.tools/bin/true
<.> true 
[*] /usr/pkgsrc/category/py-POT/work/.tools/bin/true
<.> true 
[*] /usr/pkgsrc/category/py-POT/work/.tools/bin/true
<.> true 
[*] /usr/pkgsrc/category/py-POT/work/.tools/bin/true
<.> true 
[*] /usr/pkgsrc/category/py-POT/work/.tools/bin/true
<.> true 
[*] /usr/pkgsrc/category/py-POT/work/.tools/bin/true
<.> true 
[*] /usr/pkgsrc/category/py-POT/work/.tools/bin/true
<.> true 
[*] /usr/pkgsrc/category/py-POT/work/.tools/bin/true
<.> true 
[*] /usr/pkgsrc/category/py-POT/work/.tools/bin/true
<.> true 
[*] /usr/pkgsrc/category/py-POT/work/.tools/bin/true
<.> true 
[*] /usr/pkgsrc/category/py-POT/work/.tools/bin/true
<.> true 
[*] /usr/pkgsrc/category/py-POT/work/.tools/bin/true
<.> true 
[*] /usr/pkgsrc/category/py-POT/work/.tools/bin/true
<.> true 
[*] /usr/pkgsrc/category/py-POT/work/.tools/bin/true
<.> true 
[*] /usr/pkgsrc/category/py-POT/work/.tools/bin/true
<.> true 
[*] /usr/pkgsrc/category/py-POT/work/.tools/bin/true
<.> true 
[*] /usr/pkgsrc/category/py-POT/work/.tools/bin/true
<.> true 
[*] /usr/pkgsrc/category/py-POT/work/.tools/bin/true
<.> true 
[*] /usr/pkgsrc/category/py-POT/work/.tools/bin/true
<.> true 
[*] /usr/pkgsrc/category/py-POT/work/.tools/bin/true
<.> true 
[*] /usr/pkgsrc/category/py-POT/work/.tools/bin/true
<.> true 
[*] /usr/pkgsrc/category/py-POT/work/.tools/bin/true
<.> true 
[*] /usr/pkgsrc/category/py-POT/work/.tools/bin/true
<.> true 
[*] /usr/pkgsrc/category/py-POT/work/.tools/bin/true
<.> true 
[*] /usr/pkgsrc/category/py-POT/work/.tools/bin/true
<.> true 
[*] /usr/pkgsrc/category/py-POT/work/.tools/bin/true
<.> true 
[*] c++ -Wno-unused-result -Wsign-compare -DNDEBUG -O2 -D_FORTIFY_SOURCE=2 -I/usr/include -I/usr/pkg/include -I/usr/pkg/include/db4 -O2 -D_FORTIFY_SOURCE=2 -I/usr/include -I/usr/pkg/include -I/usr/pkg/include/db4 -O2 -D_FORTIFY_SOURCE=2 -I/usr/include -I/usr/pkg/include -I/usr/pkg/include/db4 -O2 -D_FORTIFY_SOURCE=2 -I/usr/pkg/include -I/usr/include -I/usr/pkg/include/python3.8 -I/usr/pkg/include -I/usr/include -I/usr/pkg/include/python3.8 -fPIC -Iot/lp -I/usr/pkg/lib/python3.8/site-packages/numpy/core/include -I/usr/pkgsrc/category/py-POT/work/POT-0.7.0/ot/lp -I/usr/pkg/include/python3.8 -c ot/lp/emd_wrap.cpp -o build/temp.linux-x86_64-3.8/ot/lp/emd_wrap.o -O3
<.> /usr/pkgsrc/category/py-POT/work/.gcc/bin/g++ -m64 -Wno-unused-result -Wsign-compare -DNDEBUG -O2 -D_FORTIFY_SOURCE=2 -I/usr/pkgsrc/category/py-POT/work/.buildlink/include -I/usr/pkgsrc/category/py-POT/work/.buildlink/include/db4 -O2 -D_FORTIFY_SOURCE=2 -O2 -D_FORTIFY_SOURCE=2 -O2 -D_FORTIFY_SOURCE=2 -I/usr/pkgsrc/category/py-POT/work/.buildlink/include/python3.8 -fPIC -Iot/lp -I/usr/pkgsrc/category/py-POT/work/.buildlink/lib/python3.8/site-packages/numpy/core/include -I/usr/pkgsrc/category/py-POT/work/POT-0.7.0/ot/lp -c ot/lp/emd_wrap.cpp -o build/temp.linux-x86_64-3.8/ot/lp/emd_wrap.o -O3 -fstack-protector
[*] c++ -Wno-unused-result -Wsign-compare -DNDEBUG -O2 -D_FORTIFY_SOURCE=2 -I/usr/include -I/usr/pkg/include -I/usr/pkg/include/db4 -O2 -D_FORTIFY_SOURCE=2 -I/usr/include -I/usr/pkg/include -I/usr/pkg/include/db4 -O2 -D_FORTIFY_SOURCE=2 -I/usr/include -I/usr/pkg/include -I/usr/pkg/include/db4 -O2 -D_FORTIFY_SOURCE=2 -I/usr/pkg/include -I/usr/include -I/usr/pkg/include/python3.8 -I/usr/pkg/include -I/usr/include -I/usr/pkg/include/python3.8 -fPIC -Iot/lp -I/usr/pkg/lib/python3.8/site-packages/numpy/core/include -I/usr/pkgsrc/category/py-POT/work/POT-0.7.0/ot/lp -I/usr/pkg/include/python3.8 -c ot/lp/EMD_wrapper.cpp -o build/temp.linux-x86_64-3.8/ot/lp/EMD_wrapper.o -O3
<.> /usr/pkgsrc/category/py-POT/work/.gcc/bin/g++ -m64 -Wno-unused-result -Wsign-compare -DNDEBUG -O2 -D_FORTIFY_SOURCE=2 -I/usr/pkgsrc/category/py-POT/work/.buildlink/include -I/usr/pkgsrc/category/py-POT/work/.buildlink/include/db4 -O2 -D_FORTIFY_SOURCE=2 -O2 -D_FORTIFY_SOURCE=2 -O2 -D_FORTIFY_SOURCE=2 -I/usr/pkgsrc/category/py-POT/work/.buildlink/include/python3.8 -fPIC -Iot/lp -I/usr/pkgsrc/category/py-POT/work/.buildlink/lib/python3.8/site-packages/numpy/core/include -I/usr/pkgsrc/category/py-POT/work/POT-0.7.0/ot/lp -c ot/lp/EMD_wrapper.cpp -o build/temp.linux-x86_64-3.8/ot/lp/EMD_wrapper.o -O3 -fstack-protector
[*] c++ -pthread -shared -L. -Wl,-z,relro -Wl,-z,now -L/usr/lib64 -Wl,-R/usr/lib64 -L/usr/pkg/lib -Wl,-R/usr/pkg/lib -Wl,-z,relro -Wl,-z,now -L/usr/lib64 -Wl,-R/usr/lib64 -L/usr/pkg/lib -Wl,-R/usr/pkg/lib -Wl,-z,relro -Wl,-z,now -L/usr/pkg/lib -Wl,-R/usr/pkg/lib -L/usr/lib64 -Wl,-R/usr/lib64 -O2 -D_FORTIFY_SOURCE=2 -I/usr/pkg/include -I/usr/include -I/usr/pkg/include/python3.8 -I/usr/pkg/include -I/usr/include -I/usr/pkg/include/python3.8 build/temp.linux-x86_64-3.8/ot/lp/emd_wrap.o build/temp.linux-x86_64-3.8/ot/lp/EMD_wrapper.o -L/usr/pkg/lib -o build/lib.linux-x86_64-3.8/ot/lp/emd_wrap.so
<.> /usr/pkgsrc/category/py-POT/work/.gcc/bin/g++ -m64 -pthread -shared -L. -Wl,-z -Wl,relro -Wl,-z -Wl,now -L/usr/pkgsrc/category/py-POT/work/.buildlink/lib -Wl,-rpath,/usr/pkg/lib -Wl,-z -Wl,relro -Wl,-z -Wl,now -Wl,-rpath,/usr/pkg/lib -Wl,-z -Wl,relro -Wl,-z -Wl,now -Wl,-rpath,/usr/pkg/lib -O2 -D_FORTIFY_SOURCE=2 -I/usr/pkgsrc/category/py-POT/work/.buildlink/include -I/usr/pkgsrc/category/py-POT/work/.buildlink/include/python3.8 build/temp.linux-x86_64-3.8/ot/lp/emd_wrap.o build/temp.linux-x86_64-3.8/ot/lp/EMD_wrapper.o -o build/lib.linux-x86_64-3.8/ot/lp/emd_wrap.so -fstack-protector
[*] /usr/pkgsrc/category/py-POT/work/.tools/bin/true
<.> true 
[*] /usr/pkgsrc/category/py-POT/work/.tools/bin/true
<.> true 
[*] /usr/pkgsrc/category/py-POT/work/.tools/bin/true
<.> true 
[*] /usr/pkgsrc/category/py-POT/work/.tools/bin/true
<.> true 
[*] /usr/pkgsrc/category/py-POT/work/.tools/bin/true
<.> true 
[*] /usr/pkgsrc/category/py-POT/work/.tools/bin/true
<.> true 
[*] /usr/pkgsrc/category/py-POT/work/.tools/bin/true
<.> true 
