[*] /usr/pkgsrc/category/xcas/work/.tools/bin/true
<.> true 
[*] /usr/pkgsrc/category/xcas/work/.tools/bin/true
<.> true 
[*] /usr/pkgsrc/category/xcas/work/.tools/bin/true
<.> true 
[*] /usr/pkgsrc/category/xcas/work/.tools/bin/true
<.> true 
[*] /usr/pkgsrc/category/xcas/work/.tools/bin/true
<.> true 
[*] /usr/pkgsrc/category/xcas/work/.tools/bin/true
<.> true 
[*] /usr/pkgsrc/category/xcas/work/.tools/bin/true
<.> true 
[*] /usr/pkgsrc/category/xcas/work/.tools/bin/true
<.> true 
[*] /usr/pkgsrc/category/xcas/work/.tools/bin/true
<.> true 
[*] /usr/pkgsrc/category/xcas/work/.tools/bin/true
<.> true 
[*] /usr/pkgsrc/category/xcas/work/.tools/bin/true
<.> true 
[*] /usr/pkgsrc/category/xcas/work/.tools/bin/true
<.> true 
[*] /usr/pkgsrc/category/xcas/work/.tools/bin/true
<.> true 
[*] /usr/pkgsrc/category/xcas/work/.tools/bin/true
<.> true 
[*] /usr/pkgsrc/category/xcas/work/.tools/bin/true
<.> true 
[*] /usr/pkgsrc/category/xcas/work/.tools/bin/true
<.> true 
[*] /usr/pkgsrc/category/xcas/work/.tools/bin/true
<.> true 
[*] /usr/pkgsrc/category/xcas/work/.tools/bin/true
<.> true 
[*] /usr/pkgsrc/category/xcas/work/.tools/bin/true
<.> true 
[*] /usr/pkgsrc/category/xcas/work/.tools/bin/true
<.> true 
[*] /usr/pkgsrc/category/xcas/work/.tools/bin/true
<.> true 
[*] /usr/pkgsrc/category/xcas/work/.tools/bin/mkdir conf28814.dir
<.> /bin/mkdir -p conf28814.dir
[*] /usr/pkgsrc/category/xcas/work/.tools/bin/mkdir -p .
<.> /bin/mkdir -p -p .
[*] /usr/pkgsrc/category/xcas/work/.tools/bin/mkdir --version
<.> /bin/mkdir -p --version
[*] /usr/pkgsrc/category/xcas/work/.tools/bin/echo @@@%%%=make=@@@%%%
<.> echo  @@@%%%=make=@@@%%%
[*] /usr/pkgsrc/category/xcas/work/.tools/bin/mkdir .tst
<.> /bin/mkdir -p .tst
[*] cc --version
<.> /usr/pkgsrc/category/xcas/work/.gcc/bin/gcc -fcommon -m64 --version -D_FORTIFY_SOURCE=2 -fstack-protector -I/usr/pkgsrc/category/xcas/work/.buildlink/include
[*] cc -v
<.> /usr/pkgsrc/category/xcas/work/.gcc/bin/gcc -fcommon -m64 -v -D_FORTIFY_SOURCE=2 -fstack-protector -I/usr/pkgsrc/category/xcas/work/.buildlink/include
[*] cc -V
<.> /usr/pkgsrc/category/xcas/work/.gcc/bin/gcc -fcommon -m64 -V -D_FORTIFY_SOURCE=2 -fstack-protector -I/usr/pkgsrc/category/xcas/work/.buildlink/include
[*] cc -qversion
<.> /usr/pkgsrc/category/xcas/work/.gcc/bin/gcc -fcommon -m64 -qversion -D_FORTIFY_SOURCE=2 -fstack-protector -I/usr/pkgsrc/category/xcas/work/.buildlink/include
[*] cc -O2 -D_FORTIFY_SOURCE=2 -Wl,-R/usr/pkg/lib conftest.c
<.> /usr/pkgsrc/category/xcas/work/.gcc/bin/gcc -fcommon -m64 -O2 -D_FORTIFY_SOURCE=2 -Wl,-rpath,/usr/pkg/lib conftest.c -D_FORTIFY_SOURCE=2 -fstack-protector -I/usr/pkgsrc/category/xcas/work/.buildlink/include
[*] cc -o conftest -O2 -D_FORTIFY_SOURCE=2 -Wl,-R/usr/pkg/lib conftest.c
<.> /usr/pkgsrc/category/xcas/work/.gcc/bin/gcc -fcommon -m64 -o conftest -O2 -D_FORTIFY_SOURCE=2 -Wl,-rpath,/usr/pkg/lib conftest.c -D_FORTIFY_SOURCE=2 -fstack-protector -I/usr/pkgsrc/category/xcas/work/.buildlink/include
[*] cc -o conftest -O2 -D_FORTIFY_SOURCE=2 -Wl,-R/usr/pkg/lib conftest.c
<.> /usr/pkgsrc/category/xcas/work/.gcc/bin/gcc -fcommon -m64 -o conftest -O2 -D_FORTIFY_SOURCE=2 -Wl,-rpath,/usr/pkg/lib conftest.c -D_FORTIFY_SOURCE=2 -fstack-protector -I/usr/pkgsrc/category/xcas/work/.buildlink/include
[*] cc -c -O2 -D_FORTIFY_SOURCE=2 conftest.c
<.> /usr/pkgsrc/category/xcas/work/.gcc/bin/gcc -fcommon -m64 -c -O2 -D_FORTIFY_SOURCE=2 conftest.c -D_FORTIFY_SOURCE=2 -fstack-protector -I/usr/pkgsrc/category/xcas/work/.buildlink/include
[*] cc -c -O2 -D_FORTIFY_SOURCE=2 conftest.c
<.> /usr/pkgsrc/category/xcas/work/.gcc/bin/gcc -fcommon -m64 -c -O2 -D_FORTIFY_SOURCE=2 conftest.c -D_FORTIFY_SOURCE=2 -fstack-protector -I/usr/pkgsrc/category/xcas/work/.buildlink/include
[*] cc -c -g conftest.c
<.> /usr/pkgsrc/category/xcas/work/.gcc/bin/gcc -fcommon -m64 -c -g conftest.c -D_FORTIFY_SOURCE=2 -fstack-protector -I/usr/pkgsrc/category/xcas/work/.buildlink/include
[*] cc -c -O2 -D_FORTIFY_SOURCE=2 conftest.c
<.> /usr/pkgsrc/category/xcas/work/.gcc/bin/gcc -fcommon -m64 -c -O2 -D_FORTIFY_SOURCE=2 conftest.c -D_FORTIFY_SOURCE=2 -fstack-protector -I/usr/pkgsrc/category/xcas/work/.buildlink/include
[*] /usr/pkgsrc/category/xcas/work/.tools/bin/echo this is the am__doit target
<.> echo  this is the am__doit target
[*] /usr/pkgsrc/category/xcas/work/.tools/bin/mkdir conftest.dir
<.> /bin/mkdir -p conftest.dir
[*] /usr/pkgsrc/category/xcas/work/.tools/bin/mkdir sub
<.> /bin/mkdir -p sub
[*] cc -MT sub/conftest.o -MD -MP -MF sub/conftest.TPo -c -o sub/conftest.o sub/conftest.c
<.> /usr/pkgsrc/category/xcas/work/.gcc/bin/gcc -fcommon -m64 -MT sub/conftest.o -MD -MP -MF sub/conftest.TPo -c -o sub/conftest.o sub/conftest.c -D_FORTIFY_SOURCE=2 -fstack-protector -I/usr/pkgsrc/category/xcas/work/.buildlink/include
[*] c++ --version
<.> /usr/pkgsrc/category/xcas/work/.gcc/bin/g++ -m64 --version -fstack-protector -I/usr/pkgsrc/category/xcas/work/.buildlink/include
[*] c++ -v
<.> /usr/pkgsrc/category/xcas/work/.gcc/bin/g++ -m64 -v -fstack-protector -I/usr/pkgsrc/category/xcas/work/.buildlink/include
[*] c++ -V
<.> /usr/pkgsrc/category/xcas/work/.gcc/bin/g++ -m64 -V -fstack-protector -I/usr/pkgsrc/category/xcas/work/.buildlink/include
[*] c++ -qversion
<.> /usr/pkgsrc/category/xcas/work/.gcc/bin/g++ -m64 -qversion -fstack-protector -I/usr/pkgsrc/category/xcas/work/.buildlink/include
[*] c++ -c -O2 -D_FORTIFY_SOURCE=2 conftest.cpp
<.> /usr/pkgsrc/category/xcas/work/.gcc/bin/g++ -m64 -c -O2 -D_FORTIFY_SOURCE=2 conftest.cpp -fstack-protector -I/usr/pkgsrc/category/xcas/work/.buildlink/include
[*] c++ -c -g conftest.cpp
<.> /usr/pkgsrc/category/xcas/work/.gcc/bin/g++ -m64 -c -g conftest.cpp -fstack-protector -I/usr/pkgsrc/category/xcas/work/.buildlink/include
[*] /usr/pkgsrc/category/xcas/work/.tools/bin/mkdir conftest.dir
<.> /bin/mkdir -p conftest.dir
[*] /usr/pkgsrc/category/xcas/work/.tools/bin/mkdir sub
<.> /bin/mkdir -p sub
[*] c++ -MT sub/conftest.o -MD -MP -MF sub/conftest.TPo -c -o sub/conftest.o sub/conftest.c
<.> /usr/pkgsrc/category/xcas/work/.gcc/bin/g++ -m64 -MT sub/conftest.o -MD -MP -MF sub/conftest.TPo -c -o sub/conftest.o sub/conftest.c -fstack-protector -I/usr/pkgsrc/category/xcas/work/.buildlink/include
[*] c++ -E conftest.cpp
<.> /usr/pkgsrc/category/xcas/work/.gcc/bin/g++ -m64 -E conftest.cpp -fstack-protector -I/usr/pkgsrc/category/xcas/work/.buildlink/include
[*] c++ -E conftest.cpp
<.> /usr/pkgsrc/category/xcas/work/.gcc/bin/g++ -m64 -E conftest.cpp -fstack-protector -I/usr/pkgsrc/category/xcas/work/.buildlink/include
[*] c++ -E conftest.cpp
<.> /usr/pkgsrc/category/xcas/work/.gcc/bin/g++ -m64 -E conftest.cpp -fstack-protector -I/usr/pkgsrc/category/xcas/work/.buildlink/include
[*] c++ -E conftest.cpp
<.> /usr/pkgsrc/category/xcas/work/.gcc/bin/g++ -m64 -E conftest.cpp -fstack-protector -I/usr/pkgsrc/category/xcas/work/.buildlink/include
[*] cc -print-prog-name=ld
<.> /usr/pkgsrc/category/xcas/work/.gcc/bin/gcc -fcommon -m64 -print-prog-name=ld -D_FORTIFY_SOURCE=2 -fstack-protector -I/usr/pkgsrc/category/xcas/work/.buildlink/include
[*] ld -v
<.> ld -v
[*] ld -v
<.> ld -v
[*] c++ -c -O2 -D_FORTIFY_SOURCE=2 conftest.cpp
<.> /usr/pkgsrc/category/xcas/work/.gcc/bin/g++ -m64 -c -O2 -D_FORTIFY_SOURCE=2 conftest.cpp -fstack-protector -I/usr/pkgsrc/category/xcas/work/.buildlink/include
[*] c++ -c -O2 -D_FORTIFY_SOURCE=2 conftest.cpp
<.> /usr/pkgsrc/category/xcas/work/.gcc/bin/g++ -m64 -c -O2 -D_FORTIFY_SOURCE=2 conftest.cpp -fstack-protector -I/usr/pkgsrc/category/xcas/work/.buildlink/include
[*] c++ -o conftest -O2 -D_FORTIFY_SOURCE=2 -Wl,-R/usr/pkg/lib conftest.cpp conftstm.o
<.> /usr/pkgsrc/category/xcas/work/.gcc/bin/g++ -m64 -o conftest -O2 -D_FORTIFY_SOURCE=2 -Wl,-rpath,/usr/pkg/lib conftest.cpp conftstm.o -fstack-protector -I/usr/pkgsrc/category/xcas/work/.buildlink/include
[*] c++ -c -O2 -D_FORTIFY_SOURCE=2 conftest.cpp
<.> /usr/pkgsrc/category/xcas/work/.gcc/bin/g++ -m64 -c -O2 -D_FORTIFY_SOURCE=2 conftest.cpp -fstack-protector -I/usr/pkgsrc/category/xcas/work/.buildlink/include
[*] cc -E conftest.c
<.> /usr/pkgsrc/category/xcas/work/.gcc/bin/gcc -fcommon -m64 -E conftest.c -D_FORTIFY_SOURCE=2 -fstack-protector -I/usr/pkgsrc/category/xcas/work/.buildlink/include
[*] cc -E conftest.c
<.> /usr/pkgsrc/category/xcas/work/.gcc/bin/gcc -fcommon -m64 -E conftest.c -D_FORTIFY_SOURCE=2 -fstack-protector -I/usr/pkgsrc/category/xcas/work/.buildlink/include
[*] cc -E conftest.c
<.> /usr/pkgsrc/category/xcas/work/.gcc/bin/gcc -fcommon -m64 -E conftest.c -D_FORTIFY_SOURCE=2 -fstack-protector -I/usr/pkgsrc/category/xcas/work/.buildlink/include
[*] cc -E conftest.c
<.> /usr/pkgsrc/category/xcas/work/.gcc/bin/gcc -fcommon -m64 -E conftest.c -D_FORTIFY_SOURCE=2 -fstack-protector -I/usr/pkgsrc/category/xcas/work/.buildlink/include
[*] cc -c -O2 -D_FORTIFY_SOURCE=2 conftest.c
<.> /usr/pkgsrc/category/xcas/work/.gcc/bin/gcc -fcommon -m64 -c -O2 -D_FORTIFY_SOURCE=2 conftest.c -D_FORTIFY_SOURCE=2 -fstack-protector -I/usr/pkgsrc/category/xcas/work/.buildlink/include
[*] cc -E conftest.c
<.> /usr/pkgsrc/category/xcas/work/.gcc/bin/gcc -fcommon -m64 -E conftest.c -D_FORTIFY_SOURCE=2 -fstack-protector -I/usr/pkgsrc/category/xcas/work/.buildlink/include
[*] cc -E conftest.c
<.> /usr/pkgsrc/category/xcas/work/.gcc/bin/gcc -fcommon -m64 -E conftest.c -D_FORTIFY_SOURCE=2 -fstack-protector -I/usr/pkgsrc/category/xcas/work/.buildlink/include
[*] cc -o conftest -O2 -D_FORTIFY_SOURCE=2 -Wl,-R/usr/pkg/lib conftest.c
<.> /usr/pkgsrc/category/xcas/work/.gcc/bin/gcc -fcommon -m64 -o conftest -O2 -D_FORTIFY_SOURCE=2 -Wl,-rpath,/usr/pkg/lib conftest.c -D_FORTIFY_SOURCE=2 -fstack-protector -I/usr/pkgsrc/category/xcas/work/.buildlink/include
[*] cc -c -O2 -D_FORTIFY_SOURCE=2 conftest.c
<.> /usr/pkgsrc/category/xcas/work/.gcc/bin/gcc -fcommon -m64 -c -O2 -D_FORTIFY_SOURCE=2 conftest.c -D_FORTIFY_SOURCE=2 -fstack-protector -I/usr/pkgsrc/category/xcas/work/.buildlink/include
[*] cc -c -O2 -D_FORTIFY_SOURCE=2 conftest.c
<.> /usr/pkgsrc/category/xcas/work/.gcc/bin/gcc -fcommon -m64 -c -O2 -D_FORTIFY_SOURCE=2 conftest.c -D_FORTIFY_SOURCE=2 -fstack-protector -I/usr/pkgsrc/category/xcas/work/.buildlink/include
[*] cc -c -O2 -D_FORTIFY_SOURCE=2 conftest.c
<.> /usr/pkgsrc/category/xcas/work/.gcc/bin/gcc -fcommon -m64 -c -O2 -D_FORTIFY_SOURCE=2 conftest.c -D_FORTIFY_SOURCE=2 -fstack-protector -I/usr/pkgsrc/category/xcas/work/.buildlink/include
[*] cc -c -O2 -D_FORTIFY_SOURCE=2 conftest.c
<.> /usr/pkgsrc/category/xcas/work/.gcc/bin/gcc -fcommon -m64 -c -O2 -D_FORTIFY_SOURCE=2 conftest.c -D_FORTIFY_SOURCE=2 -fstack-protector -I/usr/pkgsrc/category/xcas/work/.buildlink/include
[*] cc -c -O2 -D_FORTIFY_SOURCE=2 conftest.c
<.> /usr/pkgsrc/category/xcas/work/.gcc/bin/gcc -fcommon -m64 -c -O2 -D_FORTIFY_SOURCE=2 conftest.c -D_FORTIFY_SOURCE=2 -fstack-protector -I/usr/pkgsrc/category/xcas/work/.buildlink/include
[*] cc -c -O2 -D_FORTIFY_SOURCE=2 conftest.c
<.> /usr/pkgsrc/category/xcas/work/.gcc/bin/gcc -fcommon -m64 -c -O2 -D_FORTIFY_SOURCE=2 conftest.c -D_FORTIFY_SOURCE=2 -fstack-protector -I/usr/pkgsrc/category/xcas/work/.buildlink/include
[*] cc -c -O2 -D_FORTIFY_SOURCE=2 conftest.c
<.> /usr/pkgsrc/category/xcas/work/.gcc/bin/gcc -fcommon -m64 -c -O2 -D_FORTIFY_SOURCE=2 conftest.c -D_FORTIFY_SOURCE=2 -fstack-protector -I/usr/pkgsrc/category/xcas/work/.buildlink/include
[*] cc -c -O2 -D_FORTIFY_SOURCE=2 conftest.c
<.> /usr/pkgsrc/category/xcas/work/.gcc/bin/gcc -fcommon -m64 -c -O2 -D_FORTIFY_SOURCE=2 conftest.c -D_FORTIFY_SOURCE=2 -fstack-protector -I/usr/pkgsrc/category/xcas/work/.buildlink/include
[*] cc -c -O2 -D_FORTIFY_SOURCE=2 conftest.c
<.> /usr/pkgsrc/category/xcas/work/.gcc/bin/gcc -fcommon -m64 -c -O2 -D_FORTIFY_SOURCE=2 conftest.c -D_FORTIFY_SOURCE=2 -fstack-protector -I/usr/pkgsrc/category/xcas/work/.buildlink/include
[*] cc -c -O2 -D_FORTIFY_SOURCE=2 conftest.c
<.> /usr/pkgsrc/category/xcas/work/.gcc/bin/gcc -fcommon -m64 -c -O2 -D_FORTIFY_SOURCE=2 conftest.c -D_FORTIFY_SOURCE=2 -fstack-protector -I/usr/pkgsrc/category/xcas/work/.buildlink/include
[*] c++ --version
<.> /usr/pkgsrc/category/xcas/work/.gcc/bin/g++ -m64 --version -fstack-protector -I/usr/pkgsrc/category/xcas/work/.buildlink/include
[*] c++ -v
<.> /usr/pkgsrc/category/xcas/work/.gcc/bin/g++ -m64 -v -fstack-protector -I/usr/pkgsrc/category/xcas/work/.buildlink/include
[*] c++ -V
<.> /usr/pkgsrc/category/xcas/work/.gcc/bin/g++ -m64 -V -fstack-protector -I/usr/pkgsrc/category/xcas/work/.buildlink/include
[*] c++ -qversion
<.> /usr/pkgsrc/category/xcas/work/.gcc/bin/g++ -m64 -qversion -fstack-protector -I/usr/pkgsrc/category/xcas/work/.buildlink/include
[*] c++ -E conftest.cpp
<.> /usr/pkgsrc/category/xcas/work/.gcc/bin/g++ -m64 -E conftest.cpp -fstack-protector -I/usr/pkgsrc/category/xcas/work/.buildlink/include
[*] c++ -E conftest.cpp
<.> /usr/pkgsrc/category/xcas/work/.gcc/bin/g++ -m64 -E conftest.cpp -fstack-protector -I/usr/pkgsrc/category/xcas/work/.buildlink/include
[*] /usr/pkgsrc/category/xcas/work/.tools/bin/mkdir .libs
<.> /bin/mkdir -p .libs
[*] cc -c -O2 -D_FORTIFY_SOURCE=2 conftest.c
<.> /usr/pkgsrc/category/xcas/work/.gcc/bin/gcc -fcommon -m64 -c -O2 -D_FORTIFY_SOURCE=2 conftest.c -D_FORTIFY_SOURCE=2 -fstack-protector -I/usr/pkgsrc/category/xcas/work/.buildlink/include
[*] cc -o conftest -O2 -D_FORTIFY_SOURCE=2 -Wl,-R/usr/pkg/lib conftest.c
<.> /usr/pkgsrc/category/xcas/work/.gcc/bin/gcc -fcommon -m64 -o conftest -O2 -D_FORTIFY_SOURCE=2 -Wl,-rpath,/usr/pkg/lib conftest.c -D_FORTIFY_SOURCE=2 -fstack-protector -I/usr/pkgsrc/category/xcas/work/.buildlink/include
[*] cc -c -O2 -D_FORTIFY_SOURCE=2 -fno-rtti -fno-exceptions conftest.c
<.> /usr/pkgsrc/category/xcas/work/.gcc/bin/gcc -fcommon -m64 -c -O2 -D_FORTIFY_SOURCE=2 -fno-rtti -fno-exceptions conftest.c -D_FORTIFY_SOURCE=2 -fstack-protector -I/usr/pkgsrc/category/xcas/work/.buildlink/include
[*] cc -c -O2 -D_FORTIFY_SOURCE=2 -fPIC -DPIC -DPIC conftest.c
<.> /usr/pkgsrc/category/xcas/work/.gcc/bin/gcc -fcommon -m64 -c -O2 -D_FORTIFY_SOURCE=2 -fPIC -DPIC -DPIC conftest.c -D_FORTIFY_SOURCE=2 -fstack-protector -I/usr/pkgsrc/category/xcas/work/.buildlink/include
[*] cc -o conftest -O2 -D_FORTIFY_SOURCE=2 -Wl,-R/usr/pkg/lib -static conftest.c
<.> /usr/pkgsrc/category/xcas/work/.gcc/bin/gcc -fcommon -m64 -o conftest -O2 -D_FORTIFY_SOURCE=2 -Wl,-rpath,/usr/pkg/lib -static conftest.c -D_FORTIFY_SOURCE=2 -fstack-protector -I/usr/pkgsrc/category/xcas/work/.buildlink/include
[*] /usr/pkgsrc/category/xcas/work/.tools/bin/mkdir conftest
<.> /bin/mkdir -p conftest
[*] /usr/pkgsrc/category/xcas/work/.tools/bin/mkdir out
<.> /bin/mkdir -p out
[*] cc -c -O2 -D_FORTIFY_SOURCE=2 -o out/conftest2.o conftest.c
<.> /usr/pkgsrc/category/xcas/work/.gcc/bin/gcc -fcommon -m64 -c -O2 -D_FORTIFY_SOURCE=2 -o out/conftest2.o conftest.c -D_FORTIFY_SOURCE=2 -fstack-protector -I/usr/pkgsrc/category/xcas/work/.buildlink/include
[*] ld -m elf_x86_64 --help
<.> ld -m elf_x86_64 --help
[*] ld -m elf_x86_64 -v
<.> ld -m elf_x86_64 -v
[*] ld -m elf_x86_64 --help
<.> ld -m elf_x86_64 --help
[*] cc -V
<.> /usr/pkgsrc/category/xcas/work/.gcc/bin/gcc -fcommon -m64 -V -D_FORTIFY_SOURCE=2 -fstack-protector -I/usr/pkgsrc/category/xcas/work/.buildlink/include
[*] cc -c -O2 -D_FORTIFY_SOURCE=2 conftest.c
<.> /usr/pkgsrc/category/xcas/work/.gcc/bin/gcc -fcommon -m64 -c -O2 -D_FORTIFY_SOURCE=2 conftest.c -D_FORTIFY_SOURCE=2 -fstack-protector -I/usr/pkgsrc/category/xcas/work/.buildlink/include
[*] cc -shared conftest.o -v -Wl,-soname -Wl,conftest -o conftest
<.> /usr/pkgsrc/category/xcas/work/.gcc/bin/gcc -fcommon -m64 -shared conftest.o -v -Wl,-soname -Wl,conftest -o conftest -D_FORTIFY_SOURCE=2 -fstack-protector -I/usr/pkgsrc/category/xcas/work/.buildlink/include
[*] cc -print-search-dirs
<.> /usr/pkgsrc/category/xcas/work/.gcc/bin/gcc -fcommon -m64 -print-search-dirs -D_FORTIFY_SOURCE=2 -fstack-protector -I/usr/pkgsrc/category/xcas/work/.buildlink/include
[*] cc -O2 -D_FORTIFY_SOURCE=2 -Wl,-R/usr/pkg/lib -print-multi-os-directory
<.> /usr/pkgsrc/category/xcas/work/.gcc/bin/gcc -fcommon -m64 -O2 -D_FORTIFY_SOURCE=2 -Wl,-rpath,/usr/pkg/lib -print-multi-os-directory -D_FORTIFY_SOURCE=2 -fstack-protector -I/usr/pkgsrc/category/xcas/work/.buildlink/include
[*] cc -o conftest -O2 -D_FORTIFY_SOURCE=2 -Wl,-R/usr/pkg/lib -Wl,-rpath -Wl,/foo conftest.c
<.> /usr/pkgsrc/category/xcas/work/.gcc/bin/gcc -fcommon -m64 -o conftest -O2 -D_FORTIFY_SOURCE=2 -Wl,-rpath,/usr/pkg/lib conftest.c -D_FORTIFY_SOURCE=2 -fstack-protector -I/usr/pkgsrc/category/xcas/work/.buildlink/include
[*] c++ -c -O2 -D_FORTIFY_SOURCE=2 conftest.cpp
<.> /usr/pkgsrc/category/xcas/work/.gcc/bin/g++ -m64 -c -O2 -D_FORTIFY_SOURCE=2 conftest.cpp -fstack-protector -I/usr/pkgsrc/category/xcas/work/.buildlink/include
[*] c++ -o conftest -O2 -D_FORTIFY_SOURCE=2 -Wl,-R/usr/pkg/lib conftest.cpp
<.> /usr/pkgsrc/category/xcas/work/.gcc/bin/g++ -m64 -o conftest -O2 -D_FORTIFY_SOURCE=2 -Wl,-rpath,/usr/pkg/lib conftest.cpp -fstack-protector -I/usr/pkgsrc/category/xcas/work/.buildlink/include
[*] c++ -print-prog-name=ld
<.> /usr/pkgsrc/category/xcas/work/.gcc/bin/g++ -m64 -print-prog-name=ld -fstack-protector -I/usr/pkgsrc/category/xcas/work/.buildlink/include
[*] ld -m elf_x86_64 -v
<.> ld -m elf_x86_64 -v
[*] c++ -print-prog-name=ld
<.> /usr/pkgsrc/category/xcas/work/.gcc/bin/g++ -m64 -print-prog-name=ld -fstack-protector -I/usr/pkgsrc/category/xcas/work/.buildlink/include
[*] ld --help
<.> ld --help
[*] c++ -V
<.> /usr/pkgsrc/category/xcas/work/.gcc/bin/g++ -m64 -V -fstack-protector -I/usr/pkgsrc/category/xcas/work/.buildlink/include
[*] c++ -c -O2 -D_FORTIFY_SOURCE=2 conftest.cpp
<.> /usr/pkgsrc/category/xcas/work/.gcc/bin/g++ -m64 -c -O2 -D_FORTIFY_SOURCE=2 conftest.cpp -fstack-protector -I/usr/pkgsrc/category/xcas/work/.buildlink/include
[*] c++ -shared -O2 -D_FORTIFY_SOURCE=2 -v conftest.o
<.> /usr/pkgsrc/category/xcas/work/.gcc/bin/g++ -m64 -shared -O2 -D_FORTIFY_SOURCE=2 -v conftest.o -fstack-protector -I/usr/pkgsrc/category/xcas/work/.buildlink/include
[*] c++ -V
<.> /usr/pkgsrc/category/xcas/work/.gcc/bin/g++ -m64 -V -fstack-protector -I/usr/pkgsrc/category/xcas/work/.buildlink/include
[*] c++ -c -O2 -D_FORTIFY_SOURCE=2 -fPIC -DPIC -DPIC conftest.cpp
<.> /usr/pkgsrc/category/xcas/work/.gcc/bin/g++ -m64 -c -O2 -D_FORTIFY_SOURCE=2 -fPIC -DPIC -DPIC conftest.cpp -fstack-protector -I/usr/pkgsrc/category/xcas/work/.buildlink/include
[*] c++ -o conftest -O2 -D_FORTIFY_SOURCE=2 -Wl,-R/usr/pkg/lib -static conftest.cpp
<.> /usr/pkgsrc/category/xcas/work/.gcc/bin/g++ -m64 -o conftest -O2 -D_FORTIFY_SOURCE=2 -Wl,-rpath,/usr/pkg/lib -static conftest.cpp -fstack-protector -I/usr/pkgsrc/category/xcas/work/.buildlink/include
[*] /usr/pkgsrc/category/xcas/work/.tools/bin/mkdir conftest
<.> /bin/mkdir -p conftest
[*] /usr/pkgsrc/category/xcas/work/.tools/bin/mkdir out
<.> /bin/mkdir -p out
[*] c++ -c -O2 -D_FORTIFY_SOURCE=2 -o out/conftest2.o conftest.cpp
<.> /usr/pkgsrc/category/xcas/work/.gcc/bin/g++ -m64 -c -O2 -D_FORTIFY_SOURCE=2 -o out/conftest2.o conftest.cpp -fstack-protector -I/usr/pkgsrc/category/xcas/work/.buildlink/include
[*] c++ -o conftest -O2 -D_FORTIFY_SOURCE=2 -Wl,-R/usr/pkg/lib -Wl,-rpath -Wl,/foo conftest.cpp
<.> /usr/pkgsrc/category/xcas/work/.gcc/bin/g++ -m64 -o conftest -O2 -D_FORTIFY_SOURCE=2 -Wl,-rpath,/usr/pkg/lib conftest.cpp -fstack-protector -I/usr/pkgsrc/category/xcas/work/.buildlink/include
[*] c++ -o conftest -O2 -D_FORTIFY_SOURCE=2 -Wl,-R/usr/pkg/lib conftest.cpp
<.> /usr/pkgsrc/category/xcas/work/.gcc/bin/g++ -m64 -o conftest -O2 -D_FORTIFY_SOURCE=2 -Wl,-rpath,/usr/pkg/lib conftest.cpp -fstack-protector -I/usr/pkgsrc/category/xcas/work/.buildlink/include
[*] c++ -o conftest -O2 -D_FORTIFY_SOURCE=2 -Wl,-R/usr/pkg/lib conftest.cpp -lfl
<.> /usr/pkgsrc/category/xcas/work/.gcc/bin/g++ -m64 -o conftest -O2 -D_FORTIFY_SOURCE=2 -Wl,-rpath,/usr/pkg/lib conftest.cpp -lfl -fstack-protector -I/usr/pkgsrc/category/xcas/work/.buildlink/include
[*] c++ -o conftest -O2 -D_FORTIFY_SOURCE=2 -Wl,-R/usr/pkg/lib conftest.cpp -ll
<.> /usr/pkgsrc/category/xcas/work/.gcc/bin/g++ -m64 -o conftest -O2 -D_FORTIFY_SOURCE=2 -Wl,-rpath,/usr/pkg/lib conftest.cpp -ll -fstack-protector -I/usr/pkgsrc/category/xcas/work/.buildlink/include
[*] c++ -o conftest -O2 -D_FORTIFY_SOURCE=2 -Wl,-R/usr/pkg/lib conftest.cpp
<.> /usr/pkgsrc/category/xcas/work/.gcc/bin/g++ -m64 -o conftest -O2 -D_FORTIFY_SOURCE=2 -Wl,-rpath,/usr/pkg/lib conftest.cpp -fstack-protector -I/usr/pkgsrc/category/xcas/work/.buildlink/include
[*] c++ -c -O2 -D_FORTIFY_SOURCE=2 conftest.cpp
<.> /usr/pkgsrc/category/xcas/work/.gcc/bin/g++ -m64 -c -O2 -D_FORTIFY_SOURCE=2 conftest.cpp -fstack-protector -I/usr/pkgsrc/category/xcas/work/.buildlink/include
[*] c++ -c -O2 -D_FORTIFY_SOURCE=2 conftest.cpp
<.> /usr/pkgsrc/category/xcas/work/.gcc/bin/g++ -m64 -c -O2 -D_FORTIFY_SOURCE=2 conftest.cpp -fstack-protector -I/usr/pkgsrc/category/xcas/work/.buildlink/include
[*] c++ -c -O2 -D_FORTIFY_SOURCE=2 conftest.cpp
<.> /usr/pkgsrc/category/xcas/work/.gcc/bin/g++ -m64 -c -O2 -D_FORTIFY_SOURCE=2 conftest.cpp -fstack-protector -I/usr/pkgsrc/category/xcas/work/.buildlink/include
[*] c++ -c -O2 -D_FORTIFY_SOURCE=2 conftest.cpp
<.> /usr/pkgsrc/category/xcas/work/.gcc/bin/g++ -m64 -c -O2 -D_FORTIFY_SOURCE=2 conftest.cpp -fstack-protector -I/usr/pkgsrc/category/xcas/work/.buildlink/include
[*] c++ -c -O2 -D_FORTIFY_SOURCE=2 conftest.cpp
<.> /usr/pkgsrc/category/xcas/work/.gcc/bin/g++ -m64 -c -O2 -D_FORTIFY_SOURCE=2 conftest.cpp -fstack-protector -I/usr/pkgsrc/category/xcas/work/.buildlink/include
[*] c++ -E conftest.cpp
<.> /usr/pkgsrc/category/xcas/work/.gcc/bin/g++ -m64 -E conftest.cpp -fstack-protector -I/usr/pkgsrc/category/xcas/work/.buildlink/include
[*] c++ -o conftest -O2 -D_FORTIFY_SOURCE=2 -Wl,-R/usr/pkg/lib conftest.cpp -lgmp
<.> /usr/pkgsrc/category/xcas/work/.gcc/bin/g++ -m64 -o conftest -O2 -D_FORTIFY_SOURCE=2 -Wl,-rpath,/usr/pkg/lib conftest.cpp -lgmp -fstack-protector -I/usr/pkgsrc/category/xcas/work/.buildlink/include
[*] c++ -c -O2 -D_FORTIFY_SOURCE=2 conftest.cpp
<.> /usr/pkgsrc/category/xcas/work/.gcc/bin/g++ -m64 -c -O2 -D_FORTIFY_SOURCE=2 conftest.cpp -fstack-protector -I/usr/pkgsrc/category/xcas/work/.buildlink/include
[*] c++ -E conftest.cpp
<.> /usr/pkgsrc/category/xcas/work/.gcc/bin/g++ -m64 -E conftest.cpp -fstack-protector -I/usr/pkgsrc/category/xcas/work/.buildlink/include
[*] c++ -o conftest -O2 -D_FORTIFY_SOURCE=2 -Wl,-R/usr/pkg/lib conftest.cpp -lmpfr -lgmp
<.> /usr/pkgsrc/category/xcas/work/.gcc/bin/g++ -m64 -o conftest -O2 -D_FORTIFY_SOURCE=2 -Wl,-rpath,/usr/pkg/lib conftest.cpp -lmpfr -lgmp -fstack-protector -I/usr/pkgsrc/category/xcas/work/.buildlink/include
[*] c++ -o conftest -O2 -D_FORTIFY_SOURCE=2 -Wl,-R/usr/pkg/lib conftest.cpp -lmpfr -lgmp
<.> /usr/pkgsrc/category/xcas/work/.gcc/bin/g++ -m64 -o conftest -O2 -D_FORTIFY_SOURCE=2 -Wl,-rpath,/usr/pkg/lib conftest.cpp -lmpfr -lgmp -fstack-protector -I/usr/pkgsrc/category/xcas/work/.buildlink/include
[*] c++ -c -O2 -D_FORTIFY_SOURCE=2 conftest.cpp
<.> /usr/pkgsrc/category/xcas/work/.gcc/bin/g++ -m64 -c -O2 -D_FORTIFY_SOURCE=2 conftest.cpp -fstack-protector -I/usr/pkgsrc/category/xcas/work/.buildlink/include
[*] c++ -E conftest.cpp
<.> /usr/pkgsrc/category/xcas/work/.gcc/bin/g++ -m64 -E conftest.cpp -fstack-protector -I/usr/pkgsrc/category/xcas/work/.buildlink/include
[*] c++ -c -O2 -D_FORTIFY_SOURCE=2 conftest.cpp
<.> /usr/pkgsrc/category/xcas/work/.gcc/bin/g++ -m64 -c -O2 -D_FORTIFY_SOURCE=2 conftest.cpp -fstack-protector -I/usr/pkgsrc/category/xcas/work/.buildlink/include
[*] c++ -E conftest.cpp
<.> /usr/pkgsrc/category/xcas/work/.gcc/bin/g++ -m64 -E conftest.cpp -fstack-protector -I/usr/pkgsrc/category/xcas/work/.buildlink/include
[*] c++ -c -O2 -D_FORTIFY_SOURCE=2 conftest.cpp
<.> /usr/pkgsrc/category/xcas/work/.gcc/bin/g++ -m64 -c -O2 -D_FORTIFY_SOURCE=2 conftest.cpp -fstack-protector -I/usr/pkgsrc/category/xcas/work/.buildlink/include
[*] c++ -E conftest.cpp
<.> /usr/pkgsrc/category/xcas/work/.gcc/bin/g++ -m64 -E conftest.cpp -fstack-protector -I/usr/pkgsrc/category/xcas/work/.buildlink/include
[*] c++ -o conftest -O2 -D_FORTIFY_SOURCE=2 -Wl,-R/usr/pkg/lib conftest.cpp -lm -lmpfr -lgmp
<.> /usr/pkgsrc/category/xcas/work/.gcc/bin/g++ -m64 -o conftest -O2 -D_FORTIFY_SOURCE=2 -Wl,-rpath,/usr/pkg/lib conftest.cpp -lm -lmpfr -lgmp -fstack-protector -I/usr/pkgsrc/category/xcas/work/.buildlink/include
[*] c++ -c -O2 -D_FORTIFY_SOURCE=2 conftest.cpp
<.> /usr/pkgsrc/category/xcas/work/.gcc/bin/g++ -m64 -c -O2 -D_FORTIFY_SOURCE=2 conftest.cpp -fstack-protector -I/usr/pkgsrc/category/xcas/work/.buildlink/include
[*] c++ -E conftest.cpp
<.> /usr/pkgsrc/category/xcas/work/.gcc/bin/g++ -m64 -E conftest.cpp -fstack-protector -I/usr/pkgsrc/category/xcas/work/.buildlink/include
[*] c++ -o conftest -O2 -D_FORTIFY_SOURCE=2 -Wl,-R/usr/pkg/lib conftest.cpp -lm -lmpfr -lgmp
<.> /usr/pkgsrc/category/xcas/work/.gcc/bin/g++ -m64 -o conftest -O2 -D_FORTIFY_SOURCE=2 -Wl,-rpath,/usr/pkg/lib conftest.cpp -lm -lmpfr -lgmp -fstack-protector -I/usr/pkgsrc/category/xcas/work/.buildlink/include
[*] c++ -o conftest -O2 -D_FORTIFY_SOURCE=2 -Wl,-R/usr/pkg/lib conftest.cpp -lpng16 -lm -lmpfr -lgmp
<.> /usr/pkgsrc/category/xcas/work/.gcc/bin/g++ -m64 -o conftest -O2 -D_FORTIFY_SOURCE=2 -Wl,-rpath,/usr/pkg/lib conftest.cpp -lpng16 -lm -lmpfr -lgmp -fstack-protector -I/usr/pkgsrc/category/xcas/work/.buildlink/include
[*] c++ -o conftest -O2 -D_FORTIFY_SOURCE=2 -Wl,-R/usr/pkg/lib conftest.cpp -ldl -lpng16 -lm -lmpfr -lgmp
<.> /usr/pkgsrc/category/xcas/work/.gcc/bin/g++ -m64 -o conftest -O2 -D_FORTIFY_SOURCE=2 -Wl,-rpath,/usr/pkg/lib conftest.cpp -ldl -lpng16 -lm -lmpfr -lgmp -fstack-protector -I/usr/pkgsrc/category/xcas/work/.buildlink/include
[*] c++ -o conftest -O2 -D_FORTIFY_SOURCE=2 -Wl,-R/usr/pkg/lib conftest.cpp -ldl -lpng16 -lm -lmpfr -lgmp
<.> /usr/pkgsrc/category/xcas/work/.gcc/bin/g++ -m64 -o conftest -O2 -D_FORTIFY_SOURCE=2 -Wl,-rpath,/usr/pkg/lib conftest.cpp -ldl -lpng16 -lm -lmpfr -lgmp -fstack-protector -I/usr/pkgsrc/category/xcas/work/.buildlink/include
[*] c++ -o conftest -O2 -D_FORTIFY_SOURCE=2 -Wl,-R/usr/pkg/lib conftest.cpp -ldl -lpng16 -lm -lmpfr -lgmp
<.> /usr/pkgsrc/category/xcas/work/.gcc/bin/g++ -m64 -o conftest -O2 -D_FORTIFY_SOURCE=2 -Wl,-rpath,/usr/pkg/lib conftest.cpp -ldl -lpng16 -lm -lmpfr -lgmp -fstack-protector -I/usr/pkgsrc/category/xcas/work/.buildlink/include
[*] c++ -o conftest -O2 -D_FORTIFY_SOURCE=2 -Wl,-R/usr/pkg/lib conftest.cpp -ldl -lpng16 -lm -lmpfr -lgmp
<.> /usr/pkgsrc/category/xcas/work/.gcc/bin/g++ -m64 -o conftest -O2 -D_FORTIFY_SOURCE=2 -Wl,-rpath,/usr/pkg/lib conftest.cpp -ldl -lpng16 -lm -lmpfr -lgmp -fstack-protector -I/usr/pkgsrc/category/xcas/work/.buildlink/include
[*] c++ -o conftest -O2 -D_FORTIFY_SOURCE=2 -Wl,-R/usr/pkg/lib conftest.cpp -ldl -lpng16 -lm -lmpfr -lgmp
<.> /usr/pkgsrc/category/xcas/work/.gcc/bin/g++ -m64 -o conftest -O2 -D_FORTIFY_SOURCE=2 -Wl,-rpath,/usr/pkg/lib conftest.cpp -ldl -lpng16 -lm -lmpfr -lgmp -fstack-protector -I/usr/pkgsrc/category/xcas/work/.buildlink/include
[*] c++ -c -O2 -D_FORTIFY_SOURCE=2 conftest.cpp
<.> /usr/pkgsrc/category/xcas/work/.gcc/bin/g++ -m64 -c -O2 -D_FORTIFY_SOURCE=2 conftest.cpp -fstack-protector -I/usr/pkgsrc/category/xcas/work/.buildlink/include
[*] c++ -E conftest.cpp
<.> /usr/pkgsrc/category/xcas/work/.gcc/bin/g++ -m64 -E conftest.cpp -fstack-protector -I/usr/pkgsrc/category/xcas/work/.buildlink/include
[*] c++ -c -O2 -D_FORTIFY_SOURCE=2 conftest.cpp
<.> /usr/pkgsrc/category/xcas/work/.gcc/bin/g++ -m64 -c -O2 -D_FORTIFY_SOURCE=2 conftest.cpp -fstack-protector -I/usr/pkgsrc/category/xcas/work/.buildlink/include
[*] c++ -E conftest.cpp
<.> /usr/pkgsrc/category/xcas/work/.gcc/bin/g++ -m64 -E conftest.cpp -fstack-protector -I/usr/pkgsrc/category/xcas/work/.buildlink/include
[*] c++ -o conftest -O2 -D_FORTIFY_SOURCE=2 -Wl,-R/usr/pkg/lib conftest.cpp -lgfortran -ldl -lpng16 -lm -lmpfr -lgmp
<.> /usr/pkgsrc/category/xcas/work/.gcc/bin/g++ -m64 -o conftest -O2 -D_FORTIFY_SOURCE=2 -Wl,-rpath,/usr/pkg/lib conftest.cpp -lgfortran -ldl -lpng16 -lm -lmpfr -lgmp -fstack-protector -I/usr/pkgsrc/category/xcas/work/.buildlink/include
[*] c++ -o conftest -O2 -D_FORTIFY_SOURCE=2 -Wl,-R/usr/pkg/lib conftest.cpp -lblas -lgfortran -ldl -lpng16 -lm -lmpfr -lgmp
<.> /usr/pkgsrc/category/xcas/work/.gcc/bin/g++ -m64 -o conftest -O2 -D_FORTIFY_SOURCE=2 -Wl,-rpath,/usr/pkg/lib conftest.cpp -lblas -lgfortran -ldl -lpng16 -lm -lmpfr -lgmp -fstack-protector -I/usr/pkgsrc/category/xcas/work/.buildlink/include
[*] c++ -o conftest -O2 -D_FORTIFY_SOURCE=2 -Wl,-R/usr/pkg/lib conftest.cpp -llapack -lblas -lgfortran -ldl -lpng16 -lm -lmpfr -lgmp
<.> /usr/pkgsrc/category/xcas/work/.gcc/bin/g++ -m64 -o conftest -O2 -D_FORTIFY_SOURCE=2 -Wl,-rpath,/usr/pkg/lib conftest.cpp -llapack -lblas -lgfortran -ldl -lpng16 -lm -lmpfr -lgmp -fstack-protector -I/usr/pkgsrc/category/xcas/work/.buildlink/include
[*] c++ -c -O2 -D_FORTIFY_SOURCE=2 conftest.cpp
<.> /usr/pkgsrc/category/xcas/work/.gcc/bin/g++ -m64 -c -O2 -D_FORTIFY_SOURCE=2 conftest.cpp -fstack-protector -I/usr/pkgsrc/category/xcas/work/.buildlink/include
[*] c++ -E conftest.cpp
<.> /usr/pkgsrc/category/xcas/work/.gcc/bin/g++ -m64 -E conftest.cpp -fstack-protector -I/usr/pkgsrc/category/xcas/work/.buildlink/include
[*] c++ -c -O2 -D_FORTIFY_SOURCE=2 conftest.cpp
<.> /usr/pkgsrc/category/xcas/work/.gcc/bin/g++ -m64 -c -O2 -D_FORTIFY_SOURCE=2 conftest.cpp -fstack-protector -I/usr/pkgsrc/category/xcas/work/.buildlink/include
[*] c++ -E conftest.cpp
<.> /usr/pkgsrc/category/xcas/work/.gcc/bin/g++ -m64 -E conftest.cpp -fstack-protector -I/usr/pkgsrc/category/xcas/work/.buildlink/include
[*] c++ -c -O2 -D_FORTIFY_SOURCE=2 conftest.cpp
<.> /usr/pkgsrc/category/xcas/work/.gcc/bin/g++ -m64 -c -O2 -D_FORTIFY_SOURCE=2 conftest.cpp -fstack-protector -I/usr/pkgsrc/category/xcas/work/.buildlink/include
[*] c++ -E conftest.cpp
<.> /usr/pkgsrc/category/xcas/work/.gcc/bin/g++ -m64 -E conftest.cpp -fstack-protector -I/usr/pkgsrc/category/xcas/work/.buildlink/include
[*] c++ -o conftest -O2 -D_FORTIFY_SOURCE=2 -Wl,-R/usr/pkg/lib conftest.cpp -lgmpxx -llapack -lblas -lgfortran -ldl -lpng16 -lm -lmpfr -lgmp
<.> /usr/pkgsrc/category/xcas/work/.gcc/bin/g++ -m64 -o conftest -O2 -D_FORTIFY_SOURCE=2 -Wl,-rpath,/usr/pkg/lib conftest.cpp -lgmpxx -llapack -lblas -lgfortran -ldl -lpng16 -lm -lmpfr -lgmp -fstack-protector -I/usr/pkgsrc/category/xcas/work/.buildlink/include
[*] c++ -c -O2 -D_FORTIFY_SOURCE=2 conftest.cpp
<.> /usr/pkgsrc/category/xcas/work/.gcc/bin/g++ -m64 -c -O2 -D_FORTIFY_SOURCE=2 conftest.cpp -fstack-protector -I/usr/pkgsrc/category/xcas/work/.buildlink/include
[*] c++ -E conftest.cpp
<.> /usr/pkgsrc/category/xcas/work/.gcc/bin/g++ -m64 -E conftest.cpp -fstack-protector -I/usr/pkgsrc/category/xcas/work/.buildlink/include
[*] c++ -c -O2 -D_FORTIFY_SOURCE=2 conftest.cpp
<.> /usr/pkgsrc/category/xcas/work/.gcc/bin/g++ -m64 -c -O2 -D_FORTIFY_SOURCE=2 conftest.cpp -fstack-protector -I/usr/pkgsrc/category/xcas/work/.buildlink/include
[*] c++ -E conftest.cpp
<.> /usr/pkgsrc/category/xcas/work/.gcc/bin/g++ -m64 -E conftest.cpp -fstack-protector -I/usr/pkgsrc/category/xcas/work/.buildlink/include
[*] c++ -c -O2 -D_FORTIFY_SOURCE=2 conftest.cpp
<.> /usr/pkgsrc/category/xcas/work/.gcc/bin/g++ -m64 -c -O2 -D_FORTIFY_SOURCE=2 conftest.cpp -fstack-protector -I/usr/pkgsrc/category/xcas/work/.buildlink/include
[*] c++ -E conftest.cpp
<.> /usr/pkgsrc/category/xcas/work/.gcc/bin/g++ -m64 -E conftest.cpp -fstack-protector -I/usr/pkgsrc/category/xcas/work/.buildlink/include
[*] c++ -c -O2 -D_FORTIFY_SOURCE=2 conftest.cpp
<.> /usr/pkgsrc/category/xcas/work/.gcc/bin/g++ -m64 -c -O2 -D_FORTIFY_SOURCE=2 conftest.cpp -fstack-protector -I/usr/pkgsrc/category/xcas/work/.buildlink/include
[*] c++ -E conftest.cpp
<.> /usr/pkgsrc/category/xcas/work/.gcc/bin/g++ -m64 -E conftest.cpp -fstack-protector -I/usr/pkgsrc/category/xcas/work/.buildlink/include
[*] c++ -c -O2 -D_FORTIFY_SOURCE=2 conftest.cpp
<.> /usr/pkgsrc/category/xcas/work/.gcc/bin/g++ -m64 -c -O2 -D_FORTIFY_SOURCE=2 conftest.cpp -fstack-protector -I/usr/pkgsrc/category/xcas/work/.buildlink/include
[*] c++ -E conftest.cpp
<.> /usr/pkgsrc/category/xcas/work/.gcc/bin/g++ -m64 -E conftest.cpp -fstack-protector -I/usr/pkgsrc/category/xcas/work/.buildlink/include
[*] c++ -o conftest -O2 -D_FORTIFY_SOURCE=2 -Wl,-R/usr/pkg/lib conftest.cpp -lcurl -llapack -lblas -lgfortran -ldl -lpng16 -lm -lmpfr -lgmp
<.> /usr/pkgsrc/category/xcas/work/.gcc/bin/g++ -m64 -o conftest -O2 -D_FORTIFY_SOURCE=2 -Wl,-rpath,/usr/pkg/lib conftest.cpp -lcurl -llapack -lblas -lgfortran -ldl -lpng16 -lm -lmpfr -lgmp -fstack-protector -I/usr/pkgsrc/category/xcas/work/.buildlink/include
[*] c++ -o conftest -O2 -D_FORTIFY_SOURCE=2 -Wl,-R/usr/pkg/lib conftest.cpp -lcurl -llapack -lblas -lgfortran -ldl -lpng16 -lm -lmpfr -lgmp
<.> /usr/pkgsrc/category/xcas/work/.gcc/bin/g++ -m64 -o conftest -O2 -D_FORTIFY_SOURCE=2 -Wl,-rpath,/usr/pkg/lib conftest.cpp -lcurl -llapack -lblas -lgfortran -ldl -lpng16 -lm -lmpfr -lgmp -fstack-protector -I/usr/pkgsrc/category/xcas/work/.buildlink/include
[*] c++ -o conftest -O2 -D_FORTIFY_SOURCE=2 -Wl,-R/usr/pkg/lib conftest.cpp -lncurses -lcurl -llapack -lblas -lgfortran -ldl -lpng16 -lm -lmpfr -lgmp
<.> /usr/pkgsrc/category/xcas/work/.gcc/bin/g++ -m64 -o conftest -O2 -D_FORTIFY_SOURCE=2 -Wl,-rpath,/usr/pkg/lib conftest.cpp -lncurses -lcurl -llapack -lblas -lgfortran -ldl -lpng16 -lm -lmpfr -lgmp -fstack-protector -I/usr/pkgsrc/category/xcas/work/.buildlink/include
[*] c++ -c -O2 -D_FORTIFY_SOURCE=2 conftest.cpp
<.> /usr/pkgsrc/category/xcas/work/.gcc/bin/g++ -m64 -c -O2 -D_FORTIFY_SOURCE=2 conftest.cpp -fstack-protector -I/usr/pkgsrc/category/xcas/work/.buildlink/include
[*] c++ -E conftest.cpp
<.> /usr/pkgsrc/category/xcas/work/.gcc/bin/g++ -m64 -E conftest.cpp -fstack-protector -I/usr/pkgsrc/category/xcas/work/.buildlink/include
[*] c++ -c -O2 -D_FORTIFY_SOURCE=2 conftest.cpp
<.> /usr/pkgsrc/category/xcas/work/.gcc/bin/g++ -m64 -c -O2 -D_FORTIFY_SOURCE=2 conftest.cpp -fstack-protector -I/usr/pkgsrc/category/xcas/work/.buildlink/include
[*] c++ -E conftest.cpp
<.> /usr/pkgsrc/category/xcas/work/.gcc/bin/g++ -m64 -E conftest.cpp -fstack-protector -I/usr/pkgsrc/category/xcas/work/.buildlink/include
[*] c++ -c -O2 -D_FORTIFY_SOURCE=2 conftest.cpp
<.> /usr/pkgsrc/category/xcas/work/.gcc/bin/g++ -m64 -c -O2 -D_FORTIFY_SOURCE=2 conftest.cpp -fstack-protector -I/usr/pkgsrc/category/xcas/work/.buildlink/include
[*] c++ -o conftest -O2 -D_FORTIFY_SOURCE=2 -Wl,-R/usr/pkg/lib conftest.cpp -lreadline -lncurses -lcurl -llapack -lblas -lgfortran -ldl -lpng16 -lm -lmpfr -lgmp
<.> /usr/pkgsrc/category/xcas/work/.gcc/bin/g++ -m64 -o conftest -O2 -D_FORTIFY_SOURCE=2 -Wl,-rpath,/usr/pkg/lib conftest.cpp -lreadline -lncurses -lcurl -llapack -lblas -lgfortran -ldl -lpng16 -lm -lmpfr -lgmp -fstack-protector -I/usr/pkgsrc/category/xcas/work/.buildlink/include
[*] /usr/pkgsrc/category/xcas/work/.tools/bin/mkdir conftest.dir
<.> /bin/mkdir -p conftest.dir
[*] c++ -E conftest.cpp
<.> /usr/pkgsrc/category/xcas/work/.gcc/bin/g++ -m64 -E conftest.cpp -fstack-protector -I/usr/pkgsrc/category/xcas/work/.buildlink/include
[*] c++ -o conftest -O2 -D_FORTIFY_SOURCE=2 -Wl,-R/usr/pkg/lib conftest.cpp -lX11 -lcurl -llapack -lblas -lgfortran -ldl -lpng16 -lm -lmpfr -lgmp
<.> /usr/pkgsrc/category/xcas/work/.gcc/bin/g++ -m64 -o conftest -O2 -D_FORTIFY_SOURCE=2 -Wl,-rpath,/usr/pkg/lib conftest.cpp -lX11 -lcurl -llapack -lblas -lgfortran -ldl -lpng16 -lm -lmpfr -lgmp -fstack-protector -I/usr/pkgsrc/category/xcas/work/.buildlink/include
[*] c++ -o conftest -O2 -D_FORTIFY_SOURCE=2 -Wl,-R/usr/pkg/lib conftest.cpp -lcurl -llapack -lblas -lgfortran -ldl -lpng16 -lm -lmpfr -lgmp -lX11
<.> /usr/pkgsrc/category/xcas/work/.gcc/bin/g++ -m64 -o conftest -O2 -D_FORTIFY_SOURCE=2 -Wl,-rpath,/usr/pkg/lib conftest.cpp -lcurl -llapack -lblas -lgfortran -ldl -lpng16 -lm -lmpfr -lgmp -lX11 -fstack-protector -I/usr/pkgsrc/category/xcas/work/.buildlink/include
[*] c++ -o conftest -O2 -D_FORTIFY_SOURCE=2 -Wl,-R/usr/pkg/lib conftest.cpp -lcurl -llapack -lblas -lgfortran -ldl -lpng16 -lm -lmpfr -lgmp
<.> /usr/pkgsrc/category/xcas/work/.gcc/bin/g++ -m64 -o conftest -O2 -D_FORTIFY_SOURCE=2 -Wl,-rpath,/usr/pkg/lib conftest.cpp -lcurl -llapack -lblas -lgfortran -ldl -lpng16 -lm -lmpfr -lgmp -fstack-protector -I/usr/pkgsrc/category/xcas/work/.buildlink/include
[*] c++ -o conftest -O2 -D_FORTIFY_SOURCE=2 -Wl,-R/usr/pkg/lib conftest.cpp -lcurl -llapack -lblas -lgfortran -ldl -lpng16 -lm -lmpfr -lgmp
<.> /usr/pkgsrc/category/xcas/work/.gcc/bin/g++ -m64 -o conftest -O2 -D_FORTIFY_SOURCE=2 -Wl,-rpath,/usr/pkg/lib conftest.cpp -lcurl -llapack -lblas -lgfortran -ldl -lpng16 -lm -lmpfr -lgmp -fstack-protector -I/usr/pkgsrc/category/xcas/work/.buildlink/include
[*] c++ -o conftest -O2 -D_FORTIFY_SOURCE=2 -Wl,-R/usr/pkg/lib conftest.cpp -lcurl -llapack -lblas -lgfortran -ldl -lpng16 -lm -lmpfr -lgmp
<.> /usr/pkgsrc/category/xcas/work/.gcc/bin/g++ -m64 -o conftest -O2 -D_FORTIFY_SOURCE=2 -Wl,-rpath,/usr/pkg/lib conftest.cpp -lcurl -llapack -lblas -lgfortran -ldl -lpng16 -lm -lmpfr -lgmp -fstack-protector -I/usr/pkgsrc/category/xcas/work/.buildlink/include
[*] c++ -o conftest -O2 -D_FORTIFY_SOURCE=2 -Wl,-R/usr/pkg/lib conftest.cpp -lcurl -llapack -lblas -lgfortran -ldl -lpng16 -lm -lmpfr -lgmp
<.> /usr/pkgsrc/category/xcas/work/.gcc/bin/g++ -m64 -o conftest -O2 -D_FORTIFY_SOURCE=2 -Wl,-rpath,/usr/pkg/lib conftest.cpp -lcurl -llapack -lblas -lgfortran -ldl -lpng16 -lm -lmpfr -lgmp -fstack-protector -I/usr/pkgsrc/category/xcas/work/.buildlink/include
[*] c++ -o conftest -O2 -D_FORTIFY_SOURCE=2 -Wl,-R/usr/pkg/lib conftest.cpp -lICE -lcurl -llapack -lblas -lgfortran -ldl -lpng16 -lm -lmpfr -lgmp
<.> /usr/pkgsrc/category/xcas/work/.gcc/bin/g++ -m64 -o conftest -O2 -D_FORTIFY_SOURCE=2 -Wl,-rpath,/usr/pkg/lib conftest.cpp -lICE -lcurl -llapack -lblas -lgfortran -ldl -lpng16 -lm -lmpfr -lgmp -fstack-protector -I/usr/pkgsrc/category/xcas/work/.buildlink/include
[*] c++ -o conftest -O2 -D_FORTIFY_SOURCE=2 -Wl,-R/usr/pkg/lib conftest.cpp -lGL -lcurl -llapack -lblas -lgfortran -ldl -lpng16 -lm -lmpfr -lgmp
<.> /usr/pkgsrc/category/xcas/work/.gcc/bin/g++ -m64 -o conftest -O2 -D_FORTIFY_SOURCE=2 -Wl,-rpath,/usr/pkg/lib conftest.cpp -lGL -lcurl -llapack -lblas -lgfortran -ldl -lpng16 -lm -lmpfr -lgmp -fstack-protector -I/usr/pkgsrc/category/xcas/work/.buildlink/include
[*] c++ -o conftest -O2 -D_FORTIFY_SOURCE=2 -Wl,-R/usr/pkg/lib conftest.cpp -lX11 -lGL -lcurl -llapack -lblas -lgfortran -ldl -lpng16 -lm -lmpfr -lgmp
<.> /usr/pkgsrc/category/xcas/work/.gcc/bin/g++ -m64 -o conftest -O2 -D_FORTIFY_SOURCE=2 -Wl,-rpath,/usr/pkg/lib conftest.cpp -lX11 -lGL -lcurl -llapack -lblas -lgfortran -ldl -lpng16 -lm -lmpfr -lgmp -fstack-protector -I/usr/pkgsrc/category/xcas/work/.buildlink/include
[*] c++ -o conftest -O2 -D_FORTIFY_SOURCE=2 -Wl,-R/usr/pkg/lib conftest.cpp -lXinerama -lX11 -lGL -lcurl -llapack -lblas -lgfortran -ldl -lpng16 -lm -lmpfr -lgmp
<.> /usr/pkgsrc/category/xcas/work/.gcc/bin/g++ -m64 -o conftest -O2 -D_FORTIFY_SOURCE=2 -Wl,-rpath,/usr/pkg/lib conftest.cpp -lXinerama -lX11 -lGL -lcurl -llapack -lblas -lgfortran -ldl -lpng16 -lm -lmpfr -lgmp -fstack-protector -I/usr/pkgsrc/category/xcas/work/.buildlink/include
[*] c++ -o conftest -O2 -D_FORTIFY_SOURCE=2 -Wl,-R/usr/pkg/lib conftest.cpp -lfontconfig -lXinerama -lX11 -lGL -lcurl -llapack -lblas -lgfortran -ldl -lpng16 -lm -lmpfr -lgmp
<.> /usr/pkgsrc/category/xcas/work/.gcc/bin/g++ -m64 -o conftest -O2 -D_FORTIFY_SOURCE=2 -Wl,-rpath,/usr/pkg/lib conftest.cpp -lfontconfig -lXinerama -lX11 -lGL -lcurl -llapack -lblas -lgfortran -ldl -lpng16 -lm -lmpfr -lgmp -fstack-protector -I/usr/pkgsrc/category/xcas/work/.buildlink/include
[*] c++ -o conftest -O2 -D_FORTIFY_SOURCE=2 -Wl,-R/usr/pkg/lib conftest.cpp -lXft -lfontconfig -lXinerama -lX11 -lGL -lcurl -llapack -lblas -lgfortran -ldl -lpng16 -lm -lmpfr -lgmp
<.> /usr/pkgsrc/category/xcas/work/.gcc/bin/g++ -m64 -o conftest -O2 -D_FORTIFY_SOURCE=2 -Wl,-rpath,/usr/pkg/lib conftest.cpp -lXft -lfontconfig -lXinerama -lX11 -lGL -lcurl -llapack -lblas -lgfortran -ldl -lpng16 -lm -lmpfr -lgmp -fstack-protector -I/usr/pkgsrc/category/xcas/work/.buildlink/include
[*] c++ -o conftest -O2 -D_FORTIFY_SOURCE=2 -Wl,-R/usr/pkg/lib conftest.cpp -lXext -lXft -lfontconfig -lXinerama -lX11 -lGL -lcurl -llapack -lblas -lgfortran -ldl -lpng16 -lm -lmpfr -lgmp
<.> /usr/pkgsrc/category/xcas/work/.gcc/bin/g++ -m64 -o conftest -O2 -D_FORTIFY_SOURCE=2 -Wl,-rpath,/usr/pkg/lib conftest.cpp -lXext -lXft -lfontconfig -lXinerama -lX11 -lGL -lcurl -llapack -lblas -lgfortran -ldl -lpng16 -lm -lmpfr -lgmp -fstack-protector -I/usr/pkgsrc/category/xcas/work/.buildlink/include
[*] c++ -o conftest -O2 -D_FORTIFY_SOURCE=2 -Wl,-R/usr/pkg/lib conftest.cpp -lfltk_gl -lXext -lXft -lfontconfig -lXinerama -lX11 -lGL -lcurl -llapack -lblas -lgfortran -ldl -lpng16 -lm -lmpfr -lgmp
<.> /usr/pkgsrc/category/xcas/work/.gcc/bin/g++ -m64 -o conftest -O2 -D_FORTIFY_SOURCE=2 -Wl,-rpath,/usr/pkg/lib conftest.cpp -lfltk_gl -lXext -lXft -lfontconfig -lXinerama -lX11 -lGL -lcurl -llapack -lblas -lgfortran -ldl -lpng16 -lm -lmpfr -lgmp -fstack-protector -I/usr/pkgsrc/category/xcas/work/.buildlink/include
[*] c++ -o conftest -O2 -D_FORTIFY_SOURCE=2 -Wl,-R/usr/pkg/lib conftest.cpp -lfltk -lXext -lXft -lfontconfig -lXinerama -lX11 -lGL -lcurl -llapack -lblas -lgfortran -ldl -lpng16 -lm -lmpfr -lgmp
<.> /usr/pkgsrc/category/xcas/work/.gcc/bin/g++ -m64 -o conftest -O2 -D_FORTIFY_SOURCE=2 -Wl,-rpath,/usr/pkg/lib conftest.cpp -lfltk -lXext -lXft -lfontconfig -lXinerama -lX11 -lGL -lcurl -llapack -lblas -lgfortran -ldl -lpng16 -lm -lmpfr -lgmp -fstack-protector -I/usr/pkgsrc/category/xcas/work/.buildlink/include
[*] c++ -o conftest -O2 -D_FORTIFY_SOURCE=2 -Wl,-R/usr/pkg/lib conftest.cpp -lz -lXext -lXft -lfontconfig -lXinerama -lX11 -lGL -lcurl -llapack -lblas -lgfortran -ldl -lpng16 -lm -lmpfr -lgmp
<.> /usr/pkgsrc/category/xcas/work/.gcc/bin/g++ -m64 -o conftest -O2 -D_FORTIFY_SOURCE=2 -Wl,-rpath,/usr/pkg/lib conftest.cpp -lz -lXext -lXft -lfontconfig -lXinerama -lX11 -lGL -lcurl -llapack -lblas -lgfortran -ldl -lpng16 -lm -lmpfr -lgmp -fstack-protector -I/usr/pkgsrc/category/xcas/work/.buildlink/include
[*] c++ -o conftest -O2 -D_FORTIFY_SOURCE=2 -Wl,-R/usr/pkg/lib conftest.cpp -lpng -lz -lXext -lXft -lfontconfig -lXinerama -lX11 -lGL -lcurl -llapack -lblas -lgfortran -ldl -lpng16 -lm -lmpfr -lgmp
<.> /usr/pkgsrc/category/xcas/work/.gcc/bin/g++ -m64 -o conftest -O2 -D_FORTIFY_SOURCE=2 -Wl,-rpath,/usr/pkg/lib conftest.cpp -lpng -lz -lXext -lXft -lfontconfig -lXinerama -lX11 -lGL -lcurl -llapack -lblas -lgfortran -ldl -lpng16 -lm -lmpfr -lgmp -fstack-protector -I/usr/pkgsrc/category/xcas/work/.buildlink/include
[*] c++ -o conftest -O2 -D_FORTIFY_SOURCE=2 -Wl,-R/usr/pkg/lib conftest.cpp -ljpeg -lpng -lz -lXext -lXft -lfontconfig -lXinerama -lX11 -lGL -lcurl -llapack -lblas -lgfortran -ldl -lpng16 -lm -lmpfr -lgmp
<.> /usr/pkgsrc/category/xcas/work/.gcc/bin/g++ -m64 -o conftest -O2 -D_FORTIFY_SOURCE=2 -Wl,-rpath,/usr/pkg/lib conftest.cpp -ljpeg -lpng -lz -lXext -lXft -lfontconfig -lXinerama -lX11 -lGL -lcurl -llapack -lblas -lgfortran -ldl -lpng16 -lm -lmpfr -lgmp -fstack-protector -I/usr/pkgsrc/category/xcas/work/.buildlink/include
[*] c++ -o conftest -O2 -D_FORTIFY_SOURCE=2 -Wl,-R/usr/pkg/lib conftest.cpp -lfltk_images -ljpeg -lpng -lz -lXext -lXft -lfontconfig -lXinerama -lX11 -lGL -lcurl -llapack -lblas -lgfortran -ldl -lpng16 -lm -lmpfr -lgmp
<.> /usr/pkgsrc/category/xcas/work/.gcc/bin/g++ -m64 -o conftest -O2 -D_FORTIFY_SOURCE=2 -Wl,-rpath,/usr/pkg/lib conftest.cpp -lfltk_images -ljpeg -lpng -lz -lXext -lXft -lfontconfig -lXinerama -lX11 -lGL -lcurl -llapack -lblas -lgfortran -ldl -lpng16 -lm -lmpfr -lgmp -fstack-protector -I/usr/pkgsrc/category/xcas/work/.buildlink/include
[*] c++ -o conftest -O2 -D_FORTIFY_SOURCE=2 -Wl,-R/usr/pkg/lib conftest.cpp -lcliquer -lcurl -llapack -lblas -lgfortran -ldl -lpng16 -lm -lmpfr -lgmp
<.> /usr/pkgsrc/category/xcas/work/.gcc/bin/g++ -m64 -o conftest -O2 -D_FORTIFY_SOURCE=2 -Wl,-rpath,/usr/pkg/lib conftest.cpp -lcliquer -lcurl -llapack -lblas -lgfortran -ldl -lpng16 -lm -lmpfr -lgmp -fstack-protector -I/usr/pkgsrc/category/xcas/work/.buildlink/include
[*] c++ -o conftest -O2 -D_FORTIFY_SOURCE=2 -Wl,-R/usr/pkg/lib conftest.cpp -lnauty -lcurl -llapack -lblas -lgfortran -ldl -lpng16 -lm -lmpfr -lgmp
<.> /usr/pkgsrc/category/xcas/work/.gcc/bin/g++ -m64 -o conftest -O2 -D_FORTIFY_SOURCE=2 -Wl,-rpath,/usr/pkg/lib conftest.cpp -lnauty -lcurl -llapack -lblas -lgfortran -ldl -lpng16 -lm -lmpfr -lgmp -fstack-protector -I/usr/pkgsrc/category/xcas/work/.buildlink/include
[*] c++ -c -O2 -D_FORTIFY_SOURCE=2 conftest.cpp
<.> /usr/pkgsrc/category/xcas/work/.gcc/bin/g++ -m64 -c -O2 -D_FORTIFY_SOURCE=2 conftest.cpp -fstack-protector -I/usr/pkgsrc/category/xcas/work/.buildlink/include
[*] c++ -E conftest.cpp
<.> /usr/pkgsrc/category/xcas/work/.gcc/bin/g++ -m64 -E conftest.cpp -fstack-protector -I/usr/pkgsrc/category/xcas/work/.buildlink/include
[*] c++ -c -O2 -D_FORTIFY_SOURCE=2 conftest.cpp
<.> /usr/pkgsrc/category/xcas/work/.gcc/bin/g++ -m64 -c -O2 -D_FORTIFY_SOURCE=2 conftest.cpp -fstack-protector -I/usr/pkgsrc/category/xcas/work/.buildlink/include
[*] c++ -E conftest.cpp
<.> /usr/pkgsrc/category/xcas/work/.gcc/bin/g++ -m64 -E conftest.cpp -fstack-protector -I/usr/pkgsrc/category/xcas/work/.buildlink/include
[*] c++ -o conftest -O2 -D_FORTIFY_SOURCE=2 -Wl,-R/usr/pkg/lib conftest.cpp -lpthread -lcurl -llapack -lblas -lgfortran -ldl -lpng16 -lm -lmpfr -lgmp
<.> /usr/pkgsrc/category/xcas/work/.gcc/bin/g++ -m64 -o conftest -O2 -D_FORTIFY_SOURCE=2 -Wl,-rpath,/usr/pkg/lib conftest.cpp -lpthread -lcurl -llapack -lblas -lgfortran -ldl -lpng16 -lm -lmpfr -lgmp -fstack-protector -I/usr/pkgsrc/category/xcas/work/.buildlink/include
[*] c++ -c -O2 -D_FORTIFY_SOURCE=2 conftest.cpp
<.> /usr/pkgsrc/category/xcas/work/.gcc/bin/g++ -m64 -c -O2 -D_FORTIFY_SOURCE=2 conftest.cpp -fstack-protector -I/usr/pkgsrc/category/xcas/work/.buildlink/include
[*] c++ -E conftest.cpp
<.> /usr/pkgsrc/category/xcas/work/.gcc/bin/g++ -m64 -E conftest.cpp -fstack-protector -I/usr/pkgsrc/category/xcas/work/.buildlink/include
[*] c++ -c -O2 -D_FORTIFY_SOURCE=2 conftest.cpp
<.> /usr/pkgsrc/category/xcas/work/.gcc/bin/g++ -m64 -c -O2 -D_FORTIFY_SOURCE=2 conftest.cpp -fstack-protector -I/usr/pkgsrc/category/xcas/work/.buildlink/include
[*] c++ -E conftest.cpp
<.> /usr/pkgsrc/category/xcas/work/.gcc/bin/g++ -m64 -E conftest.cpp -fstack-protector -I/usr/pkgsrc/category/xcas/work/.buildlink/include
[*] c++ -o conftest -O2 -D_FORTIFY_SOURCE=2 -Wl,-R/usr/pkg/lib conftest.cpp -lpthread -lcurl -llapack -lblas -lgfortran -ldl -lpng16 -lm -lmpfr -lgmp
<.> /usr/pkgsrc/category/xcas/work/.gcc/bin/g++ -m64 -o conftest -O2 -D_FORTIFY_SOURCE=2 -Wl,-rpath,/usr/pkg/lib conftest.cpp -lpthread -lcurl -llapack -lblas -lgfortran -ldl -lpng16 -lm -lmpfr -lgmp -fstack-protector -I/usr/pkgsrc/category/xcas/work/.buildlink/include
[*] c++ -o conftest -O2 -D_FORTIFY_SOURCE=2 -Wl,-R/usr/pkg/lib conftest.cpp -lrt -lpthread -lcurl -llapack -lblas -lgfortran -ldl -lpng16 -lm -lmpfr -lgmp
<.> /usr/pkgsrc/category/xcas/work/.gcc/bin/g++ -m64 -o conftest -O2 -D_FORTIFY_SOURCE=2 -Wl,-rpath,/usr/pkg/lib conftest.cpp -lrt -lpthread -lcurl -llapack -lblas -lgfortran -ldl -lpng16 -lm -lmpfr -lgmp -fstack-protector -I/usr/pkgsrc/category/xcas/work/.buildlink/include
[*] c++ -c -O2 -D_FORTIFY_SOURCE=2 conftest.cpp
<.> /usr/pkgsrc/category/xcas/work/.gcc/bin/g++ -m64 -c -O2 -D_FORTIFY_SOURCE=2 conftest.cpp -fstack-protector -I/usr/pkgsrc/category/xcas/work/.buildlink/include
[*] c++ -E conftest.cpp
<.> /usr/pkgsrc/category/xcas/work/.gcc/bin/g++ -m64 -E conftest.cpp -fstack-protector -I/usr/pkgsrc/category/xcas/work/.buildlink/include
[*] c++ -c -O2 -D_FORTIFY_SOURCE=2 conftest.cpp
<.> /usr/pkgsrc/category/xcas/work/.gcc/bin/g++ -m64 -c -O2 -D_FORTIFY_SOURCE=2 conftest.cpp -fstack-protector -I/usr/pkgsrc/category/xcas/work/.buildlink/include
[*] c++ -E conftest.cpp
<.> /usr/pkgsrc/category/xcas/work/.gcc/bin/g++ -m64 -E conftest.cpp -fstack-protector -I/usr/pkgsrc/category/xcas/work/.buildlink/include
[*] c++ -c -O2 -D_FORTIFY_SOURCE=2 conftest.cpp
<.> /usr/pkgsrc/category/xcas/work/.gcc/bin/g++ -m64 -c -O2 -D_FORTIFY_SOURCE=2 conftest.cpp -fstack-protector -I/usr/pkgsrc/category/xcas/work/.buildlink/include
[*] c++ -E conftest.cpp
<.> /usr/pkgsrc/category/xcas/work/.gcc/bin/g++ -m64 -E conftest.cpp -fstack-protector -I/usr/pkgsrc/category/xcas/work/.buildlink/include
[*] c++ -c -O2 -D_FORTIFY_SOURCE=2 conftest.cpp
<.> /usr/pkgsrc/category/xcas/work/.gcc/bin/g++ -m64 -c -O2 -D_FORTIFY_SOURCE=2 conftest.cpp -fstack-protector -I/usr/pkgsrc/category/xcas/work/.buildlink/include
[*] c++ -E conftest.cpp
<.> /usr/pkgsrc/category/xcas/work/.gcc/bin/g++ -m64 -E conftest.cpp -fstack-protector -I/usr/pkgsrc/category/xcas/work/.buildlink/include
[*] c++ -c -O2 -D_FORTIFY_SOURCE=2 conftest.cpp
<.> /usr/pkgsrc/category/xcas/work/.gcc/bin/g++ -m64 -c -O2 -D_FORTIFY_SOURCE=2 conftest.cpp -fstack-protector -I/usr/pkgsrc/category/xcas/work/.buildlink/include
[*] c++ -E conftest.cpp
<.> /usr/pkgsrc/category/xcas/work/.gcc/bin/g++ -m64 -E conftest.cpp -fstack-protector -I/usr/pkgsrc/category/xcas/work/.buildlink/include
[*] c++ -c -O2 -D_FORTIFY_SOURCE=2 conftest.cpp
<.> /usr/pkgsrc/category/xcas/work/.gcc/bin/g++ -m64 -c -O2 -D_FORTIFY_SOURCE=2 conftest.cpp -fstack-protector -I/usr/pkgsrc/category/xcas/work/.buildlink/include
[*] c++ -E conftest.cpp
<.> /usr/pkgsrc/category/xcas/work/.gcc/bin/g++ -m64 -E conftest.cpp -fstack-protector -I/usr/pkgsrc/category/xcas/work/.buildlink/include
[*] c++ -c -O2 -D_FORTIFY_SOURCE=2 conftest.cpp
<.> /usr/pkgsrc/category/xcas/work/.gcc/bin/g++ -m64 -c -O2 -D_FORTIFY_SOURCE=2 conftest.cpp -fstack-protector -I/usr/pkgsrc/category/xcas/work/.buildlink/include
[*] c++ -E conftest.cpp
<.> /usr/pkgsrc/category/xcas/work/.gcc/bin/g++ -m64 -E conftest.cpp -fstack-protector -I/usr/pkgsrc/category/xcas/work/.buildlink/include
[*] c++ -c -O2 -D_FORTIFY_SOURCE=2 conftest.cpp
<.> /usr/pkgsrc/category/xcas/work/.gcc/bin/g++ -m64 -c -O2 -D_FORTIFY_SOURCE=2 conftest.cpp -fstack-protector -I/usr/pkgsrc/category/xcas/work/.buildlink/include
[*] c++ -E conftest.cpp
<.> /usr/pkgsrc/category/xcas/work/.gcc/bin/g++ -m64 -E conftest.cpp -fstack-protector -I/usr/pkgsrc/category/xcas/work/.buildlink/include
[*] c++ -c -O2 -D_FORTIFY_SOURCE=2 conftest.cpp
<.> /usr/pkgsrc/category/xcas/work/.gcc/bin/g++ -m64 -c -O2 -D_FORTIFY_SOURCE=2 conftest.cpp -fstack-protector -I/usr/pkgsrc/category/xcas/work/.buildlink/include
[*] c++ -E conftest.cpp
<.> /usr/pkgsrc/category/xcas/work/.gcc/bin/g++ -m64 -E conftest.cpp -fstack-protector -I/usr/pkgsrc/category/xcas/work/.buildlink/include
[*] c++ -c -O2 -D_FORTIFY_SOURCE=2 conftest.cpp
<.> /usr/pkgsrc/category/xcas/work/.gcc/bin/g++ -m64 -c -O2 -D_FORTIFY_SOURCE=2 conftest.cpp -fstack-protector -I/usr/pkgsrc/category/xcas/work/.buildlink/include
[*] c++ -E conftest.cpp
<.> /usr/pkgsrc/category/xcas/work/.gcc/bin/g++ -m64 -E conftest.cpp -fstack-protector -I/usr/pkgsrc/category/xcas/work/.buildlink/include
[*] c++ -o conftest -O2 -D_FORTIFY_SOURCE=2 -Wl,-R/usr/pkg/lib conftest.cpp -lrt -lpthread -lcurl -llapack -lblas -lgfortran -ldl -lpng16 -lm -lmpfr -lgmp
<.> /usr/pkgsrc/category/xcas/work/.gcc/bin/g++ -m64 -o conftest -O2 -D_FORTIFY_SOURCE=2 -Wl,-rpath,/usr/pkg/lib conftest.cpp -lrt -lpthread -lcurl -llapack -lblas -lgfortran -ldl -lpng16 -lm -lmpfr -lgmp -fstack-protector -I/usr/pkgsrc/category/xcas/work/.buildlink/include
[*] c++ -o conftest -O2 -D_FORTIFY_SOURCE=2 -Wl,-R/usr/pkg/lib conftest.cpp -lrt -lpthread -lcurl -llapack -lblas -lgfortran -ldl -lpng16 -lm -lmpfr -lgmp
<.> /usr/pkgsrc/category/xcas/work/.gcc/bin/g++ -m64 -o conftest -O2 -D_FORTIFY_SOURCE=2 -Wl,-rpath,/usr/pkg/lib conftest.cpp -lrt -lpthread -lcurl -llapack -lblas -lgfortran -ldl -lpng16 -lm -lmpfr -lgmp -fstack-protector -I/usr/pkgsrc/category/xcas/work/.buildlink/include
[*] c++ -o conftest -O2 -D_FORTIFY_SOURCE=2 -Wl,-R/usr/pkg/lib conftest.cpp -lrt -lpthread -lcurl -llapack -lblas -lgfortran -ldl -lpng16 -lm -lmpfr -lgmp
<.> /usr/pkgsrc/category/xcas/work/.gcc/bin/g++ -m64 -o conftest -O2 -D_FORTIFY_SOURCE=2 -Wl,-rpath,/usr/pkg/lib conftest.cpp -lrt -lpthread -lcurl -llapack -lblas -lgfortran -ldl -lpng16 -lm -lmpfr -lgmp -fstack-protector -I/usr/pkgsrc/category/xcas/work/.buildlink/include
[*] c++ -o conftest -O2 -D_FORTIFY_SOURCE=2 -Wl,-R/usr/pkg/lib conftest.cpp -lrt -lpthread -lcurl -llapack -lblas -lgfortran -ldl -lpng16 -lm -lmpfr -lgmp
<.> /usr/pkgsrc/category/xcas/work/.gcc/bin/g++ -m64 -o conftest -O2 -D_FORTIFY_SOURCE=2 -Wl,-rpath,/usr/pkg/lib conftest.cpp -lrt -lpthread -lcurl -llapack -lblas -lgfortran -ldl -lpng16 -lm -lmpfr -lgmp -fstack-protector -I/usr/pkgsrc/category/xcas/work/.buildlink/include
[*] c++ -E conftest.cpp
<.> /usr/pkgsrc/category/xcas/work/.gcc/bin/g++ -m64 -E conftest.cpp -fstack-protector -I/usr/pkgsrc/category/xcas/work/.buildlink/include
[*] c++ -o conftest -O2 -D_FORTIFY_SOURCE=2 -Wl,-R/usr/pkg/lib conftest.cpp -lcposix -lrt -lpthread -lcurl -llapack -lblas -lgfortran -ldl -lpng16 -lm -lmpfr -lgmp
<.> /usr/pkgsrc/category/xcas/work/.gcc/bin/g++ -m64 -o conftest -O2 -D_FORTIFY_SOURCE=2 -Wl,-rpath,/usr/pkg/lib conftest.cpp -lcposix -lrt -lpthread -lcurl -llapack -lblas -lgfortran -ldl -lpng16 -lm -lmpfr -lgmp -fstack-protector -I/usr/pkgsrc/category/xcas/work/.buildlink/include
[*] c++ -c -O2 -D_FORTIFY_SOURCE=2 conftest.cpp
<.> /usr/pkgsrc/category/xcas/work/.gcc/bin/g++ -m64 -c -O2 -D_FORTIFY_SOURCE=2 conftest.cpp -fstack-protector -I/usr/pkgsrc/category/xcas/work/.buildlink/include
[*] c++ -c -O2 -D_FORTIFY_SOURCE=2 conftest.cpp
<.> /usr/pkgsrc/category/xcas/work/.gcc/bin/g++ -m64 -c -O2 -D_FORTIFY_SOURCE=2 conftest.cpp -fstack-protector -I/usr/pkgsrc/category/xcas/work/.buildlink/include
[*] c++ -c -O2 -D_FORTIFY_SOURCE=2 conftest.cpp
<.> /usr/pkgsrc/category/xcas/work/.gcc/bin/g++ -m64 -c -O2 -D_FORTIFY_SOURCE=2 conftest.cpp -fstack-protector -I/usr/pkgsrc/category/xcas/work/.buildlink/include
[*] c++ -c -O2 -D_FORTIFY_SOURCE=2 conftest.cpp
<.> /usr/pkgsrc/category/xcas/work/.gcc/bin/g++ -m64 -c -O2 -D_FORTIFY_SOURCE=2 conftest.cpp -fstack-protector -I/usr/pkgsrc/category/xcas/work/.buildlink/include
[*] c++ -c -O2 -D_FORTIFY_SOURCE=2 conftest.cpp
<.> /usr/pkgsrc/category/xcas/work/.gcc/bin/g++ -m64 -c -O2 -D_FORTIFY_SOURCE=2 conftest.cpp -fstack-protector -I/usr/pkgsrc/category/xcas/work/.buildlink/include
[*] c++ -c -O2 -D_FORTIFY_SOURCE=2 conftest.cpp
<.> /usr/pkgsrc/category/xcas/work/.gcc/bin/g++ -m64 -c -O2 -D_FORTIFY_SOURCE=2 conftest.cpp -fstack-protector -I/usr/pkgsrc/category/xcas/work/.buildlink/include
[*] c++ -c -O2 -D_FORTIFY_SOURCE=2 conftest.cpp
<.> /usr/pkgsrc/category/xcas/work/.gcc/bin/g++ -m64 -c -O2 -D_FORTIFY_SOURCE=2 conftest.cpp -fstack-protector -I/usr/pkgsrc/category/xcas/work/.buildlink/include
[*] c++ -o conftest -O2 -D_FORTIFY_SOURCE=2 -Wl,-R/usr/pkg/lib conftest.cpp -lrt -lpthread -lcurl -llapack -lblas -lgfortran -ldl -lpng16 -lm -lmpfr -lgmp
<.> /usr/pkgsrc/category/xcas/work/.gcc/bin/g++ -m64 -o conftest -O2 -D_FORTIFY_SOURCE=2 -Wl,-rpath,/usr/pkg/lib conftest.cpp -lrt -lpthread -lcurl -llapack -lblas -lgfortran -ldl -lpng16 -lm -lmpfr -lgmp -fstack-protector -I/usr/pkgsrc/category/xcas/work/.buildlink/include
[*] c++ -c -O2 -D_FORTIFY_SOURCE=2 conftest.cpp
<.> /usr/pkgsrc/category/xcas/work/.gcc/bin/g++ -m64 -c -O2 -D_FORTIFY_SOURCE=2 conftest.cpp -fstack-protector -I/usr/pkgsrc/category/xcas/work/.buildlink/include
[*] c++ -c -O2 -D_FORTIFY_SOURCE=2 conftest.cpp
<.> /usr/pkgsrc/category/xcas/work/.gcc/bin/g++ -m64 -c -O2 -D_FORTIFY_SOURCE=2 conftest.cpp -fstack-protector -I/usr/pkgsrc/category/xcas/work/.buildlink/include
[*] c++ -c -O2 -D_FORTIFY_SOURCE=2 conftest.cpp
<.> /usr/pkgsrc/category/xcas/work/.gcc/bin/g++ -m64 -c -O2 -D_FORTIFY_SOURCE=2 conftest.cpp -fstack-protector -I/usr/pkgsrc/category/xcas/work/.buildlink/include
[*] c++ -c -O2 -D_FORTIFY_SOURCE=2 conftest.cpp
<.> /usr/pkgsrc/category/xcas/work/.gcc/bin/g++ -m64 -c -O2 -D_FORTIFY_SOURCE=2 conftest.cpp -fstack-protector -I/usr/pkgsrc/category/xcas/work/.buildlink/include
[*] c++ -c -O2 -D_FORTIFY_SOURCE=2 conftest.cpp
<.> /usr/pkgsrc/category/xcas/work/.gcc/bin/g++ -m64 -c -O2 -D_FORTIFY_SOURCE=2 conftest.cpp -fstack-protector -I/usr/pkgsrc/category/xcas/work/.buildlink/include
[*] c++ -o conftest -O2 -D_FORTIFY_SOURCE=2 -Wl,-R/usr/pkg/lib conftest.cpp -lrt -lpthread -lcurl -llapack -lblas -lgfortran -ldl -lpng16 -lm -lmpfr -lgmp
<.> /usr/pkgsrc/category/xcas/work/.gcc/bin/g++ -m64 -o conftest -O2 -D_FORTIFY_SOURCE=2 -Wl,-rpath,/usr/pkg/lib conftest.cpp -lrt -lpthread -lcurl -llapack -lblas -lgfortran -ldl -lpng16 -lm -lmpfr -lgmp -fstack-protector -I/usr/pkgsrc/category/xcas/work/.buildlink/include
[*] c++ -o conftest -O2 -D_FORTIFY_SOURCE=2 -Wl,-R/usr/pkg/lib conftest.cpp -lrt -lpthread -lcurl -llapack -lblas -lgfortran -ldl -lpng16 -lm -lmpfr -lgmp
<.> /usr/pkgsrc/category/xcas/work/.gcc/bin/g++ -m64 -o conftest -O2 -D_FORTIFY_SOURCE=2 -Wl,-rpath,/usr/pkg/lib conftest.cpp -lrt -lpthread -lcurl -llapack -lblas -lgfortran -ldl -lpng16 -lm -lmpfr -lgmp -fstack-protector -I/usr/pkgsrc/category/xcas/work/.buildlink/include
[*] c++ -o conftest -O2 -D_FORTIFY_SOURCE=2 -Wl,-R/usr/pkg/lib conftest.cpp -lrt -lpthread -lcurl -llapack -lblas -lgfortran -ldl -lpng16 -lm -lmpfr -lgmp
<.> /usr/pkgsrc/category/xcas/work/.gcc/bin/g++ -m64 -o conftest -O2 -D_FORTIFY_SOURCE=2 -Wl,-rpath,/usr/pkg/lib conftest.cpp -lrt -lpthread -lcurl -llapack -lblas -lgfortran -ldl -lpng16 -lm -lmpfr -lgmp -fstack-protector -I/usr/pkgsrc/category/xcas/work/.buildlink/include
[*] c++ -c -O2 -D_FORTIFY_SOURCE=2 conftest.cpp
<.> /usr/pkgsrc/category/xcas/work/.gcc/bin/g++ -m64 -c -O2 -D_FORTIFY_SOURCE=2 conftest.cpp -fstack-protector -I/usr/pkgsrc/category/xcas/work/.buildlink/include
[*] c++ -o conftest -O2 -D_FORTIFY_SOURCE=2 -Wl,-R/usr/pkg/lib conftest.cpp -lrt -lpthread -lcurl -llapack -lblas -lgfortran -ldl -lpng16 -lm -lmpfr -lgmp
<.> /usr/pkgsrc/category/xcas/work/.gcc/bin/g++ -m64 -o conftest -O2 -D_FORTIFY_SOURCE=2 -Wl,-rpath,/usr/pkg/lib conftest.cpp -lrt -lpthread -lcurl -llapack -lblas -lgfortran -ldl -lpng16 -lm -lmpfr -lgmp -fstack-protector -I/usr/pkgsrc/category/xcas/work/.buildlink/include
[*] c++ -o conftest -O2 -D_FORTIFY_SOURCE=2 -Wl,-R/usr/pkg/lib conftest.cpp -lrt -lpthread -lcurl -llapack -lblas -lgfortran -ldl -lpng16 -lm -lmpfr -lgmp
<.> /usr/pkgsrc/category/xcas/work/.gcc/bin/g++ -m64 -o conftest -O2 -D_FORTIFY_SOURCE=2 -Wl,-rpath,/usr/pkg/lib conftest.cpp -lrt -lpthread -lcurl -llapack -lblas -lgfortran -ldl -lpng16 -lm -lmpfr -lgmp -fstack-protector -I/usr/pkgsrc/category/xcas/work/.buildlink/include
[*] c++ -E conftest.cpp
<.> /usr/pkgsrc/category/xcas/work/.gcc/bin/g++ -m64 -E conftest.cpp -fstack-protector -I/usr/pkgsrc/category/xcas/work/.buildlink/include
[*] c++ -o conftest -O2 -D_FORTIFY_SOURCE=2 -Wl,-R/usr/pkg/lib conftest.cpp -lrt -lpthread -lcurl -llapack -lblas -lgfortran -ldl -lpng16 -lm -lmpfr -lgmp
<.> /usr/pkgsrc/category/xcas/work/.gcc/bin/g++ -m64 -o conftest -O2 -D_FORTIFY_SOURCE=2 -Wl,-rpath,/usr/pkg/lib conftest.cpp -lrt -lpthread -lcurl -llapack -lblas -lgfortran -ldl -lpng16 -lm -lmpfr -lgmp -fstack-protector -I/usr/pkgsrc/category/xcas/work/.buildlink/include
[*] c++ -o conftest -O2 -D_FORTIFY_SOURCE=2 -Wl,-R/usr/pkg/lib conftest.cpp -lrt -lpthread -lcurl -llapack -lblas -lgfortran -ldl -lpng16 -lm -lmpfr -lgmp
<.> /usr/pkgsrc/category/xcas/work/.gcc/bin/g++ -m64 -o conftest -O2 -D_FORTIFY_SOURCE=2 -Wl,-rpath,/usr/pkg/lib conftest.cpp -lrt -lpthread -lcurl -llapack -lblas -lgfortran -ldl -lpng16 -lm -lmpfr -lgmp -fstack-protector -I/usr/pkgsrc/category/xcas/work/.buildlink/include
[*] c++ -c -O2 -D_FORTIFY_SOURCE=2 conftest.cpp
<.> /usr/pkgsrc/category/xcas/work/.gcc/bin/g++ -m64 -c -O2 -D_FORTIFY_SOURCE=2 conftest.cpp -fstack-protector -I/usr/pkgsrc/category/xcas/work/.buildlink/include
[*] c++ -c -O2 -D_FORTIFY_SOURCE=2 conftest.cpp
<.> /usr/pkgsrc/category/xcas/work/.gcc/bin/g++ -m64 -c -O2 -D_FORTIFY_SOURCE=2 conftest.cpp -fstack-protector -I/usr/pkgsrc/category/xcas/work/.buildlink/include
[*] c++ -E conftest.cpp
<.> /usr/pkgsrc/category/xcas/work/.gcc/bin/g++ -m64 -E conftest.cpp -fstack-protector -I/usr/pkgsrc/category/xcas/work/.buildlink/include
[*] c++ -o conftest -O2 -D_FORTIFY_SOURCE=2 -I/System/Library/Frameworks/CoreFoundation.framework/Headers -Wl,-R/usr/pkg/lib conftest.cpp -lrt -lpthread -lcurl -llapack -lblas -lgfortran -ldl -lpng16 -lm -lmpfr -lgmp -framework CoreFoundation
<.> /usr/pkgsrc/category/xcas/work/.gcc/bin/g++ -m64 -o conftest -O2 -D_FORTIFY_SOURCE=2 -Wl,-rpath,/usr/pkg/lib conftest.cpp -lrt -lpthread -lcurl -llapack -lblas -lgfortran -ldl -lpng16 -lm -lmpfr -lgmp -framework CoreFoundation -fstack-protector -I/usr/pkgsrc/category/xcas/work/.buildlink/include
[*] c++ -o conftest -O2 -D_FORTIFY_SOURCE=2 -I/System/Library/Frameworks/CoreFoundation.framework/Headers -Wl,-R/usr/pkg/lib conftest.cpp -lrt -lpthread -lcurl -llapack -lblas -lgfortran -ldl -lpng16 -lm -lmpfr -lgmp -framework CoreFoundation
<.> /usr/pkgsrc/category/xcas/work/.gcc/bin/g++ -m64 -o conftest -O2 -D_FORTIFY_SOURCE=2 -Wl,-rpath,/usr/pkg/lib conftest.cpp -lrt -lpthread -lcurl -llapack -lblas -lgfortran -ldl -lpng16 -lm -lmpfr -lgmp -framework CoreFoundation -fstack-protector -I/usr/pkgsrc/category/xcas/work/.buildlink/include
[*] cc -print-prog-name=ld
<.> /usr/pkgsrc/category/xcas/work/.gcc/bin/gcc -fcommon -m64 -print-prog-name=ld -D_FORTIFY_SOURCE=2 -fstack-protector -I/usr/pkgsrc/category/xcas/work/.buildlink/include
[*] ld -m elf_x86_64 -v
<.> ld -m elf_x86_64 -v
[*] ld -m elf_x86_64 --help
<.> ld -m elf_x86_64 --help
[*] c++ -c -O2 -D_FORTIFY_SOURCE=2 conftest.cpp
<.> /usr/pkgsrc/category/xcas/work/.gcc/bin/g++ -m64 -c -O2 -D_FORTIFY_SOURCE=2 conftest.cpp -fstack-protector -I/usr/pkgsrc/category/xcas/work/.buildlink/include
[*] c++ -c -O2 -D_FORTIFY_SOURCE=2 conftest.cpp
<.> /usr/pkgsrc/category/xcas/work/.gcc/bin/g++ -m64 -c -O2 -D_FORTIFY_SOURCE=2 conftest.cpp -fstack-protector -I/usr/pkgsrc/category/xcas/work/.buildlink/include
[*] c++ -c -O2 -D_FORTIFY_SOURCE=2 conftest.cpp
<.> /usr/pkgsrc/category/xcas/work/.gcc/bin/g++ -m64 -c -O2 -D_FORTIFY_SOURCE=2 conftest.cpp -fstack-protector -I/usr/pkgsrc/category/xcas/work/.buildlink/include
[*] c++ -E conftest.cpp
<.> /usr/pkgsrc/category/xcas/work/.gcc/bin/g++ -m64 -E conftest.cpp -fstack-protector -I/usr/pkgsrc/category/xcas/work/.buildlink/include
[*] c++ -c -O2 -D_FORTIFY_SOURCE=2 conftest.cpp
<.> /usr/pkgsrc/category/xcas/work/.gcc/bin/g++ -m64 -c -O2 -D_FORTIFY_SOURCE=2 conftest.cpp -fstack-protector -I/usr/pkgsrc/category/xcas/work/.buildlink/include
[*] c++ -E conftest.cpp
<.> /usr/pkgsrc/category/xcas/work/.gcc/bin/g++ -m64 -E conftest.cpp -fstack-protector -I/usr/pkgsrc/category/xcas/work/.buildlink/include
[*] c++ -c -O2 -D_FORTIFY_SOURCE=2 conftest.cpp
<.> /usr/pkgsrc/category/xcas/work/.gcc/bin/g++ -m64 -c -O2 -D_FORTIFY_SOURCE=2 conftest.cpp -fstack-protector -I/usr/pkgsrc/category/xcas/work/.buildlink/include
[*] c++ -E conftest.cpp
<.> /usr/pkgsrc/category/xcas/work/.gcc/bin/g++ -m64 -E conftest.cpp -fstack-protector -I/usr/pkgsrc/category/xcas/work/.buildlink/include
[*] c++ -c -O2 -D_FORTIFY_SOURCE=2 conftest.cpp
<.> /usr/pkgsrc/category/xcas/work/.gcc/bin/g++ -m64 -c -O2 -D_FORTIFY_SOURCE=2 conftest.cpp -fstack-protector -I/usr/pkgsrc/category/xcas/work/.buildlink/include
[*] c++ -E conftest.cpp
<.> /usr/pkgsrc/category/xcas/work/.gcc/bin/g++ -m64 -E conftest.cpp -fstack-protector -I/usr/pkgsrc/category/xcas/work/.buildlink/include
[*] c++ -o conftest -O2 -D_FORTIFY_SOURCE=2 -Wl,-R/usr/pkg/lib conftest.cpp -lrt -lpthread -lcurl -llapack -lblas -lgfortran -ldl -lpng16 -lm -lmpfr -lgmp
<.> /usr/pkgsrc/category/xcas/work/.gcc/bin/g++ -m64 -o conftest -O2 -D_FORTIFY_SOURCE=2 -Wl,-rpath,/usr/pkg/lib conftest.cpp -lrt -lpthread -lcurl -llapack -lblas -lgfortran -ldl -lpng16 -lm -lmpfr -lgmp -fstack-protector -I/usr/pkgsrc/category/xcas/work/.buildlink/include
[*] c++ -o conftest -O2 -D_FORTIFY_SOURCE=2 -Wl,-R/usr/pkg/lib conftest.cpp -lrt -lpthread -lcurl -llapack -lblas -lgfortran -ldl -lpng16 -lm -lmpfr -lgmp
<.> /usr/pkgsrc/category/xcas/work/.gcc/bin/g++ -m64 -o conftest -O2 -D_FORTIFY_SOURCE=2 -Wl,-rpath,/usr/pkg/lib conftest.cpp -lrt -lpthread -lcurl -llapack -lblas -lgfortran -ldl -lpng16 -lm -lmpfr -lgmp -fstack-protector -I/usr/pkgsrc/category/xcas/work/.buildlink/include
[*] c++ -o conftest -O2 -D_FORTIFY_SOURCE=2 -Wl,-R/usr/pkg/lib conftest.cpp -lrt -lpthread -lcurl -llapack -lblas -lgfortran -ldl -lpng16 -lm -lmpfr -lgmp
<.> /usr/pkgsrc/category/xcas/work/.gcc/bin/g++ -m64 -o conftest -O2 -D_FORTIFY_SOURCE=2 -Wl,-rpath,/usr/pkg/lib conftest.cpp -lrt -lpthread -lcurl -llapack -lblas -lgfortran -ldl -lpng16 -lm -lmpfr -lgmp -fstack-protector -I/usr/pkgsrc/category/xcas/work/.buildlink/include
[*] c++ -o conftest -O2 -D_FORTIFY_SOURCE=2 -Wl,-R/usr/pkg/lib conftest.cpp -lrt -lpthread -lcurl -llapack -lblas -lgfortran -ldl -lpng16 -lm -lmpfr -lgmp
<.> /usr/pkgsrc/category/xcas/work/.gcc/bin/g++ -m64 -o conftest -O2 -D_FORTIFY_SOURCE=2 -Wl,-rpath,/usr/pkg/lib conftest.cpp -lrt -lpthread -lcurl -llapack -lblas -lgfortran -ldl -lpng16 -lm -lmpfr -lgmp -fstack-protector -I/usr/pkgsrc/category/xcas/work/.buildlink/include
[*] c++ -o conftest -O2 -D_FORTIFY_SOURCE=2 -Wl,-R/usr/pkg/lib conftest.cpp -lrt -lpthread -lcurl -llapack -lblas -lgfortran -ldl -lpng16 -lm -lmpfr -lgmp
<.> /usr/pkgsrc/category/xcas/work/.gcc/bin/g++ -m64 -o conftest -O2 -D_FORTIFY_SOURCE=2 -Wl,-rpath,/usr/pkg/lib conftest.cpp -lrt -lpthread -lcurl -llapack -lblas -lgfortran -ldl -lpng16 -lm -lmpfr -lgmp -fstack-protector -I/usr/pkgsrc/category/xcas/work/.buildlink/include
[*] c++ -o conftest -O2 -D_FORTIFY_SOURCE=2 -Wl,-R/usr/pkg/lib conftest.cpp -lrt -lpthread -lcurl -llapack -lblas -lgfortran -ldl -lpng16 -lm -lmpfr -lgmp
<.> /usr/pkgsrc/category/xcas/work/.gcc/bin/g++ -m64 -o conftest -O2 -D_FORTIFY_SOURCE=2 -Wl,-rpath,/usr/pkg/lib conftest.cpp -lrt -lpthread -lcurl -llapack -lblas -lgfortran -ldl -lpng16 -lm -lmpfr -lgmp -fstack-protector -I/usr/pkgsrc/category/xcas/work/.buildlink/include
[*] c++ -o conftest -O2 -D_FORTIFY_SOURCE=2 -Wl,-R/usr/pkg/lib conftest.cpp -lrt -lpthread -lcurl -llapack -lblas -lgfortran -ldl -lpng16 -lm -lmpfr -lgmp
<.> /usr/pkgsrc/category/xcas/work/.gcc/bin/g++ -m64 -o conftest -O2 -D_FORTIFY_SOURCE=2 -Wl,-rpath,/usr/pkg/lib conftest.cpp -lrt -lpthread -lcurl -llapack -lblas -lgfortran -ldl -lpng16 -lm -lmpfr -lgmp -fstack-protector -I/usr/pkgsrc/category/xcas/work/.buildlink/include
[*] c++ -o conftest -O2 -D_FORTIFY_SOURCE=2 -Wl,-R/usr/pkg/lib conftest.cpp -lrt -lpthread -lcurl -llapack -lblas -lgfortran -ldl -lpng16 -lm -lmpfr -lgmp
<.> /usr/pkgsrc/category/xcas/work/.gcc/bin/g++ -m64 -o conftest -O2 -D_FORTIFY_SOURCE=2 -Wl,-rpath,/usr/pkg/lib conftest.cpp -lrt -lpthread -lcurl -llapack -lblas -lgfortran -ldl -lpng16 -lm -lmpfr -lgmp -fstack-protector -I/usr/pkgsrc/category/xcas/work/.buildlink/include
[*] c++ -o conftest -O2 -D_FORTIFY_SOURCE=2 -Wl,-R/usr/pkg/lib conftest.cpp -lrt -lpthread -lcurl -llapack -lblas -lgfortran -ldl -lpng16 -lm -lmpfr -lgmp
<.> /usr/pkgsrc/category/xcas/work/.gcc/bin/g++ -m64 -o conftest -O2 -D_FORTIFY_SOURCE=2 -Wl,-rpath,/usr/pkg/lib conftest.cpp -lrt -lpthread -lcurl -llapack -lblas -lgfortran -ldl -lpng16 -lm -lmpfr -lgmp -fstack-protector -I/usr/pkgsrc/category/xcas/work/.buildlink/include
[*] c++ -o conftest -O2 -D_FORTIFY_SOURCE=2 -Wl,-R/usr/pkg/lib conftest.cpp -lrt -lpthread -lcurl -llapack -lblas -lgfortran -ldl -lpng16 -lm -lmpfr -lgmp
<.> /usr/pkgsrc/category/xcas/work/.gcc/bin/g++ -m64 -o conftest -O2 -D_FORTIFY_SOURCE=2 -Wl,-rpath,/usr/pkg/lib conftest.cpp -lrt -lpthread -lcurl -llapack -lblas -lgfortran -ldl -lpng16 -lm -lmpfr -lgmp -fstack-protector -I/usr/pkgsrc/category/xcas/work/.buildlink/include
[*] c++ -o conftest -O2 -D_FORTIFY_SOURCE=2 -Wl,-R/usr/pkg/lib conftest.cpp -lrt -lpthread -lcurl -llapack -lblas -lgfortran -ldl -lpng16 -lm -lmpfr -lgmp
<.> /usr/pkgsrc/category/xcas/work/.gcc/bin/g++ -m64 -o conftest -O2 -D_FORTIFY_SOURCE=2 -Wl,-rpath,/usr/pkg/lib conftest.cpp -lrt -lpthread -lcurl -llapack -lblas -lgfortran -ldl -lpng16 -lm -lmpfr -lgmp -fstack-protector -I/usr/pkgsrc/category/xcas/work/.buildlink/include
[*] c++ -o conftest -O2 -D_FORTIFY_SOURCE=2 -Wl,-R/usr/pkg/lib conftest.cpp -lrt -lpthread -lcurl -llapack -lblas -lgfortran -ldl -lpng16 -lm -lmpfr -lgmp
<.> /usr/pkgsrc/category/xcas/work/.gcc/bin/g++ -m64 -o conftest -O2 -D_FORTIFY_SOURCE=2 -Wl,-rpath,/usr/pkg/lib conftest.cpp -lrt -lpthread -lcurl -llapack -lblas -lgfortran -ldl -lpng16 -lm -lmpfr -lgmp -fstack-protector -I/usr/pkgsrc/category/xcas/work/.buildlink/include
[*] c++ -o conftest -O2 -D_FORTIFY_SOURCE=2 -Wl,-R/usr/pkg/lib conftest.cpp -lrt -lpthread -lcurl -llapack -lblas -lgfortran -ldl -lpng16 -lm -lmpfr -lgmp
<.> /usr/pkgsrc/category/xcas/work/.gcc/bin/g++ -m64 -o conftest -O2 -D_FORTIFY_SOURCE=2 -Wl,-rpath,/usr/pkg/lib conftest.cpp -lrt -lpthread -lcurl -llapack -lblas -lgfortran -ldl -lpng16 -lm -lmpfr -lgmp -fstack-protector -I/usr/pkgsrc/category/xcas/work/.buildlink/include
[*] c++ -o conftest -O2 -D_FORTIFY_SOURCE=2 -Wl,-R/usr/pkg/lib conftest.cpp -lrt -lpthread -lcurl -llapack -lblas -lgfortran -ldl -lpng16 -lm -lmpfr -lgmp
<.> /usr/pkgsrc/category/xcas/work/.gcc/bin/g++ -m64 -o conftest -O2 -D_FORTIFY_SOURCE=2 -Wl,-rpath,/usr/pkg/lib conftest.cpp -lrt -lpthread -lcurl -llapack -lblas -lgfortran -ldl -lpng16 -lm -lmpfr -lgmp -fstack-protector -I/usr/pkgsrc/category/xcas/work/.buildlink/include
[*] c++ -o conftest -O2 -D_FORTIFY_SOURCE=2 -Wl,-R/usr/pkg/lib conftest.cpp -lrt -lpthread -lcurl -llapack -lblas -lgfortran -ldl -lpng16 -lm -lmpfr -lgmp
<.> /usr/pkgsrc/category/xcas/work/.gcc/bin/g++ -m64 -o conftest -O2 -D_FORTIFY_SOURCE=2 -Wl,-rpath,/usr/pkg/lib conftest.cpp -lrt -lpthread -lcurl -llapack -lblas -lgfortran -ldl -lpng16 -lm -lmpfr -lgmp -fstack-protector -I/usr/pkgsrc/category/xcas/work/.buildlink/include
[*] c++ -o conftest -O2 -D_FORTIFY_SOURCE=2 -Wl,-R/usr/pkg/lib conftest.cpp -lrt -lpthread -lcurl -llapack -lblas -lgfortran -ldl -lpng16 -lm -lmpfr -lgmp
<.> /usr/pkgsrc/category/xcas/work/.gcc/bin/g++ -m64 -o conftest -O2 -D_FORTIFY_SOURCE=2 -Wl,-rpath,/usr/pkg/lib conftest.cpp -lrt -lpthread -lcurl -llapack -lblas -lgfortran -ldl -lpng16 -lm -lmpfr -lgmp -fstack-protector -I/usr/pkgsrc/category/xcas/work/.buildlink/include
[*] c++ -o conftest -O2 -D_FORTIFY_SOURCE=2 -Wl,-R/usr/pkg/lib conftest.cpp -lrt -lpthread -lcurl -llapack -lblas -lgfortran -ldl -lpng16 -lm -lmpfr -lgmp
<.> /usr/pkgsrc/category/xcas/work/.gcc/bin/g++ -m64 -o conftest -O2 -D_FORTIFY_SOURCE=2 -Wl,-rpath,/usr/pkg/lib conftest.cpp -lrt -lpthread -lcurl -llapack -lblas -lgfortran -ldl -lpng16 -lm -lmpfr -lgmp -fstack-protector -I/usr/pkgsrc/category/xcas/work/.buildlink/include
[*] c++ -o conftest -O2 -D_FORTIFY_SOURCE=2 -Wl,-R/usr/pkg/lib conftest.cpp -lrt -lpthread -lcurl -llapack -lblas -lgfortran -ldl -lpng16 -lm -lmpfr -lgmp
<.> /usr/pkgsrc/category/xcas/work/.gcc/bin/g++ -m64 -o conftest -O2 -D_FORTIFY_SOURCE=2 -Wl,-rpath,/usr/pkg/lib conftest.cpp -lrt -lpthread -lcurl -llapack -lblas -lgfortran -ldl -lpng16 -lm -lmpfr -lgmp -fstack-protector -I/usr/pkgsrc/category/xcas/work/.buildlink/include
[*] c++ -o conftest -O2 -D_FORTIFY_SOURCE=2 -Wl,-R/usr/pkg/lib conftest.cpp -lrt -lpthread -lcurl -llapack -lblas -lgfortran -ldl -lpng16 -lm -lmpfr -lgmp
<.> /usr/pkgsrc/category/xcas/work/.gcc/bin/g++ -m64 -o conftest -O2 -D_FORTIFY_SOURCE=2 -Wl,-rpath,/usr/pkg/lib conftest.cpp -lrt -lpthread -lcurl -llapack -lblas -lgfortran -ldl -lpng16 -lm -lmpfr -lgmp -fstack-protector -I/usr/pkgsrc/category/xcas/work/.buildlink/include
[*] c++ -o conftest -O2 -D_FORTIFY_SOURCE=2 -Wl,-R/usr/pkg/lib conftest.cpp -lrt -lpthread -lcurl -llapack -lblas -lgfortran -ldl -lpng16 -lm -lmpfr -lgmp
<.> /usr/pkgsrc/category/xcas/work/.gcc/bin/g++ -m64 -o conftest -O2 -D_FORTIFY_SOURCE=2 -Wl,-rpath,/usr/pkg/lib conftest.cpp -lrt -lpthread -lcurl -llapack -lblas -lgfortran -ldl -lpng16 -lm -lmpfr -lgmp -fstack-protector -I/usr/pkgsrc/category/xcas/work/.buildlink/include
[*] c++ -o conftest -O2 -D_FORTIFY_SOURCE=2 -Wl,-R/usr/pkg/lib conftest.cpp -lrt -lpthread -lcurl -llapack -lblas -lgfortran -ldl -lpng16 -lm -lmpfr -lgmp
<.> /usr/pkgsrc/category/xcas/work/.gcc/bin/g++ -m64 -o conftest -O2 -D_FORTIFY_SOURCE=2 -Wl,-rpath,/usr/pkg/lib conftest.cpp -lrt -lpthread -lcurl -llapack -lblas -lgfortran -ldl -lpng16 -lm -lmpfr -lgmp -fstack-protector -I/usr/pkgsrc/category/xcas/work/.buildlink/include
[*] c++ -o conftest -O2 -D_FORTIFY_SOURCE=2 -Wl,-R/usr/pkg/lib conftest.cpp -lrt -lpthread -lcurl -llapack -lblas -lgfortran -ldl -lpng16 -lm -lmpfr -lgmp
<.> /usr/pkgsrc/category/xcas/work/.gcc/bin/g++ -m64 -o conftest -O2 -D_FORTIFY_SOURCE=2 -Wl,-rpath,/usr/pkg/lib conftest.cpp -lrt -lpthread -lcurl -llapack -lblas -lgfortran -ldl -lpng16 -lm -lmpfr -lgmp -fstack-protector -I/usr/pkgsrc/category/xcas/work/.buildlink/include
[*] c++ -c -O2 -D_FORTIFY_SOURCE=2 conftest.cpp
<.> /usr/pkgsrc/category/xcas/work/.gcc/bin/g++ -m64 -c -O2 -D_FORTIFY_SOURCE=2 conftest.cpp -fstack-protector -I/usr/pkgsrc/category/xcas/work/.buildlink/include
[*] c++ -c -O2 -D_FORTIFY_SOURCE=2 conftest.cpp
<.> /usr/pkgsrc/category/xcas/work/.gcc/bin/g++ -m64 -c -O2 -D_FORTIFY_SOURCE=2 conftest.cpp -fstack-protector -I/usr/pkgsrc/category/xcas/work/.buildlink/include
[*] c++ -c -O2 -D_FORTIFY_SOURCE=2 conftest.cpp
<.> /usr/pkgsrc/category/xcas/work/.gcc/bin/g++ -m64 -c -O2 -D_FORTIFY_SOURCE=2 conftest.cpp -fstack-protector -I/usr/pkgsrc/category/xcas/work/.buildlink/include
[*] c++ -c -O2 -D_FORTIFY_SOURCE=2 conftest.cpp
<.> /usr/pkgsrc/category/xcas/work/.gcc/bin/g++ -m64 -c -O2 -D_FORTIFY_SOURCE=2 conftest.cpp -fstack-protector -I/usr/pkgsrc/category/xcas/work/.buildlink/include
[*] c++ -c -O2 -D_FORTIFY_SOURCE=2 conftest.cpp
<.> /usr/pkgsrc/category/xcas/work/.gcc/bin/g++ -m64 -c -O2 -D_FORTIFY_SOURCE=2 conftest.cpp -fstack-protector -I/usr/pkgsrc/category/xcas/work/.buildlink/include
[*] c++ -o conftest -O2 -D_FORTIFY_SOURCE=2 -Wl,-R/usr/pkg/lib conftest.cpp -lrt -lpthread -lcurl -llapack -lblas -lgfortran -ldl -lpng16 -lm -lmpfr -lgmp
<.> /usr/pkgsrc/category/xcas/work/.gcc/bin/g++ -m64 -o conftest -O2 -D_FORTIFY_SOURCE=2 -Wl,-rpath,/usr/pkg/lib conftest.cpp -lrt -lpthread -lcurl -llapack -lblas -lgfortran -ldl -lpng16 -lm -lmpfr -lgmp -fstack-protector -I/usr/pkgsrc/category/xcas/work/.buildlink/include
[*] c++ -c -O2 -D_FORTIFY_SOURCE=2 conftest.cpp
<.> /usr/pkgsrc/category/xcas/work/.gcc/bin/g++ -m64 -c -O2 -D_FORTIFY_SOURCE=2 conftest.cpp -fstack-protector -I/usr/pkgsrc/category/xcas/work/.buildlink/include
[*] c++ -o conftest -O2 -D_FORTIFY_SOURCE=2 -Wl,-R/usr/pkg/lib conftest.cpp -lrt -lpthread -lcurl -llapack -lblas -lgfortran -ldl -lpng16 -lm -lmpfr -lgmp
<.> /usr/pkgsrc/category/xcas/work/.gcc/bin/g++ -m64 -o conftest -O2 -D_FORTIFY_SOURCE=2 -Wl,-rpath,/usr/pkg/lib conftest.cpp -lrt -lpthread -lcurl -llapack -lblas -lgfortran -ldl -lpng16 -lm -lmpfr -lgmp -fstack-protector -I/usr/pkgsrc/category/xcas/work/.buildlink/include
[*] c++ -o conftest -O2 -D_FORTIFY_SOURCE=2 -Wl,-R/usr/pkg/lib conftest.cpp -lrt -lpthread -lcurl -llapack -lblas -lgfortran -ldl -lpng16 -lm -lmpfr -lgmp
<.> /usr/pkgsrc/category/xcas/work/.gcc/bin/g++ -m64 -o conftest -O2 -D_FORTIFY_SOURCE=2 -Wl,-rpath,/usr/pkg/lib conftest.cpp -lrt -lpthread -lcurl -llapack -lblas -lgfortran -ldl -lpng16 -lm -lmpfr -lgmp -fstack-protector -I/usr/pkgsrc/category/xcas/work/.buildlink/include
[*] c++ -o conftest -O2 -D_FORTIFY_SOURCE=2 -Wl,-R/usr/pkg/lib conftest.cpp -lrt -lpthread -lcurl -llapack -lblas -lgfortran -ldl -lpng16 -lm -lmpfr -lgmp
<.> /usr/pkgsrc/category/xcas/work/.gcc/bin/g++ -m64 -o conftest -O2 -D_FORTIFY_SOURCE=2 -Wl,-rpath,/usr/pkg/lib conftest.cpp -lrt -lpthread -lcurl -llapack -lblas -lgfortran -ldl -lpng16 -lm -lmpfr -lgmp -fstack-protector -I/usr/pkgsrc/category/xcas/work/.buildlink/include
[*] c++ -o conftest -O2 -D_FORTIFY_SOURCE=2 -Wl,-R/usr/pkg/lib conftest.cpp -lintl -lrt -lpthread -lcurl -llapack -lblas -lgfortran -ldl -lpng16 -lm -lmpfr -lgmp
<.> /usr/pkgsrc/category/xcas/work/.gcc/bin/g++ -m64 -o conftest -O2 -D_FORTIFY_SOURCE=2 -Wl,-rpath,/usr/pkg/lib conftest.cpp -lintl -lrt -lpthread -lcurl -llapack -lblas -lgfortran -ldl -lpng16 -lm -lmpfr -lgmp -fstack-protector -I/usr/pkgsrc/category/xcas/work/.buildlink/include
[*] c++ -c -O2 -D_FORTIFY_SOURCE=2 conftest.cpp
<.> /usr/pkgsrc/category/xcas/work/.gcc/bin/g++ -m64 -c -O2 -D_FORTIFY_SOURCE=2 conftest.cpp -fstack-protector -I/usr/pkgsrc/category/xcas/work/.buildlink/include
[*] c++ -E conftest.cpp
<.> /usr/pkgsrc/category/xcas/work/.gcc/bin/g++ -m64 -E conftest.cpp -fstack-protector -I/usr/pkgsrc/category/xcas/work/.buildlink/include
[*] /usr/pkgsrc/category/xcas/work/.tools/bin/mkdir conf32586.dir
<.> /bin/mkdir -p conf32586.dir
[*] /usr/pkgsrc/category/xcas/work/.tools/bin/mkdir -p .
<.> /bin/mkdir -p -p .
[*] /usr/pkgsrc/category/xcas/work/.tools/bin/mkdir -p src/./.deps
<.> /bin/mkdir -p -p src/./.deps
[*] /usr/pkgsrc/category/xcas/work/.tools/bin/true
<.> true 
[*] /usr/pkgsrc/category/xcas/work/.tools/bin/true
<.> true 
[*] /usr/pkgsrc/category/xcas/work/.tools/bin/true
<.> true 
[*] /usr/pkgsrc/category/xcas/work/.tools/bin/true
<.> true 
[*] /usr/pkgsrc/category/xcas/work/.tools/bin/true
<.> true 
[*] /usr/pkgsrc/category/xcas/work/.tools/bin/true
<.> true 
[*] /usr/pkgsrc/category/xcas/work/.tools/bin/true
<.> true 
[*] /usr/pkgsrc/category/xcas/work/.tools/bin/true
<.> true 
[*] /usr/pkgsrc/category/xcas/work/.tools/bin/mkdir -p build/genhdr
<.> /bin/mkdir -p -p build/genhdr
[*] cc -E -DNO_QSTR -Ibuild/tmp -fPIC -DMICROPY_LIB -I. -I.. -I../py -Ibuild -Wall -ansi -std=gnu99 '-DFFCONF_H="lib/oofatfs/ffconf.h"' -g ../py/mpstate.c ../py/malloc.c ../py/gc.c ../py/pystack.c ../py/qstr.c ../py/vstr.c ../py/mpprint.c ../py/unicode.c ../py/mpz.c ../py/reader.c ../py/lexer.c ../py/parse.c ../py/scope.c ../py/compile.c ../py/emitcommon.c ../py/emitbc.c ../py/asmbase.c ../py/asmx64.c ../py/emitnx64.c ../py/asmx86.c ../py/emitnx86.c ../py/asmthumb.c ../py/emitnthumb.c ../py/emitinlinethumb.c ../py/asmarm.c ../py/emitnarm.c ../py/asmxtensa.c ../py/emitnxtensa.c ../py/emitinlinextensa.c ../py/emitnxtensawin.c ../py/formatfloat.c ../py/parsenumbase.c ../py/parsenum.c ../py/emitglue.c ../py/persistentcode.c ../py/runtime.c ../py/runtime_utils.c ../py/scheduler.c ../py/nativeglue.c ../py/ringbuf.c ../py/stackctrl.c ../py/argcheck.c ../py/warning.c ../py/profile.c ../py/map.c ../py/obj.c ../py/objarray.c ../py/objattrtuple.c ../py/objbool.c ../py/objboundmeth.c ../py/objcell.c ../py/objclosure.c ../py/objcomplex.c ../py/objdeque.c ../py/objdict.c ../py/objenumerate.c ../py/objexcept.c ../py/objfilter.c ../py/objfloat.c ../py/objfun.c ../py/objgenerator.c ../py/objgetitemiter.c ../py/objint.c ../py/objint_longlong.c ../py/objint_mpz.c ../py/objlist.c ../py/objmap.c ../py/objmodule.c ../py/objobject.c ../py/objpolyiter.c ../py/objproperty.c ../py/objnone.c ../py/objnamedtuple.c ../py/objrange.c ../py/objreversed.c ../py/objset.c ../py/objsingleton.c ../py/objslice.c ../py/objstr.c ../py/objstrunicode.c ../py/objstringio.c ../py/objtuple.c ../py/objtype.c ../py/objzip.c ../py/opmethods.c ../py/sequence.c ../py/stream.c ../py/binary.c ../py/builtinimport.c ../py/builtinevex.c ../py/builtinhelp.c ../py/modarray.c ../py/modbuiltins.c ../py/modcollections.c ../py/modgc.c ../py/modio.c ../py/modmath.c ../py/modcmath.c ../py/modmicropython.c ../py/modstruct.c ../py/modsys.c ../py/moduerrno.c ../py/modthread.c ../py/vm.c ../py/bc.c ../py/showbc.c ../py/repl.c ../py/smallint.c ../py/frozenmod.c ../extmod/moductypes.c ../extmod/modujson.c ../extmod/modure.c ../extmod/moduzlib.c ../extmod/moduheapq.c ../extmod/modutimeq.c ../extmod/moduhashlib.c ../extmod/moducryptolib.c ../extmod/modubinascii.c ../extmod/virtpin.c ../extmod/machine_mem.c ../extmod/machine_pinbase.c ../extmod/machine_signal.c ../extmod/machine_pulse.c ../extmod/machine_i2c.c ../extmod/machine_spi.c ../extmod/modbluetooth.c ../extmod/modussl_axtls.c ../extmod/modussl_mbedtls.c ../extmod/modurandom.c ../extmod/moduselect.c ../extmod/moduwebsocket.c ../extmod/modwebrepl.c ../extmod/modframebuf.c ../extmod/vfs.c ../extmod/vfs_blockdev.c ../extmod/vfs_reader.c ../extmod/vfs_posix.c ../extmod/vfs_posix_file.c ../extmod/vfs_fat.c ../extmod/vfs_fat_diskio.c ../extmod/vfs_fat_file.c ../extmod/vfs_lfs.c ../extmod/utime_mphal.c ../extmod/uos_dupterm.c ../lib/embed/abort_.c ../lib/utils/printf.c build/genhdr/moduledefs.h nop.c graphic.c unix_mphal.c input.c file.c modos.c modtime.c main.c gccollect.c icas.c ../py/mpconfig.h mpconfigport.h
<.> /usr/pkgsrc/category/xcas/work/.gcc/bin/gcc -fcommon -m64 -E -DNO_QSTR -Ibuild/tmp -fPIC -DMICROPY_LIB -I. -I.. -I../py -Ibuild -Wall -ansi -std=gnu99 '-DFFCONF_H="lib/oofatfs/ffconf.h"' -g ../py/mpstate.c ../py/malloc.c ../py/gc.c ../py/pystack.c ../py/qstr.c ../py/vstr.c ../py/mpprint.c ../py/unicode.c ../py/mpz.c ../py/reader.c ../py/lexer.c ../py/parse.c ../py/scope.c ../py/compile.c ../py/emitcommon.c ../py/emitbc.c ../py/asmbase.c ../py/asmx64.c ../py/emitnx64.c ../py/asmx86.c ../py/emitnx86.c ../py/asmthumb.c ../py/emitnthumb.c ../py/emitinlinethumb.c ../py/asmarm.c ../py/emitnarm.c ../py/asmxtensa.c ../py/emitnxtensa.c ../py/emitinlinextensa.c ../py/emitnxtensawin.c ../py/formatfloat.c ../py/parsenumbase.c ../py/parsenum.c ../py/emitglue.c ../py/persistentcode.c ../py/runtime.c ../py/runtime_utils.c ../py/scheduler.c ../py/nativeglue.c ../py/ringbuf.c ../py/stackctrl.c ../py/argcheck.c ../py/warning.c ../py/profile.c ../py/map.c ../py/obj.c ../py/objarray.c ../py/objattrtuple.c ../py/objbool.c ../py/objboundmeth.c ../py/objcell.c ../py/objclosure.c ../py/objcomplex.c ../py/objdeque.c ../py/objdict.c ../py/objenumerate.c ../py/objexcept.c ../py/objfilter.c ../py/objfloat.c ../py/objfun.c ../py/objgenerator.c ../py/objgetitemiter.c ../py/objint.c ../py/objint_longlong.c ../py/objint_mpz.c ../py/objlist.c ../py/objmap.c ../py/objmodule.c ../py/objobject.c ../py/objpolyiter.c ../py/objproperty.c ../py/objnone.c ../py/objnamedtuple.c ../py/objrange.c ../py/objreversed.c ../py/objset.c ../py/objsingleton.c ../py/objslice.c ../py/objstr.c ../py/objstrunicode.c ../py/objstringio.c ../py/objtuple.c ../py/objtype.c ../py/objzip.c ../py/opmethods.c ../py/sequence.c ../py/stream.c ../py/binary.c ../py/builtinimport.c ../py/builtinevex.c ../py/builtinhelp.c ../py/modarray.c ../py/modbuiltins.c ../py/modcollections.c ../py/modgc.c ../py/modio.c ../py/modmath.c ../py/modcmath.c ../py/modmicropython.c ../py/modstruct.c ../py/modsys.c ../py/moduerrno.c ../py/modthread.c ../py/vm.c ../py/bc.c ../py/showbc.c ../py/repl.c ../py/smallint.c ../py/frozenmod.c ../extmod/moductypes.c ../extmod/modujson.c ../extmod/modure.c ../extmod/moduzlib.c ../extmod/moduheapq.c ../extmod/modutimeq.c ../extmod/moduhashlib.c ../extmod/moducryptolib.c ../extmod/modubinascii.c ../extmod/virtpin.c ../extmod/machine_mem.c ../extmod/machine_pinbase.c ../extmod/machine_signal.c ../extmod/machine_pulse.c ../extmod/machine_i2c.c ../extmod/machine_spi.c ../extmod/modbluetooth.c ../extmod/modussl_axtls.c ../extmod/modussl_mbedtls.c ../extmod/modurandom.c ../extmod/moduselect.c ../extmod/moduwebsocket.c ../extmod/modwebrepl.c ../extmod/modframebuf.c ../extmod/vfs.c ../extmod/vfs_blockdev.c ../extmod/vfs_reader.c ../extmod/vfs_posix.c ../extmod/vfs_posix_file.c ../extmod/vfs_fat.c ../extmod/vfs_fat_diskio.c ../extmod/vfs_fat_file.c ../extmod/vfs_lfs.c ../extmod/utime_mphal.c ../extmod/uos_dupterm.c ../lib/embed/abort_.c ../lib/utils/printf.c build/genhdr/moduledefs.h nop.c graphic.c unix_mphal.c input.c file.c modos.c modtime.c main.c gccollect.c icas.c ../py/mpconfig.h mpconfigport.h -D_FORTIFY_SOURCE=2 -fstack-protector -I/usr/pkgsrc/category/xcas/work/.buildlink/include
[*] cc -E -fPIC -DMICROPY_LIB -I. -I.. -I../py -Ibuild -Wall -ansi -std=gnu99 '-DFFCONF_H="lib/oofatfs/ffconf.h"' -g -
<.> /usr/pkgsrc/category/xcas/work/.gcc/bin/gcc -fcommon -m64 -E -fPIC -DMICROPY_LIB -I. -I.. -I../py -Ibuild -Wall -ansi -std=gnu99 '-DFFCONF_H="lib/oofatfs/ffconf.h"' -g - -D_FORTIFY_SOURCE=2 -fstack-protector -I/usr/pkgsrc/category/xcas/work/.buildlink/include
[*] /usr/pkgsrc/category/xcas/work/.tools/bin/mkdir -p build/extmod/
<.> /bin/mkdir -p -p build/extmod/
[*] /usr/pkgsrc/category/xcas/work/.tools/bin/mkdir -p build/lib/embed/
<.> /bin/mkdir -p -p build/lib/embed/
[*] /usr/pkgsrc/category/xcas/work/.tools/bin/mkdir -p build/lib/utils/
<.> /bin/mkdir -p -p build/lib/utils/
[*] /usr/pkgsrc/category/xcas/work/.tools/bin/mkdir -p build/py/
<.> /bin/mkdir -p -p build/py/
