Performing C SOURCE FILE Test CMAKE_HAVE_LIBC_PTHREAD failed with the following output:
Change Dir: /usr/pkgsrc/category/heaptrack/work/heaptrack-1.2.0/CMakeFiles/CMakeTmp

Run Build Command(s):/usr/bin/gmake cmTC_5ef28/fast && make  -f CMakeFiles/cmTC_5ef28.dir/build.make CMakeFiles/cmTC_5ef28.dir/build
Building C object CMakeFiles/cmTC_5ef28.dir/src.c.o
/usr/pkgsrc/category/heaptrack/work/.cwrapper/bin/cc   -O2 -D_FORTIFY_SOURCE=2 -DCMAKE_HAVE_LIBC_PTHREAD -o CMakeFiles/cmTC_5ef28.dir/src.c.o -c /usr/pkgsrc/category/heaptrack/work/heaptrack-1.2.0/CMakeFiles/CMakeTmp/src.c
Linking C executable cmTC_5ef28
/usr/pkg/bin/cmake -E cmake_link_script CMakeFiles/cmTC_5ef28.dir/link.txt --verbose=1
/usr/pkgsrc/category/heaptrack/work/.cwrapper/bin/cc -O2 -D_FORTIFY_SOURCE=2 -DCMAKE_HAVE_LIBC_PTHREAD -Wl,-z,relro -Wl,-z,now -Wl,-R/usr/pkg/lib  -rdynamic CMakeFiles/cmTC_5ef28.dir/src.c.o -o cmTC_5ef28 
/usr/lib64/gcc/x86_64-suse-linux/10/../../../../x86_64-suse-linux/bin/ld: CMakeFiles/cmTC_5ef28.dir/src.c.o: in function `main':
src.c:(.text.startup+0x13): undefined reference to `pthread_create'
/usr/lib64/gcc/x86_64-suse-linux/10/../../../../x86_64-suse-linux/bin/ld: src.c:(.text.startup+0x1d): undefined reference to `pthread_detach'
/usr/lib64/gcc/x86_64-suse-linux/10/../../../../x86_64-suse-linux/bin/ld: src.c:(.text.startup+0x27): undefined reference to `pthread_cancel'
/usr/lib64/gcc/x86_64-suse-linux/10/../../../../x86_64-suse-linux/bin/ld: src.c:(.text.startup+0x33): undefined reference to `pthread_join'
collect2: error: ld returned 1 exit status
*** Error code 1

Stop.
make[1]: stopped in /usr/pkgsrc/category/heaptrack/work/heaptrack-1.2.0/CMakeFiles/CMakeTmp
gmake: *** [Makefile:140: cmTC_5ef28/fast] Error 1


Source file was:
#include <pthread.h>

void* test_func(void* data)
{
  return data;
}

int main(void)
{
  pthread_t thread;
  pthread_create(&thread, NULL, test_func, NULL);
  pthread_detach(thread);
  pthread_cancel(thread);
  pthread_join(thread, NULL);
  pthread_atfork(NULL, NULL, NULL);
  pthread_exit(NULL);

  return 0;
}

Determining if the function pthread_create exists in the pthreads failed with the following output:
Change Dir: /usr/pkgsrc/category/heaptrack/work/heaptrack-1.2.0/CMakeFiles/CMakeTmp

Run Build Command(s):/usr/bin/gmake cmTC_e69fa/fast && make  -f CMakeFiles/cmTC_e69fa.dir/build.make CMakeFiles/cmTC_e69fa.dir/build
Building C object CMakeFiles/cmTC_e69fa.dir/CheckFunctionExists.c.o
/usr/pkgsrc/category/heaptrack/work/.cwrapper/bin/cc   -O2 -D_FORTIFY_SOURCE=2 -DCHECK_FUNCTION_EXISTS=pthread_create -o CMakeFiles/cmTC_e69fa.dir/CheckFunctionExists.c.o -c /usr/pkg/share/cmake-3.18/Modules/CheckFunctionExists.c
Linking C executable cmTC_e69fa
/usr/pkg/bin/cmake -E cmake_link_script CMakeFiles/cmTC_e69fa.dir/link.txt --verbose=1
/usr/pkgsrc/category/heaptrack/work/.cwrapper/bin/cc -O2 -D_FORTIFY_SOURCE=2 -DCHECK_FUNCTION_EXISTS=pthread_create -Wl,-z,relro -Wl,-z,now -Wl,-R/usr/pkg/lib  -rdynamic CMakeFiles/cmTC_e69fa.dir/CheckFunctionExists.c.o -o cmTC_e69fa  -lpthreads 
/usr/lib64/gcc/x86_64-suse-linux/10/../../../../x86_64-suse-linux/bin/ld: cannot find -lpthreads
collect2: error: ld returned 1 exit status
*** Error code 1

Stop.
make[1]: stopped in /usr/pkgsrc/category/heaptrack/work/heaptrack-1.2.0/CMakeFiles/CMakeTmp
gmake: *** [Makefile:140: cmTC_e69fa/fast] Error 1



Determining if the cfree exist failed with the following output:
Change Dir: /usr/pkgsrc/category/heaptrack/work/heaptrack-1.2.0/CMakeFiles/CMakeTmp

Run Build Command(s):/usr/bin/gmake cmTC_97aed/fast && make  -f CMakeFiles/cmTC_97aed.dir/build.make CMakeFiles/cmTC_97aed.dir/build
Building C object CMakeFiles/cmTC_97aed.dir/CheckSymbolExists.c.o
/usr/pkgsrc/category/heaptrack/work/.cwrapper/bin/cc   -O2 -D_FORTIFY_SOURCE=2 -o CMakeFiles/cmTC_97aed.dir/CheckSymbolExists.c.o -c /usr/pkgsrc/category/heaptrack/work/heaptrack-1.2.0/CMakeFiles/CMakeTmp/CheckSymbolExists.c
/usr/pkgsrc/category/heaptrack/work/heaptrack-1.2.0/CMakeFiles/CMakeTmp/CheckSymbolExists.c: In function 'main':
/usr/pkgsrc/category/heaptrack/work/heaptrack-1.2.0/CMakeFiles/CMakeTmp/CheckSymbolExists.c:8:19: error: 'cfree' undeclared (first use in this function); did you mean 'free'?
    8 |   return ((int*)(&cfree))[argc];
      |                   ^~~~~
      |                   free
/usr/pkgsrc/category/heaptrack/work/heaptrack-1.2.0/CMakeFiles/CMakeTmp/CheckSymbolExists.c:8:19: note: each undeclared identifier is reported only once for each function it appears in
*** Error code 1

Stop.
make[1]: stopped in /usr/pkgsrc/category/heaptrack/work/heaptrack-1.2.0/CMakeFiles/CMakeTmp
gmake: *** [Makefile:140: cmTC_97aed/fast] Error 1


File /usr/pkgsrc/category/heaptrack/work/heaptrack-1.2.0/CMakeFiles/CMakeTmp/CheckSymbolExists.c:
/* */
#include <malloc.h>

int main(int argc, char** argv)
{
  (void)argv;
#ifndef cfree
  return ((int*)(&cfree))[argc];
#else
  (void)argc;
  return 0;
#endif
}
Determining if the function getexecname exists failed with the following output:
Change Dir: /usr/pkgsrc/category/heaptrack/work/heaptrack-1.2.0/CMakeFiles/CMakeTmp

Run Build Command(s):/usr/bin/gmake cmTC_d4c0b/fast && make  -f CMakeFiles/cmTC_d4c0b.dir/build.make CMakeFiles/cmTC_d4c0b.dir/build
Building C object CMakeFiles/cmTC_d4c0b.dir/CheckFunctionExists.c.o
/usr/pkgsrc/category/heaptrack/work/.cwrapper/bin/cc -D_GNU_SOURCE  -O2 -D_FORTIFY_SOURCE=2 -DCHECK_FUNCTION_EXISTS=getexecname -o CMakeFiles/cmTC_d4c0b.dir/CheckFunctionExists.c.o -c /usr/pkg/share/cmake-3.18/Modules/CheckFunctionExists.c
Linking C executable cmTC_d4c0b
/usr/pkg/bin/cmake -E cmake_link_script CMakeFiles/cmTC_d4c0b.dir/link.txt --verbose=1
/usr/pkgsrc/category/heaptrack/work/.cwrapper/bin/cc -O2 -D_FORTIFY_SOURCE=2 -DCHECK_FUNCTION_EXISTS=getexecname -Wl,-z,relro -Wl,-z,now -Wl,-R/usr/pkg/lib  -rdynamic CMakeFiles/cmTC_d4c0b.dir/CheckFunctionExists.c.o -o cmTC_d4c0b 
/usr/lib64/gcc/x86_64-suse-linux/10/../../../../x86_64-suse-linux/bin/ld: CMakeFiles/cmTC_d4c0b.dir/CheckFunctionExists.c.o: in function `main':
CheckFunctionExists.c:(.text.startup+0xc): undefined reference to `getexecname'
collect2: error: ld returned 1 exit status
*** Error code 1

Stop.
make[1]: stopped in /usr/pkgsrc/category/heaptrack/work/heaptrack-1.2.0/CMakeFiles/CMakeTmp
gmake: *** [Makefile:140: cmTC_d4c0b/fast] Error 1



