The system is: Linux - 5.8.14-1-default - x86_64
Compiling the C compiler identification source file "CMakeCCompilerId.c" succeeded.
Compiler: /usr/pkgsrc/category/heaptrack/work/.cwrapper/bin/cc 
Build flags: -O2;-D_FORTIFY_SOURCE=2
Id flags:  

The output was:
0


Compilation of the C compiler identification source "CMakeCCompilerId.c" produced "a.out"

The C compiler identification is GNU, found in "/usr/pkgsrc/category/heaptrack/work/heaptrack-1.2.0/CMakeFiles/3.18.3/CompilerIdC/a.out"

Compiling the CXX compiler identification source file "CMakeCXXCompilerId.cpp" succeeded.
Compiler: /usr/pkgsrc/category/heaptrack/work/.cwrapper/bin/c++ 
Build flags: -O2;-D_FORTIFY_SOURCE=2
Id flags:  

The output was:
0


Compilation of the CXX compiler identification source "CMakeCXXCompilerId.cpp" produced "a.out"

The CXX compiler identification is GNU, found in "/usr/pkgsrc/category/heaptrack/work/heaptrack-1.2.0/CMakeFiles/3.18.3/CompilerIdCXX/a.out"

Detecting C compiler ABI info compiled with the following output:
Change Dir: /usr/pkgsrc/category/heaptrack/work/heaptrack-1.2.0/CMakeFiles/CMakeTmp

Run Build Command(s):/usr/bin/gmake cmTC_8aed6/fast && make  -f CMakeFiles/cmTC_8aed6.dir/build.make CMakeFiles/cmTC_8aed6.dir/build
Building C object CMakeFiles/cmTC_8aed6.dir/CMakeCCompilerABI.c.o
/usr/pkgsrc/category/heaptrack/work/.cwrapper/bin/cc   -O2 -D_FORTIFY_SOURCE=2    -v -o CMakeFiles/cmTC_8aed6.dir/CMakeCCompilerABI.c.o -c /usr/pkg/share/cmake-3.18/Modules/CMakeCCompilerABI.c
Using built-in specs.
COLLECT_GCC=/usr/pkgsrc/category/heaptrack/work/.gcc/bin/gcc
OFFLOAD_TARGET_NAMES=nvptx-none:amdgcn-amdhsa
OFFLOAD_TARGET_DEFAULT=1
Target: x86_64-suse-linux
Configured with: ../configure --prefix=/usr --infodir=/usr/share/info --mandir=/usr/share/man --libdir=/usr/lib64 --libexecdir=/usr/lib64 --enable-languages=c,c++,objc,fortran,obj-c++,ada,go,d --enable-offload-targets=nvptx-none=/usr/nvptx-none,amdgcn-amdhsa=/usr/amdgcn-amdhsa, --without-cuda-driver --enable-checking=release --disable-werror --with-gxx-include-dir=/usr/include/c++/10 --enable-ssp --disable-libssp --disable-libvtv --enable-cet=auto --disable-libcc1 --enable-plugin --with-bugurl=https://bugs.opensuse.org/ --with-pkgversion='SUSE Linux' --with-slibdir=/lib64 --with-system-zlib --enable-libstdcxx-allocator=new --disable-libstdcxx-pch --enable-libphobos --enable-version-specific-runtime-libs --with-gcc-major-version-only --enable-linker-build-id --enable-linux-futex --enable-gnu-indirect-function --program-suffix=-10 --without-system-libunwind --enable-multilib --with-arch-32=x86-64 --with-tune=generic --with-build-config=bootstrap-lto-lean --enable-link-mutex --build=x86_64-suse-linux --host=x86_64-suse-linux
Thread model: posix
Supported LTO compression algorithms: zlib zstd
gcc version 10.2.1 20200825 [revision c0746a1beb1ba073c7981eb09f55b3d993b32e5c] (SUSE Linux) 
COLLECT_GCC_OPTIONS='-fcommon' '-m64' '-O2' '-D' '_FORTIFY_SOURCE=2' '-v' '-o' 'CMakeFiles/cmTC_8aed6.dir/CMakeCCompilerABI.c.o' '-c' '-D' '_FORTIFY_SOURCE=2' '-fstack-protector' '-I' '/usr/pkgsrc/category/heaptrack/work/.buildlink/include' '-mtune=generic' '-march=x86-64'
 /usr/lib64/gcc/x86_64-suse-linux/10/cc1 -quiet -v -I /usr/pkgsrc/category/heaptrack/work/.buildlink/include -D _FORTIFY_SOURCE=2 -D _FORTIFY_SOURCE=2 /usr/pkg/share/cmake-3.18/Modules/CMakeCCompilerABI.c -quiet -dumpbase CMakeCCompilerABI.c -m64 -mtune=generic -march=x86-64 -auxbase-strip CMakeFiles/cmTC_8aed6.dir/CMakeCCompilerABI.c.o -O2 -version -fcommon -fstack-protector -o /tmp/ccXwP8DH.s
GNU C17 (SUSE Linux) version 10.2.1 20200825 [revision c0746a1beb1ba073c7981eb09f55b3d993b32e5c] (x86_64-suse-linux)
	compiled by GNU C version 10.2.1 20200825 [revision c0746a1beb1ba073c7981eb09f55b3d993b32e5c], GMP version 6.2.0, MPFR version 4.1.0, MPC version 1.2.0, isl version isl-0.22.1-GMP

GGC heuristics: --param ggc-min-expand=100 --param ggc-min-heapsize=131072
#include "..." search starts here:
#include <...> search starts here:
 /usr/pkgsrc/category/heaptrack/work/.buildlink/include
 /usr/lib64/gcc/x86_64-suse-linux/10/include
 /usr/local/include
 /usr/lib64/gcc/x86_64-suse-linux/10/include-fixed
 /usr/lib64/gcc/x86_64-suse-linux/10/../../../../x86_64-suse-linux/include
 /usr/include
End of search list.
GNU C17 (SUSE Linux) version 10.2.1 20200825 [revision c0746a1beb1ba073c7981eb09f55b3d993b32e5c] (x86_64-suse-linux)
	compiled by GNU C version 10.2.1 20200825 [revision c0746a1beb1ba073c7981eb09f55b3d993b32e5c], GMP version 6.2.0, MPFR version 4.1.0, MPC version 1.2.0, isl version isl-0.22.1-GMP

GGC heuristics: --param ggc-min-expand=100 --param ggc-min-heapsize=131072
Compiler executable checksum: 00000000000000000000000000000000
COLLECT_GCC_OPTIONS='-fcommon' '-m64' '-O2' '-D' '_FORTIFY_SOURCE=2' '-v' '-o' 'CMakeFiles/cmTC_8aed6.dir/CMakeCCompilerABI.c.o' '-c' '-D' '_FORTIFY_SOURCE=2' '-fstack-protector' '-I' '/usr/pkgsrc/category/heaptrack/work/.buildlink/include' '-mtune=generic' '-march=x86-64'
 /usr/lib64/gcc/x86_64-suse-linux/10/../../../../x86_64-suse-linux/bin/as -v -I /usr/pkgsrc/category/heaptrack/work/.buildlink/include --64 -o CMakeFiles/cmTC_8aed6.dir/CMakeCCompilerABI.c.o /tmp/ccXwP8DH.s
GNU assembler version 2.34.0 (x86_64-suse-linux) using BFD version (GNU Binutils; openSUSE Tumbleweed) 2.34.0.20200325-1
COMPILER_PATH=/usr/lib64/gcc/x86_64-suse-linux/10/:/usr/lib64/gcc/x86_64-suse-linux/10/:/usr/lib64/gcc/x86_64-suse-linux/:/usr/lib64/gcc/x86_64-suse-linux/10/:/usr/lib64/gcc/x86_64-suse-linux/:/usr/lib64/gcc/x86_64-suse-linux/10/../../../../x86_64-suse-linux/bin/
LIBRARY_PATH=/usr/lib64/gcc/x86_64-suse-linux/10/:/usr/lib64/gcc/x86_64-suse-linux/10/../../../../lib64/:/lib/../lib64/:/usr/lib/../lib64/:/usr/lib64/gcc/x86_64-suse-linux/10/../../../../x86_64-suse-linux/lib/:/usr/lib64/gcc/x86_64-suse-linux/10/../../../:/lib/:/usr/lib/
COLLECT_GCC_OPTIONS='-fcommon' '-m64' '-O2' '-D' '_FORTIFY_SOURCE=2' '-v' '-o' 'CMakeFiles/cmTC_8aed6.dir/CMakeCCompilerABI.c.o' '-c' '-D' '_FORTIFY_SOURCE=2' '-fstack-protector' '-I' '/usr/pkgsrc/category/heaptrack/work/.buildlink/include' '-mtune=generic' '-march=x86-64'
Linking C executable cmTC_8aed6
/usr/pkg/bin/cmake -E cmake_link_script CMakeFiles/cmTC_8aed6.dir/link.txt --verbose=1
/usr/pkgsrc/category/heaptrack/work/.cwrapper/bin/cc -O2 -D_FORTIFY_SOURCE=2  -Wl,-z,relro -Wl,-z,now -Wl,-R/usr/pkg/lib -v -rdynamic CMakeFiles/cmTC_8aed6.dir/CMakeCCompilerABI.c.o -o cmTC_8aed6 
Using built-in specs.
COLLECT_GCC=/usr/pkgsrc/category/heaptrack/work/.gcc/bin/gcc
COLLECT_LTO_WRAPPER=/usr/lib64/gcc/x86_64-suse-linux/10/lto-wrapper
OFFLOAD_TARGET_NAMES=nvptx-none:amdgcn-amdhsa
OFFLOAD_TARGET_DEFAULT=1
Target: x86_64-suse-linux
Configured with: ../configure --prefix=/usr --infodir=/usr/share/info --mandir=/usr/share/man --libdir=/usr/lib64 --libexecdir=/usr/lib64 --enable-languages=c,c++,objc,fortran,obj-c++,ada,go,d --enable-offload-targets=nvptx-none=/usr/nvptx-none,amdgcn-amdhsa=/usr/amdgcn-amdhsa, --without-cuda-driver --enable-checking=release --disable-werror --with-gxx-include-dir=/usr/include/c++/10 --enable-ssp --disable-libssp --disable-libvtv --enable-cet=auto --disable-libcc1 --enable-plugin --with-bugurl=https://bugs.opensuse.org/ --with-pkgversion='SUSE Linux' --with-slibdir=/lib64 --with-system-zlib --enable-libstdcxx-allocator=new --disable-libstdcxx-pch --enable-libphobos --enable-version-specific-runtime-libs --with-gcc-major-version-only --enable-linker-build-id --enable-linux-futex --enable-gnu-indirect-function --program-suffix=-10 --without-system-libunwind --enable-multilib --with-arch-32=x86-64 --with-tune=generic --with-build-config=bootstrap-lto-lean --enable-link-mutex --build=x86_64-suse-linux --host=x86_64-suse-linux
Thread model: posix
Supported LTO compression algorithms: zlib zstd
gcc version 10.2.1 20200825 [revision c0746a1beb1ba073c7981eb09f55b3d993b32e5c] (SUSE Linux) 
COMPILER_PATH=/usr/lib64/gcc/x86_64-suse-linux/10/:/usr/lib64/gcc/x86_64-suse-linux/10/:/usr/lib64/gcc/x86_64-suse-linux/:/usr/lib64/gcc/x86_64-suse-linux/10/:/usr/lib64/gcc/x86_64-suse-linux/:/usr/lib64/gcc/x86_64-suse-linux/10/../../../../x86_64-suse-linux/bin/
LIBRARY_PATH=/usr/lib64/gcc/x86_64-suse-linux/10/:/usr/lib64/gcc/x86_64-suse-linux/10/../../../../lib64/:/lib/../lib64/:/usr/lib/../lib64/:/usr/lib64/gcc/x86_64-suse-linux/10/../../../../x86_64-suse-linux/lib/:/usr/lib64/gcc/x86_64-suse-linux/10/../../../:/lib/:/usr/lib/
COLLECT_GCC_OPTIONS='-fcommon' '-m64' '-O2' '-D' '_FORTIFY_SOURCE=2' '-v' '-rdynamic' '-o' 'cmTC_8aed6' '-D' '_FORTIFY_SOURCE=2' '-fstack-protector' '-I' '/usr/pkgsrc/category/heaptrack/work/.buildlink/include' '-mtune=generic' '-march=x86-64'
 /usr/lib64/gcc/x86_64-suse-linux/10/collect2 -plugin /usr/lib64/gcc/x86_64-suse-linux/10/liblto_plugin.so -plugin-opt=/usr/lib64/gcc/x86_64-suse-linux/10/lto-wrapper -plugin-opt=-fresolution=/tmp/ccxn9rX2.res -plugin-opt=-pass-through=-lgcc -plugin-opt=-pass-through=-lgcc_s -plugin-opt=-pass-through=-lc -plugin-opt=-pass-through=-lgcc -plugin-opt=-pass-through=-lgcc_s --build-id --eh-frame-hdr -m elf_x86_64 -export-dynamic -dynamic-linker /lib64/ld-linux-x86-64.so.2 -o cmTC_8aed6 /usr/lib64/gcc/x86_64-suse-linux/10/../../../../lib64/crt1.o /usr/lib64/gcc/x86_64-suse-linux/10/../../../../lib64/crti.o /usr/lib64/gcc/x86_64-suse-linux/10/crtbegin.o -L/usr/lib64/gcc/x86_64-suse-linux/10 -L/usr/lib64/gcc/x86_64-suse-linux/10/../../../../lib64 -L/lib/../lib64 -L/usr/lib/../lib64 -L/usr/lib64/gcc/x86_64-suse-linux/10/../../../../x86_64-suse-linux/lib -L/usr/lib64/gcc/x86_64-suse-linux/10/../../.. -z relro -z now -rpath /usr/pkg/lib CMakeFiles/cmTC_8aed6.dir/CMakeCCompilerABI.c.o -lgcc --push-state --as-needed -lgcc_s --pop-state -lc -lgcc --push-state --as-needed -lgcc_s --pop-state /usr/lib64/gcc/x86_64-suse-linux/10/crtend.o /usr/lib64/gcc/x86_64-suse-linux/10/../../../../lib64/crtn.o
COLLECT_GCC_OPTIONS='-fcommon' '-m64' '-O2' '-D' '_FORTIFY_SOURCE=2' '-v' '-rdynamic' '-o' 'cmTC_8aed6' '-D' '_FORTIFY_SOURCE=2' '-fstack-protector' '-I' '/usr/pkgsrc/category/heaptrack/work/.buildlink/include' '-mtune=generic' '-march=x86-64'



Parsed C implicit include dir info from above output: rv=done
  found start of include info
  found start of implicit include info
    add: [/usr/pkgsrc/category/heaptrack/work/.buildlink/include]
    add: [/usr/lib64/gcc/x86_64-suse-linux/10/include]
    add: [/usr/local/include]
    add: [/usr/lib64/gcc/x86_64-suse-linux/10/include-fixed]
    add: [/usr/lib64/gcc/x86_64-suse-linux/10/../../../../x86_64-suse-linux/include]
    add: [/usr/include]
  end of search list found
  collapse include dir [/usr/pkgsrc/category/heaptrack/work/.buildlink/include] ==> [/usr/pkgsrc/category/heaptrack/work/.buildlink/include]
  collapse include dir [/usr/lib64/gcc/x86_64-suse-linux/10/include] ==> [/usr/lib64/gcc/x86_64-suse-linux/10/include]
  collapse include dir [/usr/local/include] ==> [/usr/local/include]
  collapse include dir [/usr/lib64/gcc/x86_64-suse-linux/10/include-fixed] ==> [/usr/lib64/gcc/x86_64-suse-linux/10/include-fixed]
  collapse include dir [/usr/lib64/gcc/x86_64-suse-linux/10/../../../../x86_64-suse-linux/include] ==> [/usr/x86_64-suse-linux/include]
  collapse include dir [/usr/include] ==> [/usr/include]
  implicit include dirs: [/usr/pkgsrc/category/heaptrack/work/.buildlink/include;/usr/lib64/gcc/x86_64-suse-linux/10/include;/usr/local/include;/usr/lib64/gcc/x86_64-suse-linux/10/include-fixed;/usr/x86_64-suse-linux/include;/usr/include]


Parsed C implicit link information from above output:
  link line regex: [^( *|.*[/\])(ld|CMAKE_LINK_STARTFILE-NOTFOUND|([^/\]+-)?ld|collect2)[^/\]*( |$)]
  ignore line: [Change Dir: /usr/pkgsrc/category/heaptrack/work/heaptrack-1.2.0/CMakeFiles/CMakeTmp]
  ignore line: []
  ignore line: [Run Build Command(s):/usr/bin/gmake cmTC_8aed6/fast && make  -f CMakeFiles/cmTC_8aed6.dir/build.make CMakeFiles/cmTC_8aed6.dir/build]
  ignore line: [Building C object CMakeFiles/cmTC_8aed6.dir/CMakeCCompilerABI.c.o]
  ignore line: [/usr/pkgsrc/category/heaptrack/work/.cwrapper/bin/cc   -O2 -D_FORTIFY_SOURCE=2    -v -o CMakeFiles/cmTC_8aed6.dir/CMakeCCompilerABI.c.o -c /usr/pkg/share/cmake-3.18/Modules/CMakeCCompilerABI.c]
  ignore line: [Using built-in specs.]
  ignore line: [COLLECT_GCC=/usr/pkgsrc/category/heaptrack/work/.gcc/bin/gcc]
  ignore line: [OFFLOAD_TARGET_NAMES=nvptx-none:amdgcn-amdhsa]
  ignore line: [OFFLOAD_TARGET_DEFAULT=1]
  ignore line: [Target: x86_64-suse-linux]
  ignore line: [Configured with: ../configure --prefix=/usr --infodir=/usr/share/info --mandir=/usr/share/man --libdir=/usr/lib64 --libexecdir=/usr/lib64 --enable-languages=c c++ objc fortran obj-c++ ada go d --enable-offload-targets=nvptx-none=/usr/nvptx-none amdgcn-amdhsa=/usr/amdgcn-amdhsa  --without-cuda-driver --enable-checking=release --disable-werror --with-gxx-include-dir=/usr/include/c++/10 --enable-ssp --disable-libssp --disable-libvtv --enable-cet=auto --disable-libcc1 --enable-plugin --with-bugurl=https://bugs.opensuse.org/ --with-pkgversion='SUSE Linux' --with-slibdir=/lib64 --with-system-zlib --enable-libstdcxx-allocator=new --disable-libstdcxx-pch --enable-libphobos --enable-version-specific-runtime-libs --with-gcc-major-version-only --enable-linker-build-id --enable-linux-futex --enable-gnu-indirect-function --program-suffix=-10 --without-system-libunwind --enable-multilib --with-arch-32=x86-64 --with-tune=generic --with-build-config=bootstrap-lto-lean --enable-link-mutex --build=x86_64-suse-linux --host=x86_64-suse-linux]
  ignore line: [Thread model: posix]
  ignore line: [Supported LTO compression algorithms: zlib zstd]
  ignore line: [gcc version 10.2.1 20200825 [revision c0746a1beb1ba073c7981eb09f55b3d993b32e5c] (SUSE Linux) ]
  ignore line: [COLLECT_GCC_OPTIONS='-fcommon' '-m64' '-O2' '-D' '_FORTIFY_SOURCE=2' '-v' '-o' 'CMakeFiles/cmTC_8aed6.dir/CMakeCCompilerABI.c.o' '-c' '-D' '_FORTIFY_SOURCE=2' '-fstack-protector' '-I' '/usr/pkgsrc/category/heaptrack/work/.buildlink/include' '-mtune=generic' '-march=x86-64']
  ignore line: [ /usr/lib64/gcc/x86_64-suse-linux/10/cc1 -quiet -v -I /usr/pkgsrc/category/heaptrack/work/.buildlink/include -D _FORTIFY_SOURCE=2 -D _FORTIFY_SOURCE=2 /usr/pkg/share/cmake-3.18/Modules/CMakeCCompilerABI.c -quiet -dumpbase CMakeCCompilerABI.c -m64 -mtune=generic -march=x86-64 -auxbase-strip CMakeFiles/cmTC_8aed6.dir/CMakeCCompilerABI.c.o -O2 -version -fcommon -fstack-protector -o /tmp/ccXwP8DH.s]
  ignore line: [GNU C17 (SUSE Linux) version 10.2.1 20200825 [revision c0746a1beb1ba073c7981eb09f55b3d993b32e5c] (x86_64-suse-linux)]
  ignore line: [	compiled by GNU C version 10.2.1 20200825 [revision c0746a1beb1ba073c7981eb09f55b3d993b32e5c]  GMP version 6.2.0  MPFR version 4.1.0  MPC version 1.2.0  isl version isl-0.22.1-GMP]
  ignore line: []
  ignore line: [GGC heuristics: --param ggc-min-expand=100 --param ggc-min-heapsize=131072]
  ignore line: [#include "..." search starts here:]
  ignore line: [#include <...> search starts here:]
  ignore line: [ /usr/pkgsrc/category/heaptrack/work/.buildlink/include]
  ignore line: [ /usr/lib64/gcc/x86_64-suse-linux/10/include]
  ignore line: [ /usr/local/include]
  ignore line: [ /usr/lib64/gcc/x86_64-suse-linux/10/include-fixed]
  ignore line: [ /usr/lib64/gcc/x86_64-suse-linux/10/../../../../x86_64-suse-linux/include]
  ignore line: [ /usr/include]
  ignore line: [End of search list.]
  ignore line: [GNU C17 (SUSE Linux) version 10.2.1 20200825 [revision c0746a1beb1ba073c7981eb09f55b3d993b32e5c] (x86_64-suse-linux)]
  ignore line: [	compiled by GNU C version 10.2.1 20200825 [revision c0746a1beb1ba073c7981eb09f55b3d993b32e5c]  GMP version 6.2.0  MPFR version 4.1.0  MPC version 1.2.0  isl version isl-0.22.1-GMP]
  ignore line: []
  ignore line: [GGC heuristics: --param ggc-min-expand=100 --param ggc-min-heapsize=131072]
  ignore line: [Compiler executable checksum: 00000000000000000000000000000000]
  ignore line: [COLLECT_GCC_OPTIONS='-fcommon' '-m64' '-O2' '-D' '_FORTIFY_SOURCE=2' '-v' '-o' 'CMakeFiles/cmTC_8aed6.dir/CMakeCCompilerABI.c.o' '-c' '-D' '_FORTIFY_SOURCE=2' '-fstack-protector' '-I' '/usr/pkgsrc/category/heaptrack/work/.buildlink/include' '-mtune=generic' '-march=x86-64']
  ignore line: [ /usr/lib64/gcc/x86_64-suse-linux/10/../../../../x86_64-suse-linux/bin/as -v -I /usr/pkgsrc/category/heaptrack/work/.buildlink/include --64 -o CMakeFiles/cmTC_8aed6.dir/CMakeCCompilerABI.c.o /tmp/ccXwP8DH.s]
  ignore line: [GNU assembler version 2.34.0 (x86_64-suse-linux) using BFD version (GNU Binutils]
  ignore line: [ openSUSE Tumbleweed) 2.34.0.20200325-1]
  ignore line: [COMPILER_PATH=/usr/lib64/gcc/x86_64-suse-linux/10/:/usr/lib64/gcc/x86_64-suse-linux/10/:/usr/lib64/gcc/x86_64-suse-linux/:/usr/lib64/gcc/x86_64-suse-linux/10/:/usr/lib64/gcc/x86_64-suse-linux/:/usr/lib64/gcc/x86_64-suse-linux/10/../../../../x86_64-suse-linux/bin/]
  ignore line: [LIBRARY_PATH=/usr/lib64/gcc/x86_64-suse-linux/10/:/usr/lib64/gcc/x86_64-suse-linux/10/../../../../lib64/:/lib/../lib64/:/usr/lib/../lib64/:/usr/lib64/gcc/x86_64-suse-linux/10/../../../../x86_64-suse-linux/lib/:/usr/lib64/gcc/x86_64-suse-linux/10/../../../:/lib/:/usr/lib/]
  ignore line: [COLLECT_GCC_OPTIONS='-fcommon' '-m64' '-O2' '-D' '_FORTIFY_SOURCE=2' '-v' '-o' 'CMakeFiles/cmTC_8aed6.dir/CMakeCCompilerABI.c.o' '-c' '-D' '_FORTIFY_SOURCE=2' '-fstack-protector' '-I' '/usr/pkgsrc/category/heaptrack/work/.buildlink/include' '-mtune=generic' '-march=x86-64']
  ignore line: [Linking C executable cmTC_8aed6]
  ignore line: [/usr/pkg/bin/cmake -E cmake_link_script CMakeFiles/cmTC_8aed6.dir/link.txt --verbose=1]
  ignore line: [/usr/pkgsrc/category/heaptrack/work/.cwrapper/bin/cc -O2 -D_FORTIFY_SOURCE=2  -Wl -z relro -Wl -z now -Wl -R/usr/pkg/lib -v -rdynamic CMakeFiles/cmTC_8aed6.dir/CMakeCCompilerABI.c.o -o cmTC_8aed6 ]
  ignore line: [Using built-in specs.]
  ignore line: [COLLECT_GCC=/usr/pkgsrc/category/heaptrack/work/.gcc/bin/gcc]
  ignore line: [COLLECT_LTO_WRAPPER=/usr/lib64/gcc/x86_64-suse-linux/10/lto-wrapper]
  ignore line: [OFFLOAD_TARGET_NAMES=nvptx-none:amdgcn-amdhsa]
  ignore line: [OFFLOAD_TARGET_DEFAULT=1]
  ignore line: [Target: x86_64-suse-linux]
  ignore line: [Configured with: ../configure --prefix=/usr --infodir=/usr/share/info --mandir=/usr/share/man --libdir=/usr/lib64 --libexecdir=/usr/lib64 --enable-languages=c c++ objc fortran obj-c++ ada go d --enable-offload-targets=nvptx-none=/usr/nvptx-none amdgcn-amdhsa=/usr/amdgcn-amdhsa  --without-cuda-driver --enable-checking=release --disable-werror --with-gxx-include-dir=/usr/include/c++/10 --enable-ssp --disable-libssp --disable-libvtv --enable-cet=auto --disable-libcc1 --enable-plugin --with-bugurl=https://bugs.opensuse.org/ --with-pkgversion='SUSE Linux' --with-slibdir=/lib64 --with-system-zlib --enable-libstdcxx-allocator=new --disable-libstdcxx-pch --enable-libphobos --enable-version-specific-runtime-libs --with-gcc-major-version-only --enable-linker-build-id --enable-linux-futex --enable-gnu-indirect-function --program-suffix=-10 --without-system-libunwind --enable-multilib --with-arch-32=x86-64 --with-tune=generic --with-build-config=bootstrap-lto-lean --enable-link-mutex --build=x86_64-suse-linux --host=x86_64-suse-linux]
  ignore line: [Thread model: posix]
  ignore line: [Supported LTO compression algorithms: zlib zstd]
  ignore line: [gcc version 10.2.1 20200825 [revision c0746a1beb1ba073c7981eb09f55b3d993b32e5c] (SUSE Linux) ]
  ignore line: [COMPILER_PATH=/usr/lib64/gcc/x86_64-suse-linux/10/:/usr/lib64/gcc/x86_64-suse-linux/10/:/usr/lib64/gcc/x86_64-suse-linux/:/usr/lib64/gcc/x86_64-suse-linux/10/:/usr/lib64/gcc/x86_64-suse-linux/:/usr/lib64/gcc/x86_64-suse-linux/10/../../../../x86_64-suse-linux/bin/]
  ignore line: [LIBRARY_PATH=/usr/lib64/gcc/x86_64-suse-linux/10/:/usr/lib64/gcc/x86_64-suse-linux/10/../../../../lib64/:/lib/../lib64/:/usr/lib/../lib64/:/usr/lib64/gcc/x86_64-suse-linux/10/../../../../x86_64-suse-linux/lib/:/usr/lib64/gcc/x86_64-suse-linux/10/../../../:/lib/:/usr/lib/]
  ignore line: [COLLECT_GCC_OPTIONS='-fcommon' '-m64' '-O2' '-D' '_FORTIFY_SOURCE=2' '-v' '-rdynamic' '-o' 'cmTC_8aed6' '-D' '_FORTIFY_SOURCE=2' '-fstack-protector' '-I' '/usr/pkgsrc/category/heaptrack/work/.buildlink/include' '-mtune=generic' '-march=x86-64']
  link line: [ /usr/lib64/gcc/x86_64-suse-linux/10/collect2 -plugin /usr/lib64/gcc/x86_64-suse-linux/10/liblto_plugin.so -plugin-opt=/usr/lib64/gcc/x86_64-suse-linux/10/lto-wrapper -plugin-opt=-fresolution=/tmp/ccxn9rX2.res -plugin-opt=-pass-through=-lgcc -plugin-opt=-pass-through=-lgcc_s -plugin-opt=-pass-through=-lc -plugin-opt=-pass-through=-lgcc -plugin-opt=-pass-through=-lgcc_s --build-id --eh-frame-hdr -m elf_x86_64 -export-dynamic -dynamic-linker /lib64/ld-linux-x86-64.so.2 -o cmTC_8aed6 /usr/lib64/gcc/x86_64-suse-linux/10/../../../../lib64/crt1.o /usr/lib64/gcc/x86_64-suse-linux/10/../../../../lib64/crti.o /usr/lib64/gcc/x86_64-suse-linux/10/crtbegin.o -L/usr/lib64/gcc/x86_64-suse-linux/10 -L/usr/lib64/gcc/x86_64-suse-linux/10/../../../../lib64 -L/lib/../lib64 -L/usr/lib/../lib64 -L/usr/lib64/gcc/x86_64-suse-linux/10/../../../../x86_64-suse-linux/lib -L/usr/lib64/gcc/x86_64-suse-linux/10/../../.. -z relro -z now -rpath /usr/pkg/lib CMakeFiles/cmTC_8aed6.dir/CMakeCCompilerABI.c.o -lgcc --push-state --as-needed -lgcc_s --pop-state -lc -lgcc --push-state --as-needed -lgcc_s --pop-state /usr/lib64/gcc/x86_64-suse-linux/10/crtend.o /usr/lib64/gcc/x86_64-suse-linux/10/../../../../lib64/crtn.o]
    arg [/usr/lib64/gcc/x86_64-suse-linux/10/collect2] ==> ignore
    arg [-plugin] ==> ignore
    arg [/usr/lib64/gcc/x86_64-suse-linux/10/liblto_plugin.so] ==> ignore
    arg [-plugin-opt=/usr/lib64/gcc/x86_64-suse-linux/10/lto-wrapper] ==> ignore
    arg [-plugin-opt=-fresolution=/tmp/ccxn9rX2.res] ==> ignore
    arg [-plugin-opt=-pass-through=-lgcc] ==> ignore
    arg [-plugin-opt=-pass-through=-lgcc_s] ==> ignore
    arg [-plugin-opt=-pass-through=-lc] ==> ignore
    arg [-plugin-opt=-pass-through=-lgcc] ==> ignore
    arg [-plugin-opt=-pass-through=-lgcc_s] ==> ignore
    arg [--build-id] ==> ignore
    arg [--eh-frame-hdr] ==> ignore
    arg [-m] ==> ignore
    arg [elf_x86_64] ==> ignore
    arg [-export-dynamic] ==> ignore
    arg [-dynamic-linker] ==> ignore
    arg [/lib64/ld-linux-x86-64.so.2] ==> ignore
    arg [-o] ==> ignore
    arg [cmTC_8aed6] ==> ignore
    arg [/usr/lib64/gcc/x86_64-suse-linux/10/../../../../lib64/crt1.o] ==> ignore
    arg [/usr/lib64/gcc/x86_64-suse-linux/10/../../../../lib64/crti.o] ==> ignore
    arg [/usr/lib64/gcc/x86_64-suse-linux/10/crtbegin.o] ==> ignore
    arg [-L/usr/lib64/gcc/x86_64-suse-linux/10] ==> dir [/usr/lib64/gcc/x86_64-suse-linux/10]
    arg [-L/usr/lib64/gcc/x86_64-suse-linux/10/../../../../lib64] ==> dir [/usr/lib64/gcc/x86_64-suse-linux/10/../../../../lib64]
    arg [-L/lib/../lib64] ==> dir [/lib/../lib64]
    arg [-L/usr/lib/../lib64] ==> dir [/usr/lib/../lib64]
    arg [-L/usr/lib64/gcc/x86_64-suse-linux/10/../../../../x86_64-suse-linux/lib] ==> dir [/usr/lib64/gcc/x86_64-suse-linux/10/../../../../x86_64-suse-linux/lib]
    arg [-L/usr/lib64/gcc/x86_64-suse-linux/10/../../..] ==> dir [/usr/lib64/gcc/x86_64-suse-linux/10/../../..]
    arg [-zrelro] ==> ignore
    arg [-znow] ==> ignore
    arg [-rpath] ==> ignore
    arg [/usr/pkg/lib] ==> ignore
    arg [CMakeFiles/cmTC_8aed6.dir/CMakeCCompilerABI.c.o] ==> ignore
    arg [-lgcc] ==> lib [gcc]
    arg [--push-state] ==> ignore
    arg [--as-needed] ==> ignore
    arg [-lgcc_s] ==> lib [gcc_s]
    arg [--pop-state] ==> ignore
    arg [-lc] ==> lib [c]
    arg [-lgcc] ==> lib [gcc]
    arg [--push-state] ==> ignore
    arg [--as-needed] ==> ignore
    arg [-lgcc_s] ==> lib [gcc_s]
    arg [--pop-state] ==> ignore
    arg [/usr/lib64/gcc/x86_64-suse-linux/10/crtend.o] ==> ignore
    arg [/usr/lib64/gcc/x86_64-suse-linux/10/../../../../lib64/crtn.o] ==> ignore
  collapse library dir [/usr/lib64/gcc/x86_64-suse-linux/10] ==> [/usr/lib64/gcc/x86_64-suse-linux/10]
  collapse library dir [/usr/lib64/gcc/x86_64-suse-linux/10/../../../../lib64] ==> [/usr/lib64]
  collapse library dir [/lib/../lib64] ==> [/lib64]
  collapse library dir [/usr/lib/../lib64] ==> [/usr/lib64]
  collapse library dir [/usr/lib64/gcc/x86_64-suse-linux/10/../../../../x86_64-suse-linux/lib] ==> [/usr/x86_64-suse-linux/lib]
  collapse library dir [/usr/lib64/gcc/x86_64-suse-linux/10/../../..] ==> [/usr/lib64]
  implicit libs: [gcc;gcc_s;c;gcc;gcc_s]
  implicit dirs: [/usr/lib64/gcc/x86_64-suse-linux/10;/usr/lib64;/lib64;/usr/x86_64-suse-linux/lib]
  implicit fwks: []


Detecting CXX compiler ABI info compiled with the following output:
Change Dir: /usr/pkgsrc/category/heaptrack/work/heaptrack-1.2.0/CMakeFiles/CMakeTmp

Run Build Command(s):/usr/bin/gmake cmTC_7f7a4/fast && make  -f CMakeFiles/cmTC_7f7a4.dir/build.make CMakeFiles/cmTC_7f7a4.dir/build
Building CXX object CMakeFiles/cmTC_7f7a4.dir/CMakeCXXCompilerABI.cpp.o
/usr/pkgsrc/category/heaptrack/work/.cwrapper/bin/c++   -O2 -D_FORTIFY_SOURCE=2    -v -o CMakeFiles/cmTC_7f7a4.dir/CMakeCXXCompilerABI.cpp.o -c /usr/pkg/share/cmake-3.18/Modules/CMakeCXXCompilerABI.cpp
Using built-in specs.
COLLECT_GCC=/usr/pkgsrc/category/heaptrack/work/.gcc/bin/g++
OFFLOAD_TARGET_NAMES=nvptx-none:amdgcn-amdhsa
OFFLOAD_TARGET_DEFAULT=1
Target: x86_64-suse-linux
Configured with: ../configure --prefix=/usr --infodir=/usr/share/info --mandir=/usr/share/man --libdir=/usr/lib64 --libexecdir=/usr/lib64 --enable-languages=c,c++,objc,fortran,obj-c++,ada,go,d --enable-offload-targets=nvptx-none=/usr/nvptx-none,amdgcn-amdhsa=/usr/amdgcn-amdhsa, --without-cuda-driver --enable-checking=release --disable-werror --with-gxx-include-dir=/usr/include/c++/10 --enable-ssp --disable-libssp --disable-libvtv --enable-cet=auto --disable-libcc1 --enable-plugin --with-bugurl=https://bugs.opensuse.org/ --with-pkgversion='SUSE Linux' --with-slibdir=/lib64 --with-system-zlib --enable-libstdcxx-allocator=new --disable-libstdcxx-pch --enable-libphobos --enable-version-specific-runtime-libs --with-gcc-major-version-only --enable-linker-build-id --enable-linux-futex --enable-gnu-indirect-function --program-suffix=-10 --without-system-libunwind --enable-multilib --with-arch-32=x86-64 --with-tune=generic --with-build-config=bootstrap-lto-lean --enable-link-mutex --build=x86_64-suse-linux --host=x86_64-suse-linux
Thread model: posix
Supported LTO compression algorithms: zlib zstd
gcc version 10.2.1 20200825 [revision c0746a1beb1ba073c7981eb09f55b3d993b32e5c] (SUSE Linux) 
COLLECT_GCC_OPTIONS='-m64' '-O2' '-D' '_FORTIFY_SOURCE=2' '-v' '-o' 'CMakeFiles/cmTC_7f7a4.dir/CMakeCXXCompilerABI.cpp.o' '-c' '-fstack-protector' '-I' '/usr/pkgsrc/category/heaptrack/work/.buildlink/include' '-shared-libgcc' '-mtune=generic' '-march=x86-64'
 /usr/lib64/gcc/x86_64-suse-linux/10/cc1plus -quiet -v -I /usr/pkgsrc/category/heaptrack/work/.buildlink/include -D_GNU_SOURCE -D _FORTIFY_SOURCE=2 /usr/pkg/share/cmake-3.18/Modules/CMakeCXXCompilerABI.cpp -quiet -dumpbase CMakeCXXCompilerABI.cpp -m64 -mtune=generic -march=x86-64 -auxbase-strip CMakeFiles/cmTC_7f7a4.dir/CMakeCXXCompilerABI.cpp.o -O2 -version -fstack-protector -o /tmp/ccpEfExM.s
GNU C++14 (SUSE Linux) version 10.2.1 20200825 [revision c0746a1beb1ba073c7981eb09f55b3d993b32e5c] (x86_64-suse-linux)
	compiled by GNU C version 10.2.1 20200825 [revision c0746a1beb1ba073c7981eb09f55b3d993b32e5c], GMP version 6.2.0, MPFR version 4.1.0, MPC version 1.2.0, isl version isl-0.22.1-GMP

GGC heuristics: --param ggc-min-expand=100 --param ggc-min-heapsize=131072
#include "..." search starts here:
#include <...> search starts here:
 /usr/pkgsrc/category/heaptrack/work/.buildlink/include
 /usr/include/c++/10
 /usr/include/c++/10/x86_64-suse-linux
 /usr/include/c++/10/backward
 /usr/lib64/gcc/x86_64-suse-linux/10/include
 /usr/local/include
 /usr/lib64/gcc/x86_64-suse-linux/10/include-fixed
 /usr/lib64/gcc/x86_64-suse-linux/10/../../../../x86_64-suse-linux/include
 /usr/include
End of search list.
GNU C++14 (SUSE Linux) version 10.2.1 20200825 [revision c0746a1beb1ba073c7981eb09f55b3d993b32e5c] (x86_64-suse-linux)
	compiled by GNU C version 10.2.1 20200825 [revision c0746a1beb1ba073c7981eb09f55b3d993b32e5c], GMP version 6.2.0, MPFR version 4.1.0, MPC version 1.2.0, isl version isl-0.22.1-GMP

GGC heuristics: --param ggc-min-expand=100 --param ggc-min-heapsize=131072
Compiler executable checksum: 00000000000000000000000000000000
COLLECT_GCC_OPTIONS='-m64' '-O2' '-D' '_FORTIFY_SOURCE=2' '-v' '-o' 'CMakeFiles/cmTC_7f7a4.dir/CMakeCXXCompilerABI.cpp.o' '-c' '-fstack-protector' '-I' '/usr/pkgsrc/category/heaptrack/work/.buildlink/include' '-shared-libgcc' '-mtune=generic' '-march=x86-64'
 /usr/lib64/gcc/x86_64-suse-linux/10/../../../../x86_64-suse-linux/bin/as -v -I /usr/pkgsrc/category/heaptrack/work/.buildlink/include --64 -o CMakeFiles/cmTC_7f7a4.dir/CMakeCXXCompilerABI.cpp.o /tmp/ccpEfExM.s
GNU assembler version 2.34.0 (x86_64-suse-linux) using BFD version (GNU Binutils; openSUSE Tumbleweed) 2.34.0.20200325-1
COMPILER_PATH=/usr/lib64/gcc/x86_64-suse-linux/10/:/usr/lib64/gcc/x86_64-suse-linux/10/:/usr/lib64/gcc/x86_64-suse-linux/:/usr/lib64/gcc/x86_64-suse-linux/10/:/usr/lib64/gcc/x86_64-suse-linux/:/usr/lib64/gcc/x86_64-suse-linux/10/../../../../x86_64-suse-linux/bin/
LIBRARY_PATH=/usr/lib64/gcc/x86_64-suse-linux/10/:/usr/lib64/gcc/x86_64-suse-linux/10/../../../../lib64/:/lib/../lib64/:/usr/lib/../lib64/:/usr/lib64/gcc/x86_64-suse-linux/10/../../../../x86_64-suse-linux/lib/:/usr/lib64/gcc/x86_64-suse-linux/10/../../../:/lib/:/usr/lib/
COLLECT_GCC_OPTIONS='-m64' '-O2' '-D' '_FORTIFY_SOURCE=2' '-v' '-o' 'CMakeFiles/cmTC_7f7a4.dir/CMakeCXXCompilerABI.cpp.o' '-c' '-fstack-protector' '-I' '/usr/pkgsrc/category/heaptrack/work/.buildlink/include' '-shared-libgcc' '-mtune=generic' '-march=x86-64'
Linking CXX executable cmTC_7f7a4
/usr/pkg/bin/cmake -E cmake_link_script CMakeFiles/cmTC_7f7a4.dir/link.txt --verbose=1
/usr/pkgsrc/category/heaptrack/work/.cwrapper/bin/c++ -O2 -D_FORTIFY_SOURCE=2  -Wl,-z,relro -Wl,-z,now -Wl,-R/usr/pkg/lib -v -rdynamic CMakeFiles/cmTC_7f7a4.dir/CMakeCXXCompilerABI.cpp.o -o cmTC_7f7a4 
Using built-in specs.
COLLECT_GCC=/usr/pkgsrc/category/heaptrack/work/.gcc/bin/g++
COLLECT_LTO_WRAPPER=/usr/lib64/gcc/x86_64-suse-linux/10/lto-wrapper
OFFLOAD_TARGET_NAMES=nvptx-none:amdgcn-amdhsa
OFFLOAD_TARGET_DEFAULT=1
Target: x86_64-suse-linux
Configured with: ../configure --prefix=/usr --infodir=/usr/share/info --mandir=/usr/share/man --libdir=/usr/lib64 --libexecdir=/usr/lib64 --enable-languages=c,c++,objc,fortran,obj-c++,ada,go,d --enable-offload-targets=nvptx-none=/usr/nvptx-none,amdgcn-amdhsa=/usr/amdgcn-amdhsa, --without-cuda-driver --enable-checking=release --disable-werror --with-gxx-include-dir=/usr/include/c++/10 --enable-ssp --disable-libssp --disable-libvtv --enable-cet=auto --disable-libcc1 --enable-plugin --with-bugurl=https://bugs.opensuse.org/ --with-pkgversion='SUSE Linux' --with-slibdir=/lib64 --with-system-zlib --enable-libstdcxx-allocator=new --disable-libstdcxx-pch --enable-libphobos --enable-version-specific-runtime-libs --with-gcc-major-version-only --enable-linker-build-id --enable-linux-futex --enable-gnu-indirect-function --program-suffix=-10 --without-system-libunwind --enable-multilib --with-arch-32=x86-64 --with-tune=generic --with-build-config=bootstrap-lto-lean --enable-link-mutex --build=x86_64-suse-linux --host=x86_64-suse-linux
Thread model: posix
Supported LTO compression algorithms: zlib zstd
gcc version 10.2.1 20200825 [revision c0746a1beb1ba073c7981eb09f55b3d993b32e5c] (SUSE Linux) 
COMPILER_PATH=/usr/lib64/gcc/x86_64-suse-linux/10/:/usr/lib64/gcc/x86_64-suse-linux/10/:/usr/lib64/gcc/x86_64-suse-linux/:/usr/lib64/gcc/x86_64-suse-linux/10/:/usr/lib64/gcc/x86_64-suse-linux/:/usr/lib64/gcc/x86_64-suse-linux/10/../../../../x86_64-suse-linux/bin/
LIBRARY_PATH=/usr/lib64/gcc/x86_64-suse-linux/10/:/usr/lib64/gcc/x86_64-suse-linux/10/../../../../lib64/:/lib/../lib64/:/usr/lib/../lib64/:/usr/lib64/gcc/x86_64-suse-linux/10/../../../../x86_64-suse-linux/lib/:/usr/lib64/gcc/x86_64-suse-linux/10/../../../:/lib/:/usr/lib/
COLLECT_GCC_OPTIONS='-m64' '-O2' '-D' '_FORTIFY_SOURCE=2' '-v' '-rdynamic' '-o' 'cmTC_7f7a4' '-fstack-protector' '-I' '/usr/pkgsrc/category/heaptrack/work/.buildlink/include' '-shared-libgcc' '-mtune=generic' '-march=x86-64'
 /usr/lib64/gcc/x86_64-suse-linux/10/collect2 -plugin /usr/lib64/gcc/x86_64-suse-linux/10/liblto_plugin.so -plugin-opt=/usr/lib64/gcc/x86_64-suse-linux/10/lto-wrapper -plugin-opt=-fresolution=/tmp/cclo4tEb.res -plugin-opt=-pass-through=-lgcc_s -plugin-opt=-pass-through=-lgcc -plugin-opt=-pass-through=-lc -plugin-opt=-pass-through=-lgcc_s -plugin-opt=-pass-through=-lgcc --build-id --eh-frame-hdr -m elf_x86_64 -export-dynamic -dynamic-linker /lib64/ld-linux-x86-64.so.2 -o cmTC_7f7a4 /usr/lib64/gcc/x86_64-suse-linux/10/../../../../lib64/crt1.o /usr/lib64/gcc/x86_64-suse-linux/10/../../../../lib64/crti.o /usr/lib64/gcc/x86_64-suse-linux/10/crtbegin.o -L/usr/lib64/gcc/x86_64-suse-linux/10 -L/usr/lib64/gcc/x86_64-suse-linux/10/../../../../lib64 -L/lib/../lib64 -L/usr/lib/../lib64 -L/usr/lib64/gcc/x86_64-suse-linux/10/../../../../x86_64-suse-linux/lib -L/usr/lib64/gcc/x86_64-suse-linux/10/../../.. -z relro -z now -rpath /usr/pkg/lib CMakeFiles/cmTC_7f7a4.dir/CMakeCXXCompilerABI.cpp.o -lstdc++ -lm -lgcc_s -lgcc -lc -lgcc_s -lgcc /usr/lib64/gcc/x86_64-suse-linux/10/crtend.o /usr/lib64/gcc/x86_64-suse-linux/10/../../../../lib64/crtn.o
COLLECT_GCC_OPTIONS='-m64' '-O2' '-D' '_FORTIFY_SOURCE=2' '-v' '-rdynamic' '-o' 'cmTC_7f7a4' '-fstack-protector' '-I' '/usr/pkgsrc/category/heaptrack/work/.buildlink/include' '-shared-libgcc' '-mtune=generic' '-march=x86-64'



Parsed CXX implicit include dir info from above output: rv=done
  found start of include info
  found start of implicit include info
    add: [/usr/pkgsrc/category/heaptrack/work/.buildlink/include]
    add: [/usr/include/c++/10]
    add: [/usr/include/c++/10/x86_64-suse-linux]
    add: [/usr/include/c++/10/backward]
    add: [/usr/lib64/gcc/x86_64-suse-linux/10/include]
    add: [/usr/local/include]
    add: [/usr/lib64/gcc/x86_64-suse-linux/10/include-fixed]
    add: [/usr/lib64/gcc/x86_64-suse-linux/10/../../../../x86_64-suse-linux/include]
    add: [/usr/include]
  end of search list found
  collapse include dir [/usr/pkgsrc/category/heaptrack/work/.buildlink/include] ==> [/usr/pkgsrc/category/heaptrack/work/.buildlink/include]
  collapse include dir [/usr/include/c++/10] ==> [/usr/include/c++/10]
  collapse include dir [/usr/include/c++/10/x86_64-suse-linux] ==> [/usr/include/c++/10/x86_64-suse-linux]
  collapse include dir [/usr/include/c++/10/backward] ==> [/usr/include/c++/10/backward]
  collapse include dir [/usr/lib64/gcc/x86_64-suse-linux/10/include] ==> [/usr/lib64/gcc/x86_64-suse-linux/10/include]
  collapse include dir [/usr/local/include] ==> [/usr/local/include]
  collapse include dir [/usr/lib64/gcc/x86_64-suse-linux/10/include-fixed] ==> [/usr/lib64/gcc/x86_64-suse-linux/10/include-fixed]
  collapse include dir [/usr/lib64/gcc/x86_64-suse-linux/10/../../../../x86_64-suse-linux/include] ==> [/usr/x86_64-suse-linux/include]
  collapse include dir [/usr/include] ==> [/usr/include]
  implicit include dirs: [/usr/pkgsrc/category/heaptrack/work/.buildlink/include;/usr/include/c++/10;/usr/include/c++/10/x86_64-suse-linux;/usr/include/c++/10/backward;/usr/lib64/gcc/x86_64-suse-linux/10/include;/usr/local/include;/usr/lib64/gcc/x86_64-suse-linux/10/include-fixed;/usr/x86_64-suse-linux/include;/usr/include]


Parsed CXX implicit link information from above output:
  link line regex: [^( *|.*[/\])(ld|CMAKE_LINK_STARTFILE-NOTFOUND|([^/\]+-)?ld|collect2)[^/\]*( |$)]
  ignore line: [Change Dir: /usr/pkgsrc/category/heaptrack/work/heaptrack-1.2.0/CMakeFiles/CMakeTmp]
  ignore line: []
  ignore line: [Run Build Command(s):/usr/bin/gmake cmTC_7f7a4/fast && make  -f CMakeFiles/cmTC_7f7a4.dir/build.make CMakeFiles/cmTC_7f7a4.dir/build]
  ignore line: [Building CXX object CMakeFiles/cmTC_7f7a4.dir/CMakeCXXCompilerABI.cpp.o]
  ignore line: [/usr/pkgsrc/category/heaptrack/work/.cwrapper/bin/c++   -O2 -D_FORTIFY_SOURCE=2    -v -o CMakeFiles/cmTC_7f7a4.dir/CMakeCXXCompilerABI.cpp.o -c /usr/pkg/share/cmake-3.18/Modules/CMakeCXXCompilerABI.cpp]
  ignore line: [Using built-in specs.]
  ignore line: [COLLECT_GCC=/usr/pkgsrc/category/heaptrack/work/.gcc/bin/g++]
  ignore line: [OFFLOAD_TARGET_NAMES=nvptx-none:amdgcn-amdhsa]
  ignore line: [OFFLOAD_TARGET_DEFAULT=1]
  ignore line: [Target: x86_64-suse-linux]
  ignore line: [Configured with: ../configure --prefix=/usr --infodir=/usr/share/info --mandir=/usr/share/man --libdir=/usr/lib64 --libexecdir=/usr/lib64 --enable-languages=c c++ objc fortran obj-c++ ada go d --enable-offload-targets=nvptx-none=/usr/nvptx-none amdgcn-amdhsa=/usr/amdgcn-amdhsa  --without-cuda-driver --enable-checking=release --disable-werror --with-gxx-include-dir=/usr/include/c++/10 --enable-ssp --disable-libssp --disable-libvtv --enable-cet=auto --disable-libcc1 --enable-plugin --with-bugurl=https://bugs.opensuse.org/ --with-pkgversion='SUSE Linux' --with-slibdir=/lib64 --with-system-zlib --enable-libstdcxx-allocator=new --disable-libstdcxx-pch --enable-libphobos --enable-version-specific-runtime-libs --with-gcc-major-version-only --enable-linker-build-id --enable-linux-futex --enable-gnu-indirect-function --program-suffix=-10 --without-system-libunwind --enable-multilib --with-arch-32=x86-64 --with-tune=generic --with-build-config=bootstrap-lto-lean --enable-link-mutex --build=x86_64-suse-linux --host=x86_64-suse-linux]
  ignore line: [Thread model: posix]
  ignore line: [Supported LTO compression algorithms: zlib zstd]
  ignore line: [gcc version 10.2.1 20200825 [revision c0746a1beb1ba073c7981eb09f55b3d993b32e5c] (SUSE Linux) ]
  ignore line: [COLLECT_GCC_OPTIONS='-m64' '-O2' '-D' '_FORTIFY_SOURCE=2' '-v' '-o' 'CMakeFiles/cmTC_7f7a4.dir/CMakeCXXCompilerABI.cpp.o' '-c' '-fstack-protector' '-I' '/usr/pkgsrc/category/heaptrack/work/.buildlink/include' '-shared-libgcc' '-mtune=generic' '-march=x86-64']
  ignore line: [ /usr/lib64/gcc/x86_64-suse-linux/10/cc1plus -quiet -v -I /usr/pkgsrc/category/heaptrack/work/.buildlink/include -D_GNU_SOURCE -D _FORTIFY_SOURCE=2 /usr/pkg/share/cmake-3.18/Modules/CMakeCXXCompilerABI.cpp -quiet -dumpbase CMakeCXXCompilerABI.cpp -m64 -mtune=generic -march=x86-64 -auxbase-strip CMakeFiles/cmTC_7f7a4.dir/CMakeCXXCompilerABI.cpp.o -O2 -version -fstack-protector -o /tmp/ccpEfExM.s]
  ignore line: [GNU C++14 (SUSE Linux) version 10.2.1 20200825 [revision c0746a1beb1ba073c7981eb09f55b3d993b32e5c] (x86_64-suse-linux)]
  ignore line: [	compiled by GNU C version 10.2.1 20200825 [revision c0746a1beb1ba073c7981eb09f55b3d993b32e5c]  GMP version 6.2.0  MPFR version 4.1.0  MPC version 1.2.0  isl version isl-0.22.1-GMP]
  ignore line: []
  ignore line: [GGC heuristics: --param ggc-min-expand=100 --param ggc-min-heapsize=131072]
  ignore line: [#include "..." search starts here:]
  ignore line: [#include <...> search starts here:]
  ignore line: [ /usr/pkgsrc/category/heaptrack/work/.buildlink/include]
  ignore line: [ /usr/include/c++/10]
  ignore line: [ /usr/include/c++/10/x86_64-suse-linux]
  ignore line: [ /usr/include/c++/10/backward]
  ignore line: [ /usr/lib64/gcc/x86_64-suse-linux/10/include]
  ignore line: [ /usr/local/include]
  ignore line: [ /usr/lib64/gcc/x86_64-suse-linux/10/include-fixed]
  ignore line: [ /usr/lib64/gcc/x86_64-suse-linux/10/../../../../x86_64-suse-linux/include]
  ignore line: [ /usr/include]
  ignore line: [End of search list.]
  ignore line: [GNU C++14 (SUSE Linux) version 10.2.1 20200825 [revision c0746a1beb1ba073c7981eb09f55b3d993b32e5c] (x86_64-suse-linux)]
  ignore line: [	compiled by GNU C version 10.2.1 20200825 [revision c0746a1beb1ba073c7981eb09f55b3d993b32e5c]  GMP version 6.2.0  MPFR version 4.1.0  MPC version 1.2.0  isl version isl-0.22.1-GMP]
  ignore line: []
  ignore line: [GGC heuristics: --param ggc-min-expand=100 --param ggc-min-heapsize=131072]
  ignore line: [Compiler executable checksum: 00000000000000000000000000000000]
  ignore line: [COLLECT_GCC_OPTIONS='-m64' '-O2' '-D' '_FORTIFY_SOURCE=2' '-v' '-o' 'CMakeFiles/cmTC_7f7a4.dir/CMakeCXXCompilerABI.cpp.o' '-c' '-fstack-protector' '-I' '/usr/pkgsrc/category/heaptrack/work/.buildlink/include' '-shared-libgcc' '-mtune=generic' '-march=x86-64']
  ignore line: [ /usr/lib64/gcc/x86_64-suse-linux/10/../../../../x86_64-suse-linux/bin/as -v -I /usr/pkgsrc/category/heaptrack/work/.buildlink/include --64 -o CMakeFiles/cmTC_7f7a4.dir/CMakeCXXCompilerABI.cpp.o /tmp/ccpEfExM.s]
  ignore line: [GNU assembler version 2.34.0 (x86_64-suse-linux) using BFD version (GNU Binutils]
  ignore line: [ openSUSE Tumbleweed) 2.34.0.20200325-1]
  ignore line: [COMPILER_PATH=/usr/lib64/gcc/x86_64-suse-linux/10/:/usr/lib64/gcc/x86_64-suse-linux/10/:/usr/lib64/gcc/x86_64-suse-linux/:/usr/lib64/gcc/x86_64-suse-linux/10/:/usr/lib64/gcc/x86_64-suse-linux/:/usr/lib64/gcc/x86_64-suse-linux/10/../../../../x86_64-suse-linux/bin/]
  ignore line: [LIBRARY_PATH=/usr/lib64/gcc/x86_64-suse-linux/10/:/usr/lib64/gcc/x86_64-suse-linux/10/../../../../lib64/:/lib/../lib64/:/usr/lib/../lib64/:/usr/lib64/gcc/x86_64-suse-linux/10/../../../../x86_64-suse-linux/lib/:/usr/lib64/gcc/x86_64-suse-linux/10/../../../:/lib/:/usr/lib/]
  ignore line: [COLLECT_GCC_OPTIONS='-m64' '-O2' '-D' '_FORTIFY_SOURCE=2' '-v' '-o' 'CMakeFiles/cmTC_7f7a4.dir/CMakeCXXCompilerABI.cpp.o' '-c' '-fstack-protector' '-I' '/usr/pkgsrc/category/heaptrack/work/.buildlink/include' '-shared-libgcc' '-mtune=generic' '-march=x86-64']
  ignore line: [Linking CXX executable cmTC_7f7a4]
  ignore line: [/usr/pkg/bin/cmake -E cmake_link_script CMakeFiles/cmTC_7f7a4.dir/link.txt --verbose=1]
  ignore line: [/usr/pkgsrc/category/heaptrack/work/.cwrapper/bin/c++ -O2 -D_FORTIFY_SOURCE=2  -Wl -z relro -Wl -z now -Wl -R/usr/pkg/lib -v -rdynamic CMakeFiles/cmTC_7f7a4.dir/CMakeCXXCompilerABI.cpp.o -o cmTC_7f7a4 ]
  ignore line: [Using built-in specs.]
  ignore line: [COLLECT_GCC=/usr/pkgsrc/category/heaptrack/work/.gcc/bin/g++]
  ignore line: [COLLECT_LTO_WRAPPER=/usr/lib64/gcc/x86_64-suse-linux/10/lto-wrapper]
  ignore line: [OFFLOAD_TARGET_NAMES=nvptx-none:amdgcn-amdhsa]
  ignore line: [OFFLOAD_TARGET_DEFAULT=1]
  ignore line: [Target: x86_64-suse-linux]
  ignore line: [Configured with: ../configure --prefix=/usr --infodir=/usr/share/info --mandir=/usr/share/man --libdir=/usr/lib64 --libexecdir=/usr/lib64 --enable-languages=c c++ objc fortran obj-c++ ada go d --enable-offload-targets=nvptx-none=/usr/nvptx-none amdgcn-amdhsa=/usr/amdgcn-amdhsa  --without-cuda-driver --enable-checking=release --disable-werror --with-gxx-include-dir=/usr/include/c++/10 --enable-ssp --disable-libssp --disable-libvtv --enable-cet=auto --disable-libcc1 --enable-plugin --with-bugurl=https://bugs.opensuse.org/ --with-pkgversion='SUSE Linux' --with-slibdir=/lib64 --with-system-zlib --enable-libstdcxx-allocator=new --disable-libstdcxx-pch --enable-libphobos --enable-version-specific-runtime-libs --with-gcc-major-version-only --enable-linker-build-id --enable-linux-futex --enable-gnu-indirect-function --program-suffix=-10 --without-system-libunwind --enable-multilib --with-arch-32=x86-64 --with-tune=generic --with-build-config=bootstrap-lto-lean --enable-link-mutex --build=x86_64-suse-linux --host=x86_64-suse-linux]
  ignore line: [Thread model: posix]
  ignore line: [Supported LTO compression algorithms: zlib zstd]
  ignore line: [gcc version 10.2.1 20200825 [revision c0746a1beb1ba073c7981eb09f55b3d993b32e5c] (SUSE Linux) ]
  ignore line: [COMPILER_PATH=/usr/lib64/gcc/x86_64-suse-linux/10/:/usr/lib64/gcc/x86_64-suse-linux/10/:/usr/lib64/gcc/x86_64-suse-linux/:/usr/lib64/gcc/x86_64-suse-linux/10/:/usr/lib64/gcc/x86_64-suse-linux/:/usr/lib64/gcc/x86_64-suse-linux/10/../../../../x86_64-suse-linux/bin/]
  ignore line: [LIBRARY_PATH=/usr/lib64/gcc/x86_64-suse-linux/10/:/usr/lib64/gcc/x86_64-suse-linux/10/../../../../lib64/:/lib/../lib64/:/usr/lib/../lib64/:/usr/lib64/gcc/x86_64-suse-linux/10/../../../../x86_64-suse-linux/lib/:/usr/lib64/gcc/x86_64-suse-linux/10/../../../:/lib/:/usr/lib/]
  ignore line: [COLLECT_GCC_OPTIONS='-m64' '-O2' '-D' '_FORTIFY_SOURCE=2' '-v' '-rdynamic' '-o' 'cmTC_7f7a4' '-fstack-protector' '-I' '/usr/pkgsrc/category/heaptrack/work/.buildlink/include' '-shared-libgcc' '-mtune=generic' '-march=x86-64']
  link line: [ /usr/lib64/gcc/x86_64-suse-linux/10/collect2 -plugin /usr/lib64/gcc/x86_64-suse-linux/10/liblto_plugin.so -plugin-opt=/usr/lib64/gcc/x86_64-suse-linux/10/lto-wrapper -plugin-opt=-fresolution=/tmp/cclo4tEb.res -plugin-opt=-pass-through=-lgcc_s -plugin-opt=-pass-through=-lgcc -plugin-opt=-pass-through=-lc -plugin-opt=-pass-through=-lgcc_s -plugin-opt=-pass-through=-lgcc --build-id --eh-frame-hdr -m elf_x86_64 -export-dynamic -dynamic-linker /lib64/ld-linux-x86-64.so.2 -o cmTC_7f7a4 /usr/lib64/gcc/x86_64-suse-linux/10/../../../../lib64/crt1.o /usr/lib64/gcc/x86_64-suse-linux/10/../../../../lib64/crti.o /usr/lib64/gcc/x86_64-suse-linux/10/crtbegin.o -L/usr/lib64/gcc/x86_64-suse-linux/10 -L/usr/lib64/gcc/x86_64-suse-linux/10/../../../../lib64 -L/lib/../lib64 -L/usr/lib/../lib64 -L/usr/lib64/gcc/x86_64-suse-linux/10/../../../../x86_64-suse-linux/lib -L/usr/lib64/gcc/x86_64-suse-linux/10/../../.. -z relro -z now -rpath /usr/pkg/lib CMakeFiles/cmTC_7f7a4.dir/CMakeCXXCompilerABI.cpp.o -lstdc++ -lm -lgcc_s -lgcc -lc -lgcc_s -lgcc /usr/lib64/gcc/x86_64-suse-linux/10/crtend.o /usr/lib64/gcc/x86_64-suse-linux/10/../../../../lib64/crtn.o]
    arg [/usr/lib64/gcc/x86_64-suse-linux/10/collect2] ==> ignore
    arg [-plugin] ==> ignore
    arg [/usr/lib64/gcc/x86_64-suse-linux/10/liblto_plugin.so] ==> ignore
    arg [-plugin-opt=/usr/lib64/gcc/x86_64-suse-linux/10/lto-wrapper] ==> ignore
    arg [-plugin-opt=-fresolution=/tmp/cclo4tEb.res] ==> ignore
    arg [-plugin-opt=-pass-through=-lgcc_s] ==> ignore
    arg [-plugin-opt=-pass-through=-lgcc] ==> ignore
    arg [-plugin-opt=-pass-through=-lc] ==> ignore
    arg [-plugin-opt=-pass-through=-lgcc_s] ==> ignore
    arg [-plugin-opt=-pass-through=-lgcc] ==> ignore
    arg [--build-id] ==> ignore
    arg [--eh-frame-hdr] ==> ignore
    arg [-m] ==> ignore
    arg [elf_x86_64] ==> ignore
    arg [-export-dynamic] ==> ignore
    arg [-dynamic-linker] ==> ignore
    arg [/lib64/ld-linux-x86-64.so.2] ==> ignore
    arg [-o] ==> ignore
    arg [cmTC_7f7a4] ==> ignore
    arg [/usr/lib64/gcc/x86_64-suse-linux/10/../../../../lib64/crt1.o] ==> ignore
    arg [/usr/lib64/gcc/x86_64-suse-linux/10/../../../../lib64/crti.o] ==> ignore
    arg [/usr/lib64/gcc/x86_64-suse-linux/10/crtbegin.o] ==> ignore
    arg [-L/usr/lib64/gcc/x86_64-suse-linux/10] ==> dir [/usr/lib64/gcc/x86_64-suse-linux/10]
    arg [-L/usr/lib64/gcc/x86_64-suse-linux/10/../../../../lib64] ==> dir [/usr/lib64/gcc/x86_64-suse-linux/10/../../../../lib64]
    arg [-L/lib/../lib64] ==> dir [/lib/../lib64]
    arg [-L/usr/lib/../lib64] ==> dir [/usr/lib/../lib64]
    arg [-L/usr/lib64/gcc/x86_64-suse-linux/10/../../../../x86_64-suse-linux/lib] ==> dir [/usr/lib64/gcc/x86_64-suse-linux/10/../../../../x86_64-suse-linux/lib]
    arg [-L/usr/lib64/gcc/x86_64-suse-linux/10/../../..] ==> dir [/usr/lib64/gcc/x86_64-suse-linux/10/../../..]
    arg [-zrelro] ==> ignore
    arg [-znow] ==> ignore
    arg [-rpath] ==> ignore
    arg [/usr/pkg/lib] ==> ignore
    arg [CMakeFiles/cmTC_7f7a4.dir/CMakeCXXCompilerABI.cpp.o] ==> ignore
    arg [-lstdc++] ==> lib [stdc++]
    arg [-lm] ==> lib [m]
    arg [-lgcc_s] ==> lib [gcc_s]
    arg [-lgcc] ==> lib [gcc]
    arg [-lc] ==> lib [c]
    arg [-lgcc_s] ==> lib [gcc_s]
    arg [-lgcc] ==> lib [gcc]
    arg [/usr/lib64/gcc/x86_64-suse-linux/10/crtend.o] ==> ignore
    arg [/usr/lib64/gcc/x86_64-suse-linux/10/../../../../lib64/crtn.o] ==> ignore
  collapse library dir [/usr/lib64/gcc/x86_64-suse-linux/10] ==> [/usr/lib64/gcc/x86_64-suse-linux/10]
  collapse library dir [/usr/lib64/gcc/x86_64-suse-linux/10/../../../../lib64] ==> [/usr/lib64]
  collapse library dir [/lib/../lib64] ==> [/lib64]
  collapse library dir [/usr/lib/../lib64] ==> [/usr/lib64]
  collapse library dir [/usr/lib64/gcc/x86_64-suse-linux/10/../../../../x86_64-suse-linux/lib] ==> [/usr/x86_64-suse-linux/lib]
  collapse library dir [/usr/lib64/gcc/x86_64-suse-linux/10/../../..] ==> [/usr/lib64]
  implicit libs: [stdc++;m;gcc_s;gcc;c;gcc_s;gcc]
  implicit dirs: [/usr/lib64/gcc/x86_64-suse-linux/10;/usr/lib64;/lib64;/usr/x86_64-suse-linux/lib]
  implicit fwks: []


Determining if the include file pthread.h exists passed with the following output:
Change Dir: /usr/pkgsrc/category/heaptrack/work/heaptrack-1.2.0/CMakeFiles/CMakeTmp

Run Build Command(s):/usr/bin/gmake cmTC_e87fc/fast && make  -f CMakeFiles/cmTC_e87fc.dir/build.make CMakeFiles/cmTC_e87fc.dir/build
Building C object CMakeFiles/cmTC_e87fc.dir/CheckIncludeFile.c.o
/usr/pkgsrc/category/heaptrack/work/.cwrapper/bin/cc   -O2 -D_FORTIFY_SOURCE=2 -o CMakeFiles/cmTC_e87fc.dir/CheckIncludeFile.c.o -c /usr/pkgsrc/category/heaptrack/work/heaptrack-1.2.0/CMakeFiles/CMakeTmp/CheckIncludeFile.c
Linking C executable cmTC_e87fc
/usr/pkg/bin/cmake -E cmake_link_script CMakeFiles/cmTC_e87fc.dir/link.txt --verbose=1
/usr/pkgsrc/category/heaptrack/work/.cwrapper/bin/cc -O2 -D_FORTIFY_SOURCE=2  -Wl,-z,relro -Wl,-z,now -Wl,-R/usr/pkg/lib  -rdynamic CMakeFiles/cmTC_e87fc.dir/CheckIncludeFile.c.o -o cmTC_e87fc 



Determining if the function pthread_create exists in the pthread passed with the following output:
Change Dir: /usr/pkgsrc/category/heaptrack/work/heaptrack-1.2.0/CMakeFiles/CMakeTmp

Run Build Command(s):/usr/bin/gmake cmTC_e6344/fast && make  -f CMakeFiles/cmTC_e6344.dir/build.make CMakeFiles/cmTC_e6344.dir/build
Building C object CMakeFiles/cmTC_e6344.dir/CheckFunctionExists.c.o
/usr/pkgsrc/category/heaptrack/work/.cwrapper/bin/cc   -O2 -D_FORTIFY_SOURCE=2 -DCHECK_FUNCTION_EXISTS=pthread_create -o CMakeFiles/cmTC_e6344.dir/CheckFunctionExists.c.o -c /usr/pkg/share/cmake-3.18/Modules/CheckFunctionExists.c
Linking C executable cmTC_e6344
/usr/pkg/bin/cmake -E cmake_link_script CMakeFiles/cmTC_e6344.dir/link.txt --verbose=1
/usr/pkgsrc/category/heaptrack/work/.cwrapper/bin/cc -O2 -D_FORTIFY_SOURCE=2 -DCHECK_FUNCTION_EXISTS=pthread_create -Wl,-z,relro -Wl,-z,now -Wl,-R/usr/pkg/lib  -rdynamic CMakeFiles/cmTC_e6344.dir/CheckFunctionExists.c.o -o cmTC_e6344  -lpthread 



Performing C++ SOURCE FILE Test HAVE_CXX11_SUPPORT succeeded with the following output:
Change Dir: /usr/pkgsrc/category/heaptrack/work/heaptrack-1.2.0/CMakeFiles/CMakeTmp

Run Build Command(s):/usr/bin/gmake cmTC_79fb4/fast && make  -f CMakeFiles/cmTC_79fb4.dir/build.make CMakeFiles/cmTC_79fb4.dir/build
Building CXX object CMakeFiles/cmTC_79fb4.dir/src.cxx.o
/usr/pkgsrc/category/heaptrack/work/.cwrapper/bin/c++   -O2 -D_FORTIFY_SOURCE=2 -std=c++11 -Wall -Wpedantic -DHAVE_CXX11_SUPPORT -o CMakeFiles/cmTC_79fb4.dir/src.cxx.o -c /usr/pkgsrc/category/heaptrack/work/heaptrack-1.2.0/CMakeFiles/CMakeTmp/src.cxx
Linking CXX executable cmTC_79fb4
/usr/pkg/bin/cmake -E cmake_link_script CMakeFiles/cmTC_79fb4.dir/link.txt --verbose=1
/usr/pkgsrc/category/heaptrack/work/.cwrapper/bin/c++ -O2 -D_FORTIFY_SOURCE=2 -std=c++11 -Wall -Wpedantic -DHAVE_CXX11_SUPPORT -Wl,-z,relro -Wl,-z,now -Wl,-R/usr/pkg/lib  -rdynamic CMakeFiles/cmTC_79fb4.dir/src.cxx.o -o cmTC_79fb4 


Source file was:
#include <unordered_map>
    #include <atomic>
    thread_local int tls;
    int main() { return 0; }
Determining if the valloc exist passed with the following output:
Change Dir: /usr/pkgsrc/category/heaptrack/work/heaptrack-1.2.0/CMakeFiles/CMakeTmp

Run Build Command(s):/usr/bin/gmake cmTC_362c9/fast && make  -f CMakeFiles/cmTC_362c9.dir/build.make CMakeFiles/cmTC_362c9.dir/build
Building C object CMakeFiles/cmTC_362c9.dir/CheckSymbolExists.c.o
/usr/pkgsrc/category/heaptrack/work/.cwrapper/bin/cc   -O2 -D_FORTIFY_SOURCE=2 -o CMakeFiles/cmTC_362c9.dir/CheckSymbolExists.c.o -c /usr/pkgsrc/category/heaptrack/work/heaptrack-1.2.0/CMakeFiles/CMakeTmp/CheckSymbolExists.c
Linking C executable cmTC_362c9
/usr/pkg/bin/cmake -E cmake_link_script CMakeFiles/cmTC_362c9.dir/link.txt --verbose=1
/usr/pkgsrc/category/heaptrack/work/.cwrapper/bin/cc -O2 -D_FORTIFY_SOURCE=2  -Wl,-z,relro -Wl,-z,now -Wl,-R/usr/pkg/lib  -rdynamic CMakeFiles/cmTC_362c9.dir/CheckSymbolExists.c.o -o cmTC_362c9 


File /usr/pkgsrc/category/heaptrack/work/heaptrack-1.2.0/CMakeFiles/CMakeTmp/CheckSymbolExists.c:
/* */
#include <stdlib.h>

int main(int argc, char** argv)
{
  (void)argv;
#ifndef valloc
  return ((int*)(&valloc))[argc];
#else
  (void)argc;
  return 0;
#endif
}
Performing C++ SOURCE FILE Test HAVE_LINUX_HEADERS succeeded with the following output:
Change Dir: /usr/pkgsrc/category/heaptrack/work/heaptrack-1.2.0/CMakeFiles/CMakeTmp

Run Build Command(s):/usr/bin/gmake cmTC_8bfb7/fast && make  -f CMakeFiles/cmTC_8bfb7.dir/build.make CMakeFiles/cmTC_8bfb7.dir/build
Building CXX object CMakeFiles/cmTC_8bfb7.dir/src.cxx.o
/usr/pkgsrc/category/heaptrack/work/.cwrapper/bin/c++   -O2 -D_FORTIFY_SOURCE=2 -std=c++11 -Wall -Wpedantic -DHAVE_LINUX_HEADERS -o CMakeFiles/cmTC_8bfb7.dir/src.cxx.o -c /usr/pkgsrc/category/heaptrack/work/heaptrack-1.2.0/CMakeFiles/CMakeTmp/src.cxx
Linking CXX executable cmTC_8bfb7
/usr/pkg/bin/cmake -E cmake_link_script CMakeFiles/cmTC_8bfb7.dir/link.txt --verbose=1
/usr/pkgsrc/category/heaptrack/work/.cwrapper/bin/c++ -O2 -D_FORTIFY_SOURCE=2 -std=c++11 -Wall -Wpedantic -DHAVE_LINUX_HEADERS -Wl,-z,relro -Wl,-z,now -Wl,-R/usr/pkg/lib  -rdynamic CMakeFiles/cmTC_8bfb7.dir/src.cxx.o -o cmTC_8bfb7 


Source file was:
#include <stdio_ext.h>
        #include <fcntl.h>
        #include <dlfcn.h>
        #include <link.h>
        int main() { return 0; }
Performing C SOURCE FILE Test FLAG_UNWIND_TABLES succeeded with the following output:
Change Dir: /usr/pkgsrc/category/heaptrack/work/heaptrack-1.2.0/CMakeFiles/CMakeTmp

Run Build Command(s):/usr/bin/gmake cmTC_7fdc7/fast && make  -f CMakeFiles/cmTC_7fdc7.dir/build.make CMakeFiles/cmTC_7fdc7.dir/build
Building C object CMakeFiles/cmTC_7fdc7.dir/src.c.o
/usr/pkgsrc/category/heaptrack/work/.cwrapper/bin/cc   -O2 -D_FORTIFY_SOURCE=2 -DFLAG_UNWIND_TABLES   -funwind-tables -o CMakeFiles/cmTC_7fdc7.dir/src.c.o -c /usr/pkgsrc/category/heaptrack/work/heaptrack-1.2.0/CMakeFiles/CMakeTmp/src.c
Linking C executable cmTC_7fdc7
/usr/pkg/bin/cmake -E cmake_link_script CMakeFiles/cmTC_7fdc7.dir/link.txt --verbose=1
/usr/pkgsrc/category/heaptrack/work/.cwrapper/bin/cc -O2 -D_FORTIFY_SOURCE=2 -DFLAG_UNWIND_TABLES -Wl,-z,relro -Wl,-z,now -Wl,-R/usr/pkg/lib  -rdynamic CMakeFiles/cmTC_7fdc7.dir/src.c.o -o cmTC_7fdc7 


Source file was:
int main(void) { return 0; }
Performing C SOURCE FILE Test HAVE_SYNC_FUNCTIONS succeeded with the following output:
Change Dir: /usr/pkgsrc/category/heaptrack/work/heaptrack-1.2.0/CMakeFiles/CMakeTmp

Run Build Command(s):/usr/bin/gmake cmTC_6bcbd/fast && make  -f CMakeFiles/cmTC_6bcbd.dir/build.make CMakeFiles/cmTC_6bcbd.dir/build
Building C object CMakeFiles/cmTC_6bcbd.dir/src.c.o
/usr/pkgsrc/category/heaptrack/work/.cwrapper/bin/cc   -O2 -D_FORTIFY_SOURCE=2 -DHAVE_SYNC_FUNCTIONS -o CMakeFiles/cmTC_6bcbd.dir/src.c.o -c /usr/pkgsrc/category/heaptrack/work/heaptrack-1.2.0/CMakeFiles/CMakeTmp/src.c
Linking C executable cmTC_6bcbd
/usr/pkg/bin/cmake -E cmake_link_script CMakeFiles/cmTC_6bcbd.dir/link.txt --verbose=1
/usr/pkgsrc/category/heaptrack/work/.cwrapper/bin/cc -O2 -D_FORTIFY_SOURCE=2 -DHAVE_SYNC_FUNCTIONS -Wl,-z,relro -Wl,-z,now -Wl,-R/usr/pkg/lib  -rdynamic CMakeFiles/cmTC_6bcbd.dir/src.c.o -o cmTC_6bcbd 


Source file was:
int i;
    int main() {
    __sync_bool_compare_and_swap (&i, i, i);
    __sync_lock_test_and_set (&i, 1);
    __sync_lock_release (&i);}
Performing C SOURCE FILE Test HAVE_ATOMIC_FUNCTIONS succeeded with the following output:
Change Dir: /usr/pkgsrc/category/heaptrack/work/heaptrack-1.2.0/CMakeFiles/CMakeTmp

Run Build Command(s):/usr/bin/gmake cmTC_5429e/fast && make  -f CMakeFiles/cmTC_5429e.dir/build.make CMakeFiles/cmTC_5429e.dir/build
Building C object CMakeFiles/cmTC_5429e.dir/src.c.o
/usr/pkgsrc/category/heaptrack/work/.cwrapper/bin/cc   -O2 -D_FORTIFY_SOURCE=2 -DHAVE_ATOMIC_FUNCTIONS -o CMakeFiles/cmTC_5429e.dir/src.c.o -c /usr/pkgsrc/category/heaptrack/work/heaptrack-1.2.0/CMakeFiles/CMakeTmp/src.c
Linking C executable cmTC_5429e
/usr/pkg/bin/cmake -E cmake_link_script CMakeFiles/cmTC_5429e.dir/link.txt --verbose=1
/usr/pkgsrc/category/heaptrack/work/.cwrapper/bin/cc -O2 -D_FORTIFY_SOURCE=2 -DHAVE_ATOMIC_FUNCTIONS -Wl,-z,relro -Wl,-z,now -Wl,-R/usr/pkg/lib  -rdynamic CMakeFiles/cmTC_5429e.dir/src.c.o -o cmTC_5429e 


Source file was:
int i;
    int main() {
    __atomic_load_n (&i, __ATOMIC_ACQUIRE);
    __atomic_store_n (&i, i, __ATOMIC_RELEASE);}
Determining if the mmap exist passed with the following output:
Change Dir: /usr/pkgsrc/category/heaptrack/work/heaptrack-1.2.0/CMakeFiles/CMakeTmp

Run Build Command(s):/usr/bin/gmake cmTC_d93d8/fast && make  -f CMakeFiles/cmTC_d93d8.dir/build.make CMakeFiles/cmTC_d93d8.dir/build
Building C object CMakeFiles/cmTC_d93d8.dir/CheckSymbolExists.c.o
/usr/pkgsrc/category/heaptrack/work/.cwrapper/bin/cc   -O2 -D_FORTIFY_SOURCE=2 -o CMakeFiles/cmTC_d93d8.dir/CheckSymbolExists.c.o -c /usr/pkgsrc/category/heaptrack/work/heaptrack-1.2.0/CMakeFiles/CMakeTmp/CheckSymbolExists.c
Linking C executable cmTC_d93d8
/usr/pkg/bin/cmake -E cmake_link_script CMakeFiles/cmTC_d93d8.dir/link.txt --verbose=1
/usr/pkgsrc/category/heaptrack/work/.cwrapper/bin/cc -O2 -D_FORTIFY_SOURCE=2  -Wl,-z,relro -Wl,-z,now -Wl,-R/usr/pkg/lib  -rdynamic CMakeFiles/cmTC_d93d8.dir/CheckSymbolExists.c.o -o cmTC_d93d8 


File /usr/pkgsrc/category/heaptrack/work/heaptrack-1.2.0/CMakeFiles/CMakeTmp/CheckSymbolExists.c:
/* */
#include <sys/mman.h>

int main(int argc, char** argv)
{
  (void)argv;
#ifndef mmap
  return ((int*)(&mmap))[argc];
#else
  (void)argc;
  return 0;
#endif
}
Determining if the lstat exist passed with the following output:
Change Dir: /usr/pkgsrc/category/heaptrack/work/heaptrack-1.2.0/CMakeFiles/CMakeTmp

Run Build Command(s):/usr/bin/gmake cmTC_8aec3/fast && make  -f CMakeFiles/cmTC_8aec3.dir/build.make CMakeFiles/cmTC_8aec3.dir/build
Building C object CMakeFiles/cmTC_8aec3.dir/CheckSymbolExists.c.o
/usr/pkgsrc/category/heaptrack/work/.cwrapper/bin/cc   -O2 -D_FORTIFY_SOURCE=2 -o CMakeFiles/cmTC_8aec3.dir/CheckSymbolExists.c.o -c /usr/pkgsrc/category/heaptrack/work/heaptrack-1.2.0/CMakeFiles/CMakeTmp/CheckSymbolExists.c
Linking C executable cmTC_8aec3
/usr/pkg/bin/cmake -E cmake_link_script CMakeFiles/cmTC_8aec3.dir/link.txt --verbose=1
/usr/pkgsrc/category/heaptrack/work/.cwrapper/bin/cc -O2 -D_FORTIFY_SOURCE=2  -Wl,-z,relro -Wl,-z,now -Wl,-R/usr/pkg/lib  -rdynamic CMakeFiles/cmTC_8aec3.dir/CheckSymbolExists.c.o -o cmTC_8aec3 


File /usr/pkgsrc/category/heaptrack/work/heaptrack-1.2.0/CMakeFiles/CMakeTmp/CheckSymbolExists.c:
/* */
#include <sys/stat.h>

int main(int argc, char** argv)
{
  (void)argv;
#ifndef lstat
  return ((int*)(&lstat))[argc];
#else
  (void)argc;
  return 0;
#endif
}
Determining if the readlink exist passed with the following output:
Change Dir: /usr/pkgsrc/category/heaptrack/work/heaptrack-1.2.0/CMakeFiles/CMakeTmp

Run Build Command(s):/usr/bin/gmake cmTC_d4ba5/fast && make  -f CMakeFiles/cmTC_d4ba5.dir/build.make CMakeFiles/cmTC_d4ba5.dir/build
Building C object CMakeFiles/cmTC_d4ba5.dir/CheckSymbolExists.c.o
/usr/pkgsrc/category/heaptrack/work/.cwrapper/bin/cc   -O2 -D_FORTIFY_SOURCE=2 -o CMakeFiles/cmTC_d4ba5.dir/CheckSymbolExists.c.o -c /usr/pkgsrc/category/heaptrack/work/heaptrack-1.2.0/CMakeFiles/CMakeTmp/CheckSymbolExists.c
Linking C executable cmTC_d4ba5
/usr/pkg/bin/cmake -E cmake_link_script CMakeFiles/cmTC_d4ba5.dir/link.txt --verbose=1
/usr/pkgsrc/category/heaptrack/work/.cwrapper/bin/cc -O2 -D_FORTIFY_SOURCE=2  -Wl,-z,relro -Wl,-z,now -Wl,-R/usr/pkg/lib  -rdynamic CMakeFiles/cmTC_d4ba5.dir/CheckSymbolExists.c.o -o cmTC_d4ba5 


File /usr/pkgsrc/category/heaptrack/work/heaptrack-1.2.0/CMakeFiles/CMakeTmp/CheckSymbolExists.c:
/* */
#include <unistd.h>

int main(int argc, char** argv)
{
  (void)argv;
#ifndef readlink
  return ((int*)(&readlink))[argc];
#else
  (void)argc;
  return 0;
#endif
}
Determining if the MAP_ANONYMOUS exist passed with the following output:
Change Dir: /usr/pkgsrc/category/heaptrack/work/heaptrack-1.2.0/CMakeFiles/CMakeTmp

Run Build Command(s):/usr/bin/gmake cmTC_5334f/fast && make  -f CMakeFiles/cmTC_5334f.dir/build.make CMakeFiles/cmTC_5334f.dir/build
Building C object CMakeFiles/cmTC_5334f.dir/CheckSymbolExists.c.o
/usr/pkgsrc/category/heaptrack/work/.cwrapper/bin/cc   -O2 -D_FORTIFY_SOURCE=2 -o CMakeFiles/cmTC_5334f.dir/CheckSymbolExists.c.o -c /usr/pkgsrc/category/heaptrack/work/heaptrack-1.2.0/CMakeFiles/CMakeTmp/CheckSymbolExists.c
Linking C executable cmTC_5334f
/usr/pkg/bin/cmake -E cmake_link_script CMakeFiles/cmTC_5334f.dir/link.txt --verbose=1
/usr/pkgsrc/category/heaptrack/work/.cwrapper/bin/cc -O2 -D_FORTIFY_SOURCE=2  -Wl,-z,relro -Wl,-z,now -Wl,-R/usr/pkg/lib  -rdynamic CMakeFiles/cmTC_5334f.dir/CheckSymbolExists.c.o -o cmTC_5334f 


File /usr/pkgsrc/category/heaptrack/work/heaptrack-1.2.0/CMakeFiles/CMakeTmp/CheckSymbolExists.c:
/* */
#include <sys/mman.h>

int main(int argc, char** argv)
{
  (void)argv;
#ifndef MAP_ANONYMOUS
  return ((int*)(&MAP_ANONYMOUS))[argc];
#else
  (void)argc;
  return 0;
#endif
}
Determining if the MAP_ANON exist passed with the following output:
Change Dir: /usr/pkgsrc/category/heaptrack/work/heaptrack-1.2.0/CMakeFiles/CMakeTmp

Run Build Command(s):/usr/bin/gmake cmTC_518bb/fast && make  -f CMakeFiles/cmTC_518bb.dir/build.make CMakeFiles/cmTC_518bb.dir/build
Building C object CMakeFiles/cmTC_518bb.dir/CheckSymbolExists.c.o
/usr/pkgsrc/category/heaptrack/work/.cwrapper/bin/cc   -O2 -D_FORTIFY_SOURCE=2 -o CMakeFiles/cmTC_518bb.dir/CheckSymbolExists.c.o -c /usr/pkgsrc/category/heaptrack/work/heaptrack-1.2.0/CMakeFiles/CMakeTmp/CheckSymbolExists.c
Linking C executable cmTC_518bb
/usr/pkg/bin/cmake -E cmake_link_script CMakeFiles/cmTC_518bb.dir/link.txt --verbose=1
/usr/pkgsrc/category/heaptrack/work/.cwrapper/bin/cc -O2 -D_FORTIFY_SOURCE=2  -Wl,-z,relro -Wl,-z,now -Wl,-R/usr/pkg/lib  -rdynamic CMakeFiles/cmTC_518bb.dir/CheckSymbolExists.c.o -o cmTC_518bb 


File /usr/pkgsrc/category/heaptrack/work/heaptrack-1.2.0/CMakeFiles/CMakeTmp/CheckSymbolExists.c:
/* */
#include <sys/mman.h>

int main(int argc, char** argv)
{
  (void)argv;
#ifndef MAP_ANON
  return ((int*)(&MAP_ANON))[argc];
#else
  (void)argc;
  return 0;
#endif
}
Determining if the dl_iterate_phdr exist passed with the following output:
Change Dir: /usr/pkgsrc/category/heaptrack/work/heaptrack-1.2.0/CMakeFiles/CMakeTmp

Run Build Command(s):/usr/bin/gmake cmTC_a040b/fast && make  -f CMakeFiles/cmTC_a040b.dir/build.make CMakeFiles/cmTC_a040b.dir/build
Building C object CMakeFiles/cmTC_a040b.dir/CheckSymbolExists.c.o
/usr/pkgsrc/category/heaptrack/work/.cwrapper/bin/cc -D_GNU_SOURCE  -O2 -D_FORTIFY_SOURCE=2 -o CMakeFiles/cmTC_a040b.dir/CheckSymbolExists.c.o -c /usr/pkgsrc/category/heaptrack/work/heaptrack-1.2.0/CMakeFiles/CMakeTmp/CheckSymbolExists.c
Linking C executable cmTC_a040b
/usr/pkg/bin/cmake -E cmake_link_script CMakeFiles/cmTC_a040b.dir/link.txt --verbose=1
/usr/pkgsrc/category/heaptrack/work/.cwrapper/bin/cc -O2 -D_FORTIFY_SOURCE=2  -Wl,-z,relro -Wl,-z,now -Wl,-R/usr/pkg/lib  -rdynamic CMakeFiles/cmTC_a040b.dir/CheckSymbolExists.c.o -o cmTC_a040b 


File /usr/pkgsrc/category/heaptrack/work/heaptrack-1.2.0/CMakeFiles/CMakeTmp/CheckSymbolExists.c:
/* */
#include <link.h>

int main(int argc, char** argv)
{
  (void)argv;
#ifndef dl_iterate_phdr
  return ((int*)(&dl_iterate_phdr))[argc];
#else
  (void)argc;
  return 0;
#endif
}
Determining if the function fcntl exists passed with the following output:
Change Dir: /usr/pkgsrc/category/heaptrack/work/heaptrack-1.2.0/CMakeFiles/CMakeTmp

Run Build Command(s):/usr/bin/gmake cmTC_0aa8e/fast && make  -f CMakeFiles/cmTC_0aa8e.dir/build.make CMakeFiles/cmTC_0aa8e.dir/build
Building C object CMakeFiles/cmTC_0aa8e.dir/CheckFunctionExists.c.o
/usr/pkgsrc/category/heaptrack/work/.cwrapper/bin/cc -D_GNU_SOURCE  -O2 -D_FORTIFY_SOURCE=2 -DCHECK_FUNCTION_EXISTS=fcntl -o CMakeFiles/cmTC_0aa8e.dir/CheckFunctionExists.c.o -c /usr/pkg/share/cmake-3.18/Modules/CheckFunctionExists.c
Linking C executable cmTC_0aa8e
/usr/pkg/bin/cmake -E cmake_link_script CMakeFiles/cmTC_0aa8e.dir/link.txt --verbose=1
/usr/pkgsrc/category/heaptrack/work/.cwrapper/bin/cc -O2 -D_FORTIFY_SOURCE=2 -DCHECK_FUNCTION_EXISTS=fcntl -Wl,-z,relro -Wl,-z,now -Wl,-R/usr/pkg/lib  -rdynamic CMakeFiles/cmTC_0aa8e.dir/CheckFunctionExists.c.o -o cmTC_0aa8e 



Determining if the function strnlen exists passed with the following output:
Change Dir: /usr/pkgsrc/category/heaptrack/work/heaptrack-1.2.0/CMakeFiles/CMakeTmp

Run Build Command(s):/usr/bin/gmake cmTC_2f5b8/fast && make  -f CMakeFiles/cmTC_2f5b8.dir/build.make CMakeFiles/cmTC_2f5b8.dir/build
Building C object CMakeFiles/cmTC_2f5b8.dir/CheckFunctionExists.c.o
/usr/pkgsrc/category/heaptrack/work/.cwrapper/bin/cc -D_GNU_SOURCE  -O2 -D_FORTIFY_SOURCE=2 -DCHECK_FUNCTION_EXISTS=strnlen -o CMakeFiles/cmTC_2f5b8.dir/CheckFunctionExists.c.o -c /usr/pkg/share/cmake-3.18/Modules/CheckFunctionExists.c
<command-line>: warning: conflicting types for built-in function 'strnlen'; expected 'long unsigned int(const char *, long unsigned int)' [-Wbuiltin-declaration-mismatch]
/usr/pkg/share/cmake-3.18/Modules/CheckFunctionExists.c:7:3: note: in expansion of macro 'CHECK_FUNCTION_EXISTS'
    7 |   CHECK_FUNCTION_EXISTS(void);
      |   ^~~~~~~~~~~~~~~~~~~~~
Linking C executable cmTC_2f5b8
/usr/pkg/bin/cmake -E cmake_link_script CMakeFiles/cmTC_2f5b8.dir/link.txt --verbose=1
/usr/pkgsrc/category/heaptrack/work/.cwrapper/bin/cc -O2 -D_FORTIFY_SOURCE=2 -DCHECK_FUNCTION_EXISTS=strnlen -Wl,-z,relro -Wl,-z,now -Wl,-R/usr/pkg/lib  -rdynamic CMakeFiles/cmTC_2f5b8.dir/CheckFunctionExists.c.o -o cmTC_2f5b8 



