[*] /usr/pkgsrc/category/go-email/work/.tools/bin/true
<.> true 
[*] /usr/pkgsrc/category/go-email/work/.tools/bin/true
<.> true 
[*] /usr/pkgsrc/category/go-email/work/.tools/bin/true
<.> true 
[*] /usr/pkgsrc/category/go-email/work/.tools/bin/true
<.> true 
[*] /usr/pkgsrc/category/go-email/work/.tools/bin/true
<.> true 
[*] /usr/pkgsrc/category/go-email/work/.tools/bin/true
<.> true 
[*] /usr/pkgsrc/category/go-email/work/.tools/bin/true
<.> true 
[*] /usr/pkgsrc/category/go-email/work/.tools/bin/true
<.> true 
[*] /usr/pkgsrc/category/go-email/work/.tools/bin/true
<.> true 
[*] /usr/pkgsrc/category/go-email/work/.tools/bin/true
<.> true 
[*] /usr/pkgsrc/category/go-email/work/.tools/bin/true
<.> true 
[*] /usr/pkgsrc/category/go-email/work/.tools/bin/true
<.> true 
[*] /usr/pkgsrc/category/go-email/work/.tools/bin/true
<.> true 
[*] /usr/pkgsrc/category/go-email/work/.tools/bin/true
<.> true 
[*] /usr/pkgsrc/category/go-email/work/.tools/bin/true
<.> true 
[*] /usr/pkgsrc/category/go-email/work/.tools/bin/true
<.> true 
[*] /usr/pkgsrc/category/go-email/work/.tools/bin/true
<.> true 
[*] /usr/pkgsrc/category/go-email/work/.tools/bin/true
<.> true 
[*] /usr/pkgsrc/category/go-email/work/.tools/bin/true
<.> true 
[*] /usr/pkgsrc/category/go-email/work/.tools/bin/true
<.> true 
[*] /usr/pkgsrc/category/go-email/work/.tools/bin/true
<.> true 
[*] /usr/pkgsrc/category/go-email/work/.tools/bin/true
<.> true 
[*] /usr/pkgsrc/category/go-email/work/.tools/bin/true
<.> true 
[*] /usr/pkgsrc/category/go-email/work/.tools/bin/true
<.> true 
[*] /usr/pkgsrc/category/go-email/work/.tools/bin/true
<.> true 
[*] /usr/pkgsrc/category/go-email/work/.tools/bin/true
<.> true 
[*] /usr/pkgsrc/category/go-email/work/.tools/bin/true
<.> true 
[*] /usr/pkgsrc/category/go-email/work/.tools/bin/true
<.> true 
[*] cc -E -dM -m64 -I /tmp/go-build798334224/b078/ -O2 -Wall -Werror -I . /tmp/cgo-gcc-input-637182627.c
<.> /usr/pkgsrc/category/go-email/work/.gcc/bin/gcc -fcommon -m64 -E -dM -m64 -O2 -Wall -Werror -I. /tmp/cgo-gcc-input-637182627.c -D_FORTIFY_SOURCE=2 -I/usr/pkgsrc/category/go-email/work/.buildlink/include
[*] cc -fno-caret-diagnostics -c -x c - -o /dev/null
<.> /usr/pkgsrc/category/go-email/work/.gcc/bin/gcc -fcommon -m64 -fno-caret-diagnostics -c -x c - -o /dev/null -D_FORTIFY_SOURCE=2 -I/usr/pkgsrc/category/go-email/work/.buildlink/include
[*] cc -Qunused-arguments -c -x c - -o /dev/null
<.> /usr/pkgsrc/category/go-email/work/.gcc/bin/gcc -fcommon -m64 -Qunused-arguments -c -x c - -o /dev/null -D_FORTIFY_SOURCE=2 -I/usr/pkgsrc/category/go-email/work/.buildlink/include
[*] cc -fdebug-prefix-map=a=b -c -x c - -o /dev/null
<.> /usr/pkgsrc/category/go-email/work/.gcc/bin/gcc -fcommon -m64 -fdebug-prefix-map=a=b -c -x c - -o /dev/null -D_FORTIFY_SOURCE=2 -I/usr/pkgsrc/category/go-email/work/.buildlink/include
[*] cc -gno-record-gcc-switches -c -x c - -o /dev/null
<.> /usr/pkgsrc/category/go-email/work/.gcc/bin/gcc -fcommon -m64 -gno-record-gcc-switches -c -x c - -o /dev/null -D_FORTIFY_SOURCE=2 -I/usr/pkgsrc/category/go-email/work/.buildlink/include
[*] cc -I /usr/pkg/go115/src/runtime/cgo -fPIC -m64 -pthread -fmessage-length=0 -fdebug-prefix-map=/tmp/go-build798334224/b078=/tmp/go-build -gno-record-gcc-switches -I /tmp/go-build798334224/b078/ -g -O2 -Wall -Werror -o /tmp/go-build798334224/b078/_x001.o -c _cgo_export.c
<.> /usr/pkgsrc/category/go-email/work/.gcc/bin/gcc -fcommon -m64 -I/usr/pkgsrc/category/go-email/work/.buildlink/go115/src/runtime/cgo -fPIC -m64 -pthread -fmessage-length=0 -fdebug-prefix-map=/tmp/go-build798334224/b078=/tmp/go-build -gno-record-gcc-switches -g -O2 -Wall -Werror -o /tmp/go-build798334224/b078/_x001.o -c _cgo_export.c -D_FORTIFY_SOURCE=2 -I/usr/pkgsrc/category/go-email/work/.buildlink/include
[*] cc -I /usr/pkg/go115/src/runtime/cgo -fPIC -m64 -pthread -fmessage-length=0 -fdebug-prefix-map=/tmp/go-build798334224/b078=/tmp/go-build -gno-record-gcc-switches -I /tmp/go-build798334224/b078/ -g -O2 -Wall -Werror -o /tmp/go-build798334224/b078/_x002.o -c cgo.cgo2.c
<.> /usr/pkgsrc/category/go-email/work/.gcc/bin/gcc -fcommon -m64 -I/usr/pkgsrc/category/go-email/work/.buildlink/go115/src/runtime/cgo -fPIC -m64 -pthread -fmessage-length=0 -fdebug-prefix-map=/tmp/go-build798334224/b078=/tmp/go-build -gno-record-gcc-switches -g -O2 -Wall -Werror -o /tmp/go-build798334224/b078/_x002.o -c cgo.cgo2.c -D_FORTIFY_SOURCE=2 -I/usr/pkgsrc/category/go-email/work/.buildlink/include
[*] cc -I /usr/pkg/go115/src/runtime/cgo -fPIC -m64 -pthread -fmessage-length=0 -fdebug-prefix-map=/tmp/go-build798334224/b078=/tmp/go-build -gno-record-gcc-switches -I /tmp/go-build798334224/b078/ -g -O2 -Wall -Werror -o /tmp/go-build798334224/b078/_x003.o -c gcc_context.c
<.> /usr/pkgsrc/category/go-email/work/.gcc/bin/gcc -fcommon -m64 -I/usr/pkgsrc/category/go-email/work/.buildlink/go115/src/runtime/cgo -fPIC -m64 -pthread -fmessage-length=0 -fdebug-prefix-map=/tmp/go-build798334224/b078=/tmp/go-build -gno-record-gcc-switches -g -O2 -Wall -Werror -o /tmp/go-build798334224/b078/_x003.o -c gcc_context.c -D_FORTIFY_SOURCE=2 -I/usr/pkgsrc/category/go-email/work/.buildlink/include
[*] cc -I /usr/pkg/go115/src/runtime/cgo -fPIC -m64 -pthread -fmessage-length=0 -fdebug-prefix-map=/tmp/go-build798334224/b078=/tmp/go-build -gno-record-gcc-switches -I /tmp/go-build798334224/b078/ -g -O2 -Wall -Werror -o /tmp/go-build798334224/b078/_x004.o -c gcc_fatalf.c
<.> /usr/pkgsrc/category/go-email/work/.gcc/bin/gcc -fcommon -m64 -I/usr/pkgsrc/category/go-email/work/.buildlink/go115/src/runtime/cgo -fPIC -m64 -pthread -fmessage-length=0 -fdebug-prefix-map=/tmp/go-build798334224/b078=/tmp/go-build -gno-record-gcc-switches -g -O2 -Wall -Werror -o /tmp/go-build798334224/b078/_x004.o -c gcc_fatalf.c -D_FORTIFY_SOURCE=2 -I/usr/pkgsrc/category/go-email/work/.buildlink/include
[*] cc -I /usr/pkg/go115/src/runtime/cgo -fPIC -m64 -pthread -fmessage-length=0 -fdebug-prefix-map=/tmp/go-build798334224/b078=/tmp/go-build -gno-record-gcc-switches -I /tmp/go-build798334224/b078/ -g -O2 -Wall -Werror -o /tmp/go-build798334224/b078/_x005.o -c gcc_libinit.c
<.> /usr/pkgsrc/category/go-email/work/.gcc/bin/gcc -fcommon -m64 -I/usr/pkgsrc/category/go-email/work/.buildlink/go115/src/runtime/cgo -fPIC -m64 -pthread -fmessage-length=0 -fdebug-prefix-map=/tmp/go-build798334224/b078=/tmp/go-build -gno-record-gcc-switches -g -O2 -Wall -Werror -o /tmp/go-build798334224/b078/_x005.o -c gcc_libinit.c -D_FORTIFY_SOURCE=2 -I/usr/pkgsrc/category/go-email/work/.buildlink/include
[*] cc -I /usr/pkg/go115/src/runtime/cgo -fPIC -m64 -pthread -fmessage-length=0 -fdebug-prefix-map=/tmp/go-build798334224/b078=/tmp/go-build -gno-record-gcc-switches -I /tmp/go-build798334224/b078/ -g -O2 -Wall -Werror -o /tmp/go-build798334224/b078/_x006.o -c gcc_linux_amd64.c
<.> /usr/pkgsrc/category/go-email/work/.gcc/bin/gcc -fcommon -m64 -I/usr/pkgsrc/category/go-email/work/.buildlink/go115/src/runtime/cgo -fPIC -m64 -pthread -fmessage-length=0 -fdebug-prefix-map=/tmp/go-build798334224/b078=/tmp/go-build -gno-record-gcc-switches -g -O2 -Wall -Werror -o /tmp/go-build798334224/b078/_x006.o -c gcc_linux_amd64.c -D_FORTIFY_SOURCE=2 -I/usr/pkgsrc/category/go-email/work/.buildlink/include
[*] cc -I /usr/pkg/go115/src/runtime/cgo -fPIC -m64 -pthread -fmessage-length=0 -fdebug-prefix-map=/tmp/go-build798334224/b078=/tmp/go-build -gno-record-gcc-switches -I /tmp/go-build798334224/b078/ -g -O2 -Wall -Werror -o /tmp/go-build798334224/b078/_x007.o -c gcc_mmap.c
<.> /usr/pkgsrc/category/go-email/work/.gcc/bin/gcc -fcommon -m64 -I/usr/pkgsrc/category/go-email/work/.buildlink/go115/src/runtime/cgo -fPIC -m64 -pthread -fmessage-length=0 -fdebug-prefix-map=/tmp/go-build798334224/b078=/tmp/go-build -gno-record-gcc-switches -g -O2 -Wall -Werror -o /tmp/go-build798334224/b078/_x007.o -c gcc_mmap.c -D_FORTIFY_SOURCE=2 -I/usr/pkgsrc/category/go-email/work/.buildlink/include
[*] cc -I /usr/pkg/go115/src/runtime/cgo -fPIC -m64 -pthread -fmessage-length=0 -fdebug-prefix-map=/tmp/go-build798334224/b078=/tmp/go-build -gno-record-gcc-switches -I /tmp/go-build798334224/b078/ -g -O2 -Wall -Werror -o /tmp/go-build798334224/b078/_x008.o -c gcc_setenv.c
<.> /usr/pkgsrc/category/go-email/work/.gcc/bin/gcc -fcommon -m64 -I/usr/pkgsrc/category/go-email/work/.buildlink/go115/src/runtime/cgo -fPIC -m64 -pthread -fmessage-length=0 -fdebug-prefix-map=/tmp/go-build798334224/b078=/tmp/go-build -gno-record-gcc-switches -g -O2 -Wall -Werror -o /tmp/go-build798334224/b078/_x008.o -c gcc_setenv.c -D_FORTIFY_SOURCE=2 -I/usr/pkgsrc/category/go-email/work/.buildlink/include
[*] cc -I /usr/pkg/go115/src/runtime/cgo -fPIC -m64 -pthread -fmessage-length=0 -fdebug-prefix-map=/tmp/go-build798334224/b078=/tmp/go-build -gno-record-gcc-switches -I /tmp/go-build798334224/b078/ -g -O2 -Wall -Werror -o /tmp/go-build798334224/b078/_x009.o -c gcc_sigaction.c
<.> /usr/pkgsrc/category/go-email/work/.gcc/bin/gcc -fcommon -m64 -I/usr/pkgsrc/category/go-email/work/.buildlink/go115/src/runtime/cgo -fPIC -m64 -pthread -fmessage-length=0 -fdebug-prefix-map=/tmp/go-build798334224/b078=/tmp/go-build -gno-record-gcc-switches -g -O2 -Wall -Werror -o /tmp/go-build798334224/b078/_x009.o -c gcc_sigaction.c -D_FORTIFY_SOURCE=2 -I/usr/pkgsrc/category/go-email/work/.buildlink/include
[*] cc -I /usr/pkg/go115/src/runtime/cgo -fPIC -m64 -pthread -fmessage-length=0 -fdebug-prefix-map=/tmp/go-build798334224/b078=/tmp/go-build -gno-record-gcc-switches -I /tmp/go-build798334224/b078/ -g -O2 -Wall -Werror -o /tmp/go-build798334224/b078/_x010.o -c gcc_traceback.c
<.> /usr/pkgsrc/category/go-email/work/.gcc/bin/gcc -fcommon -m64 -I/usr/pkgsrc/category/go-email/work/.buildlink/go115/src/runtime/cgo -fPIC -m64 -pthread -fmessage-length=0 -fdebug-prefix-map=/tmp/go-build798334224/b078=/tmp/go-build -gno-record-gcc-switches -g -O2 -Wall -Werror -o /tmp/go-build798334224/b078/_x010.o -c gcc_traceback.c -D_FORTIFY_SOURCE=2 -I/usr/pkgsrc/category/go-email/work/.buildlink/include
[*] cc -I /usr/pkg/go115/src/runtime/cgo -fPIC -m64 -pthread -fmessage-length=0 -fdebug-prefix-map=/tmp/go-build798334224/b078=/tmp/go-build -gno-record-gcc-switches -I /tmp/go-build798334224/b078/ -g -O2 -Wall -Werror -o /tmp/go-build798334224/b078/_x011.o -c gcc_util.c
<.> /usr/pkgsrc/category/go-email/work/.gcc/bin/gcc -fcommon -m64 -I/usr/pkgsrc/category/go-email/work/.buildlink/go115/src/runtime/cgo -fPIC -m64 -pthread -fmessage-length=0 -fdebug-prefix-map=/tmp/go-build798334224/b078=/tmp/go-build -gno-record-gcc-switches -g -O2 -Wall -Werror -o /tmp/go-build798334224/b078/_x011.o -c gcc_util.c -D_FORTIFY_SOURCE=2 -I/usr/pkgsrc/category/go-email/work/.buildlink/include
[*] cc -I /usr/pkg/go115/src/runtime/cgo -fPIC -m64 -pthread -fmessage-length=0 -fdebug-prefix-map=/tmp/go-build798334224/b078=/tmp/go-build -gno-record-gcc-switches -I /tmp/go-build798334224/b078/ -g -O2 -Wall -Werror -o /tmp/go-build798334224/b078/_x012.o -c gcc_amd64.S
<.> /usr/pkgsrc/category/go-email/work/.gcc/bin/gcc -fcommon -m64 -I/usr/pkgsrc/category/go-email/work/.buildlink/go115/src/runtime/cgo -fPIC -m64 -pthread -fmessage-length=0 -fdebug-prefix-map=/tmp/go-build798334224/b078=/tmp/go-build -gno-record-gcc-switches -g -O2 -Wall -Werror -o /tmp/go-build798334224/b078/_x012.o -c gcc_amd64.S -D_FORTIFY_SOURCE=2 -I/usr/pkgsrc/category/go-email/work/.buildlink/include
[*] cc -I /usr/pkg/go115/src/runtime/cgo -fPIC -m64 -pthread -fmessage-length=0 -fdebug-prefix-map=/tmp/go-build798334224/b078=/tmp/go-build -gno-record-gcc-switches -I /tmp/go-build798334224/b078/ -g -O2 -Wall -Werror -o /tmp/go-build798334224/b078/_cgo_main.o -c _cgo_main.c
<.> /usr/pkgsrc/category/go-email/work/.gcc/bin/gcc -fcommon -m64 -I/usr/pkgsrc/category/go-email/work/.buildlink/go115/src/runtime/cgo -fPIC -m64 -pthread -fmessage-length=0 -fdebug-prefix-map=/tmp/go-build798334224/b078=/tmp/go-build -gno-record-gcc-switches -g -O2 -Wall -Werror -o /tmp/go-build798334224/b078/_cgo_main.o -c _cgo_main.c -D_FORTIFY_SOURCE=2 -I/usr/pkgsrc/category/go-email/work/.buildlink/include
[*] cc -I /usr/pkg/go115/src/runtime/cgo -fPIC -m64 -pthread -fmessage-length=0 -fdebug-prefix-map=/tmp/go-build798334224/b078=/tmp/go-build -gno-record-gcc-switches -o /tmp/go-build798334224/b078/_cgo_.o /tmp/go-build798334224/b078/_cgo_main.o /tmp/go-build798334224/b078/_x001.o /tmp/go-build798334224/b078/_x002.o /tmp/go-build798334224/b078/_x003.o /tmp/go-build798334224/b078/_x004.o /tmp/go-build798334224/b078/_x005.o /tmp/go-build798334224/b078/_x006.o /tmp/go-build798334224/b078/_x007.o /tmp/go-build798334224/b078/_x008.o /tmp/go-build798334224/b078/_x009.o /tmp/go-build798334224/b078/_x010.o /tmp/go-build798334224/b078/_x011.o /tmp/go-build798334224/b078/_x012.o -g -O2 -lpthread
<.> /usr/pkgsrc/category/go-email/work/.gcc/bin/gcc -fcommon -m64 -I/usr/pkgsrc/category/go-email/work/.buildlink/go115/src/runtime/cgo -fPIC -m64 -pthread -fmessage-length=0 -fdebug-prefix-map=/tmp/go-build798334224/b078=/tmp/go-build -gno-record-gcc-switches -o /tmp/go-build798334224/b078/_cgo_.o /tmp/go-build798334224/b078/_cgo_main.o /tmp/go-build798334224/b078/_x001.o /tmp/go-build798334224/b078/_x002.o /tmp/go-build798334224/b078/_x003.o /tmp/go-build798334224/b078/_x004.o /tmp/go-build798334224/b078/_x005.o /tmp/go-build798334224/b078/_x006.o /tmp/go-build798334224/b078/_x007.o /tmp/go-build798334224/b078/_x008.o /tmp/go-build798334224/b078/_x009.o /tmp/go-build798334224/b078/_x010.o /tmp/go-build798334224/b078/_x011.o /tmp/go-build798334224/b078/_x012.o -g -O2 -lpthread -D_FORTIFY_SOURCE=2 -I/usr/pkgsrc/category/go-email/work/.buildlink/include
[*] cc -E -dM -m64 -I /tmp/go-build798334224/b074/ -O2 -I . /tmp/cgo-gcc-input-797199172.c
<.> /usr/pkgsrc/category/go-email/work/.gcc/bin/gcc -fcommon -m64 -E -dM -m64 -O2 -I. /tmp/cgo-gcc-input-797199172.c -D_FORTIFY_SOURCE=2 -I/usr/pkgsrc/category/go-email/work/.buildlink/include
[*] cc -E -dM -m64 -I /tmp/go-build798334224/b074/ -O2 -I . /tmp/cgo-gcc-input-589307859.c
<.> /usr/pkgsrc/category/go-email/work/.gcc/bin/gcc -fcommon -m64 -E -dM -m64 -O2 -I. /tmp/cgo-gcc-input-589307859.c -D_FORTIFY_SOURCE=2 -I/usr/pkgsrc/category/go-email/work/.buildlink/include
[*] cc -w -Wno-error -o/tmp/go-build798334224/b074//_cgo_.o -gdwarf-2 -c -I /tmp/go-build798334224/b074/ -m64 -O0 -I . /tmp/cgo-gcc-input-982074646.c
<.> /usr/pkgsrc/category/go-email/work/.gcc/bin/gcc -fcommon -m64 -Wno-error -o/tmp/go-build798334224/b074//_cgo_.o -gdwarf-2 -c -m64 -O0 -I. /tmp/cgo-gcc-input-982074646.c -D_FORTIFY_SOURCE=2 -I/usr/pkgsrc/category/go-email/work/.buildlink/include
[*] cc -w -Wno-error -o/tmp/go-build798334224/b074//_cgo_.o -gdwarf-2 -c -I /tmp/go-build798334224/b074/ -O2 -m64 -I . /tmp/cgo-gcc-input-994877821.c
<.> /usr/pkgsrc/category/go-email/work/.gcc/bin/gcc -fcommon -m64 -Wno-error -o/tmp/go-build798334224/b074//_cgo_.o -gdwarf-2 -c -O2 -m64 -I. /tmp/cgo-gcc-input-994877821.c -D_FORTIFY_SOURCE=2 -I/usr/pkgsrc/category/go-email/work/.buildlink/include
[*] cc -w -Wno-error -o/tmp/go-build798334224/b074//_cgo_.o -gdwarf-2 -c -I /tmp/go-build798334224/b074/ -m64 -O0 -I . /tmp/cgo-gcc-input-572021944.c
<.> /usr/pkgsrc/category/go-email/work/.gcc/bin/gcc -fcommon -m64 -Wno-error -o/tmp/go-build798334224/b074//_cgo_.o -gdwarf-2 -c -m64 -O0 -I. /tmp/cgo-gcc-input-572021944.c -D_FORTIFY_SOURCE=2 -I/usr/pkgsrc/category/go-email/work/.buildlink/include
[*] cc -w -Wno-error -o/tmp/go-build798334224/b074//_cgo_.o -gdwarf-2 -c -I /tmp/go-build798334224/b074/ -O2 -m64 -I . /tmp/cgo-gcc-input-043892407.c
<.> /usr/pkgsrc/category/go-email/work/.gcc/bin/gcc -fcommon -m64 -Wno-error -o/tmp/go-build798334224/b074//_cgo_.o -gdwarf-2 -c -O2 -m64 -I. /tmp/cgo-gcc-input-043892407.c -D_FORTIFY_SOURCE=2 -I/usr/pkgsrc/category/go-email/work/.buildlink/include
[*] cc -E -dM -m64 -I /tmp/go-build798334224/b074/ -O2 -I . /tmp/cgo-gcc-input-628960938.c
<.> /usr/pkgsrc/category/go-email/work/.gcc/bin/gcc -fcommon -m64 -E -dM -m64 -O2 -I. /tmp/cgo-gcc-input-628960938.c -D_FORTIFY_SOURCE=2 -I/usr/pkgsrc/category/go-email/work/.buildlink/include
[*] cc -w -Wno-error -o/tmp/go-build798334224/b074//_cgo_.o -gdwarf-2 -c -I /tmp/go-build798334224/b074/ -O2 -m64 -I . /tmp/cgo-gcc-input-674526721.c
<.> /usr/pkgsrc/category/go-email/work/.gcc/bin/gcc -fcommon -m64 -Wno-error -o/tmp/go-build798334224/b074//_cgo_.o -gdwarf-2 -c -O2 -m64 -I. /tmp/cgo-gcc-input-674526721.c -D_FORTIFY_SOURCE=2 -I/usr/pkgsrc/category/go-email/work/.buildlink/include
[*] cc -w -Wno-error -o/tmp/go-build798334224/b074//_cgo_.o -gdwarf-2 -c -I /tmp/go-build798334224/b074/ -m64 -O0 -I . /tmp/cgo-gcc-input-231994732.c
<.> /usr/pkgsrc/category/go-email/work/.gcc/bin/gcc -fcommon -m64 -Wno-error -o/tmp/go-build798334224/b074//_cgo_.o -gdwarf-2 -c -m64 -O0 -I. /tmp/cgo-gcc-input-231994732.c -D_FORTIFY_SOURCE=2 -I/usr/pkgsrc/category/go-email/work/.buildlink/include
[*] cc -w -Wno-error -o/tmp/go-build798334224/b074//_cgo_.o -gdwarf-2 -c -I /tmp/go-build798334224/b074/ -O2 -m64 -I . /tmp/cgo-gcc-input-283671003.c
<.> /usr/pkgsrc/category/go-email/work/.gcc/bin/gcc -fcommon -m64 -Wno-error -o/tmp/go-build798334224/b074//_cgo_.o -gdwarf-2 -c -O2 -m64 -I. /tmp/cgo-gcc-input-283671003.c -D_FORTIFY_SOURCE=2 -I/usr/pkgsrc/category/go-email/work/.buildlink/include
[*] cc -E -dM -m64 -I /tmp/go-build798334224/b074/ -O2 -I . /tmp/cgo-gcc-input-670552446.c
<.> /usr/pkgsrc/category/go-email/work/.gcc/bin/gcc -fcommon -m64 -E -dM -m64 -O2 -I. /tmp/cgo-gcc-input-670552446.c -D_FORTIFY_SOURCE=2 -I/usr/pkgsrc/category/go-email/work/.buildlink/include
[*] cc -w -Wno-error -o/tmp/go-build798334224/b074//_cgo_.o -gdwarf-2 -c -I /tmp/go-build798334224/b074/ -m64 -O0 -I . /tmp/cgo-gcc-input-367035589.c
<.> /usr/pkgsrc/category/go-email/work/.gcc/bin/gcc -fcommon -m64 -Wno-error -o/tmp/go-build798334224/b074//_cgo_.o -gdwarf-2 -c -m64 -O0 -I. /tmp/cgo-gcc-input-367035589.c -D_FORTIFY_SOURCE=2 -I/usr/pkgsrc/category/go-email/work/.buildlink/include
[*] cc -w -Wno-error -o/tmp/go-build798334224/b074//_cgo_.o -gdwarf-2 -c -I /tmp/go-build798334224/b074/ -O2 -m64 -I . /tmp/cgo-gcc-input-844198240.c
<.> /usr/pkgsrc/category/go-email/work/.gcc/bin/gcc -fcommon -m64 -Wno-error -o/tmp/go-build798334224/b074//_cgo_.o -gdwarf-2 -c -O2 -m64 -I. /tmp/cgo-gcc-input-844198240.c -D_FORTIFY_SOURCE=2 -I/usr/pkgsrc/category/go-email/work/.buildlink/include
[*] cc -w -Wno-error -o/tmp/go-build798334224/b074//_cgo_.o -gdwarf-2 -c -I /tmp/go-build798334224/b074/ -m64 -O0 -I . /tmp/cgo-gcc-input-344140607.c
<.> /usr/pkgsrc/category/go-email/work/.gcc/bin/gcc -fcommon -m64 -Wno-error -o/tmp/go-build798334224/b074//_cgo_.o -gdwarf-2 -c -m64 -O0 -I. /tmp/cgo-gcc-input-344140607.c -D_FORTIFY_SOURCE=2 -I/usr/pkgsrc/category/go-email/work/.buildlink/include
[*] cc -w -Wno-error -o/tmp/go-build798334224/b074//_cgo_.o -gdwarf-2 -c -I /tmp/go-build798334224/b074/ -O2 -m64 -I . /tmp/cgo-gcc-input-819102098.c
<.> /usr/pkgsrc/category/go-email/work/.gcc/bin/gcc -fcommon -m64 -Wno-error -o/tmp/go-build798334224/b074//_cgo_.o -gdwarf-2 -c -O2 -m64 -I. /tmp/cgo-gcc-input-819102098.c -D_FORTIFY_SOURCE=2 -I/usr/pkgsrc/category/go-email/work/.buildlink/include
[*] cc -I /usr/pkg/go115/src/net -fPIC -m64 -pthread -fmessage-length=0 -fdebug-prefix-map=/tmp/go-build798334224/b074=/tmp/go-build -gno-record-gcc-switches -I /tmp/go-build798334224/b074/ -g -O2 -o /tmp/go-build798334224/b074/_x001.o -c _cgo_export.c
<.> /usr/pkgsrc/category/go-email/work/.gcc/bin/gcc -fcommon -m64 -I/usr/pkgsrc/category/go-email/work/.buildlink/go115/src/net -fPIC -m64 -pthread -fmessage-length=0 -fdebug-prefix-map=/tmp/go-build798334224/b074=/tmp/go-build -gno-record-gcc-switches -g -O2 -o /tmp/go-build798334224/b074/_x001.o -c _cgo_export.c -D_FORTIFY_SOURCE=2 -I/usr/pkgsrc/category/go-email/work/.buildlink/include
[*] cc -I /usr/pkg/go115/src/net -fPIC -m64 -pthread -fmessage-length=0 -fdebug-prefix-map=/tmp/go-build798334224/b074=/tmp/go-build -gno-record-gcc-switches -I /tmp/go-build798334224/b074/ -g -O2 -o /tmp/go-build798334224/b074/_x002.o -c cgo_linux.cgo2.c
<.> /usr/pkgsrc/category/go-email/work/.gcc/bin/gcc -fcommon -m64 -I/usr/pkgsrc/category/go-email/work/.buildlink/go115/src/net -fPIC -m64 -pthread -fmessage-length=0 -fdebug-prefix-map=/tmp/go-build798334224/b074=/tmp/go-build -gno-record-gcc-switches -g -O2 -o /tmp/go-build798334224/b074/_x002.o -c cgo_linux.cgo2.c -D_FORTIFY_SOURCE=2 -I/usr/pkgsrc/category/go-email/work/.buildlink/include
[*] cc -I /usr/pkg/go115/src/net -fPIC -m64 -pthread -fmessage-length=0 -fdebug-prefix-map=/tmp/go-build798334224/b074=/tmp/go-build -gno-record-gcc-switches -I /tmp/go-build798334224/b074/ -g -O2 -o /tmp/go-build798334224/b074/_x003.o -c cgo_resnew.cgo2.c
<.> /usr/pkgsrc/category/go-email/work/.gcc/bin/gcc -fcommon -m64 -I/usr/pkgsrc/category/go-email/work/.buildlink/go115/src/net -fPIC -m64 -pthread -fmessage-length=0 -fdebug-prefix-map=/tmp/go-build798334224/b074=/tmp/go-build -gno-record-gcc-switches -g -O2 -o /tmp/go-build798334224/b074/_x003.o -c cgo_resnew.cgo2.c -D_FORTIFY_SOURCE=2 -I/usr/pkgsrc/category/go-email/work/.buildlink/include
[*] cc -I /usr/pkg/go115/src/net -fPIC -m64 -pthread -fmessage-length=0 -fdebug-prefix-map=/tmp/go-build798334224/b074=/tmp/go-build -gno-record-gcc-switches -I /tmp/go-build798334224/b074/ -g -O2 -o /tmp/go-build798334224/b074/_x004.o -c cgo_socknew.cgo2.c
<.> /usr/pkgsrc/category/go-email/work/.gcc/bin/gcc -fcommon -m64 -I/usr/pkgsrc/category/go-email/work/.buildlink/go115/src/net -fPIC -m64 -pthread -fmessage-length=0 -fdebug-prefix-map=/tmp/go-build798334224/b074=/tmp/go-build -gno-record-gcc-switches -g -O2 -o /tmp/go-build798334224/b074/_x004.o -c cgo_socknew.cgo2.c -D_FORTIFY_SOURCE=2 -I/usr/pkgsrc/category/go-email/work/.buildlink/include
[*] cc -I /usr/pkg/go115/src/net -fPIC -m64 -pthread -fmessage-length=0 -fdebug-prefix-map=/tmp/go-build798334224/b074=/tmp/go-build -gno-record-gcc-switches -I /tmp/go-build798334224/b074/ -g -O2 -o /tmp/go-build798334224/b074/_x005.o -c cgo_unix.cgo2.c
<.> /usr/pkgsrc/category/go-email/work/.gcc/bin/gcc -fcommon -m64 -I/usr/pkgsrc/category/go-email/work/.buildlink/go115/src/net -fPIC -m64 -pthread -fmessage-length=0 -fdebug-prefix-map=/tmp/go-build798334224/b074=/tmp/go-build -gno-record-gcc-switches -g -O2 -o /tmp/go-build798334224/b074/_x005.o -c cgo_unix.cgo2.c -D_FORTIFY_SOURCE=2 -I/usr/pkgsrc/category/go-email/work/.buildlink/include
[*] cc -I /usr/pkg/go115/src/net -fPIC -m64 -pthread -fmessage-length=0 -fdebug-prefix-map=/tmp/go-build798334224/b074=/tmp/go-build -gno-record-gcc-switches -I /tmp/go-build798334224/b074/ -g -O2 -o /tmp/go-build798334224/b074/_cgo_main.o -c _cgo_main.c
<.> /usr/pkgsrc/category/go-email/work/.gcc/bin/gcc -fcommon -m64 -I/usr/pkgsrc/category/go-email/work/.buildlink/go115/src/net -fPIC -m64 -pthread -fmessage-length=0 -fdebug-prefix-map=/tmp/go-build798334224/b074=/tmp/go-build -gno-record-gcc-switches -g -O2 -o /tmp/go-build798334224/b074/_cgo_main.o -c _cgo_main.c -D_FORTIFY_SOURCE=2 -I/usr/pkgsrc/category/go-email/work/.buildlink/include
[*] cc -I /usr/pkg/go115/src/net -fPIC -m64 -pthread -fmessage-length=0 -fdebug-prefix-map=/tmp/go-build798334224/b074=/tmp/go-build -gno-record-gcc-switches -o /tmp/go-build798334224/b074/_cgo_.o /tmp/go-build798334224/b074/_cgo_main.o /tmp/go-build798334224/b074/_x001.o /tmp/go-build798334224/b074/_x002.o /tmp/go-build798334224/b074/_x003.o /tmp/go-build798334224/b074/_x004.o /tmp/go-build798334224/b074/_x005.o -g -O2
<.> /usr/pkgsrc/category/go-email/work/.gcc/bin/gcc -fcommon -m64 -I/usr/pkgsrc/category/go-email/work/.buildlink/go115/src/net -fPIC -m64 -pthread -fmessage-length=0 -fdebug-prefix-map=/tmp/go-build798334224/b074=/tmp/go-build -gno-record-gcc-switches -o /tmp/go-build798334224/b074/_cgo_.o /tmp/go-build798334224/b074/_cgo_main.o /tmp/go-build798334224/b074/_x001.o /tmp/go-build798334224/b074/_x002.o /tmp/go-build798334224/b074/_x003.o /tmp/go-build798334224/b074/_x004.o /tmp/go-build798334224/b074/_x005.o -g -O2 -D_FORTIFY_SOURCE=2 -I/usr/pkgsrc/category/go-email/work/.buildlink/include
[*] /usr/pkgsrc/category/go-email/work/.tools/bin/true
<.> true 
[*] /usr/pkgsrc/category/go-email/work/.tools/bin/true
<.> true 
[*] /usr/pkgsrc/category/go-email/work/.tools/bin/true
<.> true 
[*] /usr/pkgsrc/category/go-email/work/.tools/bin/true
<.> true 
[*] /usr/pkgsrc/category/go-email/work/.tools/bin/true
<.> true 
[*] /usr/pkgsrc/category/go-email/work/.tools/bin/true
<.> true 
[*] /usr/pkgsrc/category/go-email/work/.tools/bin/true
<.> true 
