[*] /usr/pkgsrc/category/go-goreferrer/work/.tools/bin/true
<.> true 
[*] /usr/pkgsrc/category/go-goreferrer/work/.tools/bin/true
<.> true 
[*] /usr/pkgsrc/category/go-goreferrer/work/.tools/bin/true
<.> true 
[*] /usr/pkgsrc/category/go-goreferrer/work/.tools/bin/true
<.> true 
[*] /usr/pkgsrc/category/go-goreferrer/work/.tools/bin/true
<.> true 
[*] /usr/pkgsrc/category/go-goreferrer/work/.tools/bin/true
<.> true 
[*] /usr/pkgsrc/category/go-goreferrer/work/.tools/bin/true
<.> true 
[*] /usr/pkgsrc/category/go-goreferrer/work/.tools/bin/true
<.> true 
[*] /usr/pkgsrc/category/go-goreferrer/work/.tools/bin/true
<.> true 
[*] /usr/pkgsrc/category/go-goreferrer/work/.tools/bin/true
<.> true 
[*] /usr/pkgsrc/category/go-goreferrer/work/.tools/bin/true
<.> true 
[*] /usr/pkgsrc/category/go-goreferrer/work/.tools/bin/true
<.> true 
[*] /usr/pkgsrc/category/go-goreferrer/work/.tools/bin/true
<.> true 
[*] /usr/pkgsrc/category/go-goreferrer/work/.tools/bin/true
<.> true 
[*] /usr/pkgsrc/category/go-goreferrer/work/.tools/bin/true
<.> true 
[*] /usr/pkgsrc/category/go-goreferrer/work/.tools/bin/true
<.> true 
[*] /usr/pkgsrc/category/go-goreferrer/work/.tools/bin/true
<.> true 
[*] /usr/pkgsrc/category/go-goreferrer/work/.tools/bin/true
<.> true 
[*] /usr/pkgsrc/category/go-goreferrer/work/.tools/bin/true
<.> true 
[*] /usr/pkgsrc/category/go-goreferrer/work/.tools/bin/true
<.> true 
[*] /usr/pkgsrc/category/go-goreferrer/work/.tools/bin/true
<.> true 
[*] /usr/pkgsrc/category/go-goreferrer/work/.tools/bin/true
<.> true 
[*] /usr/pkgsrc/category/go-goreferrer/work/.tools/bin/true
<.> true 
[*] /usr/pkgsrc/category/go-goreferrer/work/.tools/bin/true
<.> true 
[*] /usr/pkgsrc/category/go-goreferrer/work/.tools/bin/true
<.> true 
[*] /usr/pkgsrc/category/go-goreferrer/work/.tools/bin/true
<.> true 
[*] /usr/pkgsrc/category/go-goreferrer/work/.tools/bin/true
<.> true 
[*] /usr/pkgsrc/category/go-goreferrer/work/.tools/bin/true
<.> true 
[*] cc -E -dM -m64 -I /tmp/go-build806056927/b048/ -O2 -Wall -Werror -I . /tmp/cgo-gcc-input-736590937.c
<.> /usr/pkgsrc/category/go-goreferrer/work/.gcc/bin/gcc -fcommon -m64 -E -dM -m64 -O2 -Wall -Werror -I. /tmp/cgo-gcc-input-736590937.c -D_FORTIFY_SOURCE=2 -I/usr/pkgsrc/category/go-goreferrer/work/.buildlink/include
[*] cc -fno-caret-diagnostics -c -x c - -o /dev/null
<.> /usr/pkgsrc/category/go-goreferrer/work/.gcc/bin/gcc -fcommon -m64 -fno-caret-diagnostics -c -x c - -o /dev/null -D_FORTIFY_SOURCE=2 -I/usr/pkgsrc/category/go-goreferrer/work/.buildlink/include
[*] cc -Qunused-arguments -c -x c - -o /dev/null
<.> /usr/pkgsrc/category/go-goreferrer/work/.gcc/bin/gcc -fcommon -m64 -Qunused-arguments -c -x c - -o /dev/null -D_FORTIFY_SOURCE=2 -I/usr/pkgsrc/category/go-goreferrer/work/.buildlink/include
[*] cc -fdebug-prefix-map=a=b -c -x c - -o /dev/null
<.> /usr/pkgsrc/category/go-goreferrer/work/.gcc/bin/gcc -fcommon -m64 -fdebug-prefix-map=a=b -c -x c - -o /dev/null -D_FORTIFY_SOURCE=2 -I/usr/pkgsrc/category/go-goreferrer/work/.buildlink/include
[*] cc -gno-record-gcc-switches -c -x c - -o /dev/null
<.> /usr/pkgsrc/category/go-goreferrer/work/.gcc/bin/gcc -fcommon -m64 -gno-record-gcc-switches -c -x c - -o /dev/null -D_FORTIFY_SOURCE=2 -I/usr/pkgsrc/category/go-goreferrer/work/.buildlink/include
[*] cc -I /usr/pkg/go115/src/runtime/cgo -fPIC -m64 -pthread -fmessage-length=0 -fdebug-prefix-map=/tmp/go-build806056927/b048=/tmp/go-build -gno-record-gcc-switches -I /tmp/go-build806056927/b048/ -g -O2 -Wall -Werror -o /tmp/go-build806056927/b048/_x001.o -c _cgo_export.c
<.> /usr/pkgsrc/category/go-goreferrer/work/.gcc/bin/gcc -fcommon -m64 -I/usr/pkgsrc/category/go-goreferrer/work/.buildlink/go115/src/runtime/cgo -fPIC -m64 -pthread -fmessage-length=0 -fdebug-prefix-map=/tmp/go-build806056927/b048=/tmp/go-build -gno-record-gcc-switches -g -O2 -Wall -Werror -o /tmp/go-build806056927/b048/_x001.o -c _cgo_export.c -D_FORTIFY_SOURCE=2 -I/usr/pkgsrc/category/go-goreferrer/work/.buildlink/include
[*] cc -I /usr/pkg/go115/src/runtime/cgo -fPIC -m64 -pthread -fmessage-length=0 -fdebug-prefix-map=/tmp/go-build806056927/b048=/tmp/go-build -gno-record-gcc-switches -I /tmp/go-build806056927/b048/ -g -O2 -Wall -Werror -o /tmp/go-build806056927/b048/_x002.o -c cgo.cgo2.c
<.> /usr/pkgsrc/category/go-goreferrer/work/.gcc/bin/gcc -fcommon -m64 -I/usr/pkgsrc/category/go-goreferrer/work/.buildlink/go115/src/runtime/cgo -fPIC -m64 -pthread -fmessage-length=0 -fdebug-prefix-map=/tmp/go-build806056927/b048=/tmp/go-build -gno-record-gcc-switches -g -O2 -Wall -Werror -o /tmp/go-build806056927/b048/_x002.o -c cgo.cgo2.c -D_FORTIFY_SOURCE=2 -I/usr/pkgsrc/category/go-goreferrer/work/.buildlink/include
[*] cc -I /usr/pkg/go115/src/runtime/cgo -fPIC -m64 -pthread -fmessage-length=0 -fdebug-prefix-map=/tmp/go-build806056927/b048=/tmp/go-build -gno-record-gcc-switches -I /tmp/go-build806056927/b048/ -g -O2 -Wall -Werror -o /tmp/go-build806056927/b048/_x003.o -c gcc_context.c
<.> /usr/pkgsrc/category/go-goreferrer/work/.gcc/bin/gcc -fcommon -m64 -I/usr/pkgsrc/category/go-goreferrer/work/.buildlink/go115/src/runtime/cgo -fPIC -m64 -pthread -fmessage-length=0 -fdebug-prefix-map=/tmp/go-build806056927/b048=/tmp/go-build -gno-record-gcc-switches -g -O2 -Wall -Werror -o /tmp/go-build806056927/b048/_x003.o -c gcc_context.c -D_FORTIFY_SOURCE=2 -I/usr/pkgsrc/category/go-goreferrer/work/.buildlink/include
[*] cc -I /usr/pkg/go115/src/runtime/cgo -fPIC -m64 -pthread -fmessage-length=0 -fdebug-prefix-map=/tmp/go-build806056927/b048=/tmp/go-build -gno-record-gcc-switches -I /tmp/go-build806056927/b048/ -g -O2 -Wall -Werror -o /tmp/go-build806056927/b048/_x004.o -c gcc_fatalf.c
<.> /usr/pkgsrc/category/go-goreferrer/work/.gcc/bin/gcc -fcommon -m64 -I/usr/pkgsrc/category/go-goreferrer/work/.buildlink/go115/src/runtime/cgo -fPIC -m64 -pthread -fmessage-length=0 -fdebug-prefix-map=/tmp/go-build806056927/b048=/tmp/go-build -gno-record-gcc-switches -g -O2 -Wall -Werror -o /tmp/go-build806056927/b048/_x004.o -c gcc_fatalf.c -D_FORTIFY_SOURCE=2 -I/usr/pkgsrc/category/go-goreferrer/work/.buildlink/include
[*] cc -I /usr/pkg/go115/src/runtime/cgo -fPIC -m64 -pthread -fmessage-length=0 -fdebug-prefix-map=/tmp/go-build806056927/b048=/tmp/go-build -gno-record-gcc-switches -I /tmp/go-build806056927/b048/ -g -O2 -Wall -Werror -o /tmp/go-build806056927/b048/_x005.o -c gcc_libinit.c
<.> /usr/pkgsrc/category/go-goreferrer/work/.gcc/bin/gcc -fcommon -m64 -I/usr/pkgsrc/category/go-goreferrer/work/.buildlink/go115/src/runtime/cgo -fPIC -m64 -pthread -fmessage-length=0 -fdebug-prefix-map=/tmp/go-build806056927/b048=/tmp/go-build -gno-record-gcc-switches -g -O2 -Wall -Werror -o /tmp/go-build806056927/b048/_x005.o -c gcc_libinit.c -D_FORTIFY_SOURCE=2 -I/usr/pkgsrc/category/go-goreferrer/work/.buildlink/include
[*] cc -I /usr/pkg/go115/src/runtime/cgo -fPIC -m64 -pthread -fmessage-length=0 -fdebug-prefix-map=/tmp/go-build806056927/b048=/tmp/go-build -gno-record-gcc-switches -I /tmp/go-build806056927/b048/ -g -O2 -Wall -Werror -o /tmp/go-build806056927/b048/_x006.o -c gcc_linux_amd64.c
<.> /usr/pkgsrc/category/go-goreferrer/work/.gcc/bin/gcc -fcommon -m64 -I/usr/pkgsrc/category/go-goreferrer/work/.buildlink/go115/src/runtime/cgo -fPIC -m64 -pthread -fmessage-length=0 -fdebug-prefix-map=/tmp/go-build806056927/b048=/tmp/go-build -gno-record-gcc-switches -g -O2 -Wall -Werror -o /tmp/go-build806056927/b048/_x006.o -c gcc_linux_amd64.c -D_FORTIFY_SOURCE=2 -I/usr/pkgsrc/category/go-goreferrer/work/.buildlink/include
[*] cc -I /usr/pkg/go115/src/runtime/cgo -fPIC -m64 -pthread -fmessage-length=0 -fdebug-prefix-map=/tmp/go-build806056927/b048=/tmp/go-build -gno-record-gcc-switches -I /tmp/go-build806056927/b048/ -g -O2 -Wall -Werror -o /tmp/go-build806056927/b048/_x007.o -c gcc_mmap.c
<.> /usr/pkgsrc/category/go-goreferrer/work/.gcc/bin/gcc -fcommon -m64 -I/usr/pkgsrc/category/go-goreferrer/work/.buildlink/go115/src/runtime/cgo -fPIC -m64 -pthread -fmessage-length=0 -fdebug-prefix-map=/tmp/go-build806056927/b048=/tmp/go-build -gno-record-gcc-switches -g -O2 -Wall -Werror -o /tmp/go-build806056927/b048/_x007.o -c gcc_mmap.c -D_FORTIFY_SOURCE=2 -I/usr/pkgsrc/category/go-goreferrer/work/.buildlink/include
[*] cc -I /usr/pkg/go115/src/runtime/cgo -fPIC -m64 -pthread -fmessage-length=0 -fdebug-prefix-map=/tmp/go-build806056927/b048=/tmp/go-build -gno-record-gcc-switches -I /tmp/go-build806056927/b048/ -g -O2 -Wall -Werror -o /tmp/go-build806056927/b048/_x008.o -c gcc_setenv.c
<.> /usr/pkgsrc/category/go-goreferrer/work/.gcc/bin/gcc -fcommon -m64 -I/usr/pkgsrc/category/go-goreferrer/work/.buildlink/go115/src/runtime/cgo -fPIC -m64 -pthread -fmessage-length=0 -fdebug-prefix-map=/tmp/go-build806056927/b048=/tmp/go-build -gno-record-gcc-switches -g -O2 -Wall -Werror -o /tmp/go-build806056927/b048/_x008.o -c gcc_setenv.c -D_FORTIFY_SOURCE=2 -I/usr/pkgsrc/category/go-goreferrer/work/.buildlink/include
[*] cc -I /usr/pkg/go115/src/runtime/cgo -fPIC -m64 -pthread -fmessage-length=0 -fdebug-prefix-map=/tmp/go-build806056927/b048=/tmp/go-build -gno-record-gcc-switches -I /tmp/go-build806056927/b048/ -g -O2 -Wall -Werror -o /tmp/go-build806056927/b048/_x009.o -c gcc_sigaction.c
<.> /usr/pkgsrc/category/go-goreferrer/work/.gcc/bin/gcc -fcommon -m64 -I/usr/pkgsrc/category/go-goreferrer/work/.buildlink/go115/src/runtime/cgo -fPIC -m64 -pthread -fmessage-length=0 -fdebug-prefix-map=/tmp/go-build806056927/b048=/tmp/go-build -gno-record-gcc-switches -g -O2 -Wall -Werror -o /tmp/go-build806056927/b048/_x009.o -c gcc_sigaction.c -D_FORTIFY_SOURCE=2 -I/usr/pkgsrc/category/go-goreferrer/work/.buildlink/include
[*] cc -I /usr/pkg/go115/src/runtime/cgo -fPIC -m64 -pthread -fmessage-length=0 -fdebug-prefix-map=/tmp/go-build806056927/b048=/tmp/go-build -gno-record-gcc-switches -I /tmp/go-build806056927/b048/ -g -O2 -Wall -Werror -o /tmp/go-build806056927/b048/_x010.o -c gcc_traceback.c
<.> /usr/pkgsrc/category/go-goreferrer/work/.gcc/bin/gcc -fcommon -m64 -I/usr/pkgsrc/category/go-goreferrer/work/.buildlink/go115/src/runtime/cgo -fPIC -m64 -pthread -fmessage-length=0 -fdebug-prefix-map=/tmp/go-build806056927/b048=/tmp/go-build -gno-record-gcc-switches -g -O2 -Wall -Werror -o /tmp/go-build806056927/b048/_x010.o -c gcc_traceback.c -D_FORTIFY_SOURCE=2 -I/usr/pkgsrc/category/go-goreferrer/work/.buildlink/include
[*] cc -I /usr/pkg/go115/src/runtime/cgo -fPIC -m64 -pthread -fmessage-length=0 -fdebug-prefix-map=/tmp/go-build806056927/b048=/tmp/go-build -gno-record-gcc-switches -I /tmp/go-build806056927/b048/ -g -O2 -Wall -Werror -o /tmp/go-build806056927/b048/_x011.o -c gcc_util.c
<.> /usr/pkgsrc/category/go-goreferrer/work/.gcc/bin/gcc -fcommon -m64 -I/usr/pkgsrc/category/go-goreferrer/work/.buildlink/go115/src/runtime/cgo -fPIC -m64 -pthread -fmessage-length=0 -fdebug-prefix-map=/tmp/go-build806056927/b048=/tmp/go-build -gno-record-gcc-switches -g -O2 -Wall -Werror -o /tmp/go-build806056927/b048/_x011.o -c gcc_util.c -D_FORTIFY_SOURCE=2 -I/usr/pkgsrc/category/go-goreferrer/work/.buildlink/include
[*] cc -I /usr/pkg/go115/src/runtime/cgo -fPIC -m64 -pthread -fmessage-length=0 -fdebug-prefix-map=/tmp/go-build806056927/b048=/tmp/go-build -gno-record-gcc-switches -I /tmp/go-build806056927/b048/ -g -O2 -Wall -Werror -o /tmp/go-build806056927/b048/_x012.o -c gcc_amd64.S
<.> /usr/pkgsrc/category/go-goreferrer/work/.gcc/bin/gcc -fcommon -m64 -I/usr/pkgsrc/category/go-goreferrer/work/.buildlink/go115/src/runtime/cgo -fPIC -m64 -pthread -fmessage-length=0 -fdebug-prefix-map=/tmp/go-build806056927/b048=/tmp/go-build -gno-record-gcc-switches -g -O2 -Wall -Werror -o /tmp/go-build806056927/b048/_x012.o -c gcc_amd64.S -D_FORTIFY_SOURCE=2 -I/usr/pkgsrc/category/go-goreferrer/work/.buildlink/include
[*] cc -I /usr/pkg/go115/src/runtime/cgo -fPIC -m64 -pthread -fmessage-length=0 -fdebug-prefix-map=/tmp/go-build806056927/b048=/tmp/go-build -gno-record-gcc-switches -I /tmp/go-build806056927/b048/ -g -O2 -Wall -Werror -o /tmp/go-build806056927/b048/_cgo_main.o -c _cgo_main.c
<.> /usr/pkgsrc/category/go-goreferrer/work/.gcc/bin/gcc -fcommon -m64 -I/usr/pkgsrc/category/go-goreferrer/work/.buildlink/go115/src/runtime/cgo -fPIC -m64 -pthread -fmessage-length=0 -fdebug-prefix-map=/tmp/go-build806056927/b048=/tmp/go-build -gno-record-gcc-switches -g -O2 -Wall -Werror -o /tmp/go-build806056927/b048/_cgo_main.o -c _cgo_main.c -D_FORTIFY_SOURCE=2 -I/usr/pkgsrc/category/go-goreferrer/work/.buildlink/include
[*] cc -I /usr/pkg/go115/src/runtime/cgo -fPIC -m64 -pthread -fmessage-length=0 -fdebug-prefix-map=/tmp/go-build806056927/b048=/tmp/go-build -gno-record-gcc-switches -o /tmp/go-build806056927/b048/_cgo_.o /tmp/go-build806056927/b048/_cgo_main.o /tmp/go-build806056927/b048/_x001.o /tmp/go-build806056927/b048/_x002.o /tmp/go-build806056927/b048/_x003.o /tmp/go-build806056927/b048/_x004.o /tmp/go-build806056927/b048/_x005.o /tmp/go-build806056927/b048/_x006.o /tmp/go-build806056927/b048/_x007.o /tmp/go-build806056927/b048/_x008.o /tmp/go-build806056927/b048/_x009.o /tmp/go-build806056927/b048/_x010.o /tmp/go-build806056927/b048/_x011.o /tmp/go-build806056927/b048/_x012.o -g -O2 -lpthread
<.> /usr/pkgsrc/category/go-goreferrer/work/.gcc/bin/gcc -fcommon -m64 -I/usr/pkgsrc/category/go-goreferrer/work/.buildlink/go115/src/runtime/cgo -fPIC -m64 -pthread -fmessage-length=0 -fdebug-prefix-map=/tmp/go-build806056927/b048=/tmp/go-build -gno-record-gcc-switches -o /tmp/go-build806056927/b048/_cgo_.o /tmp/go-build806056927/b048/_cgo_main.o /tmp/go-build806056927/b048/_x001.o /tmp/go-build806056927/b048/_x002.o /tmp/go-build806056927/b048/_x003.o /tmp/go-build806056927/b048/_x004.o /tmp/go-build806056927/b048/_x005.o /tmp/go-build806056927/b048/_x006.o /tmp/go-build806056927/b048/_x007.o /tmp/go-build806056927/b048/_x008.o /tmp/go-build806056927/b048/_x009.o /tmp/go-build806056927/b048/_x010.o /tmp/go-build806056927/b048/_x011.o /tmp/go-build806056927/b048/_x012.o -g -O2 -lpthread -D_FORTIFY_SOURCE=2 -I/usr/pkgsrc/category/go-goreferrer/work/.buildlink/include
[*] cc -E -dM -m64 -I /tmp/go-build806056927/b042/ -O2 -I . /tmp/cgo-gcc-input-420746413.c
<.> /usr/pkgsrc/category/go-goreferrer/work/.gcc/bin/gcc -fcommon -m64 -E -dM -m64 -O2 -I. /tmp/cgo-gcc-input-420746413.c -D_FORTIFY_SOURCE=2 -I/usr/pkgsrc/category/go-goreferrer/work/.buildlink/include
[*] cc -E -dM -m64 -I /tmp/go-build806056927/b042/ -O2 -I . /tmp/cgo-gcc-input-483284520.c
<.> /usr/pkgsrc/category/go-goreferrer/work/.gcc/bin/gcc -fcommon -m64 -E -dM -m64 -O2 -I. /tmp/cgo-gcc-input-483284520.c -D_FORTIFY_SOURCE=2 -I/usr/pkgsrc/category/go-goreferrer/work/.buildlink/include
[*] cc -w -Wno-error -o/tmp/go-build806056927/b042//_cgo_.o -gdwarf-2 -c -I /tmp/go-build806056927/b042/ -m64 -O0 -I . /tmp/cgo-gcc-input-603485543.c
<.> /usr/pkgsrc/category/go-goreferrer/work/.gcc/bin/gcc -fcommon -m64 -Wno-error -o/tmp/go-build806056927/b042//_cgo_.o -gdwarf-2 -c -m64 -O0 -I. /tmp/cgo-gcc-input-603485543.c -D_FORTIFY_SOURCE=2 -I/usr/pkgsrc/category/go-goreferrer/work/.buildlink/include
[*] cc -w -Wno-error -o/tmp/go-build806056927/b042//_cgo_.o -gdwarf-2 -c -I /tmp/go-build806056927/b042/ -O2 -m64 -I . /tmp/cgo-gcc-input-620277146.c
<.> /usr/pkgsrc/category/go-goreferrer/work/.gcc/bin/gcc -fcommon -m64 -Wno-error -o/tmp/go-build806056927/b042//_cgo_.o -gdwarf-2 -c -O2 -m64 -I. /tmp/cgo-gcc-input-620277146.c -D_FORTIFY_SOURCE=2 -I/usr/pkgsrc/category/go-goreferrer/work/.buildlink/include
[*] cc -w -Wno-error -o/tmp/go-build806056927/b042//_cgo_.o -gdwarf-2 -c -I /tmp/go-build806056927/b042/ -m64 -O0 -I . /tmp/cgo-gcc-input-476565041.c
<.> /usr/pkgsrc/category/go-goreferrer/work/.gcc/bin/gcc -fcommon -m64 -Wno-error -o/tmp/go-build806056927/b042//_cgo_.o -gdwarf-2 -c -m64 -O0 -I. /tmp/cgo-gcc-input-476565041.c -D_FORTIFY_SOURCE=2 -I/usr/pkgsrc/category/go-goreferrer/work/.buildlink/include
[*] cc -w -Wno-error -o/tmp/go-build806056927/b042//_cgo_.o -gdwarf-2 -c -I /tmp/go-build806056927/b042/ -O2 -m64 -I . /tmp/cgo-gcc-input-123041244.c
<.> /usr/pkgsrc/category/go-goreferrer/work/.gcc/bin/gcc -fcommon -m64 -Wno-error -o/tmp/go-build806056927/b042//_cgo_.o -gdwarf-2 -c -O2 -m64 -I. /tmp/cgo-gcc-input-123041244.c -D_FORTIFY_SOURCE=2 -I/usr/pkgsrc/category/go-goreferrer/work/.buildlink/include
[*] cc -E -dM -m64 -I /tmp/go-build806056927/b042/ -O2 -I . /tmp/cgo-gcc-input-725063563.c
<.> /usr/pkgsrc/category/go-goreferrer/work/.gcc/bin/gcc -fcommon -m64 -E -dM -m64 -O2 -I. /tmp/cgo-gcc-input-725063563.c -D_FORTIFY_SOURCE=2 -I/usr/pkgsrc/category/go-goreferrer/work/.buildlink/include
[*] cc -w -Wno-error -o/tmp/go-build806056927/b042//_cgo_.o -gdwarf-2 -c -I /tmp/go-build806056927/b042/ -O2 -m64 -I . /tmp/cgo-gcc-input-630930798.c
<.> /usr/pkgsrc/category/go-goreferrer/work/.gcc/bin/gcc -fcommon -m64 -Wno-error -o/tmp/go-build806056927/b042//_cgo_.o -gdwarf-2 -c -O2 -m64 -I. /tmp/cgo-gcc-input-630930798.c -D_FORTIFY_SOURCE=2 -I/usr/pkgsrc/category/go-goreferrer/work/.buildlink/include
[*] cc -w -Wno-error -o/tmp/go-build806056927/b042//_cgo_.o -gdwarf-2 -c -I /tmp/go-build806056927/b042/ -m64 -O0 -I . /tmp/cgo-gcc-input-826695157.c
<.> /usr/pkgsrc/category/go-goreferrer/work/.gcc/bin/gcc -fcommon -m64 -Wno-error -o/tmp/go-build806056927/b042//_cgo_.o -gdwarf-2 -c -m64 -O0 -I. /tmp/cgo-gcc-input-826695157.c -D_FORTIFY_SOURCE=2 -I/usr/pkgsrc/category/go-goreferrer/work/.buildlink/include
[*] cc -w -Wno-error -o/tmp/go-build806056927/b042//_cgo_.o -gdwarf-2 -c -I /tmp/go-build806056927/b042/ -O2 -m64 -I . /tmp/cgo-gcc-input-622579408.c
<.> /usr/pkgsrc/category/go-goreferrer/work/.gcc/bin/gcc -fcommon -m64 -Wno-error -o/tmp/go-build806056927/b042//_cgo_.o -gdwarf-2 -c -O2 -m64 -I. /tmp/cgo-gcc-input-622579408.c -D_FORTIFY_SOURCE=2 -I/usr/pkgsrc/category/go-goreferrer/work/.buildlink/include
[*] cc -E -dM -m64 -I /tmp/go-build806056927/b042/ -O2 -I . /tmp/cgo-gcc-input-538392559.c
<.> /usr/pkgsrc/category/go-goreferrer/work/.gcc/bin/gcc -fcommon -m64 -E -dM -m64 -O2 -I. /tmp/cgo-gcc-input-538392559.c -D_FORTIFY_SOURCE=2 -I/usr/pkgsrc/category/go-goreferrer/work/.buildlink/include
[*] cc -w -Wno-error -o/tmp/go-build806056927/b042//_cgo_.o -gdwarf-2 -c -I /tmp/go-build806056927/b042/ -m64 -O0 -I . /tmp/cgo-gcc-input-695561346.c
<.> /usr/pkgsrc/category/go-goreferrer/work/.gcc/bin/gcc -fcommon -m64 -Wno-error -o/tmp/go-build806056927/b042//_cgo_.o -gdwarf-2 -c -m64 -O0 -I. /tmp/cgo-gcc-input-695561346.c -D_FORTIFY_SOURCE=2 -I/usr/pkgsrc/category/go-goreferrer/work/.buildlink/include
[*] cc -w -Wno-error -o/tmp/go-build806056927/b042//_cgo_.o -gdwarf-2 -c -I /tmp/go-build806056927/b042/ -O2 -m64 -I . /tmp/cgo-gcc-input-022808569.c
<.> /usr/pkgsrc/category/go-goreferrer/work/.gcc/bin/gcc -fcommon -m64 -Wno-error -o/tmp/go-build806056927/b042//_cgo_.o -gdwarf-2 -c -O2 -m64 -I. /tmp/cgo-gcc-input-022808569.c -D_FORTIFY_SOURCE=2 -I/usr/pkgsrc/category/go-goreferrer/work/.buildlink/include
[*] cc -w -Wno-error -o/tmp/go-build806056927/b042//_cgo_.o -gdwarf-2 -c -I /tmp/go-build806056927/b042/ -m64 -O0 -I . /tmp/cgo-gcc-input-231289604.c
<.> /usr/pkgsrc/category/go-goreferrer/work/.gcc/bin/gcc -fcommon -m64 -Wno-error -o/tmp/go-build806056927/b042//_cgo_.o -gdwarf-2 -c -m64 -O0 -I. /tmp/cgo-gcc-input-231289604.c -D_FORTIFY_SOURCE=2 -I/usr/pkgsrc/category/go-goreferrer/work/.buildlink/include
[*] cc -w -Wno-error -o/tmp/go-build806056927/b042//_cgo_.o -gdwarf-2 -c -I /tmp/go-build806056927/b042/ -O2 -m64 -I . /tmp/cgo-gcc-input-567025299.c
<.> /usr/pkgsrc/category/go-goreferrer/work/.gcc/bin/gcc -fcommon -m64 -Wno-error -o/tmp/go-build806056927/b042//_cgo_.o -gdwarf-2 -c -O2 -m64 -I. /tmp/cgo-gcc-input-567025299.c -D_FORTIFY_SOURCE=2 -I/usr/pkgsrc/category/go-goreferrer/work/.buildlink/include
[*] cc -I /usr/pkg/go115/src/net -fPIC -m64 -pthread -fmessage-length=0 -fdebug-prefix-map=/tmp/go-build806056927/b042=/tmp/go-build -gno-record-gcc-switches -I /tmp/go-build806056927/b042/ -g -O2 -o /tmp/go-build806056927/b042/_x001.o -c _cgo_export.c
<.> /usr/pkgsrc/category/go-goreferrer/work/.gcc/bin/gcc -fcommon -m64 -I/usr/pkgsrc/category/go-goreferrer/work/.buildlink/go115/src/net -fPIC -m64 -pthread -fmessage-length=0 -fdebug-prefix-map=/tmp/go-build806056927/b042=/tmp/go-build -gno-record-gcc-switches -g -O2 -o /tmp/go-build806056927/b042/_x001.o -c _cgo_export.c -D_FORTIFY_SOURCE=2 -I/usr/pkgsrc/category/go-goreferrer/work/.buildlink/include
[*] cc -I /usr/pkg/go115/src/net -fPIC -m64 -pthread -fmessage-length=0 -fdebug-prefix-map=/tmp/go-build806056927/b042=/tmp/go-build -gno-record-gcc-switches -I /tmp/go-build806056927/b042/ -g -O2 -o /tmp/go-build806056927/b042/_x002.o -c cgo_linux.cgo2.c
<.> /usr/pkgsrc/category/go-goreferrer/work/.gcc/bin/gcc -fcommon -m64 -I/usr/pkgsrc/category/go-goreferrer/work/.buildlink/go115/src/net -fPIC -m64 -pthread -fmessage-length=0 -fdebug-prefix-map=/tmp/go-build806056927/b042=/tmp/go-build -gno-record-gcc-switches -g -O2 -o /tmp/go-build806056927/b042/_x002.o -c cgo_linux.cgo2.c -D_FORTIFY_SOURCE=2 -I/usr/pkgsrc/category/go-goreferrer/work/.buildlink/include
[*] cc -I /usr/pkg/go115/src/net -fPIC -m64 -pthread -fmessage-length=0 -fdebug-prefix-map=/tmp/go-build806056927/b042=/tmp/go-build -gno-record-gcc-switches -I /tmp/go-build806056927/b042/ -g -O2 -o /tmp/go-build806056927/b042/_x003.o -c cgo_resnew.cgo2.c
<.> /usr/pkgsrc/category/go-goreferrer/work/.gcc/bin/gcc -fcommon -m64 -I/usr/pkgsrc/category/go-goreferrer/work/.buildlink/go115/src/net -fPIC -m64 -pthread -fmessage-length=0 -fdebug-prefix-map=/tmp/go-build806056927/b042=/tmp/go-build -gno-record-gcc-switches -g -O2 -o /tmp/go-build806056927/b042/_x003.o -c cgo_resnew.cgo2.c -D_FORTIFY_SOURCE=2 -I/usr/pkgsrc/category/go-goreferrer/work/.buildlink/include
[*] cc -I /usr/pkg/go115/src/net -fPIC -m64 -pthread -fmessage-length=0 -fdebug-prefix-map=/tmp/go-build806056927/b042=/tmp/go-build -gno-record-gcc-switches -I /tmp/go-build806056927/b042/ -g -O2 -o /tmp/go-build806056927/b042/_x004.o -c cgo_socknew.cgo2.c
<.> /usr/pkgsrc/category/go-goreferrer/work/.gcc/bin/gcc -fcommon -m64 -I/usr/pkgsrc/category/go-goreferrer/work/.buildlink/go115/src/net -fPIC -m64 -pthread -fmessage-length=0 -fdebug-prefix-map=/tmp/go-build806056927/b042=/tmp/go-build -gno-record-gcc-switches -g -O2 -o /tmp/go-build806056927/b042/_x004.o -c cgo_socknew.cgo2.c -D_FORTIFY_SOURCE=2 -I/usr/pkgsrc/category/go-goreferrer/work/.buildlink/include
[*] cc -I /usr/pkg/go115/src/net -fPIC -m64 -pthread -fmessage-length=0 -fdebug-prefix-map=/tmp/go-build806056927/b042=/tmp/go-build -gno-record-gcc-switches -I /tmp/go-build806056927/b042/ -g -O2 -o /tmp/go-build806056927/b042/_x005.o -c cgo_unix.cgo2.c
<.> /usr/pkgsrc/category/go-goreferrer/work/.gcc/bin/gcc -fcommon -m64 -I/usr/pkgsrc/category/go-goreferrer/work/.buildlink/go115/src/net -fPIC -m64 -pthread -fmessage-length=0 -fdebug-prefix-map=/tmp/go-build806056927/b042=/tmp/go-build -gno-record-gcc-switches -g -O2 -o /tmp/go-build806056927/b042/_x005.o -c cgo_unix.cgo2.c -D_FORTIFY_SOURCE=2 -I/usr/pkgsrc/category/go-goreferrer/work/.buildlink/include
[*] cc -I /usr/pkg/go115/src/net -fPIC -m64 -pthread -fmessage-length=0 -fdebug-prefix-map=/tmp/go-build806056927/b042=/tmp/go-build -gno-record-gcc-switches -I /tmp/go-build806056927/b042/ -g -O2 -o /tmp/go-build806056927/b042/_cgo_main.o -c _cgo_main.c
<.> /usr/pkgsrc/category/go-goreferrer/work/.gcc/bin/gcc -fcommon -m64 -I/usr/pkgsrc/category/go-goreferrer/work/.buildlink/go115/src/net -fPIC -m64 -pthread -fmessage-length=0 -fdebug-prefix-map=/tmp/go-build806056927/b042=/tmp/go-build -gno-record-gcc-switches -g -O2 -o /tmp/go-build806056927/b042/_cgo_main.o -c _cgo_main.c -D_FORTIFY_SOURCE=2 -I/usr/pkgsrc/category/go-goreferrer/work/.buildlink/include
[*] cc -I /usr/pkg/go115/src/net -fPIC -m64 -pthread -fmessage-length=0 -fdebug-prefix-map=/tmp/go-build806056927/b042=/tmp/go-build -gno-record-gcc-switches -o /tmp/go-build806056927/b042/_cgo_.o /tmp/go-build806056927/b042/_cgo_main.o /tmp/go-build806056927/b042/_x001.o /tmp/go-build806056927/b042/_x002.o /tmp/go-build806056927/b042/_x003.o /tmp/go-build806056927/b042/_x004.o /tmp/go-build806056927/b042/_x005.o -g -O2
<.> /usr/pkgsrc/category/go-goreferrer/work/.gcc/bin/gcc -fcommon -m64 -I/usr/pkgsrc/category/go-goreferrer/work/.buildlink/go115/src/net -fPIC -m64 -pthread -fmessage-length=0 -fdebug-prefix-map=/tmp/go-build806056927/b042=/tmp/go-build -gno-record-gcc-switches -o /tmp/go-build806056927/b042/_cgo_.o /tmp/go-build806056927/b042/_cgo_main.o /tmp/go-build806056927/b042/_x001.o /tmp/go-build806056927/b042/_x002.o /tmp/go-build806056927/b042/_x003.o /tmp/go-build806056927/b042/_x004.o /tmp/go-build806056927/b042/_x005.o -g -O2 -D_FORTIFY_SOURCE=2 -I/usr/pkgsrc/category/go-goreferrer/work/.buildlink/include
[*] /usr/pkgsrc/category/go-goreferrer/work/.tools/bin/true
<.> true 
[*] /usr/pkgsrc/category/go-goreferrer/work/.tools/bin/true
<.> true 
[*] /usr/pkgsrc/category/go-goreferrer/work/.tools/bin/true
<.> true 
[*] /usr/pkgsrc/category/go-goreferrer/work/.tools/bin/true
<.> true 
[*] /usr/pkgsrc/category/go-goreferrer/work/.tools/bin/true
<.> true 
[*] /usr/pkgsrc/category/go-goreferrer/work/.tools/bin/true
<.> true 
[*] /usr/pkgsrc/category/go-goreferrer/work/.tools/bin/true
<.> true 
