[*] /usr/pkgsrc/category/py-compyle/work/.tools/bin/true
<.> true 
[*] /usr/pkgsrc/category/py-compyle/work/.tools/bin/true
<.> true 
[*] /usr/pkgsrc/category/py-compyle/work/.tools/bin/true
<.> true 
[*] /usr/pkgsrc/category/py-compyle/work/.tools/bin/true
<.> true 
[*] /usr/pkgsrc/category/py-compyle/work/.tools/bin/true
<.> true 
[*] /usr/pkgsrc/category/py-compyle/work/.tools/bin/true
<.> true 
[*] /usr/pkgsrc/category/py-compyle/work/.tools/bin/true
<.> true 
[*] /usr/pkgsrc/category/py-compyle/work/.tools/bin/true
<.> true 
[*] /usr/pkgsrc/category/py-compyle/work/.tools/bin/true
<.> true 
[*] /usr/pkgsrc/category/py-compyle/work/.tools/bin/true
<.> true 
[*] /usr/pkgsrc/category/py-compyle/work/.tools/bin/true
<.> true 
[*] /usr/pkgsrc/category/py-compyle/work/.tools/bin/true
<.> true 
[*] /usr/pkgsrc/category/py-compyle/work/.tools/bin/true
<.> true 
[*] /usr/pkgsrc/category/py-compyle/work/.tools/bin/true
<.> true 
[*] /usr/pkgsrc/category/py-compyle/work/.tools/bin/true
<.> true 
[*] /usr/pkgsrc/category/py-compyle/work/.tools/bin/true
<.> true 
[*] /usr/pkgsrc/category/py-compyle/work/.tools/bin/true
<.> true 
[*] /usr/pkgsrc/category/py-compyle/work/.tools/bin/true
<.> true 
[*] /usr/pkgsrc/category/py-compyle/work/.tools/bin/true
<.> true 
[*] /usr/pkgsrc/category/py-compyle/work/.tools/bin/true
<.> true 
[*] /usr/pkgsrc/category/py-compyle/work/.tools/bin/true
<.> true 
[*] /usr/pkgsrc/category/py-compyle/work/.tools/bin/true
<.> true 
[*] /usr/pkgsrc/category/py-compyle/work/.tools/bin/true
<.> true 
[*] /usr/pkgsrc/category/py-compyle/work/.tools/bin/true
<.> true 
[*] /usr/pkgsrc/category/py-compyle/work/.tools/bin/true
<.> true 
[*] /usr/pkgsrc/category/py-compyle/work/.tools/bin/true
<.> true 
[*] /usr/pkgsrc/category/py-compyle/work/.tools/bin/true
<.> true 
[*] /usr/pkgsrc/category/py-compyle/work/.tools/bin/true
<.> true 
[*] /usr/pkgsrc/category/py-compyle/work/.tools/bin/true
<.> true 
[*] cc -Wno-unused-result -Wsign-compare -DNDEBUG -O2 -D_FORTIFY_SOURCE=2 -I/usr/include -I/usr/pkg/include -I/usr/pkg/include/db4 -O2 -D_FORTIFY_SOURCE=2 -I/usr/include -I/usr/pkg/include -I/usr/pkg/include/db4 -O2 -D_FORTIFY_SOURCE=2 -I/usr/include -I/usr/pkg/include -I/usr/pkg/include/db4 -O2 -D_FORTIFY_SOURCE=2 -I/usr/pkg/include -I/usr/include -I/usr/pkg/include/python3.7 -I/usr/pkg/include -I/usr/include -I/usr/pkg/include/python3.7 -fPIC -I/usr/pkg/include/python3.7 -c compyle/thrust/sort.cpp -o build/temp.linux-x86_64-3.7/compyle/thrust/sort.o
<.> /usr/pkgsrc/category/py-compyle/work/.gcc/bin/gcc -fcommon -m64 -Wno-unused-result -Wsign-compare -DNDEBUG -O2 -D_FORTIFY_SOURCE=2 -I/usr/pkgsrc/category/py-compyle/work/.buildlink/include -I/usr/pkgsrc/category/py-compyle/work/.buildlink/include/db4 -O2 -D_FORTIFY_SOURCE=2 -O2 -D_FORTIFY_SOURCE=2 -O2 -D_FORTIFY_SOURCE=2 -I/usr/pkgsrc/category/py-compyle/work/.buildlink/include/python3.7 -fPIC -c compyle/thrust/sort.cpp -o build/temp.linux-x86_64-3.7/compyle/thrust/sort.o -D_FORTIFY_SOURCE=2 -fstack-protector
[*] c++ -pthread -shared -L. -Wl,-z,relro -Wl,-z,now -L/usr/lib64 -Wl,-R/usr/lib64 -L/usr/pkg/lib -Wl,-R/usr/pkg/lib -Wl,-z,relro -Wl,-z,now -L/usr/lib64 -Wl,-R/usr/lib64 -L/usr/pkg/lib -Wl,-R/usr/pkg/lib -Wl,-z,relro -Wl,-z,now -L/usr/pkg/lib -Wl,-R/usr/pkg/lib -L/usr/lib64 -Wl,-R/usr/lib64 -O2 -D_FORTIFY_SOURCE=2 -I/usr/pkg/include -I/usr/include -I/usr/pkg/include/python3.7 -I/usr/pkg/include -I/usr/include -I/usr/pkg/include/python3.7 build/temp.linux-x86_64-3.7/compyle/thrust/sort.o -L/usr/pkg/lib -lpython3.7 -o build/lib.linux-x86_64-3.7/compyle/thrust/sort.so
<.> /usr/pkgsrc/category/py-compyle/work/.gcc/bin/g++ -m64 -pthread -shared -L. -Wl,-z -Wl,relro -Wl,-z -Wl,now -L/usr/pkgsrc/category/py-compyle/work/.buildlink/lib -Wl,-rpath,/usr/pkg/lib -Wl,-z -Wl,relro -Wl,-z -Wl,now -Wl,-rpath,/usr/pkg/lib -Wl,-z -Wl,relro -Wl,-z -Wl,now -Wl,-rpath,/usr/pkg/lib -O2 -D_FORTIFY_SOURCE=2 -I/usr/pkgsrc/category/py-compyle/work/.buildlink/include -I/usr/pkgsrc/category/py-compyle/work/.buildlink/include/python3.7 build/temp.linux-x86_64-3.7/compyle/thrust/sort.o -lpython3.7 -o build/lib.linux-x86_64-3.7/compyle/thrust/sort.so -fstack-protector
[*] /usr/pkgsrc/category/py-compyle/work/.tools/bin/true
<.> true 
[*] /usr/pkgsrc/category/py-compyle/work/.tools/bin/true
<.> true 
[*] /usr/pkgsrc/category/py-compyle/work/.tools/bin/true
<.> true 
[*] /usr/pkgsrc/category/py-compyle/work/.tools/bin/true
<.> true 
[*] /usr/pkgsrc/category/py-compyle/work/.tools/bin/true
<.> true 
[*] /usr/pkgsrc/category/py-compyle/work/.tools/bin/true
<.> true 
[*] /usr/pkgsrc/category/py-compyle/work/.tools/bin/true
<.> true 
