[*] /usr/pkgsrc/category/go-brotli/work/.tools/bin/true
<.> true 
[*] /usr/pkgsrc/category/go-brotli/work/.tools/bin/true
<.> true 
[*] /usr/pkgsrc/category/go-brotli/work/.tools/bin/true
<.> true 
[*] /usr/pkgsrc/category/go-brotli/work/.tools/bin/true
<.> true 
[*] /usr/pkgsrc/category/go-brotli/work/.tools/bin/true
<.> true 
[*] /usr/pkgsrc/category/go-brotli/work/.tools/bin/true
<.> true 
[*] /usr/pkgsrc/category/go-brotli/work/.tools/bin/true
<.> true 
[*] /usr/pkgsrc/category/go-brotli/work/.tools/bin/true
<.> true 
[*] /usr/pkgsrc/category/go-brotli/work/.tools/bin/true
<.> true 
[*] /usr/pkgsrc/category/go-brotli/work/.tools/bin/true
<.> true 
[*] /usr/pkgsrc/category/go-brotli/work/.tools/bin/true
<.> true 
[*] /usr/pkgsrc/category/go-brotli/work/.tools/bin/true
<.> true 
[*] /usr/pkgsrc/category/go-brotli/work/.tools/bin/true
<.> true 
[*] /usr/pkgsrc/category/go-brotli/work/.tools/bin/true
<.> true 
[*] /usr/pkgsrc/category/go-brotli/work/.tools/bin/true
<.> true 
[*] /usr/pkgsrc/category/go-brotli/work/.tools/bin/true
<.> true 
[*] /usr/pkgsrc/category/go-brotli/work/.tools/bin/true
<.> true 
[*] /usr/pkgsrc/category/go-brotli/work/.tools/bin/true
<.> true 
[*] /usr/pkgsrc/category/go-brotli/work/.tools/bin/true
<.> true 
[*] /usr/pkgsrc/category/go-brotli/work/.tools/bin/true
<.> true 
[*] /usr/pkgsrc/category/go-brotli/work/.tools/bin/true
<.> true 
[*] /usr/pkgsrc/category/go-brotli/work/.tools/bin/true
<.> true 
[*] /usr/pkgsrc/category/go-brotli/work/.tools/bin/true
<.> true 
[*] /usr/pkgsrc/category/go-brotli/work/.tools/bin/true
<.> true 
[*] /usr/pkgsrc/category/go-brotli/work/.tools/bin/true
<.> true 
[*] /usr/pkgsrc/category/go-brotli/work/.tools/bin/true
<.> true 
[*] /usr/pkgsrc/category/go-brotli/work/.tools/bin/true
<.> true 
[*] /usr/pkgsrc/category/go-brotli/work/.tools/bin/true
<.> true 
[*] cc -E -dM -m64 -I /tmp/go-build302812116/b082/ -O2 -Wall -Werror -I . /tmp/cgo-gcc-input-465926088.c
<.> /usr/pkgsrc/category/go-brotli/work/.gcc/bin/gcc -fcommon -m64 -E -dM -m64 -O2 -Wall -Werror -I. /tmp/cgo-gcc-input-465926088.c -D_FORTIFY_SOURCE=2 -I/usr/pkgsrc/category/go-brotli/work/.buildlink/include
[*] cc -fno-caret-diagnostics -c -x c - -o /dev/null
<.> /usr/pkgsrc/category/go-brotli/work/.gcc/bin/gcc -fcommon -m64 -fno-caret-diagnostics -c -x c - -o /dev/null -D_FORTIFY_SOURCE=2 -I/usr/pkgsrc/category/go-brotli/work/.buildlink/include
[*] cc -Qunused-arguments -c -x c - -o /dev/null
<.> /usr/pkgsrc/category/go-brotli/work/.gcc/bin/gcc -fcommon -m64 -Qunused-arguments -c -x c - -o /dev/null -D_FORTIFY_SOURCE=2 -I/usr/pkgsrc/category/go-brotli/work/.buildlink/include
[*] cc -fdebug-prefix-map=a=b -c -x c - -o /dev/null
<.> /usr/pkgsrc/category/go-brotli/work/.gcc/bin/gcc -fcommon -m64 -fdebug-prefix-map=a=b -c -x c - -o /dev/null -D_FORTIFY_SOURCE=2 -I/usr/pkgsrc/category/go-brotli/work/.buildlink/include
[*] cc -gno-record-gcc-switches -c -x c - -o /dev/null
<.> /usr/pkgsrc/category/go-brotli/work/.gcc/bin/gcc -fcommon -m64 -gno-record-gcc-switches -c -x c - -o /dev/null -D_FORTIFY_SOURCE=2 -I/usr/pkgsrc/category/go-brotli/work/.buildlink/include
[*] cc -I /usr/pkg/go115/src/runtime/cgo -fPIC -m64 -pthread -fmessage-length=0 -fdebug-prefix-map=/tmp/go-build302812116/b082=/tmp/go-build -gno-record-gcc-switches -I /tmp/go-build302812116/b082/ -g -O2 -Wall -Werror -o /tmp/go-build302812116/b082/_x001.o -c _cgo_export.c
<.> /usr/pkgsrc/category/go-brotli/work/.gcc/bin/gcc -fcommon -m64 -I/usr/pkgsrc/category/go-brotli/work/.buildlink/go115/src/runtime/cgo -fPIC -m64 -pthread -fmessage-length=0 -fdebug-prefix-map=/tmp/go-build302812116/b082=/tmp/go-build -gno-record-gcc-switches -g -O2 -Wall -Werror -o /tmp/go-build302812116/b082/_x001.o -c _cgo_export.c -D_FORTIFY_SOURCE=2 -I/usr/pkgsrc/category/go-brotli/work/.buildlink/include
[*] cc -I /usr/pkg/go115/src/runtime/cgo -fPIC -m64 -pthread -fmessage-length=0 -fdebug-prefix-map=/tmp/go-build302812116/b082=/tmp/go-build -gno-record-gcc-switches -I /tmp/go-build302812116/b082/ -g -O2 -Wall -Werror -o /tmp/go-build302812116/b082/_x002.o -c cgo.cgo2.c
<.> /usr/pkgsrc/category/go-brotli/work/.gcc/bin/gcc -fcommon -m64 -I/usr/pkgsrc/category/go-brotli/work/.buildlink/go115/src/runtime/cgo -fPIC -m64 -pthread -fmessage-length=0 -fdebug-prefix-map=/tmp/go-build302812116/b082=/tmp/go-build -gno-record-gcc-switches -g -O2 -Wall -Werror -o /tmp/go-build302812116/b082/_x002.o -c cgo.cgo2.c -D_FORTIFY_SOURCE=2 -I/usr/pkgsrc/category/go-brotli/work/.buildlink/include
[*] cc -I /usr/pkg/go115/src/runtime/cgo -fPIC -m64 -pthread -fmessage-length=0 -fdebug-prefix-map=/tmp/go-build302812116/b082=/tmp/go-build -gno-record-gcc-switches -I /tmp/go-build302812116/b082/ -g -O2 -Wall -Werror -o /tmp/go-build302812116/b082/_x003.o -c gcc_context.c
<.> /usr/pkgsrc/category/go-brotli/work/.gcc/bin/gcc -fcommon -m64 -I/usr/pkgsrc/category/go-brotli/work/.buildlink/go115/src/runtime/cgo -fPIC -m64 -pthread -fmessage-length=0 -fdebug-prefix-map=/tmp/go-build302812116/b082=/tmp/go-build -gno-record-gcc-switches -g -O2 -Wall -Werror -o /tmp/go-build302812116/b082/_x003.o -c gcc_context.c -D_FORTIFY_SOURCE=2 -I/usr/pkgsrc/category/go-brotli/work/.buildlink/include
[*] cc -I /usr/pkg/go115/src/runtime/cgo -fPIC -m64 -pthread -fmessage-length=0 -fdebug-prefix-map=/tmp/go-build302812116/b082=/tmp/go-build -gno-record-gcc-switches -I /tmp/go-build302812116/b082/ -g -O2 -Wall -Werror -o /tmp/go-build302812116/b082/_x004.o -c gcc_fatalf.c
<.> /usr/pkgsrc/category/go-brotli/work/.gcc/bin/gcc -fcommon -m64 -I/usr/pkgsrc/category/go-brotli/work/.buildlink/go115/src/runtime/cgo -fPIC -m64 -pthread -fmessage-length=0 -fdebug-prefix-map=/tmp/go-build302812116/b082=/tmp/go-build -gno-record-gcc-switches -g -O2 -Wall -Werror -o /tmp/go-build302812116/b082/_x004.o -c gcc_fatalf.c -D_FORTIFY_SOURCE=2 -I/usr/pkgsrc/category/go-brotli/work/.buildlink/include
[*] cc -I /usr/pkg/go115/src/runtime/cgo -fPIC -m64 -pthread -fmessage-length=0 -fdebug-prefix-map=/tmp/go-build302812116/b082=/tmp/go-build -gno-record-gcc-switches -I /tmp/go-build302812116/b082/ -g -O2 -Wall -Werror -o /tmp/go-build302812116/b082/_x005.o -c gcc_libinit.c
<.> /usr/pkgsrc/category/go-brotli/work/.gcc/bin/gcc -fcommon -m64 -I/usr/pkgsrc/category/go-brotli/work/.buildlink/go115/src/runtime/cgo -fPIC -m64 -pthread -fmessage-length=0 -fdebug-prefix-map=/tmp/go-build302812116/b082=/tmp/go-build -gno-record-gcc-switches -g -O2 -Wall -Werror -o /tmp/go-build302812116/b082/_x005.o -c gcc_libinit.c -D_FORTIFY_SOURCE=2 -I/usr/pkgsrc/category/go-brotli/work/.buildlink/include
[*] cc -I /usr/pkg/go115/src/runtime/cgo -fPIC -m64 -pthread -fmessage-length=0 -fdebug-prefix-map=/tmp/go-build302812116/b082=/tmp/go-build -gno-record-gcc-switches -I /tmp/go-build302812116/b082/ -g -O2 -Wall -Werror -o /tmp/go-build302812116/b082/_x006.o -c gcc_linux_amd64.c
<.> /usr/pkgsrc/category/go-brotli/work/.gcc/bin/gcc -fcommon -m64 -I/usr/pkgsrc/category/go-brotli/work/.buildlink/go115/src/runtime/cgo -fPIC -m64 -pthread -fmessage-length=0 -fdebug-prefix-map=/tmp/go-build302812116/b082=/tmp/go-build -gno-record-gcc-switches -g -O2 -Wall -Werror -o /tmp/go-build302812116/b082/_x006.o -c gcc_linux_amd64.c -D_FORTIFY_SOURCE=2 -I/usr/pkgsrc/category/go-brotli/work/.buildlink/include
[*] cc -I /usr/pkg/go115/src/runtime/cgo -fPIC -m64 -pthread -fmessage-length=0 -fdebug-prefix-map=/tmp/go-build302812116/b082=/tmp/go-build -gno-record-gcc-switches -I /tmp/go-build302812116/b082/ -g -O2 -Wall -Werror -o /tmp/go-build302812116/b082/_x007.o -c gcc_mmap.c
<.> /usr/pkgsrc/category/go-brotli/work/.gcc/bin/gcc -fcommon -m64 -I/usr/pkgsrc/category/go-brotli/work/.buildlink/go115/src/runtime/cgo -fPIC -m64 -pthread -fmessage-length=0 -fdebug-prefix-map=/tmp/go-build302812116/b082=/tmp/go-build -gno-record-gcc-switches -g -O2 -Wall -Werror -o /tmp/go-build302812116/b082/_x007.o -c gcc_mmap.c -D_FORTIFY_SOURCE=2 -I/usr/pkgsrc/category/go-brotli/work/.buildlink/include
[*] cc -I /usr/pkg/go115/src/runtime/cgo -fPIC -m64 -pthread -fmessage-length=0 -fdebug-prefix-map=/tmp/go-build302812116/b082=/tmp/go-build -gno-record-gcc-switches -I /tmp/go-build302812116/b082/ -g -O2 -Wall -Werror -o /tmp/go-build302812116/b082/_x008.o -c gcc_setenv.c
<.> /usr/pkgsrc/category/go-brotli/work/.gcc/bin/gcc -fcommon -m64 -I/usr/pkgsrc/category/go-brotli/work/.buildlink/go115/src/runtime/cgo -fPIC -m64 -pthread -fmessage-length=0 -fdebug-prefix-map=/tmp/go-build302812116/b082=/tmp/go-build -gno-record-gcc-switches -g -O2 -Wall -Werror -o /tmp/go-build302812116/b082/_x008.o -c gcc_setenv.c -D_FORTIFY_SOURCE=2 -I/usr/pkgsrc/category/go-brotli/work/.buildlink/include
[*] cc -I /usr/pkg/go115/src/runtime/cgo -fPIC -m64 -pthread -fmessage-length=0 -fdebug-prefix-map=/tmp/go-build302812116/b082=/tmp/go-build -gno-record-gcc-switches -I /tmp/go-build302812116/b082/ -g -O2 -Wall -Werror -o /tmp/go-build302812116/b082/_x009.o -c gcc_sigaction.c
<.> /usr/pkgsrc/category/go-brotli/work/.gcc/bin/gcc -fcommon -m64 -I/usr/pkgsrc/category/go-brotli/work/.buildlink/go115/src/runtime/cgo -fPIC -m64 -pthread -fmessage-length=0 -fdebug-prefix-map=/tmp/go-build302812116/b082=/tmp/go-build -gno-record-gcc-switches -g -O2 -Wall -Werror -o /tmp/go-build302812116/b082/_x009.o -c gcc_sigaction.c -D_FORTIFY_SOURCE=2 -I/usr/pkgsrc/category/go-brotli/work/.buildlink/include
[*] cc -I /usr/pkg/go115/src/runtime/cgo -fPIC -m64 -pthread -fmessage-length=0 -fdebug-prefix-map=/tmp/go-build302812116/b082=/tmp/go-build -gno-record-gcc-switches -I /tmp/go-build302812116/b082/ -g -O2 -Wall -Werror -o /tmp/go-build302812116/b082/_x010.o -c gcc_traceback.c
<.> /usr/pkgsrc/category/go-brotli/work/.gcc/bin/gcc -fcommon -m64 -I/usr/pkgsrc/category/go-brotli/work/.buildlink/go115/src/runtime/cgo -fPIC -m64 -pthread -fmessage-length=0 -fdebug-prefix-map=/tmp/go-build302812116/b082=/tmp/go-build -gno-record-gcc-switches -g -O2 -Wall -Werror -o /tmp/go-build302812116/b082/_x010.o -c gcc_traceback.c -D_FORTIFY_SOURCE=2 -I/usr/pkgsrc/category/go-brotli/work/.buildlink/include
[*] cc -I /usr/pkg/go115/src/runtime/cgo -fPIC -m64 -pthread -fmessage-length=0 -fdebug-prefix-map=/tmp/go-build302812116/b082=/tmp/go-build -gno-record-gcc-switches -I /tmp/go-build302812116/b082/ -g -O2 -Wall -Werror -o /tmp/go-build302812116/b082/_x011.o -c gcc_util.c
<.> /usr/pkgsrc/category/go-brotli/work/.gcc/bin/gcc -fcommon -m64 -I/usr/pkgsrc/category/go-brotli/work/.buildlink/go115/src/runtime/cgo -fPIC -m64 -pthread -fmessage-length=0 -fdebug-prefix-map=/tmp/go-build302812116/b082=/tmp/go-build -gno-record-gcc-switches -g -O2 -Wall -Werror -o /tmp/go-build302812116/b082/_x011.o -c gcc_util.c -D_FORTIFY_SOURCE=2 -I/usr/pkgsrc/category/go-brotli/work/.buildlink/include
[*] cc -I /usr/pkg/go115/src/runtime/cgo -fPIC -m64 -pthread -fmessage-length=0 -fdebug-prefix-map=/tmp/go-build302812116/b082=/tmp/go-build -gno-record-gcc-switches -I /tmp/go-build302812116/b082/ -g -O2 -Wall -Werror -o /tmp/go-build302812116/b082/_x012.o -c gcc_amd64.S
<.> /usr/pkgsrc/category/go-brotli/work/.gcc/bin/gcc -fcommon -m64 -I/usr/pkgsrc/category/go-brotli/work/.buildlink/go115/src/runtime/cgo -fPIC -m64 -pthread -fmessage-length=0 -fdebug-prefix-map=/tmp/go-build302812116/b082=/tmp/go-build -gno-record-gcc-switches -g -O2 -Wall -Werror -o /tmp/go-build302812116/b082/_x012.o -c gcc_amd64.S -D_FORTIFY_SOURCE=2 -I/usr/pkgsrc/category/go-brotli/work/.buildlink/include
[*] cc -I /usr/pkg/go115/src/runtime/cgo -fPIC -m64 -pthread -fmessage-length=0 -fdebug-prefix-map=/tmp/go-build302812116/b082=/tmp/go-build -gno-record-gcc-switches -I /tmp/go-build302812116/b082/ -g -O2 -Wall -Werror -o /tmp/go-build302812116/b082/_cgo_main.o -c _cgo_main.c
<.> /usr/pkgsrc/category/go-brotli/work/.gcc/bin/gcc -fcommon -m64 -I/usr/pkgsrc/category/go-brotli/work/.buildlink/go115/src/runtime/cgo -fPIC -m64 -pthread -fmessage-length=0 -fdebug-prefix-map=/tmp/go-build302812116/b082=/tmp/go-build -gno-record-gcc-switches -g -O2 -Wall -Werror -o /tmp/go-build302812116/b082/_cgo_main.o -c _cgo_main.c -D_FORTIFY_SOURCE=2 -I/usr/pkgsrc/category/go-brotli/work/.buildlink/include
[*] cc -I /usr/pkg/go115/src/runtime/cgo -fPIC -m64 -pthread -fmessage-length=0 -fdebug-prefix-map=/tmp/go-build302812116/b082=/tmp/go-build -gno-record-gcc-switches -o /tmp/go-build302812116/b082/_cgo_.o /tmp/go-build302812116/b082/_cgo_main.o /tmp/go-build302812116/b082/_x001.o /tmp/go-build302812116/b082/_x002.o /tmp/go-build302812116/b082/_x003.o /tmp/go-build302812116/b082/_x004.o /tmp/go-build302812116/b082/_x005.o /tmp/go-build302812116/b082/_x006.o /tmp/go-build302812116/b082/_x007.o /tmp/go-build302812116/b082/_x008.o /tmp/go-build302812116/b082/_x009.o /tmp/go-build302812116/b082/_x010.o /tmp/go-build302812116/b082/_x011.o /tmp/go-build302812116/b082/_x012.o -g -O2 -lpthread
<.> /usr/pkgsrc/category/go-brotli/work/.gcc/bin/gcc -fcommon -m64 -I/usr/pkgsrc/category/go-brotli/work/.buildlink/go115/src/runtime/cgo -fPIC -m64 -pthread -fmessage-length=0 -fdebug-prefix-map=/tmp/go-build302812116/b082=/tmp/go-build -gno-record-gcc-switches -o /tmp/go-build302812116/b082/_cgo_.o /tmp/go-build302812116/b082/_cgo_main.o /tmp/go-build302812116/b082/_x001.o /tmp/go-build302812116/b082/_x002.o /tmp/go-build302812116/b082/_x003.o /tmp/go-build302812116/b082/_x004.o /tmp/go-build302812116/b082/_x005.o /tmp/go-build302812116/b082/_x006.o /tmp/go-build302812116/b082/_x007.o /tmp/go-build302812116/b082/_x008.o /tmp/go-build302812116/b082/_x009.o /tmp/go-build302812116/b082/_x010.o /tmp/go-build302812116/b082/_x011.o /tmp/go-build302812116/b082/_x012.o -g -O2 -lpthread -D_FORTIFY_SOURCE=2 -I/usr/pkgsrc/category/go-brotli/work/.buildlink/include
[*] cc -E -dM -m64 -I /tmp/go-build302812116/b078/ -O2 -I . /tmp/cgo-gcc-input-295102840.c
<.> /usr/pkgsrc/category/go-brotli/work/.gcc/bin/gcc -fcommon -m64 -E -dM -m64 -O2 -I. /tmp/cgo-gcc-input-295102840.c -D_FORTIFY_SOURCE=2 -I/usr/pkgsrc/category/go-brotli/work/.buildlink/include
[*] cc -E -dM -m64 -I /tmp/go-build302812116/b078/ -O2 -I . /tmp/cgo-gcc-input-917947511.c
<.> /usr/pkgsrc/category/go-brotli/work/.gcc/bin/gcc -fcommon -m64 -E -dM -m64 -O2 -I. /tmp/cgo-gcc-input-917947511.c -D_FORTIFY_SOURCE=2 -I/usr/pkgsrc/category/go-brotli/work/.buildlink/include
[*] cc -w -Wno-error -o/tmp/go-build302812116/b078//_cgo_.o -gdwarf-2 -c -I /tmp/go-build302812116/b078/ -m64 -O0 -I . /tmp/cgo-gcc-input-302732138.c
<.> /usr/pkgsrc/category/go-brotli/work/.gcc/bin/gcc -fcommon -m64 -Wno-error -o/tmp/go-build302812116/b078//_cgo_.o -gdwarf-2 -c -m64 -O0 -I. /tmp/cgo-gcc-input-302732138.c -D_FORTIFY_SOURCE=2 -I/usr/pkgsrc/category/go-brotli/work/.buildlink/include
[*] cc -w -Wno-error -o/tmp/go-build302812116/b078//_cgo_.o -gdwarf-2 -c -I /tmp/go-build302812116/b078/ -O2 -m64 -I . /tmp/cgo-gcc-input-022406081.c
<.> /usr/pkgsrc/category/go-brotli/work/.gcc/bin/gcc -fcommon -m64 -Wno-error -o/tmp/go-build302812116/b078//_cgo_.o -gdwarf-2 -c -O2 -m64 -I. /tmp/cgo-gcc-input-022406081.c -D_FORTIFY_SOURCE=2 -I/usr/pkgsrc/category/go-brotli/work/.buildlink/include
[*] cc -w -Wno-error -o/tmp/go-build302812116/b078//_cgo_.o -gdwarf-2 -c -I /tmp/go-build302812116/b078/ -m64 -O0 -I . /tmp/cgo-gcc-input-834382892.c
<.> /usr/pkgsrc/category/go-brotli/work/.gcc/bin/gcc -fcommon -m64 -Wno-error -o/tmp/go-build302812116/b078//_cgo_.o -gdwarf-2 -c -m64 -O0 -I. /tmp/cgo-gcc-input-834382892.c -D_FORTIFY_SOURCE=2 -I/usr/pkgsrc/category/go-brotli/work/.buildlink/include
[*] cc -w -Wno-error -o/tmp/go-build302812116/b078//_cgo_.o -gdwarf-2 -c -I /tmp/go-build302812116/b078/ -O2 -m64 -I . /tmp/cgo-gcc-input-507604891.c
<.> /usr/pkgsrc/category/go-brotli/work/.gcc/bin/gcc -fcommon -m64 -Wno-error -o/tmp/go-build302812116/b078//_cgo_.o -gdwarf-2 -c -O2 -m64 -I. /tmp/cgo-gcc-input-507604891.c -D_FORTIFY_SOURCE=2 -I/usr/pkgsrc/category/go-brotli/work/.buildlink/include
[*] cc -E -dM -m64 -I /tmp/go-build302812116/b078/ -O2 -I . /tmp/cgo-gcc-input-733258302.c
<.> /usr/pkgsrc/category/go-brotli/work/.gcc/bin/gcc -fcommon -m64 -E -dM -m64 -O2 -I. /tmp/cgo-gcc-input-733258302.c -D_FORTIFY_SOURCE=2 -I/usr/pkgsrc/category/go-brotli/work/.buildlink/include
[*] cc -w -Wno-error -o/tmp/go-build302812116/b078//_cgo_.o -gdwarf-2 -c -I /tmp/go-build302812116/b078/ -O2 -m64 -I . /tmp/cgo-gcc-input-162732677.c
<.> /usr/pkgsrc/category/go-brotli/work/.gcc/bin/gcc -fcommon -m64 -Wno-error -o/tmp/go-build302812116/b078//_cgo_.o -gdwarf-2 -c -O2 -m64 -I. /tmp/cgo-gcc-input-162732677.c -D_FORTIFY_SOURCE=2 -I/usr/pkgsrc/category/go-brotli/work/.buildlink/include
[*] cc -w -Wno-error -o/tmp/go-build302812116/b078//_cgo_.o -gdwarf-2 -c -I /tmp/go-build302812116/b078/ -m64 -O0 -I . /tmp/cgo-gcc-input-460164128.c
<.> /usr/pkgsrc/category/go-brotli/work/.gcc/bin/gcc -fcommon -m64 -Wno-error -o/tmp/go-build302812116/b078//_cgo_.o -gdwarf-2 -c -m64 -O0 -I. /tmp/cgo-gcc-input-460164128.c -D_FORTIFY_SOURCE=2 -I/usr/pkgsrc/category/go-brotli/work/.buildlink/include
[*] cc -w -Wno-error -o/tmp/go-build302812116/b078//_cgo_.o -gdwarf-2 -c -I /tmp/go-build302812116/b078/ -O2 -m64 -I . /tmp/cgo-gcc-input-126396671.c
<.> /usr/pkgsrc/category/go-brotli/work/.gcc/bin/gcc -fcommon -m64 -Wno-error -o/tmp/go-build302812116/b078//_cgo_.o -gdwarf-2 -c -O2 -m64 -I. /tmp/cgo-gcc-input-126396671.c -D_FORTIFY_SOURCE=2 -I/usr/pkgsrc/category/go-brotli/work/.buildlink/include
[*] cc -E -dM -m64 -I /tmp/go-build302812116/b078/ -O2 -I . /tmp/cgo-gcc-input-207773778.c
<.> /usr/pkgsrc/category/go-brotli/work/.gcc/bin/gcc -fcommon -m64 -E -dM -m64 -O2 -I. /tmp/cgo-gcc-input-207773778.c -D_FORTIFY_SOURCE=2 -I/usr/pkgsrc/category/go-brotli/work/.buildlink/include
[*] cc -w -Wno-error -o/tmp/go-build302812116/b078//_cgo_.o -gdwarf-2 -c -I /tmp/go-build302812116/b078/ -m64 -O0 -I . /tmp/cgo-gcc-input-844654473.c
<.> /usr/pkgsrc/category/go-brotli/work/.gcc/bin/gcc -fcommon -m64 -Wno-error -o/tmp/go-build302812116/b078//_cgo_.o -gdwarf-2 -c -m64 -O0 -I. /tmp/cgo-gcc-input-844654473.c -D_FORTIFY_SOURCE=2 -I/usr/pkgsrc/category/go-brotli/work/.buildlink/include
[*] cc -w -Wno-error -o/tmp/go-build302812116/b078//_cgo_.o -gdwarf-2 -c -I /tmp/go-build302812116/b078/ -O2 -m64 -I . /tmp/cgo-gcc-input-754698068.c
<.> /usr/pkgsrc/category/go-brotli/work/.gcc/bin/gcc -fcommon -m64 -Wno-error -o/tmp/go-build302812116/b078//_cgo_.o -gdwarf-2 -c -O2 -m64 -I. /tmp/cgo-gcc-input-754698068.c -D_FORTIFY_SOURCE=2 -I/usr/pkgsrc/category/go-brotli/work/.buildlink/include
[*] cc -w -Wno-error -o/tmp/go-build302812116/b078//_cgo_.o -gdwarf-2 -c -I /tmp/go-build302812116/b078/ -m64 -O0 -I . /tmp/cgo-gcc-input-140471971.c
<.> /usr/pkgsrc/category/go-brotli/work/.gcc/bin/gcc -fcommon -m64 -Wno-error -o/tmp/go-build302812116/b078//_cgo_.o -gdwarf-2 -c -m64 -O0 -I. /tmp/cgo-gcc-input-140471971.c -D_FORTIFY_SOURCE=2 -I/usr/pkgsrc/category/go-brotli/work/.buildlink/include
[*] cc -w -Wno-error -o/tmp/go-build302812116/b078//_cgo_.o -gdwarf-2 -c -I /tmp/go-build302812116/b078/ -O2 -m64 -I . /tmp/cgo-gcc-input-310373286.c
<.> /usr/pkgsrc/category/go-brotli/work/.gcc/bin/gcc -fcommon -m64 -Wno-error -o/tmp/go-build302812116/b078//_cgo_.o -gdwarf-2 -c -O2 -m64 -I. /tmp/cgo-gcc-input-310373286.c -D_FORTIFY_SOURCE=2 -I/usr/pkgsrc/category/go-brotli/work/.buildlink/include
[*] cc -I /usr/pkg/go115/src/net -fPIC -m64 -pthread -fmessage-length=0 -fdebug-prefix-map=/tmp/go-build302812116/b078=/tmp/go-build -gno-record-gcc-switches -I /tmp/go-build302812116/b078/ -g -O2 -o /tmp/go-build302812116/b078/_x001.o -c _cgo_export.c
<.> /usr/pkgsrc/category/go-brotli/work/.gcc/bin/gcc -fcommon -m64 -I/usr/pkgsrc/category/go-brotli/work/.buildlink/go115/src/net -fPIC -m64 -pthread -fmessage-length=0 -fdebug-prefix-map=/tmp/go-build302812116/b078=/tmp/go-build -gno-record-gcc-switches -g -O2 -o /tmp/go-build302812116/b078/_x001.o -c _cgo_export.c -D_FORTIFY_SOURCE=2 -I/usr/pkgsrc/category/go-brotli/work/.buildlink/include
[*] cc -I /usr/pkg/go115/src/net -fPIC -m64 -pthread -fmessage-length=0 -fdebug-prefix-map=/tmp/go-build302812116/b078=/tmp/go-build -gno-record-gcc-switches -I /tmp/go-build302812116/b078/ -g -O2 -o /tmp/go-build302812116/b078/_x002.o -c cgo_linux.cgo2.c
<.> /usr/pkgsrc/category/go-brotli/work/.gcc/bin/gcc -fcommon -m64 -I/usr/pkgsrc/category/go-brotli/work/.buildlink/go115/src/net -fPIC -m64 -pthread -fmessage-length=0 -fdebug-prefix-map=/tmp/go-build302812116/b078=/tmp/go-build -gno-record-gcc-switches -g -O2 -o /tmp/go-build302812116/b078/_x002.o -c cgo_linux.cgo2.c -D_FORTIFY_SOURCE=2 -I/usr/pkgsrc/category/go-brotli/work/.buildlink/include
[*] cc -I /usr/pkg/go115/src/net -fPIC -m64 -pthread -fmessage-length=0 -fdebug-prefix-map=/tmp/go-build302812116/b078=/tmp/go-build -gno-record-gcc-switches -I /tmp/go-build302812116/b078/ -g -O2 -o /tmp/go-build302812116/b078/_x003.o -c cgo_resnew.cgo2.c
<.> /usr/pkgsrc/category/go-brotli/work/.gcc/bin/gcc -fcommon -m64 -I/usr/pkgsrc/category/go-brotli/work/.buildlink/go115/src/net -fPIC -m64 -pthread -fmessage-length=0 -fdebug-prefix-map=/tmp/go-build302812116/b078=/tmp/go-build -gno-record-gcc-switches -g -O2 -o /tmp/go-build302812116/b078/_x003.o -c cgo_resnew.cgo2.c -D_FORTIFY_SOURCE=2 -I/usr/pkgsrc/category/go-brotli/work/.buildlink/include
[*] cc -I /usr/pkg/go115/src/net -fPIC -m64 -pthread -fmessage-length=0 -fdebug-prefix-map=/tmp/go-build302812116/b078=/tmp/go-build -gno-record-gcc-switches -I /tmp/go-build302812116/b078/ -g -O2 -o /tmp/go-build302812116/b078/_x004.o -c cgo_socknew.cgo2.c
<.> /usr/pkgsrc/category/go-brotli/work/.gcc/bin/gcc -fcommon -m64 -I/usr/pkgsrc/category/go-brotli/work/.buildlink/go115/src/net -fPIC -m64 -pthread -fmessage-length=0 -fdebug-prefix-map=/tmp/go-build302812116/b078=/tmp/go-build -gno-record-gcc-switches -g -O2 -o /tmp/go-build302812116/b078/_x004.o -c cgo_socknew.cgo2.c -D_FORTIFY_SOURCE=2 -I/usr/pkgsrc/category/go-brotli/work/.buildlink/include
[*] cc -I /usr/pkg/go115/src/net -fPIC -m64 -pthread -fmessage-length=0 -fdebug-prefix-map=/tmp/go-build302812116/b078=/tmp/go-build -gno-record-gcc-switches -I /tmp/go-build302812116/b078/ -g -O2 -o /tmp/go-build302812116/b078/_x005.o -c cgo_unix.cgo2.c
<.> /usr/pkgsrc/category/go-brotli/work/.gcc/bin/gcc -fcommon -m64 -I/usr/pkgsrc/category/go-brotli/work/.buildlink/go115/src/net -fPIC -m64 -pthread -fmessage-length=0 -fdebug-prefix-map=/tmp/go-build302812116/b078=/tmp/go-build -gno-record-gcc-switches -g -O2 -o /tmp/go-build302812116/b078/_x005.o -c cgo_unix.cgo2.c -D_FORTIFY_SOURCE=2 -I/usr/pkgsrc/category/go-brotli/work/.buildlink/include
[*] cc -I /usr/pkg/go115/src/net -fPIC -m64 -pthread -fmessage-length=0 -fdebug-prefix-map=/tmp/go-build302812116/b078=/tmp/go-build -gno-record-gcc-switches -I /tmp/go-build302812116/b078/ -g -O2 -o /tmp/go-build302812116/b078/_cgo_main.o -c _cgo_main.c
<.> /usr/pkgsrc/category/go-brotli/work/.gcc/bin/gcc -fcommon -m64 -I/usr/pkgsrc/category/go-brotli/work/.buildlink/go115/src/net -fPIC -m64 -pthread -fmessage-length=0 -fdebug-prefix-map=/tmp/go-build302812116/b078=/tmp/go-build -gno-record-gcc-switches -g -O2 -o /tmp/go-build302812116/b078/_cgo_main.o -c _cgo_main.c -D_FORTIFY_SOURCE=2 -I/usr/pkgsrc/category/go-brotli/work/.buildlink/include
[*] cc -I /usr/pkg/go115/src/net -fPIC -m64 -pthread -fmessage-length=0 -fdebug-prefix-map=/tmp/go-build302812116/b078=/tmp/go-build -gno-record-gcc-switches -o /tmp/go-build302812116/b078/_cgo_.o /tmp/go-build302812116/b078/_cgo_main.o /tmp/go-build302812116/b078/_x001.o /tmp/go-build302812116/b078/_x002.o /tmp/go-build302812116/b078/_x003.o /tmp/go-build302812116/b078/_x004.o /tmp/go-build302812116/b078/_x005.o -g -O2
<.> /usr/pkgsrc/category/go-brotli/work/.gcc/bin/gcc -fcommon -m64 -I/usr/pkgsrc/category/go-brotli/work/.buildlink/go115/src/net -fPIC -m64 -pthread -fmessage-length=0 -fdebug-prefix-map=/tmp/go-build302812116/b078=/tmp/go-build -gno-record-gcc-switches -o /tmp/go-build302812116/b078/_cgo_.o /tmp/go-build302812116/b078/_cgo_main.o /tmp/go-build302812116/b078/_x001.o /tmp/go-build302812116/b078/_x002.o /tmp/go-build302812116/b078/_x003.o /tmp/go-build302812116/b078/_x004.o /tmp/go-build302812116/b078/_x005.o -g -O2 -D_FORTIFY_SOURCE=2 -I/usr/pkgsrc/category/go-brotli/work/.buildlink/include
[*] /usr/pkgsrc/category/go-brotli/work/.tools/bin/true
<.> true 
[*] /usr/pkgsrc/category/go-brotli/work/.tools/bin/true
<.> true 
[*] /usr/pkgsrc/category/go-brotli/work/.tools/bin/true
<.> true 
[*] /usr/pkgsrc/category/go-brotli/work/.tools/bin/true
<.> true 
[*] /usr/pkgsrc/category/go-brotli/work/.tools/bin/true
<.> true 
[*] /usr/pkgsrc/category/go-brotli/work/.tools/bin/true
<.> true 
[*] /usr/pkgsrc/category/go-brotli/work/.tools/bin/true
<.> true 
