This file contains any messages produced by compilers while
running configure, to aid debugging if configure makes a mistake.

It was created by Samurai configure 2.1.1, which was
generated by GNU Autoconf 2.68.  Invocation command line was

  $ ./configure --with-avh_olo-precision --without-avh_olo --without-qcdloop --without-golem --prefix=/usr/pkg --build=x86_64-unknown-linux --host=x86_64-unknown-linux --mandir=/usr/pkg/man --enable-option-checking=yes

## --------- ##
## Platform. ##
## --------- ##

hostname = Hattin
uname -m = x86_64
uname -r = 5.10.4-1-default
uname -s = Linux
uname -v = #1 SMP Wed Dec 30 13:10:15 UTC 2020 (4169c1f)

/usr/bin/uname -p = x86_64
/bin/uname -X     = unknown

/bin/arch              = x86_64
/usr/bin/arch -k       = unknown
/usr/convex/getsysinfo = unknown
/usr/bin/hostinfo      = unknown
/bin/machine           = unknown
/usr/bin/oslevel       = unknown
/bin/universe          = unknown

PATH: /usr/pkgsrc/category/samurai/work/.cwrapper/bin
PATH: /usr/pkgsrc/category/samurai/work/.buildlink/bin
PATH: /usr/pkgsrc/category/samurai/work/.gcc/bin
PATH: /usr/pkgsrc/category/samurai/work/.tools/bin
PATH: /usr/pkg/bin
PATH: /home/jihbed/.gvm/bin
PATH: /home/jihbed/.gvm/bin
PATH: /home/jihbed/bin
PATH: /usr/local/bin
PATH: /usr/bin
PATH: /bin
PATH: /snap/bin
PATH: /usr/pkg/bin
PATH: /usr/pkg/bin


## ----------- ##
## Core tests. ##
## ----------- ##

configure:2541: checking for a BSD-compatible install
configure:2609: result: /usr/bin/install -c -o jihbed -g users
configure:2620: checking whether build environment is sane
configure:2670: result: yes
configure:2811: checking for a thread-safe mkdir -p
configure:2850: result: /usr/pkgsrc/category/samurai/work/.tools/bin/mkdir -p
configure:2863: checking for gawk
configure:2890: result: /bin/awk
configure:2901: checking whether make sets $(MAKE)
configure:2923: result: yes
configure:3010: checking for x86_64-unknown-linux-gfortran
configure:3037: result: gfortran
configure:3107: checking for Fortran 77 compiler version
configure:3116: gfortran --version >&5
GNU Fortran (SUSE Linux) 10.2.1 20201202 [revision e563687cf9d3d1278f45aaebd03e0f66531076c9]
Copyright (C) 2020 Free Software Foundation, Inc.
This is free software; see the source for copying conditions.  There is NO
warranty; not even for MERCHANTABILITY or FITNESS FOR A PARTICULAR PURPOSE.

configure:3127: $? = 0
configure:3116: gfortran -v >&5
Using built-in specs.
COLLECT_GCC=/usr/pkgsrc/category/samurai/work/.gcc/bin/gfortran
COLLECT_LTO_WRAPPER=/usr/lib64/gcc/x86_64-suse-linux/10/lto-wrapper
OFFLOAD_TARGET_NAMES=nvptx-none:amdgcn-amdhsa
OFFLOAD_TARGET_DEFAULT=1
Target: x86_64-suse-linux
Configured with: ../configure --prefix=/usr --infodir=/usr/share/info --mandir=/usr/share/man --libdir=/usr/lib64 --libexecdir=/usr/lib64 --enable-languages=c,c++,objc,fortran,obj-c++,ada,go,d --enable-offload-targets=nvptx-none,amdgcn-amdhsa, --without-cuda-driver --enable-checking=release --disable-werror --with-gxx-include-dir=/usr/include/c++/10 --enable-ssp --disable-libssp --disable-libvtv --enable-cet=auto --disable-libcc1 --enable-plugin --with-bugurl=https://bugs.opensuse.org/ --with-pkgversion='SUSE Linux' --with-slibdir=/lib64 --with-system-zlib --enable-libstdcxx-allocator=new --disable-libstdcxx-pch --enable-libphobos --enable-version-specific-runtime-libs --with-gcc-major-version-only --enable-linker-build-id --enable-linux-futex --enable-gnu-indirect-function --program-suffix=-10 --without-system-libunwind --enable-multilib --with-arch-32=x86-64 --with-tune=generic --with-build-config=bootstrap-lto-lean --enable-link-mutex --build=x86_64-suse-linux --host=x86_64-suse-linux
Thread model: posix
Supported LTO compression algorithms: zlib zstd
gcc version 10.2.1 20201202 [revision e563687cf9d3d1278f45aaebd03e0f66531076c9] (SUSE Linux) 
... rest of stderr output deleted ...
configure:3127: $? = 0
configure:3116: gfortran -V >&5
gfortran: error: unrecognized command-line option '-V'
gfortran: fatal error: no input files
compilation terminated.
configure:3127: $? = 1
configure:3116: gfortran -qversion >&5
gfortran: error: unrecognized command-line option '-qversion'; did you mean '--version'?
gfortran: fatal error: no input files
compilation terminated.
configure:3127: $? = 1
configure:3142: checking whether the Fortran 77 compiler works
configure:3164: gfortran -O -Wl,-z,relro -Wl,-z,now -Wl,-R/usr/pkg/lib conftest.f  >&5
configure:3168: $? = 0
configure:3216: result: yes
configure:3219: checking for Fortran 77 compiler default output file name
configure:3221: result: a.out
configure:3227: checking for suffix of executables
configure:3234: gfortran -o conftest -O -Wl,-z,relro -Wl,-z,now -Wl,-R/usr/pkg/lib conftest.f  >&5
configure:3238: $? = 0
configure:3260: result: 
configure:3276: checking whether we are cross compiling
configure:3284: gfortran -o conftest -O -Wl,-z,relro -Wl,-z,now -Wl,-R/usr/pkg/lib conftest.f  >&5
configure:3288: $? = 0
configure:3295: ./conftest
configure:3299: $? = 0
configure:3314: result: no
configure:3319: checking for suffix of object files
configure:3335: gfortran -c -O conftest.f >&5
configure:3339: $? = 0
configure:3360: result: o
configure:3368: checking whether we are using the GNU Fortran 77 compiler
configure:3381: gfortran -c -O conftest.F >&5
configure:3381: $? = 0
configure:3390: result: yes
configure:3396: checking whether gfortran accepts -g
configure:3407: gfortran -c -g conftest.f >&5
configure:3407: $? = 0
configure:3415: result: yes
configure:3452: checking for x86_64-unknown-linux-gfortran
configure:3479: result: gfortran
configure:3549: checking for Fortran compiler version
configure:3558: gfortran --version >&5
GNU Fortran (SUSE Linux) 10.2.1 20201202 [revision e563687cf9d3d1278f45aaebd03e0f66531076c9]
Copyright (C) 2020 Free Software Foundation, Inc.
This is free software; see the source for copying conditions.  There is NO
warranty; not even for MERCHANTABILITY or FITNESS FOR A PARTICULAR PURPOSE.

configure:3569: $? = 0
configure:3558: gfortran -v >&5
Using built-in specs.
COLLECT_GCC=/usr/pkgsrc/category/samurai/work/.gcc/bin/gfortran
COLLECT_LTO_WRAPPER=/usr/lib64/gcc/x86_64-suse-linux/10/lto-wrapper
OFFLOAD_TARGET_NAMES=nvptx-none:amdgcn-amdhsa
OFFLOAD_TARGET_DEFAULT=1
Target: x86_64-suse-linux
Configured with: ../configure --prefix=/usr --infodir=/usr/share/info --mandir=/usr/share/man --libdir=/usr/lib64 --libexecdir=/usr/lib64 --enable-languages=c,c++,objc,fortran,obj-c++,ada,go,d --enable-offload-targets=nvptx-none,amdgcn-amdhsa, --without-cuda-driver --enable-checking=release --disable-werror --with-gxx-include-dir=/usr/include/c++/10 --enable-ssp --disable-libssp --disable-libvtv --enable-cet=auto --disable-libcc1 --enable-plugin --with-bugurl=https://bugs.opensuse.org/ --with-pkgversion='SUSE Linux' --with-slibdir=/lib64 --with-system-zlib --enable-libstdcxx-allocator=new --disable-libstdcxx-pch --enable-libphobos --enable-version-specific-runtime-libs --with-gcc-major-version-only --enable-linker-build-id --enable-linux-futex --enable-gnu-indirect-function --program-suffix=-10 --without-system-libunwind --enable-multilib --with-arch-32=x86-64 --with-tune=generic --with-build-config=bootstrap-lto-lean --enable-link-mutex --build=x86_64-suse-linux --host=x86_64-suse-linux
Thread model: posix
Supported LTO compression algorithms: zlib zstd
gcc version 10.2.1 20201202 [revision e563687cf9d3d1278f45aaebd03e0f66531076c9] (SUSE Linux) 
... rest of stderr output deleted ...
configure:3569: $? = 0
configure:3558: gfortran -V >&5
gfortran: error: unrecognized command-line option '-V'
gfortran: fatal error: no input files
compilation terminated.
configure:3569: $? = 1
configure:3558: gfortran -qversion >&5
gfortran: error: unrecognized command-line option '-qversion'; did you mean '--version'?
gfortran: fatal error: no input files
compilation terminated.
configure:3569: $? = 1
configure:3578: checking whether we are using the GNU Fortran compiler
configure:3591: gfortran -c   conftest.F >&5
configure:3591: $? = 0
configure:3600: result: yes
configure:3606: checking whether gfortran accepts -g
configure:3617: gfortran -c -g  conftest.f >&5
configure:3617: $? = 0
configure:3625: result: yes
configure:3655: checking how to get verbose linking output from gfortran
configure:3665: gfortran -c -g -O2  conftest.f >&5
configure:3665: $? = 0
configure:3683: gfortran -o conftest -g -O2 -v -Wl,-z,relro -Wl,-z,now -Wl,-R/usr/pkg/lib conftest.f
Using built-in specs.
Target: x86_64-suse-linux
Thread model: posix
Supported LTO compression algorithms: zlib zstd
gcc version 10.2.1 20201202 [revision e563687cf9d3d1278f45aaebd03e0f66531076c9] (SUSE Linux) 
 /usr/lib64/gcc/x86_64-suse-linux/10/f951 conftest.f -ffixed-form -quiet -dumpbase conftest.f -m64 -mtune=generic -march=x86-64 -auxbase conftest -g -O2 -version -fstack-protector -fintrinsic-modules-path /usr/lib64/gcc/x86_64-suse-linux/10/finclude -fpre-include=/usr/include/finclude/math-vector-fortran.h -o /tmp/ccIDa2Bw.s
GNU Fortran (SUSE Linux) version 10.2.1 20201202 [revision e563687cf9d3d1278f45aaebd03e0f66531076c9] (x86_64-suse-linux)
	compiled by GNU C version 10.2.1 20201202 [revision e563687cf9d3d1278f45aaebd03e0f66531076c9], GMP version 6.2.0, MPFR version 4.1.0, MPC version 1.2.1, isl version isl-0.22.1-GMP

warning: GMP header version 6.2.0 differs from library version 6.2.1.
GGC heuristics: --param ggc-min-expand=100 --param ggc-min-heapsize=131072
GNU Fortran2008 (SUSE Linux) version 10.2.1 20201202 [revision e563687cf9d3d1278f45aaebd03e0f66531076c9] (x86_64-suse-linux)
	compiled by GNU C version 10.2.1 20201202 [revision e563687cf9d3d1278f45aaebd03e0f66531076c9], GMP version 6.2.0, MPFR version 4.1.0, MPC version 1.2.1, isl version isl-0.22.1-GMP

warning: GMP header version 6.2.0 differs from library version 6.2.1.
GGC heuristics: --param ggc-min-expand=100 --param ggc-min-heapsize=131072
 /usr/lib64/gcc/x86_64-suse-linux/10/../../../../x86_64-suse-linux/bin/as -v --64 -o /tmp/ccVTXQpz.o /tmp/ccIDa2Bw.s
GNU assembler version 2.35.1 (x86_64-suse-linux) using BFD version (GNU Binutils; openSUSE Tumbleweed) 2.35.1.20201112-1
Reading specs from /usr/lib64/gcc/x86_64-suse-linux/10/libgfortran.spec
rename spec lib to liborig
 /usr/lib64/gcc/x86_64-suse-linux/10/collect2 -plugin /usr/lib64/gcc/x86_64-suse-linux/10/liblto_plugin.so -plugin-opt=/usr/lib64/gcc/x86_64-suse-linux/10/lto-wrapper -plugin-opt=-fresolution=/tmp/ccloz3oy.res -plugin-opt=-pass-through=-lgcc_s -plugin-opt=-pass-through=-lgcc -plugin-opt=-pass-through=-lquadmath -plugin-opt=-pass-through=-lm -plugin-opt=-pass-through=-lgcc_s -plugin-opt=-pass-through=-lgcc -plugin-opt=-pass-through=-lc -plugin-opt=-pass-through=-lgcc_s -plugin-opt=-pass-through=-lgcc --build-id --eh-frame-hdr -m elf_x86_64 -dynamic-linker /lib64/ld-linux-x86-64.so.2 -o conftest /usr/lib64/gcc/x86_64-suse-linux/10/../../../../lib64/crt1.o /usr/lib64/gcc/x86_64-suse-linux/10/../../../../lib64/crti.o /usr/lib64/gcc/x86_64-suse-linux/10/crtbegin.o -L/usr/lib64/gcc/x86_64-suse-linux/10 -L/usr/lib64/gcc/x86_64-suse-linux/10/../../../../lib64 -L/lib/../lib64 -L/usr/lib/../lib64 -L/usr/lib64/gcc/x86_64-suse-linux/10/../../../../x86_64-suse-linux/lib -L/usr/lib64/gcc/x86_64-suse-linux/10/../../.. -z relro -z now -rpath /usr/pkg/lib /tmp/ccVTXQpz.o -lgfortran -lm -lgcc_s -lgcc -lquadmath -lm -lgcc_s -lgcc -lc -lgcc_s -lgcc /usr/lib64/gcc/x86_64-suse-linux/10/crtend.o /usr/lib64/gcc/x86_64-suse-linux/10/../../../../lib64/crtn.o
configure:3749: result: -v
configure:3751: checking for Fortran libraries of gfortran
configure:3774: gfortran -o conftest -g -O2 -v -Wl,-z,relro -Wl,-z,now -Wl,-R/usr/pkg/lib conftest.f
Using built-in specs.
Target: x86_64-suse-linux
Thread model: posix
Supported LTO compression algorithms: zlib zstd
gcc version 10.2.1 20201202 [revision e563687cf9d3d1278f45aaebd03e0f66531076c9] (SUSE Linux) 
 /usr/lib64/gcc/x86_64-suse-linux/10/f951 conftest.f -ffixed-form -quiet -dumpbase conftest.f -m64 -mtune=generic -march=x86-64 -auxbase conftest -g -O2 -version -fstack-protector -fintrinsic-modules-path /usr/lib64/gcc/x86_64-suse-linux/10/finclude -fpre-include=/usr/include/finclude/math-vector-fortran.h -o /tmp/ccmoFHwV.s
GNU Fortran (SUSE Linux) version 10.2.1 20201202 [revision e563687cf9d3d1278f45aaebd03e0f66531076c9] (x86_64-suse-linux)
	compiled by GNU C version 10.2.1 20201202 [revision e563687cf9d3d1278f45aaebd03e0f66531076c9], GMP version 6.2.0, MPFR version 4.1.0, MPC version 1.2.1, isl version isl-0.22.1-GMP

warning: GMP header version 6.2.0 differs from library version 6.2.1.
GGC heuristics: --param ggc-min-expand=100 --param ggc-min-heapsize=131072
GNU Fortran2008 (SUSE Linux) version 10.2.1 20201202 [revision e563687cf9d3d1278f45aaebd03e0f66531076c9] (x86_64-suse-linux)
	compiled by GNU C version 10.2.1 20201202 [revision e563687cf9d3d1278f45aaebd03e0f66531076c9], GMP version 6.2.0, MPFR version 4.1.0, MPC version 1.2.1, isl version isl-0.22.1-GMP

warning: GMP header version 6.2.0 differs from library version 6.2.1.
GGC heuristics: --param ggc-min-expand=100 --param ggc-min-heapsize=131072
 /usr/lib64/gcc/x86_64-suse-linux/10/../../../../x86_64-suse-linux/bin/as -v --64 -o /tmp/ccRBECBS.o /tmp/ccmoFHwV.s
GNU assembler version 2.35.1 (x86_64-suse-linux) using BFD version (GNU Binutils; openSUSE Tumbleweed) 2.35.1.20201112-1
Reading specs from /usr/lib64/gcc/x86_64-suse-linux/10/libgfortran.spec
rename spec lib to liborig
 /usr/lib64/gcc/x86_64-suse-linux/10/collect2 -plugin /usr/lib64/gcc/x86_64-suse-linux/10/liblto_plugin.so -plugin-opt=/usr/lib64/gcc/x86_64-suse-linux/10/lto-wrapper -plugin-opt=-fresolution=/tmp/ccUCVyXS.res -plugin-opt=-pass-through=-lgcc_s -plugin-opt=-pass-through=-lgcc -plugin-opt=-pass-through=-lquadmath -plugin-opt=-pass-through=-lm -plugin-opt=-pass-through=-lgcc_s -plugin-opt=-pass-through=-lgcc -plugin-opt=-pass-through=-lc -plugin-opt=-pass-through=-lgcc_s -plugin-opt=-pass-through=-lgcc --build-id --eh-frame-hdr -m elf_x86_64 -dynamic-linker /lib64/ld-linux-x86-64.so.2 -o conftest /usr/lib64/gcc/x86_64-suse-linux/10/../../../../lib64/crt1.o /usr/lib64/gcc/x86_64-suse-linux/10/../../../../lib64/crti.o /usr/lib64/gcc/x86_64-suse-linux/10/crtbegin.o -L/usr/lib64/gcc/x86_64-suse-linux/10 -L/usr/lib64/gcc/x86_64-suse-linux/10/../../../../lib64 -L/lib/../lib64 -L/usr/lib/../lib64 -L/usr/lib64/gcc/x86_64-suse-linux/10/../../../../x86_64-suse-linux/lib -L/usr/lib64/gcc/x86_64-suse-linux/10/../../.. -z relro -z now -rpath /usr/pkg/lib /tmp/ccRBECBS.o -lgfortran -lm -lgcc_s -lgcc -lquadmath -lm -lgcc_s -lgcc -lc -lgcc_s -lgcc /usr/lib64/gcc/x86_64-suse-linux/10/crtend.o /usr/lib64/gcc/x86_64-suse-linux/10/../../../../lib64/crtn.o
configure:3949: result:  -L/usr/lib64/gcc/x86_64-suse-linux/10 -L/usr/lib64/gcc/x86_64-suse-linux/10/../../../../lib64 -L/lib/../lib64 -L/usr/lib/../lib64 -L/usr/lib64/gcc/x86_64-suse-linux/10/../../../../x86_64-suse-linux/lib -L/usr/lib64/gcc/x86_64-suse-linux/10/../../.. -lgfortran -lm -lquadmath
configure:3971: checking for style of include used by make
configure:3999: result: GNU
configure:4029: checking for x86_64-unknown-linux-gcc
configure:4056: result: cc
configure:4325: checking for C compiler version
configure:4334: cc --version >&5
gcc (SUSE Linux) 10.2.1 20201202 [revision e563687cf9d3d1278f45aaebd03e0f66531076c9]
Copyright (C) 2020 Free Software Foundation, Inc.
This is free software; see the source for copying conditions.  There is NO
warranty; not even for MERCHANTABILITY or FITNESS FOR A PARTICULAR PURPOSE.

configure:4345: $? = 0
configure:4334: cc -v >&5
Using built-in specs.
COLLECT_GCC=/usr/pkgsrc/category/samurai/work/.gcc/bin/gcc
COLLECT_LTO_WRAPPER=/usr/lib64/gcc/x86_64-suse-linux/10/lto-wrapper
OFFLOAD_TARGET_NAMES=nvptx-none:amdgcn-amdhsa
OFFLOAD_TARGET_DEFAULT=1
Target: x86_64-suse-linux
Configured with: ../configure --prefix=/usr --infodir=/usr/share/info --mandir=/usr/share/man --libdir=/usr/lib64 --libexecdir=/usr/lib64 --enable-languages=c,c++,objc,fortran,obj-c++,ada,go,d --enable-offload-targets=nvptx-none,amdgcn-amdhsa, --without-cuda-driver --enable-checking=release --disable-werror --with-gxx-include-dir=/usr/include/c++/10 --enable-ssp --disable-libssp --disable-libvtv --enable-cet=auto --disable-libcc1 --enable-plugin --with-bugurl=https://bugs.opensuse.org/ --with-pkgversion='SUSE Linux' --with-slibdir=/lib64 --with-system-zlib --enable-libstdcxx-allocator=new --disable-libstdcxx-pch --enable-libphobos --enable-version-specific-runtime-libs --with-gcc-major-version-only --enable-linker-build-id --enable-linux-futex --enable-gnu-indirect-function --program-suffix=-10 --without-system-libunwind --enable-multilib --with-arch-32=x86-64 --with-tune=generic --with-build-config=bootstrap-lto-lean --enable-link-mutex --build=x86_64-suse-linux --host=x86_64-suse-linux
Thread model: posix
Supported LTO compression algorithms: zlib zstd
gcc version 10.2.1 20201202 [revision e563687cf9d3d1278f45aaebd03e0f66531076c9] (SUSE Linux) 
... rest of stderr output deleted ...
configure:4345: $? = 0
configure:4334: cc -V >&5
gcc: error: unrecognized command-line option '-V'
gcc: fatal error: no input files
compilation terminated.
configure:4345: $? = 1
configure:4334: cc -qversion >&5
gcc: error: unrecognized command-line option '-qversion'; did you mean '--version'?
gcc: fatal error: no input files
compilation terminated.
configure:4345: $? = 1
configure:4349: checking whether we are using the GNU C compiler
configure:4376: cc -c -O2 -D_FORTIFY_SOURCE=2  conftest.c >&5
configure:4376: $? = 0
configure:4385: result: yes
configure:4394: checking whether cc accepts -g
configure:4422: cc -c -g  conftest.c >&5
configure:4422: $? = 0
configure:4479: result: yes
configure:4496: checking for cc option to accept ISO C89
configure:4568: cc  -c -O2 -D_FORTIFY_SOURCE=2  conftest.c >&5
configure:4568: $? = 0
configure:4581: result: none needed
configure:4603: checking dependency style of cc
configure:4713: result: none
configure:4734: checking for dummy main to link with Fortran libraries
configure:4768: cc -o conftest -O2 -D_FORTIFY_SOURCE=2  -Wl,-z,relro -Wl,-z,now -Wl,-R/usr/pkg/lib conftest.c   -L/usr/lib64/gcc/x86_64-suse-linux/10 -L/usr/lib64/gcc/x86_64-suse-linux/10/../../../../lib64 -L/lib/../lib64 -L/usr/lib/../lib64 -L/usr/lib64/gcc/x86_64-suse-linux/10/../../../../x86_64-suse-linux/lib -L/usr/lib64/gcc/x86_64-suse-linux/10/../../.. -lgfortran -lm -lquadmath >&5
configure:4768: $? = 0
configure:4813: result: none
configure:4845: checking for Fortran name-mangling scheme
configure:4858: gfortran -c -g -O2  conftest.f >&5
configure:4858: $? = 0
configure:4899: cc -o conftest -O2 -D_FORTIFY_SOURCE=2  -Wl,-z,relro -Wl,-z,now -Wl,-R/usr/pkg/lib conftest.c cfortran_test.o   -L/usr/lib64/gcc/x86_64-suse-linux/10 -L/usr/lib64/gcc/x86_64-suse-linux/10/../../../../lib64 -L/lib/../lib64 -L/usr/lib/../lib64 -L/usr/lib64/gcc/x86_64-suse-linux/10/../../../../x86_64-suse-linux/lib -L/usr/lib64/gcc/x86_64-suse-linux/10/../../.. -lgfortran -lm -lquadmath >&5
/usr/lib64/gcc/x86_64-suse-linux/10/../../../../x86_64-suse-linux/bin/ld: /tmp/ccvc0HAM.o: in function `main':
conftest.c:(.text.startup+0x7): undefined reference to `foobar'
collect2: error: ld returned 1 exit status
configure:4899: $? = 1
configure: failed program was:
| /* confdefs.h */
| #define PACKAGE_NAME "Samurai"
| #define PACKAGE_TARNAME "samurai"
| #define PACKAGE_VERSION "2.1.1"
| #define PACKAGE_STRING "Samurai 2.1.1"
| #define PACKAGE_BUGREPORT "reiterth@mpp.mpg.de"
| #define PACKAGE_URL "https://samurai.web.cern.ch/samurai/"
| /* end confdefs.h.  */
| 
| /* Override any GCC internal prototype to avoid an error.
|    Use char because int might match the return type of a GCC
|    builtin and then its argument prototype would still apply.  */
| #ifdef __cplusplus
| extern "C"
| #endif
| char foobar ();
| #ifdef FC_DUMMY_MAIN
| #ifndef FC_DUMMY_MAIN_EQ_F77
| #  ifdef __cplusplus
|      extern "C"
| #  endif
|    int FC_DUMMY_MAIN() { return 1; }
| #endif
| #endif
| int
| main ()
| {
| return foobar ();
|   ;
|   return 0;
| }
configure:4899: cc -o conftest -O2 -D_FORTIFY_SOURCE=2  -Wl,-z,relro -Wl,-z,now -Wl,-R/usr/pkg/lib conftest.c cfortran_test.o   -L/usr/lib64/gcc/x86_64-suse-linux/10 -L/usr/lib64/gcc/x86_64-suse-linux/10/../../../../lib64 -L/lib/../lib64 -L/usr/lib/../lib64 -L/usr/lib64/gcc/x86_64-suse-linux/10/../../../../x86_64-suse-linux/lib -L/usr/lib64/gcc/x86_64-suse-linux/10/../../.. -lgfortran -lm -lquadmath >&5
configure:4899: $? = 0
configure:4957: cc -o conftest -O2 -D_FORTIFY_SOURCE=2  -Wl,-z,relro -Wl,-z,now -Wl,-R/usr/pkg/lib conftest.c cfortran_test.o   -L/usr/lib64/gcc/x86_64-suse-linux/10 -L/usr/lib64/gcc/x86_64-suse-linux/10/../../../../lib64 -L/lib/../lib64 -L/usr/lib/../lib64 -L/usr/lib64/gcc/x86_64-suse-linux/10/../../../../x86_64-suse-linux/lib -L/usr/lib64/gcc/x86_64-suse-linux/10/../../.. -lgfortran -lm -lquadmath >&5
configure:4957: $? = 0
configure:4999: result: lower case, underscore, no extra underscore
configure:5067: checking for Fortran flag to compile .f90 files
configure:5083: gfortran -c -g -O2  conftest.f90 >&5
configure:5083: $? = 0
configure:5092: result: none
configure:5117: checking for Fortran flag needed to accept free-form source
configure:5136: gfortran -c -g -O2  conftest.f90 >&5
configure:5136: $? = 0
configure:5145: result: none
configure:5197: checking build system type
configure:5211: result: x86_64-unknown-linux-gnu
configure:5231: checking host system type
configure:5244: result: x86_64-unknown-linux-gnu
configure:5264: checking for a sed that does not truncate output
configure:5328: result: /bin/sed
configure:5346: checking for grep that handles long lines and -e
configure:5404: result: /bin/grep
configure:5409: checking for egrep
configure:5471: result: /bin/egrep
configure:5476: checking for fgrep
configure:5538: result: /bin/grep -F
configure:5573: checking for ld used by cc
configure:5640: result: /usr/x86_64-suse-linux/bin/ld
configure:5647: checking if the linker (/usr/x86_64-suse-linux/bin/ld) is GNU ld
configure:5662: result: yes
configure:5674: checking for BSD- or MS-compatible name lister (nm)
configure:5723: result: /usr/bin/nm -B
configure:5841: checking the name lister (/usr/bin/nm -B) interface
configure:5848: cc -c -O2 -D_FORTIFY_SOURCE=2  conftest.c >&5
configure:5851: /usr/bin/nm -B "conftest.o"
configure:5854: output
0000000000000000 B some_variable
configure:5861: result: BSD nm
configure:5864: checking whether ln -s works
configure:5868: result: yes
configure:5876: checking the maximum length of command line arguments
configure:5996: result: 2097152
configure:6013: checking whether the shell understands some XSI constructs
configure:6023: result: yes
configure:6027: checking whether the shell understands "+="
configure:6033: result: yes
configure:6068: checking for /usr/x86_64-suse-linux/bin/ld option to reload object files
configure:6075: result: -r
configure:6104: checking for x86_64-unknown-linux-objdump
configure:6134: result: no
configure:6144: checking for objdump
configure:6160: found /usr/bin/objdump
configure:6171: result: objdump
configure:6203: checking how to recognize dependent libraries
configure:6399: result: pass_all
configure:6419: checking for x86_64-unknown-linux-ar
configure:6449: result: no
configure:6459: checking for ar
configure:6475: found /usr/bin/ar
configure:6486: result: ar
configure:6524: checking for x86_64-unknown-linux-strip
configure:6554: result: no
configure:6564: checking for strip
configure:6580: found /usr/pkgsrc/category/samurai/work/.tools/bin/strip
configure:6591: result: strip
configure:6623: checking for x86_64-unknown-linux-ranlib
configure:6653: result: no
configure:6663: checking for ranlib
configure:6679: found /usr/bin/ranlib
configure:6690: result: ranlib
configure:6780: checking command to parse /usr/bin/nm -B output from cc object
configure:6898: cc -c -O2 -D_FORTIFY_SOURCE=2  conftest.c >&5
configure:6901: $? = 0
configure:6905: /usr/bin/nm -B conftest.o \| sed -n -e 's/^.*[	 ]\([ABCDGIRSTW][ABCDGIRSTW]*\)[	 ][	 ]*\([_A-Za-z][_A-Za-z0-9]*\)$/\1 \2 \2/p' \> conftest.nm
configure:6908: $? = 0
configure:6962: cc -o conftest -O2 -D_FORTIFY_SOURCE=2  -Wl,-z,relro -Wl,-z,now -Wl,-R/usr/pkg/lib conftest.c conftstm.o >&5
configure:6965: $? = 0
configure:7003: result: ok
configure:7098: cc -c -O2 -D_FORTIFY_SOURCE=2  conftest.c >&5
configure:7101: $? = 0
configure:7827: checking how to run the C preprocessor
configure:7858: cc -E  conftest.c
In file included from /usr/include/bits/libc-header-start.h:33,
                 from /usr/include/limits.h:26,
                 from /usr/lib64/gcc/x86_64-suse-linux/10/include-fixed/limits.h:195,
                 from /usr/lib64/gcc/x86_64-suse-linux/10/include-fixed/syslimits.h:7,
                 from /usr/lib64/gcc/x86_64-suse-linux/10/include-fixed/limits.h:34,
                 from conftest.c:12:
/usr/include/features.h:397:4: warning: #warning _FORTIFY_SOURCE requires compiling with optimization (-O) [-Wcpp]
  397 | #  warning _FORTIFY_SOURCE requires compiling with optimization (-O)
      |    ^~~~~~~
configure:7858: $? = 0
configure:7872: cc -E  conftest.c
conftest.c:11:10: fatal error: ac_nonexistent.h: No such file or directory
   11 | #include <ac_nonexistent.h>
      |          ^~~~~~~~~~~~~~~~~~
compilation terminated.
configure:7872: $? = 1
configure: failed program was:
| /* confdefs.h */
| #define PACKAGE_NAME "Samurai"
| #define PACKAGE_TARNAME "samurai"
| #define PACKAGE_VERSION "2.1.1"
| #define PACKAGE_STRING "Samurai 2.1.1"
| #define PACKAGE_BUGREPORT "reiterth@mpp.mpg.de"
| #define PACKAGE_URL "https://samurai.web.cern.ch/samurai/"
| #define FC_FUNC(name,NAME) name ## _
| #define FC_FUNC_(name,NAME) name ## _
| /* end confdefs.h.  */
| #include <ac_nonexistent.h>
configure:7897: result: cc -E
configure:7917: cc -E  conftest.c
In file included from /usr/include/bits/libc-header-start.h:33,
                 from /usr/include/limits.h:26,
                 from /usr/lib64/gcc/x86_64-suse-linux/10/include-fixed/limits.h:195,
                 from /usr/lib64/gcc/x86_64-suse-linux/10/include-fixed/syslimits.h:7,
                 from /usr/lib64/gcc/x86_64-suse-linux/10/include-fixed/limits.h:34,
                 from conftest.c:12:
/usr/include/features.h:397:4: warning: #warning _FORTIFY_SOURCE requires compiling with optimization (-O) [-Wcpp]
  397 | #  warning _FORTIFY_SOURCE requires compiling with optimization (-O)
      |    ^~~~~~~
configure:7917: $? = 0
configure:7931: cc -E  conftest.c
conftest.c:11:10: fatal error: ac_nonexistent.h: No such file or directory
   11 | #include <ac_nonexistent.h>
      |          ^~~~~~~~~~~~~~~~~~
compilation terminated.
configure:7931: $? = 1
configure: failed program was:
| /* confdefs.h */
| #define PACKAGE_NAME "Samurai"
| #define PACKAGE_TARNAME "samurai"
| #define PACKAGE_VERSION "2.1.1"
| #define PACKAGE_STRING "Samurai 2.1.1"
| #define PACKAGE_BUGREPORT "reiterth@mpp.mpg.de"
| #define PACKAGE_URL "https://samurai.web.cern.ch/samurai/"
| #define FC_FUNC(name,NAME) name ## _
| #define FC_FUNC_(name,NAME) name ## _
| /* end confdefs.h.  */
| #include <ac_nonexistent.h>
configure:7960: checking for ANSI C header files
configure:7988: cc -c -O2 -D_FORTIFY_SOURCE=2  conftest.c >&5
configure:7988: $? = 0
In file included from /usr/include/bits/libc-header-start.h:33,
                 from /usr/include/string.h:26,
                 from conftest.c:11:
/usr/include/features.h:397:4: warning: #warning _FORTIFY_SOURCE requires compiling with optimization (-O) [-Wcpp]
  397 | #  warning _FORTIFY_SOURCE requires compiling with optimization (-O)
      |    ^~~~~~~
In file included from /usr/include/bits/libc-header-start.h:33,
                 from /usr/include/stdlib.h:25,
                 from conftest.c:11:
/usr/include/features.h:397:4: warning: #warning _FORTIFY_SOURCE requires compiling with optimization (-O) [-Wcpp]
  397 | #  warning _FORTIFY_SOURCE requires compiling with optimization (-O)
      |    ^~~~~~~
configure:8061: cc -o conftest -O2 -D_FORTIFY_SOURCE=2  -Wl,-z,relro -Wl,-z,now -Wl,-R/usr/pkg/lib conftest.c  >&5
configure:8061: $? = 0
configure:8061: ./conftest
configure:8061: $? = 0
configure:8072: result: yes
configure:8085: checking for sys/types.h
configure:8085: cc -c -O2 -D_FORTIFY_SOURCE=2  conftest.c >&5
configure:8085: $? = 0
configure:8085: result: yes
configure:8085: checking for sys/stat.h
configure:8085: cc -c -O2 -D_FORTIFY_SOURCE=2  conftest.c >&5
configure:8085: $? = 0
configure:8085: result: yes
configure:8085: checking for stdlib.h
configure:8085: cc -c -O2 -D_FORTIFY_SOURCE=2  conftest.c >&5
configure:8085: $? = 0
configure:8085: result: yes
configure:8085: checking for string.h
configure:8085: cc -c -O2 -D_FORTIFY_SOURCE=2  conftest.c >&5
configure:8085: $? = 0
configure:8085: result: yes
configure:8085: checking for memory.h
configure:8085: cc -c -O2 -D_FORTIFY_SOURCE=2  conftest.c >&5
configure:8085: $? = 0
configure:8085: result: yes
configure:8085: checking for strings.h
configure:8085: cc -c -O2 -D_FORTIFY_SOURCE=2  conftest.c >&5
configure:8085: $? = 0
configure:8085: result: yes
configure:8085: checking for inttypes.h
configure:8085: cc -c -O2 -D_FORTIFY_SOURCE=2  conftest.c >&5
configure:8085: $? = 0
configure:8085: result: yes
configure:8085: checking for stdint.h
configure:8085: cc -c -O2 -D_FORTIFY_SOURCE=2  conftest.c >&5
configure:8085: $? = 0
configure:8085: result: yes
configure:8085: checking for unistd.h
configure:8085: cc -c -O2 -D_FORTIFY_SOURCE=2  conftest.c >&5
configure:8085: $? = 0
configure:8085: result: yes
configure:8099: checking for dlfcn.h
configure:8099: cc -c -O2 -D_FORTIFY_SOURCE=2  conftest.c >&5
configure:8099: $? = 0
configure:8099: result: yes
configure:8121: checking for x86_64-unknown-linux-g77
configure:8148: result: gfortran
configure:8218: checking for Fortran 77 compiler version
configure:8227: gfortran --version >&5
GNU Fortran (SUSE Linux) 10.2.1 20201202 [revision e563687cf9d3d1278f45aaebd03e0f66531076c9]
Copyright (C) 2020 Free Software Foundation, Inc.
This is free software; see the source for copying conditions.  There is NO
warranty; not even for MERCHANTABILITY or FITNESS FOR A PARTICULAR PURPOSE.

configure:8238: $? = 0
configure:8227: gfortran -v >&5
Using built-in specs.
COLLECT_GCC=/usr/pkgsrc/category/samurai/work/.gcc/bin/gfortran
COLLECT_LTO_WRAPPER=/usr/lib64/gcc/x86_64-suse-linux/10/lto-wrapper
OFFLOAD_TARGET_NAMES=nvptx-none:amdgcn-amdhsa
OFFLOAD_TARGET_DEFAULT=1
Target: x86_64-suse-linux
Configured with: ../configure --prefix=/usr --infodir=/usr/share/info --mandir=/usr/share/man --libdir=/usr/lib64 --libexecdir=/usr/lib64 --enable-languages=c,c++,objc,fortran,obj-c++,ada,go,d --enable-offload-targets=nvptx-none,amdgcn-amdhsa, --without-cuda-driver --enable-checking=release --disable-werror --with-gxx-include-dir=/usr/include/c++/10 --enable-ssp --disable-libssp --disable-libvtv --enable-cet=auto --disable-libcc1 --enable-plugin --with-bugurl=https://bugs.opensuse.org/ --with-pkgversion='SUSE Linux' --with-slibdir=/lib64 --with-system-zlib --enable-libstdcxx-allocator=new --disable-libstdcxx-pch --enable-libphobos --enable-version-specific-runtime-libs --with-gcc-major-version-only --enable-linker-build-id --enable-linux-futex --enable-gnu-indirect-function --program-suffix=-10 --without-system-libunwind --enable-multilib --with-arch-32=x86-64 --with-tune=generic --with-build-config=bootstrap-lto-lean --enable-link-mutex --build=x86_64-suse-linux --host=x86_64-suse-linux
Thread model: posix
Supported LTO compression algorithms: zlib zstd
gcc version 10.2.1 20201202 [revision e563687cf9d3d1278f45aaebd03e0f66531076c9] (SUSE Linux) 
... rest of stderr output deleted ...
configure:8238: $? = 0
configure:8227: gfortran -V >&5
gfortran: error: unrecognized command-line option '-V'
gfortran: fatal error: no input files
compilation terminated.
configure:8238: $? = 1
configure:8227: gfortran -qversion >&5
gfortran: error: unrecognized command-line option '-qversion'; did you mean '--version'?
gfortran: fatal error: no input files
compilation terminated.
configure:8238: $? = 1
configure:8247: checking whether we are using the GNU Fortran 77 compiler
configure:8269: result: yes
configure:8275: checking whether gfortran accepts -g
configure:8294: result: yes
configure:8340: checking for x86_64-unknown-linux-gfortran
configure:8367: result: gfortran
configure:8437: checking for Fortran compiler version
configure:8446: gfortran --version >&5
GNU Fortran (SUSE Linux) 10.2.1 20201202 [revision e563687cf9d3d1278f45aaebd03e0f66531076c9]
Copyright (C) 2020 Free Software Foundation, Inc.
This is free software; see the source for copying conditions.  There is NO
warranty; not even for MERCHANTABILITY or FITNESS FOR A PARTICULAR PURPOSE.

configure:8457: $? = 0
configure:8446: gfortran -v >&5
Using built-in specs.
COLLECT_GCC=/usr/pkgsrc/category/samurai/work/.gcc/bin/gfortran
COLLECT_LTO_WRAPPER=/usr/lib64/gcc/x86_64-suse-linux/10/lto-wrapper
OFFLOAD_TARGET_NAMES=nvptx-none:amdgcn-amdhsa
OFFLOAD_TARGET_DEFAULT=1
Target: x86_64-suse-linux
Configured with: ../configure --prefix=/usr --infodir=/usr/share/info --mandir=/usr/share/man --libdir=/usr/lib64 --libexecdir=/usr/lib64 --enable-languages=c,c++,objc,fortran,obj-c++,ada,go,d --enable-offload-targets=nvptx-none,amdgcn-amdhsa, --without-cuda-driver --enable-checking=release --disable-werror --with-gxx-include-dir=/usr/include/c++/10 --enable-ssp --disable-libssp --disable-libvtv --enable-cet=auto --disable-libcc1 --enable-plugin --with-bugurl=https://bugs.opensuse.org/ --with-pkgversion='SUSE Linux' --with-slibdir=/lib64 --with-system-zlib --enable-libstdcxx-allocator=new --disable-libstdcxx-pch --enable-libphobos --enable-version-specific-runtime-libs --with-gcc-major-version-only --enable-linker-build-id --enable-linux-futex --enable-gnu-indirect-function --program-suffix=-10 --without-system-libunwind --enable-multilib --with-arch-32=x86-64 --with-tune=generic --with-build-config=bootstrap-lto-lean --enable-link-mutex --build=x86_64-suse-linux --host=x86_64-suse-linux
Thread model: posix
Supported LTO compression algorithms: zlib zstd
gcc version 10.2.1 20201202 [revision e563687cf9d3d1278f45aaebd03e0f66531076c9] (SUSE Linux) 
... rest of stderr output deleted ...
configure:8457: $? = 0
configure:8446: gfortran -V >&5
gfortran: error: unrecognized command-line option '-V'
gfortran: fatal error: no input files
compilation terminated.
configure:8457: $? = 1
configure:8446: gfortran -qversion >&5
gfortran: error: unrecognized command-line option '-qversion'; did you mean '--version'?
gfortran: fatal error: no input files
compilation terminated.
configure:8457: $? = 1
configure:8466: checking whether we are using the GNU Fortran compiler
configure:8488: result: yes
configure:8494: checking whether gfortran accepts -g
configure:8513: result: yes
configure:8715: checking for objdir
configure:8730: result: .libs
configure:9026: checking if cc supports -fno-rtti -fno-exceptions
configure:9044: cc -c -O2 -D_FORTIFY_SOURCE=2  -fno-rtti -fno-exceptions conftest.c >&5
cc1: warning: command-line option '-fno-rtti' is valid for C++/D/ObjC++ but not for C
configure:9048: $? = 0
configure:9061: result: no
configure:9081: checking for cc option to produce PIC
configure:9353: result: -fPIC -DPIC
configure:9365: checking if cc PIC flag -fPIC -DPIC works
configure:9383: cc -c -O2 -D_FORTIFY_SOURCE=2  -fPIC -DPIC -DPIC conftest.c >&5
configure:9387: $? = 0
configure:9400: result: yes
configure:9424: checking if cc static flag -static works
configure:9452: result: no
configure:9467: checking if cc supports -c -o file.o
configure:9488: cc -c -O2 -D_FORTIFY_SOURCE=2  -o out/conftest2.o conftest.c >&5
configure:9492: $? = 0
configure:9514: result: yes
configure:9522: checking if cc supports -c -o file.o
configure:9569: result: yes
configure:9602: checking whether the cc linker (/usr/x86_64-suse-linux/bin/ld -m elf_x86_64) supports shared libraries
configure:10605: result: yes
configure:10642: checking whether -lc should be explicitly linked in
configure:10647: cc -c -O2 -D_FORTIFY_SOURCE=2  conftest.c >&5
configure:10650: $? = 0
configure:10665: cc -shared conftest.o  -v -Wl,-soname -Wl,conftest -o conftest 2\>\&1 \| /bin/grep  -lc  \>/dev/null 2\>\&1
configure:10668: $? = 0
configure:10680: result: no
configure:10844: checking dynamic linker characteristics
configure:11285: cc -o conftest -O2 -D_FORTIFY_SOURCE=2  -Wl,-z,relro -Wl,-z,now -Wl,-R/usr/pkg/lib -Wl,-rpath -Wl,/foo conftest.c  >&5
configure:11285: $? = 0
configure:11503: result: GNU/Linux ld.so
configure:11605: checking how to hardcode library paths into programs
configure:11630: result: immediate
configure:12190: checking whether stripping libraries is possible
configure:12195: result: yes
configure:12230: checking if libtool supports shared libraries
configure:12232: result: yes
configure:12235: checking whether to build shared libraries
configure:12256: result: yes
configure:12259: checking whether to build static libraries
configure:12263: result: yes
configure:12381: checking if libtool supports shared libraries
configure:12383: result: yes
configure:12386: checking whether to build shared libraries
configure:12406: result: yes
configure:12409: checking whether to build static libraries
configure:12413: result: yes
configure:12427: checking for gfortran option to produce PIC
configure:12699: result: -fPIC
configure:12708: checking if gfortran PIC flag -fPIC works
configure:12726: gfortran -c -O -fPIC conftest.f >&5
configure:12730: $? = 0
configure:12743: result: yes
configure:12764: checking if gfortran static flag -static works
configure:12792: result: no
configure:12804: checking if gfortran supports -c -o file.o
configure:12825: gfortran -c -O -o out/conftest2.o conftest.f >&5
configure:12829: $? = 0
configure:12851: result: yes
configure:12856: checking if gfortran supports -c -o file.o
configure:12903: result: yes
configure:12933: checking whether the gfortran linker (/usr/x86_64-suse-linux/bin/ld -m elf_x86_64) supports shared libraries
configure:13909: result: yes
configure:14046: checking dynamic linker characteristics
configure:14421: gfortran -o conftest -O -Wl,-z,relro -Wl,-z,now -Wl,-R/usr/pkg/lib -Wl,-rpath -Wl,/foo conftest.f  >&5
configure:14421: $? = 0
configure:14639: result: GNU/Linux ld.so
configure:14690: checking how to hardcode library paths into programs
configure:14715: result: immediate
configure:14851: checking if libtool supports shared libraries
configure:14853: result: yes
configure:14856: checking whether to build shared libraries
configure:14876: result: yes
configure:14879: checking whether to build static libraries
configure:14883: result: yes
configure:14909: gfortran -c -g -O2  conftest.f90 >&5
configure:14912: $? = 0
configure:15040: checking for gfortran option to produce PIC
configure:15312: result: -fPIC
configure:15321: checking if gfortran PIC flag -fPIC works
configure:15339: gfortran -c -g -O2 -fPIC  conftest.f90 >&5
configure:15343: $? = 0
configure:15356: result: yes
configure:15377: checking if gfortran static flag -static works
configure:15405: result: no
configure:15417: checking if gfortran supports -c -o file.o
configure:15438: gfortran -c -g -O2 -o out/conftest2.o  conftest.f90 >&5
configure:15442: $? = 0
configure:15464: result: yes
configure:15469: checking if gfortran supports -c -o file.o
configure:15516: result: yes
configure:15546: checking whether the gfortran linker (/usr/x86_64-suse-linux/bin/ld -m elf_x86_64) supports shared libraries
configure:16522: result: yes
configure:16659: checking dynamic linker characteristics
configure:17034: gfortran -o conftest -g -O2 -Wl,-z,relro -Wl,-z,now -Wl,-R/usr/pkg/lib -Wl,-rpath -Wl,/foo  conftest.f90  >&5
configure:17034: $? = 0
configure:17252: result: GNU/Linux ld.so
configure:17303: checking how to hardcode library paths into programs
configure:17328: result: immediate
configure:17377: checking whether build environment is sane
configure:17427: result: yes
configure:17432: checking for perl
configure:17463: result: /usr/pkg/bin/perl
configure:17876: error: in `/usr/pkgsrc/category/samurai/work/samurai-2.1.1':
configure:17878: error: --with-avh_olo-precision
	 was given with an unrecognized parameter
See `config.log' for more details

## ---------------- ##
## Cache variables. ##
## ---------------- ##

ac_cv_build=x86_64-unknown-linux-gnu
ac_cv_c_compiler_gnu=yes
ac_cv_env_CC_set=set
ac_cv_env_CC_value=cc
ac_cv_env_CFLAGS_set=set
ac_cv_env_CFLAGS_value='-O2 -D_FORTIFY_SOURCE=2'
ac_cv_env_CPPFLAGS_set=set
ac_cv_env_CPPFLAGS_value=
ac_cv_env_CPP_set=
ac_cv_env_CPP_value=
ac_cv_env_F77_set=set
ac_cv_env_F77_value=gfortran
ac_cv_env_FCFLAGS_set=
ac_cv_env_FCFLAGS_value=
ac_cv_env_FC_set=set
ac_cv_env_FC_value=gfortran
ac_cv_env_FFLAGS_set=set
ac_cv_env_FFLAGS_value=-O
ac_cv_env_LDFLAGS_set=set
ac_cv_env_LDFLAGS_value='-Wl,-z,relro -Wl,-z,now -Wl,-R/usr/pkg/lib'
ac_cv_env_LIBS_set=set
ac_cv_env_LIBS_value=
ac_cv_env_build_alias_set=set
ac_cv_env_build_alias_value=x86_64-unknown-linux
ac_cv_env_host_alias_set=set
ac_cv_env_host_alias_value=x86_64-unknown-linux
ac_cv_env_target_alias_set=
ac_cv_env_target_alias_value=
ac_cv_f77_compiler_gnu=yes
ac_cv_fc_compiler_gnu=yes
ac_cv_fc_dummy_main=none
ac_cv_fc_freeform=none
ac_cv_fc_libs=' -L/usr/lib64/gcc/x86_64-suse-linux/10 -L/usr/lib64/gcc/x86_64-suse-linux/10/../../../../lib64 -L/lib/../lib64 -L/usr/lib/../lib64 -L/usr/lib64/gcc/x86_64-suse-linux/10/../../../../x86_64-suse-linux/lib -L/usr/lib64/gcc/x86_64-suse-linux/10/../../.. -lgfortran -lm -lquadmath'
ac_cv_fc_mangling='lower case, underscore, no extra underscore'
ac_cv_fc_srcext_f90=none
ac_cv_fortran_dummy_main=none
ac_cv_header_dlfcn_h=yes
ac_cv_header_inttypes_h=yes
ac_cv_header_memory_h=yes
ac_cv_header_stdc=yes
ac_cv_header_stdint_h=yes
ac_cv_header_stdlib_h=yes
ac_cv_header_string_h=yes
ac_cv_header_strings_h=yes
ac_cv_header_sys_stat_h=yes
ac_cv_header_sys_types_h=yes
ac_cv_header_unistd_h=yes
ac_cv_host=x86_64-unknown-linux-gnu
ac_cv_objext=o
ac_cv_path_CAT=/bin/cat
ac_cv_path_ECHO=echo
ac_cv_path_EGREP=/bin/egrep
ac_cv_path_ENV=/usr/bin/env
ac_cv_path_FALSE=false
ac_cv_path_FGREP='/bin/grep -F'
ac_cv_path_GREP=/bin/grep
ac_cv_path_PERL=/usr/pkg/bin/perl
ac_cv_path_SED=/bin/sed
ac_cv_path_TEST=test
ac_cv_path_TRUE=true
ac_cv_path_mkdir=/usr/pkgsrc/category/samurai/work/.tools/bin/mkdir
ac_cv_prog_AWK=/bin/awk
ac_cv_prog_CC=cc
ac_cv_prog_CPP='cc -E'
ac_cv_prog_F77=gfortran
ac_cv_prog_FC=gfortran
ac_cv_prog_ac_ct_AR=ar
ac_cv_prog_ac_ct_OBJDUMP=objdump
ac_cv_prog_ac_ct_RANLIB=ranlib
ac_cv_prog_ac_ct_STRIP=strip
ac_cv_prog_cc_c89=
ac_cv_prog_cc_g=yes
ac_cv_prog_f77_g=yes
ac_cv_prog_fc_g=yes
ac_cv_prog_fc_v=-v
ac_cv_prog_make_make_set=yes
am_cv_CC_dependencies_compiler_type=none
lt_cv_deplibs_check_method=pass_all
lt_cv_file_magic_cmd='$MAGIC_CMD'
lt_cv_file_magic_test_file=
lt_cv_ld_reload_flag=-r
lt_cv_nm_interface='BSD nm'
lt_cv_objdir=.libs
lt_cv_path_LD=/usr/x86_64-suse-linux/bin/ld
lt_cv_path_NM='/usr/bin/nm -B'
lt_cv_prog_compiler_c_o=yes
lt_cv_prog_compiler_c_o_F77=yes
lt_cv_prog_compiler_c_o_FC=yes
lt_cv_prog_compiler_pic_works=yes
lt_cv_prog_compiler_pic_works_F77=yes
lt_cv_prog_compiler_pic_works_FC=yes
lt_cv_prog_compiler_rtti_exceptions=no
lt_cv_prog_compiler_static_works=no
lt_cv_prog_compiler_static_works_F77=no
lt_cv_prog_compiler_static_works_FC=no
lt_cv_prog_gnu_ld=yes
lt_cv_sys_global_symbol_pipe='sed -n -e '\''s/^.*[	 ]\([ABCDGIRSTW][ABCDGIRSTW]*\)[	 ][	 ]*\([_A-Za-z][_A-Za-z0-9]*\)$/\1 \2 \2/p'\'''
lt_cv_sys_global_symbol_to_c_name_address='sed -n -e '\''s/^: \([^ ]*\) $/  {\"\1\", (void *) 0},/p'\'' -e '\''s/^[ABCDGIRSTW]* \([^ ]*\) \([^ ]*\)$/  {"\2", (void *) \&\2},/p'\'''
lt_cv_sys_global_symbol_to_c_name_address_lib_prefix='sed -n -e '\''s/^: \([^ ]*\) $/  {\"\1\", (void *) 0},/p'\'' -e '\''s/^[ABCDGIRSTW]* \([^ ]*\) \(lib[^ ]*\)$/  {"\2", (void *) \&\2},/p'\'' -e '\''s/^[ABCDGIRSTW]* \([^ ]*\) \([^ ]*\)$/  {"lib\2", (void *) \&\2},/p'\'''
lt_cv_sys_global_symbol_to_cdecl='sed -n -e '\''s/^T .* \(.*\)$/extern int \1();/p'\'' -e '\''s/^[ABCDGIRSTW]* .* \(.*\)$/extern char \1;/p'\'''
lt_cv_sys_max_cmd_len=2097152

## ----------------- ##
## Output variables. ##
## ----------------- ##

ACLOCAL='${SHELL} /usr/pkgsrc/category/samurai/work/samurai-2.1.1/config.aux/missing --run aclocal-1.11'
AMDEPBACKSLASH='\'
AMDEP_FALSE='#'
AMDEP_TRUE=''
AMTAR='${SHELL} /usr/pkgsrc/category/samurai/work/samurai-2.1.1/config.aux/missing --run tar'
AR='ar'
AUTOCONF='${SHELL} /usr/pkgsrc/category/samurai/work/samurai-2.1.1/config.aux/missing --run autoconf'
AUTOHEADER='${SHELL} /usr/pkgsrc/category/samurai/work/samurai-2.1.1/config.aux/missing --run autoheader'
AUTOMAKE='${SHELL} /usr/pkgsrc/category/samurai/work/samurai-2.1.1/config.aux/missing --run automake-1.11'
AWK='/bin/awk'
CC='cc'
CCDEPMODE='depmode=none'
CFLAGS='-O2 -D_FORTIFY_SOURCE=2'
COMPILE_AVH_FALSE=''
COMPILE_AVH_TRUE='#'
COMPILE_QL_FALSE=''
COMPILE_QL_TRUE='#'
CPP='cc -E'
CPPFLAGS=''
CYGPATH_W='echo'
DATADIR='/usr/pkg/share'
DEFS=''
DEPDIR='.deps'
DSYMUTIL=''
DUMPBIN=''
ECHO_C=''
ECHO_N='-n'
ECHO_T=''
EGREP='/bin/egrep'
EXEEXT=''
F77='gfortran'
FC='gfortran'
FCFLAGS='-g -O2'
FCFLAGS_f90=''
FCLIBS=' -L/usr/lib64/gcc/x86_64-suse-linux/10 -L/usr/lib64/gcc/x86_64-suse-linux/10/../../../../lib64 -L/lib/../lib64 -L/usr/lib/../lib64 -L/usr/lib64/gcc/x86_64-suse-linux/10/../../../../x86_64-suse-linux/lib -L/usr/lib64/gcc/x86_64-suse-linux/10/../../.. -lgfortran -lm -lquadmath'
FFLAGS='-O'
FGREP='/bin/grep -F'
GENERIC_API_VERSION='2.1'
GENERIC_LIBRARY_NAME='samurai'
GENERIC_LIBRARY_VERSION='2:1:1'
GENERIC_VERSION='2.1.1'
GOLEM_CFLAGS=' '
GREP='/bin/grep'
INSTALL_DATA='/usr/bin/install -c -o jihbed -g users -m 644'
INSTALL_PROGRAM='/usr/bin/install -c -s -o jihbed -g users -m 755'
INSTALL_SCRIPT='/usr/bin/install -c -o jihbed -g users -m 755'
INSTALL_STRIP_PROGRAM='$(install_sh) -c -s'
LD='/usr/x86_64-suse-linux/bin/ld -m elf_x86_64'
LDFLAGS='-Wl,-z,relro -Wl,-z,now -Wl,-R/usr/pkg/lib'
LIBAVHOLO=''
LIBGOLEM=''
LIBLOOPTOOLS=''
LIBOBJS=''
LIBQCDLOOP=''
LIBS=''
LIBTOOL='$(SHELL) $(top_builddir)/libtool'
LIPO=''
LN_S='ln -s'
LTLIBOBJS=''
MAKEINFO='/usr/pkgsrc/category/samurai/work/.tools/bin/makeinfo'
MKDIR_P='/usr/pkgsrc/category/samurai/work/.tools/bin/mkdir -p'
NM='/usr/bin/nm -B'
NMEDIT=''
OBJDUMP='objdump'
OBJEXT='o'
OTOOL64=''
OTOOL=''
PACKAGE='samurai'
PACKAGE_BUGREPORT='reiterth@mpp.mpg.de'
PACKAGE_NAME='Samurai'
PACKAGE_STRING='Samurai 2.1.1'
PACKAGE_TARNAME='samurai'
PACKAGE_URL='https://samurai.web.cern.ch/samurai/'
PACKAGE_VERSION='2.1.1'
PATH_SEPARATOR=':'
PERL='/usr/pkg/bin/perl'
RANLIB='ranlib'
SED='/bin/sed'
SET_MAKE=''
SHELL='/bin/sh'
STRIP='strip'
VERSION='2.1.1'
ac_ct_CC=''
ac_ct_DUMPBIN=''
ac_ct_F77=''
ac_ct_FC=''
am__EXEEXT_FALSE=''
am__EXEEXT_TRUE=''
am__fastdepCC_FALSE=''
am__fastdepCC_TRUE='#'
am__include='include'
am__isrc=''
am__leading_dot='.'
am__quote=''
am__tar='${AMTAR} chof - "$$tardir"'
am__untar='${AMTAR} xf -'
avh_olo_real_kind=''
bindir='${exec_prefix}/bin'
build='x86_64-unknown-linux-gnu'
build_alias='x86_64-unknown-linux'
build_cpu='x86_64'
build_os='linux-gnu'
build_vendor='unknown'
case_with_avh='!AC!'
case_with_golem='!AC!'
case_with_lt='!AC!'
case_with_ql='!AC!'
case_wout_avh='    '
case_wout_golem='    '
case_wout_lt='    '
case_wout_ql='    '
datadir='${datarootdir}'
datarootdir='${prefix}/share'
docdir='${datarootdir}/doc/${PACKAGE_TARNAME}'
dvidir='${docdir}'
exec_prefix='NONE'
fortran_real_kind='kind(1.0d0)'
host='x86_64-unknown-linux-gnu'
host_alias='x86_64-unknown-linux'
host_cpu='x86_64'
host_os='linux-gnu'
host_vendor='unknown'
htmldir='${docdir}'
includedir='${prefix}/include'
infodir='${datarootdir}/info'
install_sh='${SHELL} /usr/pkgsrc/category/samurai/work/samurai-2.1.1/config.aux/install-sh'
libdir='${exec_prefix}/lib'
libexecdir='${exec_prefix}/libexec'
localedir='${datarootdir}/locale'
localstatedir='${prefix}/var'
lt_ECHO='echo'
mandir='/usr/pkg/man'
mkdir_p='/usr/pkgsrc/category/samurai/work/.tools/bin/mkdir -p'
oldincludedir='/usr/include'
pdfdir='${docdir}'
prefix='/usr/pkg'
program_transform_name='s,x,x,'
psdir='${docdir}'
sbindir='${exec_prefix}/sbin'
sharedstatedir='${prefix}/com'
sysconfdir='${prefix}/etc'
target_alias=''

## ----------- ##
## confdefs.h. ##
## ----------- ##

/* confdefs.h */
#define PACKAGE_NAME "Samurai"
#define PACKAGE_TARNAME "samurai"
#define PACKAGE_VERSION "2.1.1"
#define PACKAGE_STRING "Samurai 2.1.1"
#define PACKAGE_BUGREPORT "reiterth@mpp.mpg.de"
#define PACKAGE_URL "https://samurai.web.cern.ch/samurai/"
#define FC_FUNC(name,NAME) name ## _
#define FC_FUNC_(name,NAME) name ## _
#define STDC_HEADERS 1
#define HAVE_SYS_TYPES_H 1
#define HAVE_SYS_STAT_H 1
#define HAVE_STDLIB_H 1
#define HAVE_STRING_H 1
#define HAVE_MEMORY_H 1
#define HAVE_STRINGS_H 1
#define HAVE_INTTYPES_H 1
#define HAVE_STDINT_H 1
#define HAVE_UNISTD_H 1
#define HAVE_DLFCN_H 1
#define LT_OBJDIR ".libs/"
#define DATADIR "/usr/pkg/share"

configure: exit 1
