[*] /usr/pkgsrc/category/go-uuid-myesui/work/.tools/bin/true
<.> true 
[*] /usr/pkgsrc/category/go-uuid-myesui/work/.tools/bin/true
<.> true 
[*] /usr/pkgsrc/category/go-uuid-myesui/work/.tools/bin/true
<.> true 
[*] /usr/pkgsrc/category/go-uuid-myesui/work/.tools/bin/true
<.> true 
[*] /usr/pkgsrc/category/go-uuid-myesui/work/.tools/bin/true
<.> true 
[*] /usr/pkgsrc/category/go-uuid-myesui/work/.tools/bin/true
<.> true 
[*] /usr/pkgsrc/category/go-uuid-myesui/work/.tools/bin/true
<.> true 
[*] /usr/pkgsrc/category/go-uuid-myesui/work/.tools/bin/true
<.> true 
[*] /usr/pkgsrc/category/go-uuid-myesui/work/.tools/bin/true
<.> true 
[*] /usr/pkgsrc/category/go-uuid-myesui/work/.tools/bin/true
<.> true 
[*] /usr/pkgsrc/category/go-uuid-myesui/work/.tools/bin/true
<.> true 
[*] /usr/pkgsrc/category/go-uuid-myesui/work/.tools/bin/true
<.> true 
[*] /usr/pkgsrc/category/go-uuid-myesui/work/.tools/bin/true
<.> true 
[*] /usr/pkgsrc/category/go-uuid-myesui/work/.tools/bin/true
<.> true 
[*] /usr/pkgsrc/category/go-uuid-myesui/work/.tools/bin/true
<.> true 
[*] /usr/pkgsrc/category/go-uuid-myesui/work/.tools/bin/true
<.> true 
[*] /usr/pkgsrc/category/go-uuid-myesui/work/.tools/bin/true
<.> true 
[*] /usr/pkgsrc/category/go-uuid-myesui/work/.tools/bin/true
<.> true 
[*] /usr/pkgsrc/category/go-uuid-myesui/work/.tools/bin/true
<.> true 
[*] /usr/pkgsrc/category/go-uuid-myesui/work/.tools/bin/true
<.> true 
[*] /usr/pkgsrc/category/go-uuid-myesui/work/.tools/bin/true
<.> true 
[*] /usr/pkgsrc/category/go-uuid-myesui/work/.tools/bin/true
<.> true 
[*] /usr/pkgsrc/category/go-uuid-myesui/work/.tools/bin/true
<.> true 
[*] /usr/pkgsrc/category/go-uuid-myesui/work/.tools/bin/true
<.> true 
[*] /usr/pkgsrc/category/go-uuid-myesui/work/.tools/bin/true
<.> true 
[*] /usr/pkgsrc/category/go-uuid-myesui/work/.tools/bin/true
<.> true 
[*] /usr/pkgsrc/category/go-uuid-myesui/work/.tools/bin/true
<.> true 
[*] /usr/pkgsrc/category/go-uuid-myesui/work/.tools/bin/true
<.> true 
[*] cc -E -dM -m64 -I /tmp/go-build082816399/b056/ -O2 -Wall -Werror -I . /tmp/cgo-gcc-input-980973176.c
<.> /usr/pkgsrc/category/go-uuid-myesui/work/.gcc/bin/gcc -fcommon -m64 -E -dM -m64 -O2 -Wall -Werror -I. /tmp/cgo-gcc-input-980973176.c -D_FORTIFY_SOURCE=2 -I/usr/pkgsrc/category/go-uuid-myesui/work/.buildlink/include
[*] cc -fno-caret-diagnostics -c -x c - -o /dev/null
<.> /usr/pkgsrc/category/go-uuid-myesui/work/.gcc/bin/gcc -fcommon -m64 -fno-caret-diagnostics -c -x c - -o /dev/null -D_FORTIFY_SOURCE=2 -I/usr/pkgsrc/category/go-uuid-myesui/work/.buildlink/include
[*] cc -Qunused-arguments -c -x c - -o /dev/null
<.> /usr/pkgsrc/category/go-uuid-myesui/work/.gcc/bin/gcc -fcommon -m64 -Qunused-arguments -c -x c - -o /dev/null -D_FORTIFY_SOURCE=2 -I/usr/pkgsrc/category/go-uuid-myesui/work/.buildlink/include
[*] cc -fdebug-prefix-map=a=b -c -x c - -o /dev/null
<.> /usr/pkgsrc/category/go-uuid-myesui/work/.gcc/bin/gcc -fcommon -m64 -fdebug-prefix-map=a=b -c -x c - -o /dev/null -D_FORTIFY_SOURCE=2 -I/usr/pkgsrc/category/go-uuid-myesui/work/.buildlink/include
[*] cc -gno-record-gcc-switches -c -x c - -o /dev/null
<.> /usr/pkgsrc/category/go-uuid-myesui/work/.gcc/bin/gcc -fcommon -m64 -gno-record-gcc-switches -c -x c - -o /dev/null -D_FORTIFY_SOURCE=2 -I/usr/pkgsrc/category/go-uuid-myesui/work/.buildlink/include
[*] cc -I /usr/pkg/go115/src/runtime/cgo -fPIC -m64 -pthread -fmessage-length=0 -fdebug-prefix-map=/tmp/go-build082816399/b056=/tmp/go-build -gno-record-gcc-switches -I /tmp/go-build082816399/b056/ -g -O2 -Wall -Werror -o /tmp/go-build082816399/b056/_x001.o -c _cgo_export.c
<.> /usr/pkgsrc/category/go-uuid-myesui/work/.gcc/bin/gcc -fcommon -m64 -I/usr/pkgsrc/category/go-uuid-myesui/work/.buildlink/go115/src/runtime/cgo -fPIC -m64 -pthread -fmessage-length=0 -fdebug-prefix-map=/tmp/go-build082816399/b056=/tmp/go-build -gno-record-gcc-switches -g -O2 -Wall -Werror -o /tmp/go-build082816399/b056/_x001.o -c _cgo_export.c -D_FORTIFY_SOURCE=2 -I/usr/pkgsrc/category/go-uuid-myesui/work/.buildlink/include
[*] cc -I /usr/pkg/go115/src/runtime/cgo -fPIC -m64 -pthread -fmessage-length=0 -fdebug-prefix-map=/tmp/go-build082816399/b056=/tmp/go-build -gno-record-gcc-switches -I /tmp/go-build082816399/b056/ -g -O2 -Wall -Werror -o /tmp/go-build082816399/b056/_x002.o -c cgo.cgo2.c
<.> /usr/pkgsrc/category/go-uuid-myesui/work/.gcc/bin/gcc -fcommon -m64 -I/usr/pkgsrc/category/go-uuid-myesui/work/.buildlink/go115/src/runtime/cgo -fPIC -m64 -pthread -fmessage-length=0 -fdebug-prefix-map=/tmp/go-build082816399/b056=/tmp/go-build -gno-record-gcc-switches -g -O2 -Wall -Werror -o /tmp/go-build082816399/b056/_x002.o -c cgo.cgo2.c -D_FORTIFY_SOURCE=2 -I/usr/pkgsrc/category/go-uuid-myesui/work/.buildlink/include
[*] cc -I /usr/pkg/go115/src/runtime/cgo -fPIC -m64 -pthread -fmessage-length=0 -fdebug-prefix-map=/tmp/go-build082816399/b056=/tmp/go-build -gno-record-gcc-switches -I /tmp/go-build082816399/b056/ -g -O2 -Wall -Werror -o /tmp/go-build082816399/b056/_x003.o -c gcc_context.c
<.> /usr/pkgsrc/category/go-uuid-myesui/work/.gcc/bin/gcc -fcommon -m64 -I/usr/pkgsrc/category/go-uuid-myesui/work/.buildlink/go115/src/runtime/cgo -fPIC -m64 -pthread -fmessage-length=0 -fdebug-prefix-map=/tmp/go-build082816399/b056=/tmp/go-build -gno-record-gcc-switches -g -O2 -Wall -Werror -o /tmp/go-build082816399/b056/_x003.o -c gcc_context.c -D_FORTIFY_SOURCE=2 -I/usr/pkgsrc/category/go-uuid-myesui/work/.buildlink/include
[*] cc -I /usr/pkg/go115/src/runtime/cgo -fPIC -m64 -pthread -fmessage-length=0 -fdebug-prefix-map=/tmp/go-build082816399/b056=/tmp/go-build -gno-record-gcc-switches -I /tmp/go-build082816399/b056/ -g -O2 -Wall -Werror -o /tmp/go-build082816399/b056/_x004.o -c gcc_fatalf.c
<.> /usr/pkgsrc/category/go-uuid-myesui/work/.gcc/bin/gcc -fcommon -m64 -I/usr/pkgsrc/category/go-uuid-myesui/work/.buildlink/go115/src/runtime/cgo -fPIC -m64 -pthread -fmessage-length=0 -fdebug-prefix-map=/tmp/go-build082816399/b056=/tmp/go-build -gno-record-gcc-switches -g -O2 -Wall -Werror -o /tmp/go-build082816399/b056/_x004.o -c gcc_fatalf.c -D_FORTIFY_SOURCE=2 -I/usr/pkgsrc/category/go-uuid-myesui/work/.buildlink/include
[*] cc -I /usr/pkg/go115/src/runtime/cgo -fPIC -m64 -pthread -fmessage-length=0 -fdebug-prefix-map=/tmp/go-build082816399/b056=/tmp/go-build -gno-record-gcc-switches -I /tmp/go-build082816399/b056/ -g -O2 -Wall -Werror -o /tmp/go-build082816399/b056/_x005.o -c gcc_libinit.c
<.> /usr/pkgsrc/category/go-uuid-myesui/work/.gcc/bin/gcc -fcommon -m64 -I/usr/pkgsrc/category/go-uuid-myesui/work/.buildlink/go115/src/runtime/cgo -fPIC -m64 -pthread -fmessage-length=0 -fdebug-prefix-map=/tmp/go-build082816399/b056=/tmp/go-build -gno-record-gcc-switches -g -O2 -Wall -Werror -o /tmp/go-build082816399/b056/_x005.o -c gcc_libinit.c -D_FORTIFY_SOURCE=2 -I/usr/pkgsrc/category/go-uuid-myesui/work/.buildlink/include
[*] cc -I /usr/pkg/go115/src/runtime/cgo -fPIC -m64 -pthread -fmessage-length=0 -fdebug-prefix-map=/tmp/go-build082816399/b056=/tmp/go-build -gno-record-gcc-switches -I /tmp/go-build082816399/b056/ -g -O2 -Wall -Werror -o /tmp/go-build082816399/b056/_x006.o -c gcc_linux_amd64.c
<.> /usr/pkgsrc/category/go-uuid-myesui/work/.gcc/bin/gcc -fcommon -m64 -I/usr/pkgsrc/category/go-uuid-myesui/work/.buildlink/go115/src/runtime/cgo -fPIC -m64 -pthread -fmessage-length=0 -fdebug-prefix-map=/tmp/go-build082816399/b056=/tmp/go-build -gno-record-gcc-switches -g -O2 -Wall -Werror -o /tmp/go-build082816399/b056/_x006.o -c gcc_linux_amd64.c -D_FORTIFY_SOURCE=2 -I/usr/pkgsrc/category/go-uuid-myesui/work/.buildlink/include
[*] cc -I /usr/pkg/go115/src/runtime/cgo -fPIC -m64 -pthread -fmessage-length=0 -fdebug-prefix-map=/tmp/go-build082816399/b056=/tmp/go-build -gno-record-gcc-switches -I /tmp/go-build082816399/b056/ -g -O2 -Wall -Werror -o /tmp/go-build082816399/b056/_x007.o -c gcc_mmap.c
<.> /usr/pkgsrc/category/go-uuid-myesui/work/.gcc/bin/gcc -fcommon -m64 -I/usr/pkgsrc/category/go-uuid-myesui/work/.buildlink/go115/src/runtime/cgo -fPIC -m64 -pthread -fmessage-length=0 -fdebug-prefix-map=/tmp/go-build082816399/b056=/tmp/go-build -gno-record-gcc-switches -g -O2 -Wall -Werror -o /tmp/go-build082816399/b056/_x007.o -c gcc_mmap.c -D_FORTIFY_SOURCE=2 -I/usr/pkgsrc/category/go-uuid-myesui/work/.buildlink/include
[*] cc -I /usr/pkg/go115/src/runtime/cgo -fPIC -m64 -pthread -fmessage-length=0 -fdebug-prefix-map=/tmp/go-build082816399/b056=/tmp/go-build -gno-record-gcc-switches -I /tmp/go-build082816399/b056/ -g -O2 -Wall -Werror -o /tmp/go-build082816399/b056/_x008.o -c gcc_setenv.c
<.> /usr/pkgsrc/category/go-uuid-myesui/work/.gcc/bin/gcc -fcommon -m64 -I/usr/pkgsrc/category/go-uuid-myesui/work/.buildlink/go115/src/runtime/cgo -fPIC -m64 -pthread -fmessage-length=0 -fdebug-prefix-map=/tmp/go-build082816399/b056=/tmp/go-build -gno-record-gcc-switches -g -O2 -Wall -Werror -o /tmp/go-build082816399/b056/_x008.o -c gcc_setenv.c -D_FORTIFY_SOURCE=2 -I/usr/pkgsrc/category/go-uuid-myesui/work/.buildlink/include
[*] cc -I /usr/pkg/go115/src/runtime/cgo -fPIC -m64 -pthread -fmessage-length=0 -fdebug-prefix-map=/tmp/go-build082816399/b056=/tmp/go-build -gno-record-gcc-switches -I /tmp/go-build082816399/b056/ -g -O2 -Wall -Werror -o /tmp/go-build082816399/b056/_x009.o -c gcc_sigaction.c
<.> /usr/pkgsrc/category/go-uuid-myesui/work/.gcc/bin/gcc -fcommon -m64 -I/usr/pkgsrc/category/go-uuid-myesui/work/.buildlink/go115/src/runtime/cgo -fPIC -m64 -pthread -fmessage-length=0 -fdebug-prefix-map=/tmp/go-build082816399/b056=/tmp/go-build -gno-record-gcc-switches -g -O2 -Wall -Werror -o /tmp/go-build082816399/b056/_x009.o -c gcc_sigaction.c -D_FORTIFY_SOURCE=2 -I/usr/pkgsrc/category/go-uuid-myesui/work/.buildlink/include
[*] cc -I /usr/pkg/go115/src/runtime/cgo -fPIC -m64 -pthread -fmessage-length=0 -fdebug-prefix-map=/tmp/go-build082816399/b056=/tmp/go-build -gno-record-gcc-switches -I /tmp/go-build082816399/b056/ -g -O2 -Wall -Werror -o /tmp/go-build082816399/b056/_x010.o -c gcc_traceback.c
<.> /usr/pkgsrc/category/go-uuid-myesui/work/.gcc/bin/gcc -fcommon -m64 -I/usr/pkgsrc/category/go-uuid-myesui/work/.buildlink/go115/src/runtime/cgo -fPIC -m64 -pthread -fmessage-length=0 -fdebug-prefix-map=/tmp/go-build082816399/b056=/tmp/go-build -gno-record-gcc-switches -g -O2 -Wall -Werror -o /tmp/go-build082816399/b056/_x010.o -c gcc_traceback.c -D_FORTIFY_SOURCE=2 -I/usr/pkgsrc/category/go-uuid-myesui/work/.buildlink/include
[*] cc -I /usr/pkg/go115/src/runtime/cgo -fPIC -m64 -pthread -fmessage-length=0 -fdebug-prefix-map=/tmp/go-build082816399/b056=/tmp/go-build -gno-record-gcc-switches -I /tmp/go-build082816399/b056/ -g -O2 -Wall -Werror -o /tmp/go-build082816399/b056/_x011.o -c gcc_util.c
<.> /usr/pkgsrc/category/go-uuid-myesui/work/.gcc/bin/gcc -fcommon -m64 -I/usr/pkgsrc/category/go-uuid-myesui/work/.buildlink/go115/src/runtime/cgo -fPIC -m64 -pthread -fmessage-length=0 -fdebug-prefix-map=/tmp/go-build082816399/b056=/tmp/go-build -gno-record-gcc-switches -g -O2 -Wall -Werror -o /tmp/go-build082816399/b056/_x011.o -c gcc_util.c -D_FORTIFY_SOURCE=2 -I/usr/pkgsrc/category/go-uuid-myesui/work/.buildlink/include
[*] cc -I /usr/pkg/go115/src/runtime/cgo -fPIC -m64 -pthread -fmessage-length=0 -fdebug-prefix-map=/tmp/go-build082816399/b056=/tmp/go-build -gno-record-gcc-switches -I /tmp/go-build082816399/b056/ -g -O2 -Wall -Werror -o /tmp/go-build082816399/b056/_x012.o -c gcc_amd64.S
<.> /usr/pkgsrc/category/go-uuid-myesui/work/.gcc/bin/gcc -fcommon -m64 -I/usr/pkgsrc/category/go-uuid-myesui/work/.buildlink/go115/src/runtime/cgo -fPIC -m64 -pthread -fmessage-length=0 -fdebug-prefix-map=/tmp/go-build082816399/b056=/tmp/go-build -gno-record-gcc-switches -g -O2 -Wall -Werror -o /tmp/go-build082816399/b056/_x012.o -c gcc_amd64.S -D_FORTIFY_SOURCE=2 -I/usr/pkgsrc/category/go-uuid-myesui/work/.buildlink/include
[*] cc -I /usr/pkg/go115/src/runtime/cgo -fPIC -m64 -pthread -fmessage-length=0 -fdebug-prefix-map=/tmp/go-build082816399/b056=/tmp/go-build -gno-record-gcc-switches -I /tmp/go-build082816399/b056/ -g -O2 -Wall -Werror -o /tmp/go-build082816399/b056/_cgo_main.o -c _cgo_main.c
<.> /usr/pkgsrc/category/go-uuid-myesui/work/.gcc/bin/gcc -fcommon -m64 -I/usr/pkgsrc/category/go-uuid-myesui/work/.buildlink/go115/src/runtime/cgo -fPIC -m64 -pthread -fmessage-length=0 -fdebug-prefix-map=/tmp/go-build082816399/b056=/tmp/go-build -gno-record-gcc-switches -g -O2 -Wall -Werror -o /tmp/go-build082816399/b056/_cgo_main.o -c _cgo_main.c -D_FORTIFY_SOURCE=2 -I/usr/pkgsrc/category/go-uuid-myesui/work/.buildlink/include
[*] cc -I /usr/pkg/go115/src/runtime/cgo -fPIC -m64 -pthread -fmessage-length=0 -fdebug-prefix-map=/tmp/go-build082816399/b056=/tmp/go-build -gno-record-gcc-switches -o /tmp/go-build082816399/b056/_cgo_.o /tmp/go-build082816399/b056/_cgo_main.o /tmp/go-build082816399/b056/_x001.o /tmp/go-build082816399/b056/_x002.o /tmp/go-build082816399/b056/_x003.o /tmp/go-build082816399/b056/_x004.o /tmp/go-build082816399/b056/_x005.o /tmp/go-build082816399/b056/_x006.o /tmp/go-build082816399/b056/_x007.o /tmp/go-build082816399/b056/_x008.o /tmp/go-build082816399/b056/_x009.o /tmp/go-build082816399/b056/_x010.o /tmp/go-build082816399/b056/_x011.o /tmp/go-build082816399/b056/_x012.o -g -O2 -lpthread
<.> /usr/pkgsrc/category/go-uuid-myesui/work/.gcc/bin/gcc -fcommon -m64 -I/usr/pkgsrc/category/go-uuid-myesui/work/.buildlink/go115/src/runtime/cgo -fPIC -m64 -pthread -fmessage-length=0 -fdebug-prefix-map=/tmp/go-build082816399/b056=/tmp/go-build -gno-record-gcc-switches -o /tmp/go-build082816399/b056/_cgo_.o /tmp/go-build082816399/b056/_cgo_main.o /tmp/go-build082816399/b056/_x001.o /tmp/go-build082816399/b056/_x002.o /tmp/go-build082816399/b056/_x003.o /tmp/go-build082816399/b056/_x004.o /tmp/go-build082816399/b056/_x005.o /tmp/go-build082816399/b056/_x006.o /tmp/go-build082816399/b056/_x007.o /tmp/go-build082816399/b056/_x008.o /tmp/go-build082816399/b056/_x009.o /tmp/go-build082816399/b056/_x010.o /tmp/go-build082816399/b056/_x011.o /tmp/go-build082816399/b056/_x012.o -g -O2 -lpthread -D_FORTIFY_SOURCE=2 -I/usr/pkgsrc/category/go-uuid-myesui/work/.buildlink/include
[*] cc -E -dM -m64 -I /tmp/go-build082816399/b052/ -O2 -I . /tmp/cgo-gcc-input-070998786.c
<.> /usr/pkgsrc/category/go-uuid-myesui/work/.gcc/bin/gcc -fcommon -m64 -E -dM -m64 -O2 -I. /tmp/cgo-gcc-input-070998786.c -D_FORTIFY_SOURCE=2 -I/usr/pkgsrc/category/go-uuid-myesui/work/.buildlink/include
[*] cc -E -dM -m64 -I /tmp/go-build082816399/b052/ -O2 -I . /tmp/cgo-gcc-input-617055353.c
<.> /usr/pkgsrc/category/go-uuid-myesui/work/.gcc/bin/gcc -fcommon -m64 -E -dM -m64 -O2 -I. /tmp/cgo-gcc-input-617055353.c -D_FORTIFY_SOURCE=2 -I/usr/pkgsrc/category/go-uuid-myesui/work/.buildlink/include
[*] cc -w -Wno-error -o/tmp/go-build082816399/b052//_cgo_.o -gdwarf-2 -c -I /tmp/go-build082816399/b052/ -m64 -O0 -I . /tmp/cgo-gcc-input-509758340.c
<.> /usr/pkgsrc/category/go-uuid-myesui/work/.gcc/bin/gcc -fcommon -m64 -Wno-error -o/tmp/go-build082816399/b052//_cgo_.o -gdwarf-2 -c -m64 -O0 -I. /tmp/cgo-gcc-input-509758340.c -D_FORTIFY_SOURCE=2 -I/usr/pkgsrc/category/go-uuid-myesui/work/.buildlink/include
[*] cc -w -Wno-error -o/tmp/go-build082816399/b052//_cgo_.o -gdwarf-2 -c -I /tmp/go-build082816399/b052/ -O2 -m64 -I . /tmp/cgo-gcc-input-574264083.c
<.> /usr/pkgsrc/category/go-uuid-myesui/work/.gcc/bin/gcc -fcommon -m64 -Wno-error -o/tmp/go-build082816399/b052//_cgo_.o -gdwarf-2 -c -O2 -m64 -I. /tmp/cgo-gcc-input-574264083.c -D_FORTIFY_SOURCE=2 -I/usr/pkgsrc/category/go-uuid-myesui/work/.buildlink/include
[*] cc -w -Wno-error -o/tmp/go-build082816399/b052//_cgo_.o -gdwarf-2 -c -I /tmp/go-build082816399/b052/ -m64 -O0 -I . /tmp/cgo-gcc-input-274197846.c
<.> /usr/pkgsrc/category/go-uuid-myesui/work/.gcc/bin/gcc -fcommon -m64 -Wno-error -o/tmp/go-build082816399/b052//_cgo_.o -gdwarf-2 -c -m64 -O0 -I. /tmp/cgo-gcc-input-274197846.c -D_FORTIFY_SOURCE=2 -I/usr/pkgsrc/category/go-uuid-myesui/work/.buildlink/include
[*] cc -w -Wno-error -o/tmp/go-build082816399/b052//_cgo_.o -gdwarf-2 -c -I /tmp/go-build082816399/b052/ -O2 -m64 -I . /tmp/cgo-gcc-input-562874557.c
<.> /usr/pkgsrc/category/go-uuid-myesui/work/.gcc/bin/gcc -fcommon -m64 -Wno-error -o/tmp/go-build082816399/b052//_cgo_.o -gdwarf-2 -c -O2 -m64 -I. /tmp/cgo-gcc-input-562874557.c -D_FORTIFY_SOURCE=2 -I/usr/pkgsrc/category/go-uuid-myesui/work/.buildlink/include
[*] cc -E -dM -m64 -I /tmp/go-build082816399/b052/ -O2 -I . /tmp/cgo-gcc-input-735043320.c
<.> /usr/pkgsrc/category/go-uuid-myesui/work/.gcc/bin/gcc -fcommon -m64 -E -dM -m64 -O2 -I. /tmp/cgo-gcc-input-735043320.c -D_FORTIFY_SOURCE=2 -I/usr/pkgsrc/category/go-uuid-myesui/work/.buildlink/include
[*] cc -w -Wno-error -o/tmp/go-build082816399/b052//_cgo_.o -gdwarf-2 -c -I /tmp/go-build082816399/b052/ -O2 -m64 -I . /tmp/cgo-gcc-input-921451511.c
<.> /usr/pkgsrc/category/go-uuid-myesui/work/.gcc/bin/gcc -fcommon -m64 -Wno-error -o/tmp/go-build082816399/b052//_cgo_.o -gdwarf-2 -c -O2 -m64 -I. /tmp/cgo-gcc-input-921451511.c -D_FORTIFY_SOURCE=2 -I/usr/pkgsrc/category/go-uuid-myesui/work/.buildlink/include
[*] cc -w -Wno-error -o/tmp/go-build082816399/b052//_cgo_.o -gdwarf-2 -c -I /tmp/go-build082816399/b052/ -m64 -O0 -I . /tmp/cgo-gcc-input-232744170.c
<.> /usr/pkgsrc/category/go-uuid-myesui/work/.gcc/bin/gcc -fcommon -m64 -Wno-error -o/tmp/go-build082816399/b052//_cgo_.o -gdwarf-2 -c -m64 -O0 -I. /tmp/cgo-gcc-input-232744170.c -D_FORTIFY_SOURCE=2 -I/usr/pkgsrc/category/go-uuid-myesui/work/.buildlink/include
[*] cc -w -Wno-error -o/tmp/go-build082816399/b052//_cgo_.o -gdwarf-2 -c -I /tmp/go-build082816399/b052/ -O2 -m64 -I . /tmp/cgo-gcc-input-992907585.c
<.> /usr/pkgsrc/category/go-uuid-myesui/work/.gcc/bin/gcc -fcommon -m64 -Wno-error -o/tmp/go-build082816399/b052//_cgo_.o -gdwarf-2 -c -O2 -m64 -I. /tmp/cgo-gcc-input-992907585.c -D_FORTIFY_SOURCE=2 -I/usr/pkgsrc/category/go-uuid-myesui/work/.buildlink/include
[*] cc -E -dM -m64 -I /tmp/go-build082816399/b052/ -O2 -I . /tmp/cgo-gcc-input-211423660.c
<.> /usr/pkgsrc/category/go-uuid-myesui/work/.gcc/bin/gcc -fcommon -m64 -E -dM -m64 -O2 -I. /tmp/cgo-gcc-input-211423660.c -D_FORTIFY_SOURCE=2 -I/usr/pkgsrc/category/go-uuid-myesui/work/.buildlink/include
[*] cc -w -Wno-error -o/tmp/go-build082816399/b052//_cgo_.o -gdwarf-2 -c -I /tmp/go-build082816399/b052/ -m64 -O0 -I . /tmp/cgo-gcc-input-994301211.c
<.> /usr/pkgsrc/category/go-uuid-myesui/work/.gcc/bin/gcc -fcommon -m64 -Wno-error -o/tmp/go-build082816399/b052//_cgo_.o -gdwarf-2 -c -m64 -O0 -I. /tmp/cgo-gcc-input-994301211.c -D_FORTIFY_SOURCE=2 -I/usr/pkgsrc/category/go-uuid-myesui/work/.buildlink/include
[*] cc -w -Wno-error -o/tmp/go-build082816399/b052//_cgo_.o -gdwarf-2 -c -I /tmp/go-build082816399/b052/ -O2 -m64 -I . /tmp/cgo-gcc-input-028435390.c
<.> /usr/pkgsrc/category/go-uuid-myesui/work/.gcc/bin/gcc -fcommon -m64 -Wno-error -o/tmp/go-build082816399/b052//_cgo_.o -gdwarf-2 -c -O2 -m64 -I. /tmp/cgo-gcc-input-028435390.c -D_FORTIFY_SOURCE=2 -I/usr/pkgsrc/category/go-uuid-myesui/work/.buildlink/include
[*] cc -w -Wno-error -o/tmp/go-build082816399/b052//_cgo_.o -gdwarf-2 -c -I /tmp/go-build082816399/b052/ -m64 -O0 -I . /tmp/cgo-gcc-input-639909893.c
<.> /usr/pkgsrc/category/go-uuid-myesui/work/.gcc/bin/gcc -fcommon -m64 -Wno-error -o/tmp/go-build082816399/b052//_cgo_.o -gdwarf-2 -c -m64 -O0 -I. /tmp/cgo-gcc-input-639909893.c -D_FORTIFY_SOURCE=2 -I/usr/pkgsrc/category/go-uuid-myesui/work/.buildlink/include
[*] cc -w -Wno-error -o/tmp/go-build082816399/b052//_cgo_.o -gdwarf-2 -c -I /tmp/go-build082816399/b052/ -O2 -m64 -I . /tmp/cgo-gcc-input-729076640.c
<.> /usr/pkgsrc/category/go-uuid-myesui/work/.gcc/bin/gcc -fcommon -m64 -Wno-error -o/tmp/go-build082816399/b052//_cgo_.o -gdwarf-2 -c -O2 -m64 -I. /tmp/cgo-gcc-input-729076640.c -D_FORTIFY_SOURCE=2 -I/usr/pkgsrc/category/go-uuid-myesui/work/.buildlink/include
[*] cc -I /usr/pkg/go115/src/net -fPIC -m64 -pthread -fmessage-length=0 -fdebug-prefix-map=/tmp/go-build082816399/b052=/tmp/go-build -gno-record-gcc-switches -I /tmp/go-build082816399/b052/ -g -O2 -o /tmp/go-build082816399/b052/_x001.o -c _cgo_export.c
<.> /usr/pkgsrc/category/go-uuid-myesui/work/.gcc/bin/gcc -fcommon -m64 -I/usr/pkgsrc/category/go-uuid-myesui/work/.buildlink/go115/src/net -fPIC -m64 -pthread -fmessage-length=0 -fdebug-prefix-map=/tmp/go-build082816399/b052=/tmp/go-build -gno-record-gcc-switches -g -O2 -o /tmp/go-build082816399/b052/_x001.o -c _cgo_export.c -D_FORTIFY_SOURCE=2 -I/usr/pkgsrc/category/go-uuid-myesui/work/.buildlink/include
[*] cc -I /usr/pkg/go115/src/net -fPIC -m64 -pthread -fmessage-length=0 -fdebug-prefix-map=/tmp/go-build082816399/b052=/tmp/go-build -gno-record-gcc-switches -I /tmp/go-build082816399/b052/ -g -O2 -o /tmp/go-build082816399/b052/_x002.o -c cgo_linux.cgo2.c
<.> /usr/pkgsrc/category/go-uuid-myesui/work/.gcc/bin/gcc -fcommon -m64 -I/usr/pkgsrc/category/go-uuid-myesui/work/.buildlink/go115/src/net -fPIC -m64 -pthread -fmessage-length=0 -fdebug-prefix-map=/tmp/go-build082816399/b052=/tmp/go-build -gno-record-gcc-switches -g -O2 -o /tmp/go-build082816399/b052/_x002.o -c cgo_linux.cgo2.c -D_FORTIFY_SOURCE=2 -I/usr/pkgsrc/category/go-uuid-myesui/work/.buildlink/include
[*] cc -I /usr/pkg/go115/src/net -fPIC -m64 -pthread -fmessage-length=0 -fdebug-prefix-map=/tmp/go-build082816399/b052=/tmp/go-build -gno-record-gcc-switches -I /tmp/go-build082816399/b052/ -g -O2 -o /tmp/go-build082816399/b052/_x003.o -c cgo_resnew.cgo2.c
<.> /usr/pkgsrc/category/go-uuid-myesui/work/.gcc/bin/gcc -fcommon -m64 -I/usr/pkgsrc/category/go-uuid-myesui/work/.buildlink/go115/src/net -fPIC -m64 -pthread -fmessage-length=0 -fdebug-prefix-map=/tmp/go-build082816399/b052=/tmp/go-build -gno-record-gcc-switches -g -O2 -o /tmp/go-build082816399/b052/_x003.o -c cgo_resnew.cgo2.c -D_FORTIFY_SOURCE=2 -I/usr/pkgsrc/category/go-uuid-myesui/work/.buildlink/include
[*] cc -I /usr/pkg/go115/src/net -fPIC -m64 -pthread -fmessage-length=0 -fdebug-prefix-map=/tmp/go-build082816399/b052=/tmp/go-build -gno-record-gcc-switches -I /tmp/go-build082816399/b052/ -g -O2 -o /tmp/go-build082816399/b052/_x004.o -c cgo_socknew.cgo2.c
<.> /usr/pkgsrc/category/go-uuid-myesui/work/.gcc/bin/gcc -fcommon -m64 -I/usr/pkgsrc/category/go-uuid-myesui/work/.buildlink/go115/src/net -fPIC -m64 -pthread -fmessage-length=0 -fdebug-prefix-map=/tmp/go-build082816399/b052=/tmp/go-build -gno-record-gcc-switches -g -O2 -o /tmp/go-build082816399/b052/_x004.o -c cgo_socknew.cgo2.c -D_FORTIFY_SOURCE=2 -I/usr/pkgsrc/category/go-uuid-myesui/work/.buildlink/include
[*] cc -I /usr/pkg/go115/src/net -fPIC -m64 -pthread -fmessage-length=0 -fdebug-prefix-map=/tmp/go-build082816399/b052=/tmp/go-build -gno-record-gcc-switches -I /tmp/go-build082816399/b052/ -g -O2 -o /tmp/go-build082816399/b052/_x005.o -c cgo_unix.cgo2.c
<.> /usr/pkgsrc/category/go-uuid-myesui/work/.gcc/bin/gcc -fcommon -m64 -I/usr/pkgsrc/category/go-uuid-myesui/work/.buildlink/go115/src/net -fPIC -m64 -pthread -fmessage-length=0 -fdebug-prefix-map=/tmp/go-build082816399/b052=/tmp/go-build -gno-record-gcc-switches -g -O2 -o /tmp/go-build082816399/b052/_x005.o -c cgo_unix.cgo2.c -D_FORTIFY_SOURCE=2 -I/usr/pkgsrc/category/go-uuid-myesui/work/.buildlink/include
[*] cc -I /usr/pkg/go115/src/net -fPIC -m64 -pthread -fmessage-length=0 -fdebug-prefix-map=/tmp/go-build082816399/b052=/tmp/go-build -gno-record-gcc-switches -I /tmp/go-build082816399/b052/ -g -O2 -o /tmp/go-build082816399/b052/_cgo_main.o -c _cgo_main.c
<.> /usr/pkgsrc/category/go-uuid-myesui/work/.gcc/bin/gcc -fcommon -m64 -I/usr/pkgsrc/category/go-uuid-myesui/work/.buildlink/go115/src/net -fPIC -m64 -pthread -fmessage-length=0 -fdebug-prefix-map=/tmp/go-build082816399/b052=/tmp/go-build -gno-record-gcc-switches -g -O2 -o /tmp/go-build082816399/b052/_cgo_main.o -c _cgo_main.c -D_FORTIFY_SOURCE=2 -I/usr/pkgsrc/category/go-uuid-myesui/work/.buildlink/include
[*] cc -I /usr/pkg/go115/src/net -fPIC -m64 -pthread -fmessage-length=0 -fdebug-prefix-map=/tmp/go-build082816399/b052=/tmp/go-build -gno-record-gcc-switches -o /tmp/go-build082816399/b052/_cgo_.o /tmp/go-build082816399/b052/_cgo_main.o /tmp/go-build082816399/b052/_x001.o /tmp/go-build082816399/b052/_x002.o /tmp/go-build082816399/b052/_x003.o /tmp/go-build082816399/b052/_x004.o /tmp/go-build082816399/b052/_x005.o -g -O2
<.> /usr/pkgsrc/category/go-uuid-myesui/work/.gcc/bin/gcc -fcommon -m64 -I/usr/pkgsrc/category/go-uuid-myesui/work/.buildlink/go115/src/net -fPIC -m64 -pthread -fmessage-length=0 -fdebug-prefix-map=/tmp/go-build082816399/b052=/tmp/go-build -gno-record-gcc-switches -o /tmp/go-build082816399/b052/_cgo_.o /tmp/go-build082816399/b052/_cgo_main.o /tmp/go-build082816399/b052/_x001.o /tmp/go-build082816399/b052/_x002.o /tmp/go-build082816399/b052/_x003.o /tmp/go-build082816399/b052/_x004.o /tmp/go-build082816399/b052/_x005.o -g -O2 -D_FORTIFY_SOURCE=2 -I/usr/pkgsrc/category/go-uuid-myesui/work/.buildlink/include
[*] /usr/pkgsrc/category/go-uuid-myesui/work/.tools/bin/true
<.> true 
[*] /usr/pkgsrc/category/go-uuid-myesui/work/.tools/bin/true
<.> true 
[*] /usr/pkgsrc/category/go-uuid-myesui/work/.tools/bin/true
<.> true 
[*] /usr/pkgsrc/category/go-uuid-myesui/work/.tools/bin/true
<.> true 
[*] /usr/pkgsrc/category/go-uuid-myesui/work/.tools/bin/true
<.> true 
[*] /usr/pkgsrc/category/go-uuid-myesui/work/.tools/bin/true
<.> true 
[*] /usr/pkgsrc/category/go-uuid-myesui/work/.tools/bin/true
<.> true 
