[*] /usr/pkgsrc/category/pulseaudio-qt/work/.tools/bin/true
<.> true 
[*] /usr/pkgsrc/category/pulseaudio-qt/work/.tools/bin/true
<.> true 
[*] /usr/pkgsrc/category/pulseaudio-qt/work/.tools/bin/true
<.> true 
[*] /usr/pkgsrc/category/pulseaudio-qt/work/.tools/bin/true
<.> true 
[*] /usr/pkgsrc/category/pulseaudio-qt/work/.tools/bin/true
<.> true 
[*] /usr/pkgsrc/category/pulseaudio-qt/work/.tools/bin/true
<.> true 
[*] /usr/pkgsrc/category/pulseaudio-qt/work/.tools/bin/true
<.> true 
[*] /usr/pkgsrc/category/pulseaudio-qt/work/.tools/bin/true
<.> true 
[*] /usr/pkgsrc/category/pulseaudio-qt/work/.tools/bin/true
<.> true 
[*] /usr/pkgsrc/category/pulseaudio-qt/work/.tools/bin/true
<.> true 
[*] /usr/pkgsrc/category/pulseaudio-qt/work/.tools/bin/true
<.> true 
[*] /usr/pkgsrc/category/pulseaudio-qt/work/.tools/bin/true
<.> true 
[*] /usr/pkgsrc/category/pulseaudio-qt/work/.tools/bin/true
<.> true 
[*] /usr/pkgsrc/category/pulseaudio-qt/work/.tools/bin/true
<.> true 
[*] /usr/pkgsrc/category/pulseaudio-qt/work/.tools/bin/true
<.> true 
[*] /usr/pkgsrc/category/pulseaudio-qt/work/.tools/bin/true
<.> true 
[*] /usr/pkgsrc/category/pulseaudio-qt/work/.tools/bin/true
<.> true 
[*] /usr/pkgsrc/category/pulseaudio-qt/work/.tools/bin/true
<.> true 
[*] /usr/pkgsrc/category/pulseaudio-qt/work/.tools/bin/true
<.> true 
[*] /usr/pkgsrc/category/pulseaudio-qt/work/.tools/bin/true
<.> true 
[*] /usr/pkgsrc/category/pulseaudio-qt/work/.tools/bin/true
<.> true 
[*] cc -O2 -D_FORTIFY_SOURCE=2 CMakeCCompilerId.c
<.> /usr/pkgsrc/category/pulseaudio-qt/work/.gcc/bin/gcc -fcommon -m64 -O2 -D_FORTIFY_SOURCE=2 CMakeCCompilerId.c -D_FORTIFY_SOURCE=2 -fstack-protector -I/usr/pkgsrc/category/pulseaudio-qt/work/.buildlink/include
[*] c++ -O2 -D_FORTIFY_SOURCE=2 CMakeCXXCompilerId.cpp
<.> /usr/pkgsrc/category/pulseaudio-qt/work/.gcc/bin/g++ -m64 -O2 -D_FORTIFY_SOURCE=2 CMakeCXXCompilerId.cpp -fstack-protector -I/usr/pkgsrc/category/pulseaudio-qt/work/.buildlink/include
[*] cc -O2 -D_FORTIFY_SOURCE=2 -o CMakeFiles/cmTC_5055a.dir/testCCompiler.c.o -c /usr/pkgsrc/category/pulseaudio-qt/work/pulseaudio-qt-1.2.0/CMakeFiles/CMakeTmp/testCCompiler.c
<.> /usr/pkgsrc/category/pulseaudio-qt/work/.gcc/bin/gcc -fcommon -m64 -O2 -D_FORTIFY_SOURCE=2 -o CMakeFiles/cmTC_5055a.dir/testCCompiler.c.o -c /usr/pkgsrc/category/pulseaudio-qt/work/pulseaudio-qt-1.2.0/CMakeFiles/CMakeTmp/testCCompiler.c -D_FORTIFY_SOURCE=2 -fstack-protector -I/usr/pkgsrc/category/pulseaudio-qt/work/.buildlink/include
[*] cc -O2 -D_FORTIFY_SOURCE=2 -Wl,-z,relro -Wl,-z,now -Wl,-R/usr/pkg/lib -rdynamic CMakeFiles/cmTC_5055a.dir/testCCompiler.c.o -o cmTC_5055a
<.> /usr/pkgsrc/category/pulseaudio-qt/work/.gcc/bin/gcc -fcommon -m64 -O2 -D_FORTIFY_SOURCE=2 -Wl,-z -Wl,relro -Wl,-z -Wl,now -Wl,-rpath,/usr/pkg/lib -rdynamic CMakeFiles/cmTC_5055a.dir/testCCompiler.c.o -o cmTC_5055a -D_FORTIFY_SOURCE=2 -fstack-protector -I/usr/pkgsrc/category/pulseaudio-qt/work/.buildlink/include
[*] cc -O2 -D_FORTIFY_SOURCE=2 -v -o CMakeFiles/cmTC_fa338.dir/CMakeCCompilerABI.c.o -c /usr/pkg/share/cmake-3.17/Modules/CMakeCCompilerABI.c
<.> /usr/pkgsrc/category/pulseaudio-qt/work/.gcc/bin/gcc -fcommon -m64 -O2 -D_FORTIFY_SOURCE=2 -v -o CMakeFiles/cmTC_fa338.dir/CMakeCCompilerABI.c.o -c /usr/pkg/share/cmake-3.17/Modules/CMakeCCompilerABI.c -D_FORTIFY_SOURCE=2 -fstack-protector -I/usr/pkgsrc/category/pulseaudio-qt/work/.buildlink/include
[*] cc -O2 -D_FORTIFY_SOURCE=2 -Wl,-z,relro -Wl,-z,now -Wl,-R/usr/pkg/lib -v -rdynamic CMakeFiles/cmTC_fa338.dir/CMakeCCompilerABI.c.o -o cmTC_fa338
<.> /usr/pkgsrc/category/pulseaudio-qt/work/.gcc/bin/gcc -fcommon -m64 -O2 -D_FORTIFY_SOURCE=2 -Wl,-z -Wl,relro -Wl,-z -Wl,now -Wl,-rpath,/usr/pkg/lib -v -rdynamic CMakeFiles/cmTC_fa338.dir/CMakeCCompilerABI.c.o -o cmTC_fa338 -D_FORTIFY_SOURCE=2 -fstack-protector -I/usr/pkgsrc/category/pulseaudio-qt/work/.buildlink/include
[*] c++ -O2 -D_FORTIFY_SOURCE=2 -o CMakeFiles/cmTC_cb678.dir/testCXXCompiler.cxx.o -c /usr/pkgsrc/category/pulseaudio-qt/work/pulseaudio-qt-1.2.0/CMakeFiles/CMakeTmp/testCXXCompiler.cxx
<.> /usr/pkgsrc/category/pulseaudio-qt/work/.gcc/bin/g++ -m64 -O2 -D_FORTIFY_SOURCE=2 -o CMakeFiles/cmTC_cb678.dir/testCXXCompiler.cxx.o -c /usr/pkgsrc/category/pulseaudio-qt/work/pulseaudio-qt-1.2.0/CMakeFiles/CMakeTmp/testCXXCompiler.cxx -fstack-protector -I/usr/pkgsrc/category/pulseaudio-qt/work/.buildlink/include
[*] c++ -O2 -D_FORTIFY_SOURCE=2 -Wl,-z,relro -Wl,-z,now -Wl,-R/usr/pkg/lib -rdynamic CMakeFiles/cmTC_cb678.dir/testCXXCompiler.cxx.o -o cmTC_cb678
<.> /usr/pkgsrc/category/pulseaudio-qt/work/.gcc/bin/g++ -m64 -O2 -D_FORTIFY_SOURCE=2 -Wl,-z -Wl,relro -Wl,-z -Wl,now -Wl,-rpath,/usr/pkg/lib -rdynamic CMakeFiles/cmTC_cb678.dir/testCXXCompiler.cxx.o -o cmTC_cb678 -fstack-protector -I/usr/pkgsrc/category/pulseaudio-qt/work/.buildlink/include
[*] c++ -O2 -D_FORTIFY_SOURCE=2 -v -o CMakeFiles/cmTC_b4f98.dir/CMakeCXXCompilerABI.cpp.o -c /usr/pkg/share/cmake-3.17/Modules/CMakeCXXCompilerABI.cpp
<.> /usr/pkgsrc/category/pulseaudio-qt/work/.gcc/bin/g++ -m64 -O2 -D_FORTIFY_SOURCE=2 -v -o CMakeFiles/cmTC_b4f98.dir/CMakeCXXCompilerABI.cpp.o -c /usr/pkg/share/cmake-3.17/Modules/CMakeCXXCompilerABI.cpp -fstack-protector -I/usr/pkgsrc/category/pulseaudio-qt/work/.buildlink/include
[*] c++ -O2 -D_FORTIFY_SOURCE=2 -Wl,-z,relro -Wl,-z,now -Wl,-R/usr/pkg/lib -v -rdynamic CMakeFiles/cmTC_b4f98.dir/CMakeCXXCompilerABI.cpp.o -o cmTC_b4f98
<.> /usr/pkgsrc/category/pulseaudio-qt/work/.gcc/bin/g++ -m64 -O2 -D_FORTIFY_SOURCE=2 -Wl,-z -Wl,relro -Wl,-z -Wl,now -Wl,-rpath,/usr/pkg/lib -v -rdynamic CMakeFiles/cmTC_b4f98.dir/CMakeCXXCompilerABI.cpp.o -o cmTC_b4f98 -fstack-protector -I/usr/pkgsrc/category/pulseaudio-qt/work/.buildlink/include
[*] cc -O2 -D_FORTIFY_SOURCE=2 -o CMakeFiles/cmTC_72ea2.dir/CheckSymbolExists.c.o -c /usr/pkgsrc/category/pulseaudio-qt/work/pulseaudio-qt-1.2.0/CMakeFiles/CMakeTmp/CheckSymbolExists.c
<.> /usr/pkgsrc/category/pulseaudio-qt/work/.gcc/bin/gcc -fcommon -m64 -O2 -D_FORTIFY_SOURCE=2 -o CMakeFiles/cmTC_72ea2.dir/CheckSymbolExists.c.o -c /usr/pkgsrc/category/pulseaudio-qt/work/pulseaudio-qt-1.2.0/CMakeFiles/CMakeTmp/CheckSymbolExists.c -D_FORTIFY_SOURCE=2 -fstack-protector -I/usr/pkgsrc/category/pulseaudio-qt/work/.buildlink/include
[*] cc -O2 -D_FORTIFY_SOURCE=2 -Wl,-z,relro -Wl,-z,now -Wl,-R/usr/pkg/lib -rdynamic CMakeFiles/cmTC_72ea2.dir/CheckSymbolExists.c.o -o cmTC_72ea2
<.> /usr/pkgsrc/category/pulseaudio-qt/work/.gcc/bin/gcc -fcommon -m64 -O2 -D_FORTIFY_SOURCE=2 -Wl,-z -Wl,relro -Wl,-z -Wl,now -Wl,-rpath,/usr/pkg/lib -rdynamic CMakeFiles/cmTC_72ea2.dir/CheckSymbolExists.c.o -o cmTC_72ea2 -D_FORTIFY_SOURCE=2 -fstack-protector -I/usr/pkgsrc/category/pulseaudio-qt/work/.buildlink/include
[*] c++ -D_GNU_SOURCE -D_LARGEFILE64_SOURCE -O2 -D_FORTIFY_SOURCE=2 -D_OFFT_IS_64BIT -o CMakeFiles/cmTC_d13bf.dir/src.cxx.o -c /usr/pkgsrc/category/pulseaudio-qt/work/pulseaudio-qt-1.2.0/CMakeFiles/CMakeTmp/src.cxx
<.> /usr/pkgsrc/category/pulseaudio-qt/work/.gcc/bin/g++ -m64 -D_GNU_SOURCE -D_LARGEFILE64_SOURCE -O2 -D_FORTIFY_SOURCE=2 -D_OFFT_IS_64BIT -o CMakeFiles/cmTC_d13bf.dir/src.cxx.o -c /usr/pkgsrc/category/pulseaudio-qt/work/pulseaudio-qt-1.2.0/CMakeFiles/CMakeTmp/src.cxx -fstack-protector -I/usr/pkgsrc/category/pulseaudio-qt/work/.buildlink/include
[*] c++ -O2 -D_FORTIFY_SOURCE=2 -D_OFFT_IS_64BIT -Wl,-z,relro -Wl,-z,now -Wl,-R/usr/pkg/lib -rdynamic CMakeFiles/cmTC_d13bf.dir/src.cxx.o -o cmTC_d13bf
<.> /usr/pkgsrc/category/pulseaudio-qt/work/.gcc/bin/g++ -m64 -O2 -D_FORTIFY_SOURCE=2 -D_OFFT_IS_64BIT -Wl,-z -Wl,relro -Wl,-z -Wl,now -Wl,-rpath,/usr/pkg/lib -rdynamic CMakeFiles/cmTC_d13bf.dir/src.cxx.o -o cmTC_d13bf -fstack-protector -I/usr/pkgsrc/category/pulseaudio-qt/work/.buildlink/include
[*] c++ -O2 -D_FORTIFY_SOURCE=2 -fno-operator-names -fno-exceptions -Wall -Wextra -Wcast-align -Wchar-subscripts -Wformat-security -Wno-long-long -Wpointer-arith -Wundef -Wnon-virtual-dtor -Woverloaded-virtual -Werror=return-type -Wvla -DHAVE_DATE_TIME -Wdate-time -o CMakeFiles/cmTC_71c98.dir/src.cxx.o -c /usr/pkgsrc/category/pulseaudio-qt/work/pulseaudio-qt-1.2.0/CMakeFiles/CMakeTmp/src.cxx
<.> /usr/pkgsrc/category/pulseaudio-qt/work/.gcc/bin/g++ -m64 -O2 -D_FORTIFY_SOURCE=2 -fno-operator-names -fno-exceptions -Wall -Wextra -Wcast-align -Wchar-subscripts -Wformat-security -Wno-long-long -Wpointer-arith -Wundef -Wnon-virtual-dtor -Woverloaded-virtual -Werror=return-type -Wvla -DHAVE_DATE_TIME -Wdate-time -o CMakeFiles/cmTC_71c98.dir/src.cxx.o -c /usr/pkgsrc/category/pulseaudio-qt/work/pulseaudio-qt-1.2.0/CMakeFiles/CMakeTmp/src.cxx -fstack-protector -I/usr/pkgsrc/category/pulseaudio-qt/work/.buildlink/include
[*] c++ -O2 -D_FORTIFY_SOURCE=2 -fno-operator-names -fno-exceptions -Wall -Wextra -Wcast-align -Wchar-subscripts -Wformat-security -Wno-long-long -Wpointer-arith -Wundef -Wnon-virtual-dtor -Woverloaded-virtual -Werror=return-type -Wvla -DHAVE_DATE_TIME -Wl,-z,relro -Wl,-z,now -Wl,-R/usr/pkg/lib -rdynamic CMakeFiles/cmTC_71c98.dir/src.cxx.o -o cmTC_71c98
<.> /usr/pkgsrc/category/pulseaudio-qt/work/.gcc/bin/g++ -m64 -O2 -D_FORTIFY_SOURCE=2 -fno-operator-names -fno-exceptions -Wall -Wextra -Wcast-align -Wchar-subscripts -Wformat-security -Wno-long-long -Wpointer-arith -Wundef -Wnon-virtual-dtor -Woverloaded-virtual -Werror=return-type -Wvla -DHAVE_DATE_TIME -Wl,-z -Wl,relro -Wl,-z -Wl,now -Wl,-rpath,/usr/pkg/lib -rdynamic CMakeFiles/cmTC_71c98.dir/src.cxx.o -o cmTC_71c98 -fstack-protector -I/usr/pkgsrc/category/pulseaudio-qt/work/.buildlink/include
