[*] /usr/pkgsrc/category/py-fuse3/work/.tools/bin/true
<.> true 
[*] /usr/pkgsrc/category/py-fuse3/work/.tools/bin/true
<.> true 
[*] /usr/pkgsrc/category/py-fuse3/work/.tools/bin/true
<.> true 
[*] /usr/pkgsrc/category/py-fuse3/work/.tools/bin/true
<.> true 
[*] /usr/pkgsrc/category/py-fuse3/work/.tools/bin/true
<.> true 
[*] /usr/pkgsrc/category/py-fuse3/work/.tools/bin/true
<.> true 
[*] /usr/pkgsrc/category/py-fuse3/work/.tools/bin/true
<.> true 
[*] /usr/pkgsrc/category/py-fuse3/work/.tools/bin/true
<.> true 
[*] /usr/pkgsrc/category/py-fuse3/work/.tools/bin/true
<.> true 
[*] /usr/pkgsrc/category/py-fuse3/work/.tools/bin/true
<.> true 
[*] /usr/pkgsrc/category/py-fuse3/work/.tools/bin/true
<.> true 
[*] /usr/pkgsrc/category/py-fuse3/work/.tools/bin/true
<.> true 
[*] /usr/pkgsrc/category/py-fuse3/work/.tools/bin/true
<.> true 
[*] /usr/pkgsrc/category/py-fuse3/work/.tools/bin/true
<.> true 
[*] /usr/pkgsrc/category/py-fuse3/work/.tools/bin/true
<.> true 
[*] /usr/pkgsrc/category/py-fuse3/work/.tools/bin/true
<.> true 
[*] /usr/pkgsrc/category/py-fuse3/work/.tools/bin/true
<.> true 
[*] /usr/pkgsrc/category/py-fuse3/work/.tools/bin/true
<.> true 
[*] /usr/pkgsrc/category/py-fuse3/work/.tools/bin/true
<.> true 
[*] /usr/pkgsrc/category/py-fuse3/work/.tools/bin/true
<.> true 
[*] /usr/pkgsrc/category/py-fuse3/work/.tools/bin/true
<.> true 
[*] /usr/pkgsrc/category/py-fuse3/work/.tools/bin/true
<.> true 
[*] /usr/pkgsrc/category/py-fuse3/work/.tools/bin/true
<.> true 
[*] /usr/pkgsrc/category/py-fuse3/work/.tools/bin/true
<.> true 
[*] /usr/pkgsrc/category/py-fuse3/work/.tools/bin/true
<.> true 
[*] /usr/pkgsrc/category/py-fuse3/work/.tools/bin/true
<.> true 
[*] /usr/pkgsrc/category/py-fuse3/work/.tools/bin/true
<.> true 
[*] /usr/pkgsrc/category/py-fuse3/work/.tools/bin/true
<.> true 
[*] /usr/pkgsrc/category/py-fuse3/work/.tools/bin/true
<.> true 
[*] /usr/pkgsrc/category/py-fuse3/work/.tools/bin/pkg-config fuse3 --atleast-version 3.2.0
<.> set args fuse3 --atleast-version 3.2.0; shift; PKG_CONFIG_LIBDIR=/usr/pkgsrc/category/py-fuse3/work/.buildlink/lib64/pkgconfig:/usr/pkgsrc/category/py-fuse3/work/.buildlink/lib/pkgconfig:/usr/pkgsrc/category/py-fuse3/work/.buildlink/share/pkgconfig /usr/pkg/bin/pkg-config  "$@"
[*] /usr/pkgsrc/category/py-fuse3/work/.tools/bin/pkg-config --modversion fuse3
<.> set args --modversion fuse3; shift; PKG_CONFIG_LIBDIR=/usr/pkgsrc/category/py-fuse3/work/.buildlink/lib64/pkgconfig:/usr/pkgsrc/category/py-fuse3/work/.buildlink/lib/pkgconfig:/usr/pkgsrc/category/py-fuse3/work/.buildlink/share/pkgconfig /usr/pkg/bin/pkg-config  "$@"
