[*] /usr/pkgsrc/category/nusigma-pyr/work/.tools/bin/true
<.> true 
[*] /usr/pkgsrc/category/nusigma-pyr/work/.tools/bin/true
<.> true 
[*] /usr/pkgsrc/category/nusigma-pyr/work/.tools/bin/true
<.> true 
[*] /usr/pkgsrc/category/nusigma-pyr/work/.tools/bin/true
<.> true 
[*] /usr/pkgsrc/category/nusigma-pyr/work/.tools/bin/true
<.> true 
[*] /usr/pkgsrc/category/nusigma-pyr/work/.tools/bin/true
<.> true 
[*] /usr/pkgsrc/category/nusigma-pyr/work/.tools/bin/true
<.> true 
[*] /usr/pkgsrc/category/nusigma-pyr/work/.tools/bin/true
<.> true 
[*] /usr/pkgsrc/category/nusigma-pyr/work/.tools/bin/true
<.> true 
[*] /usr/pkgsrc/category/nusigma-pyr/work/.tools/bin/true
<.> true 
[*] /usr/pkgsrc/category/nusigma-pyr/work/.tools/bin/true
<.> true 
[*] /usr/pkgsrc/category/nusigma-pyr/work/.tools/bin/true
<.> true 
[*] /usr/pkgsrc/category/nusigma-pyr/work/.tools/bin/true
<.> true 
[*] /usr/pkgsrc/category/nusigma-pyr/work/.tools/bin/true
<.> true 
[*] /usr/pkgsrc/category/nusigma-pyr/work/.tools/bin/true
<.> true 
[*] /usr/pkgsrc/category/nusigma-pyr/work/.tools/bin/true
<.> true 
[*] /usr/pkgsrc/category/nusigma-pyr/work/.tools/bin/true
<.> true 
[*] /usr/pkgsrc/category/nusigma-pyr/work/.tools/bin/true
<.> true 
[*] /usr/pkgsrc/category/nusigma-pyr/work/.tools/bin/true
<.> true 
[*] /usr/pkgsrc/category/nusigma-pyr/work/.tools/bin/true
<.> true 
[*] /usr/pkgsrc/category/nusigma-pyr/work/.tools/bin/true
<.> true 
[*] /usr/pkgsrc/category/nusigma-pyr/work/.tools/bin/mkdir conf17274.dir
<.> /bin/mkdir -p conf17274.dir
[*] /usr/pkgsrc/category/nusigma-pyr/work/.tools/bin/mkdir -p .
<.> /bin/mkdir -p -p .
[*] cc --version
<.> /usr/pkgsrc/category/nusigma-pyr/work/.gcc/bin/gcc -fcommon -m64 --version -D_FORTIFY_SOURCE=2 -fstack-protector -I/usr/pkgsrc/category/nusigma-pyr/work/.buildlink/include
[*] cc -v
<.> /usr/pkgsrc/category/nusigma-pyr/work/.gcc/bin/gcc -fcommon -m64 -v -D_FORTIFY_SOURCE=2 -fstack-protector -I/usr/pkgsrc/category/nusigma-pyr/work/.buildlink/include
[*] cc -V
<.> /usr/pkgsrc/category/nusigma-pyr/work/.gcc/bin/gcc -fcommon -m64 -V -D_FORTIFY_SOURCE=2 -fstack-protector -I/usr/pkgsrc/category/nusigma-pyr/work/.buildlink/include
[*] cc -qversion
<.> /usr/pkgsrc/category/nusigma-pyr/work/.gcc/bin/gcc -fcommon -m64 -qversion -D_FORTIFY_SOURCE=2 -fstack-protector -I/usr/pkgsrc/category/nusigma-pyr/work/.buildlink/include
[*] cc -O2 -D_FORTIFY_SOURCE=2 -Wl,-z,relro -Wl,-z,now -Wl,-R/usr/pkg/lib conftest.c
<.> /usr/pkgsrc/category/nusigma-pyr/work/.gcc/bin/gcc -fcommon -m64 -O2 -D_FORTIFY_SOURCE=2 -Wl,-z -Wl,relro -Wl,-z -Wl,now -Wl,-rpath,/usr/pkg/lib conftest.c -D_FORTIFY_SOURCE=2 -fstack-protector -I/usr/pkgsrc/category/nusigma-pyr/work/.buildlink/include
[*] cc -o conftest -O2 -D_FORTIFY_SOURCE=2 -Wl,-z,relro -Wl,-z,now -Wl,-R/usr/pkg/lib conftest.c
<.> /usr/pkgsrc/category/nusigma-pyr/work/.gcc/bin/gcc -fcommon -m64 -o conftest -O2 -D_FORTIFY_SOURCE=2 -Wl,-z -Wl,relro -Wl,-z -Wl,now -Wl,-rpath,/usr/pkg/lib conftest.c -D_FORTIFY_SOURCE=2 -fstack-protector -I/usr/pkgsrc/category/nusigma-pyr/work/.buildlink/include
[*] cc -o conftest -O2 -D_FORTIFY_SOURCE=2 -Wl,-z,relro -Wl,-z,now -Wl,-R/usr/pkg/lib conftest.c
<.> /usr/pkgsrc/category/nusigma-pyr/work/.gcc/bin/gcc -fcommon -m64 -o conftest -O2 -D_FORTIFY_SOURCE=2 -Wl,-z -Wl,relro -Wl,-z -Wl,now -Wl,-rpath,/usr/pkg/lib conftest.c -D_FORTIFY_SOURCE=2 -fstack-protector -I/usr/pkgsrc/category/nusigma-pyr/work/.buildlink/include
[*] cc -c -O2 -D_FORTIFY_SOURCE=2 conftest.c
<.> /usr/pkgsrc/category/nusigma-pyr/work/.gcc/bin/gcc -fcommon -m64 -c -O2 -D_FORTIFY_SOURCE=2 conftest.c -D_FORTIFY_SOURCE=2 -fstack-protector -I/usr/pkgsrc/category/nusigma-pyr/work/.buildlink/include
[*] cc -c -O2 -D_FORTIFY_SOURCE=2 conftest.c
<.> /usr/pkgsrc/category/nusigma-pyr/work/.gcc/bin/gcc -fcommon -m64 -c -O2 -D_FORTIFY_SOURCE=2 conftest.c -D_FORTIFY_SOURCE=2 -fstack-protector -I/usr/pkgsrc/category/nusigma-pyr/work/.buildlink/include
[*] cc -c -g conftest.c
<.> /usr/pkgsrc/category/nusigma-pyr/work/.gcc/bin/gcc -fcommon -m64 -c -g conftest.c -D_FORTIFY_SOURCE=2 -fstack-protector -I/usr/pkgsrc/category/nusigma-pyr/work/.buildlink/include
[*] cc -c -O2 -D_FORTIFY_SOURCE=2 conftest.c
<.> /usr/pkgsrc/category/nusigma-pyr/work/.gcc/bin/gcc -fcommon -m64 -c -O2 -D_FORTIFY_SOURCE=2 conftest.c -D_FORTIFY_SOURCE=2 -fstack-protector -I/usr/pkgsrc/category/nusigma-pyr/work/.buildlink/include
[*] /usr/pkgsrc/category/nusigma-pyr/work/.tools/bin/echo @@@%%%=make=@@@%%%
<.> echo  @@@%%%=make=@@@%%%
[*] f77 --version
<.> /usr/pkgsrc/category/nusigma-pyr/work/.gcc/bin/gfortran -m64 --version -fstack-protector
[*] f77 -v
<.> /usr/pkgsrc/category/nusigma-pyr/work/.gcc/bin/gfortran -m64 -v -fstack-protector
[*] f77 -V
<.> /usr/pkgsrc/category/nusigma-pyr/work/.gcc/bin/gfortran -m64 -V -fstack-protector
[*] f77 -qversion
<.> /usr/pkgsrc/category/nusigma-pyr/work/.gcc/bin/gfortran -m64 -qversion -fstack-protector
[*] f77 -c conftest.F
<.> /usr/pkgsrc/category/nusigma-pyr/work/.gcc/bin/gfortran -m64 -c conftest.F -fstack-protector
[*] f77 -c -g conftest.f
<.> /usr/pkgsrc/category/nusigma-pyr/work/.gcc/bin/gfortran -m64 -c -g conftest.f -fstack-protector
[*] cc --version
<.> /usr/pkgsrc/category/nusigma-pyr/work/.gcc/bin/gcc -fcommon -m64 --version -D_FORTIFY_SOURCE=2 -fstack-protector -I/usr/pkgsrc/category/nusigma-pyr/work/.buildlink/include
[*] cc -v
<.> /usr/pkgsrc/category/nusigma-pyr/work/.gcc/bin/gcc -fcommon -m64 -v -D_FORTIFY_SOURCE=2 -fstack-protector -I/usr/pkgsrc/category/nusigma-pyr/work/.buildlink/include
[*] cc -V
<.> /usr/pkgsrc/category/nusigma-pyr/work/.gcc/bin/gcc -fcommon -m64 -V -D_FORTIFY_SOURCE=2 -fstack-protector -I/usr/pkgsrc/category/nusigma-pyr/work/.buildlink/include
[*] cc -qversion
<.> /usr/pkgsrc/category/nusigma-pyr/work/.gcc/bin/gcc -fcommon -m64 -qversion -D_FORTIFY_SOURCE=2 -fstack-protector -I/usr/pkgsrc/category/nusigma-pyr/work/.buildlink/include
[*] c++ --version
<.> /usr/pkgsrc/category/nusigma-pyr/work/.gcc/bin/g++ -m64 --version -fstack-protector -I/usr/pkgsrc/category/nusigma-pyr/work/.buildlink/include
[*] c++ -v
<.> /usr/pkgsrc/category/nusigma-pyr/work/.gcc/bin/g++ -m64 -v -fstack-protector -I/usr/pkgsrc/category/nusigma-pyr/work/.buildlink/include
[*] c++ -V
<.> /usr/pkgsrc/category/nusigma-pyr/work/.gcc/bin/g++ -m64 -V -fstack-protector -I/usr/pkgsrc/category/nusigma-pyr/work/.buildlink/include
[*] c++ -qversion
<.> /usr/pkgsrc/category/nusigma-pyr/work/.gcc/bin/g++ -m64 -qversion -fstack-protector -I/usr/pkgsrc/category/nusigma-pyr/work/.buildlink/include
[*] c++ -c -O2 -D_FORTIFY_SOURCE=2 conftest.cpp
<.> /usr/pkgsrc/category/nusigma-pyr/work/.gcc/bin/g++ -m64 -c -O2 -D_FORTIFY_SOURCE=2 conftest.cpp -fstack-protector -I/usr/pkgsrc/category/nusigma-pyr/work/.buildlink/include
[*] c++ -c -g conftest.cpp
<.> /usr/pkgsrc/category/nusigma-pyr/work/.gcc/bin/g++ -m64 -c -g conftest.cpp -fstack-protector -I/usr/pkgsrc/category/nusigma-pyr/work/.buildlink/include
[*] f77 --version
<.> /usr/pkgsrc/category/nusigma-pyr/work/.gcc/bin/gfortran -m64 --version -fstack-protector
[*] f77 -v
<.> /usr/pkgsrc/category/nusigma-pyr/work/.gcc/bin/gfortran -m64 -v -fstack-protector
[*] f77 -V
<.> /usr/pkgsrc/category/nusigma-pyr/work/.gcc/bin/gfortran -m64 -V -fstack-protector
[*] f77 -qversion
<.> /usr/pkgsrc/category/nusigma-pyr/work/.gcc/bin/gfortran -m64 -qversion -fstack-protector
[*] f77 -c -O conftest.F
<.> /usr/pkgsrc/category/nusigma-pyr/work/.gcc/bin/gfortran -m64 -c -O conftest.F -fstack-protector
[*] f77 -c -g conftest.f
<.> /usr/pkgsrc/category/nusigma-pyr/work/.gcc/bin/gfortran -m64 -c -g conftest.f -fstack-protector
[*] cc -o conftest -O2 -D_FORTIFY_SOURCE=2 -Wl,-z,relro -Wl,-z,now -Wl,-R/usr/pkg/lib conftest.c -lds_core
<.> /usr/pkgsrc/category/nusigma-pyr/work/.gcc/bin/gcc -fcommon -m64 -o conftest -O2 -D_FORTIFY_SOURCE=2 -Wl,-z -Wl,relro -Wl,-z -Wl,now -Wl,-rpath,/usr/pkg/lib conftest.c -lds_core -D_FORTIFY_SOURCE=2 -fstack-protector -I/usr/pkgsrc/category/nusigma-pyr/work/.buildlink/include
[*] cc -o conftest -O2 -D_FORTIFY_SOURCE=2 -Wl,-z,relro -Wl,-z,now -Wl,-R/usr/pkg/lib conftest.c -lds_generic_wimp
<.> /usr/pkgsrc/category/nusigma-pyr/work/.gcc/bin/gcc -fcommon -m64 -o conftest -O2 -D_FORTIFY_SOURCE=2 -Wl,-z -Wl,relro -Wl,-z -Wl,now -Wl,-rpath,/usr/pkg/lib conftest.c -lds_generic_wimp -D_FORTIFY_SOURCE=2 -fstack-protector -I/usr/pkgsrc/category/nusigma-pyr/work/.buildlink/include
[*] cc -E conftest.c
<.> /usr/pkgsrc/category/nusigma-pyr/work/.gcc/bin/gcc -fcommon -m64 -E conftest.c -D_FORTIFY_SOURCE=2 -fstack-protector -I/usr/pkgsrc/category/nusigma-pyr/work/.buildlink/include
[*] cc -E conftest.c
<.> /usr/pkgsrc/category/nusigma-pyr/work/.gcc/bin/gcc -fcommon -m64 -E conftest.c -D_FORTIFY_SOURCE=2 -fstack-protector -I/usr/pkgsrc/category/nusigma-pyr/work/.buildlink/include
[*] cc -E conftest.c
<.> /usr/pkgsrc/category/nusigma-pyr/work/.gcc/bin/gcc -fcommon -m64 -E conftest.c -D_FORTIFY_SOURCE=2 -fstack-protector -I/usr/pkgsrc/category/nusigma-pyr/work/.buildlink/include
[*] cc -E conftest.c
<.> /usr/pkgsrc/category/nusigma-pyr/work/.gcc/bin/gcc -fcommon -m64 -E conftest.c -D_FORTIFY_SOURCE=2 -fstack-protector -I/usr/pkgsrc/category/nusigma-pyr/work/.buildlink/include
[*] cc -c -O2 -D_FORTIFY_SOURCE=2 conftest.c
<.> /usr/pkgsrc/category/nusigma-pyr/work/.gcc/bin/gcc -fcommon -m64 -c -O2 -D_FORTIFY_SOURCE=2 conftest.c -D_FORTIFY_SOURCE=2 -fstack-protector -I/usr/pkgsrc/category/nusigma-pyr/work/.buildlink/include
[*] cc -E conftest.c
<.> /usr/pkgsrc/category/nusigma-pyr/work/.gcc/bin/gcc -fcommon -m64 -E conftest.c -D_FORTIFY_SOURCE=2 -fstack-protector -I/usr/pkgsrc/category/nusigma-pyr/work/.buildlink/include
[*] cc -E conftest.c
<.> /usr/pkgsrc/category/nusigma-pyr/work/.gcc/bin/gcc -fcommon -m64 -E conftest.c -D_FORTIFY_SOURCE=2 -fstack-protector -I/usr/pkgsrc/category/nusigma-pyr/work/.buildlink/include
[*] cc -o conftest -O2 -D_FORTIFY_SOURCE=2 -Wl,-z,relro -Wl,-z,now -Wl,-R/usr/pkg/lib conftest.c
<.> /usr/pkgsrc/category/nusigma-pyr/work/.gcc/bin/gcc -fcommon -m64 -o conftest -O2 -D_FORTIFY_SOURCE=2 -Wl,-z -Wl,relro -Wl,-z -Wl,now -Wl,-rpath,/usr/pkg/lib conftest.c -D_FORTIFY_SOURCE=2 -fstack-protector -I/usr/pkgsrc/category/nusigma-pyr/work/.buildlink/include
[*] cc -c -O2 -D_FORTIFY_SOURCE=2 conftest.c
<.> /usr/pkgsrc/category/nusigma-pyr/work/.gcc/bin/gcc -fcommon -m64 -c -O2 -D_FORTIFY_SOURCE=2 conftest.c -D_FORTIFY_SOURCE=2 -fstack-protector -I/usr/pkgsrc/category/nusigma-pyr/work/.buildlink/include
[*] cc -c -O2 -D_FORTIFY_SOURCE=2 conftest.c
<.> /usr/pkgsrc/category/nusigma-pyr/work/.gcc/bin/gcc -fcommon -m64 -c -O2 -D_FORTIFY_SOURCE=2 conftest.c -D_FORTIFY_SOURCE=2 -fstack-protector -I/usr/pkgsrc/category/nusigma-pyr/work/.buildlink/include
[*] cc -c -O2 -D_FORTIFY_SOURCE=2 conftest.c
<.> /usr/pkgsrc/category/nusigma-pyr/work/.gcc/bin/gcc -fcommon -m64 -c -O2 -D_FORTIFY_SOURCE=2 conftest.c -D_FORTIFY_SOURCE=2 -fstack-protector -I/usr/pkgsrc/category/nusigma-pyr/work/.buildlink/include
[*] cc -c -O2 -D_FORTIFY_SOURCE=2 conftest.c
<.> /usr/pkgsrc/category/nusigma-pyr/work/.gcc/bin/gcc -fcommon -m64 -c -O2 -D_FORTIFY_SOURCE=2 conftest.c -D_FORTIFY_SOURCE=2 -fstack-protector -I/usr/pkgsrc/category/nusigma-pyr/work/.buildlink/include
[*] cc -c -O2 -D_FORTIFY_SOURCE=2 conftest.c
<.> /usr/pkgsrc/category/nusigma-pyr/work/.gcc/bin/gcc -fcommon -m64 -c -O2 -D_FORTIFY_SOURCE=2 conftest.c -D_FORTIFY_SOURCE=2 -fstack-protector -I/usr/pkgsrc/category/nusigma-pyr/work/.buildlink/include
[*] cc -c -O2 -D_FORTIFY_SOURCE=2 conftest.c
<.> /usr/pkgsrc/category/nusigma-pyr/work/.gcc/bin/gcc -fcommon -m64 -c -O2 -D_FORTIFY_SOURCE=2 conftest.c -D_FORTIFY_SOURCE=2 -fstack-protector -I/usr/pkgsrc/category/nusigma-pyr/work/.buildlink/include
[*] cc -c -O2 -D_FORTIFY_SOURCE=2 conftest.c
<.> /usr/pkgsrc/category/nusigma-pyr/work/.gcc/bin/gcc -fcommon -m64 -c -O2 -D_FORTIFY_SOURCE=2 conftest.c -D_FORTIFY_SOURCE=2 -fstack-protector -I/usr/pkgsrc/category/nusigma-pyr/work/.buildlink/include
[*] cc -c -O2 -D_FORTIFY_SOURCE=2 conftest.c
<.> /usr/pkgsrc/category/nusigma-pyr/work/.gcc/bin/gcc -fcommon -m64 -c -O2 -D_FORTIFY_SOURCE=2 conftest.c -D_FORTIFY_SOURCE=2 -fstack-protector -I/usr/pkgsrc/category/nusigma-pyr/work/.buildlink/include
[*] cc -c -O2 -D_FORTIFY_SOURCE=2 conftest.c
<.> /usr/pkgsrc/category/nusigma-pyr/work/.gcc/bin/gcc -fcommon -m64 -c -O2 -D_FORTIFY_SOURCE=2 conftest.c -D_FORTIFY_SOURCE=2 -fstack-protector -I/usr/pkgsrc/category/nusigma-pyr/work/.buildlink/include
[*] cc -c -O2 -D_FORTIFY_SOURCE=2 conftest.c
<.> /usr/pkgsrc/category/nusigma-pyr/work/.gcc/bin/gcc -fcommon -m64 -c -O2 -D_FORTIFY_SOURCE=2 conftest.c -D_FORTIFY_SOURCE=2 -fstack-protector -I/usr/pkgsrc/category/nusigma-pyr/work/.buildlink/include
[*] cc -c -O2 -D_FORTIFY_SOURCE=2 conftest.c
<.> /usr/pkgsrc/category/nusigma-pyr/work/.gcc/bin/gcc -fcommon -m64 -c -O2 -D_FORTIFY_SOURCE=2 conftest.c -D_FORTIFY_SOURCE=2 -fstack-protector -I/usr/pkgsrc/category/nusigma-pyr/work/.buildlink/include
[*] cc -o conftest -O2 -D_FORTIFY_SOURCE=2 -Wl,-z,relro -Wl,-z,now -Wl,-R/usr/pkg/lib conftest.c
<.> /usr/pkgsrc/category/nusigma-pyr/work/.gcc/bin/gcc -fcommon -m64 -o conftest -O2 -D_FORTIFY_SOURCE=2 -Wl,-z -Wl,relro -Wl,-z -Wl,now -Wl,-rpath,/usr/pkg/lib conftest.c -D_FORTIFY_SOURCE=2 -fstack-protector -I/usr/pkgsrc/category/nusigma-pyr/work/.buildlink/include
[*] cc -o conftest -O2 -D_FORTIFY_SOURCE=2 -Wl,-z,relro -Wl,-z,now -Wl,-R/usr/pkg/lib conftest.c
<.> /usr/pkgsrc/category/nusigma-pyr/work/.gcc/bin/gcc -fcommon -m64 -o conftest -O2 -D_FORTIFY_SOURCE=2 -Wl,-z -Wl,relro -Wl,-z -Wl,now -Wl,-rpath,/usr/pkg/lib conftest.c -D_FORTIFY_SOURCE=2 -fstack-protector -I/usr/pkgsrc/category/nusigma-pyr/work/.buildlink/include
[*] cc -o conftest -O2 -D_FORTIFY_SOURCE=2 -Wl,-z,relro -Wl,-z,now -Wl,-R/usr/pkg/lib conftest.c
<.> /usr/pkgsrc/category/nusigma-pyr/work/.gcc/bin/gcc -fcommon -m64 -o conftest -O2 -D_FORTIFY_SOURCE=2 -Wl,-z -Wl,relro -Wl,-z -Wl,now -Wl,-rpath,/usr/pkg/lib conftest.c -D_FORTIFY_SOURCE=2 -fstack-protector -I/usr/pkgsrc/category/nusigma-pyr/work/.buildlink/include
[*] /usr/pkgsrc/category/nusigma-pyr/work/.tools/bin/mkdir conf18171.dir
<.> /bin/mkdir -p conf18171.dir
[*] /usr/pkgsrc/category/nusigma-pyr/work/.tools/bin/mkdir -p .
<.> /bin/mkdir -p -p .
[*] /usr/pkgsrc/category/nusigma-pyr/work/.tools/bin/true
<.> true 
[*] /usr/pkgsrc/category/nusigma-pyr/work/.tools/bin/true
<.> true 
[*] /usr/pkgsrc/category/nusigma-pyr/work/.tools/bin/true
<.> true 
[*] /usr/pkgsrc/category/nusigma-pyr/work/.tools/bin/true
<.> true 
[*] /usr/pkgsrc/category/nusigma-pyr/work/.tools/bin/true
<.> true 
[*] /usr/pkgsrc/category/nusigma-pyr/work/.tools/bin/true
<.> true 
[*] /usr/pkgsrc/category/nusigma-pyr/work/.tools/bin/true
<.> true 
[*] /usr/pkgsrc/category/nusigma-pyr/work/.tools/bin/true
<.> true 
[*] f77 -c -O -ffixed-line-length-none -fopenmp -o Cteq6Pdf-2008.o Cteq6Pdf-2008.f -I../inc
<.> /usr/pkgsrc/category/nusigma-pyr/work/.gcc/bin/gfortran -m64 -c -O -ffixed-line-length-none -fopenmp -o Cteq6Pdf-2008.o Cteq6Pdf-2008.f -I../inc -fstack-protector
[*] f77 -c -O -ffixed-line-length-none -fopenmp -o dsdlxdly.o dsdlxdly.f -I../inc
<.> /usr/pkgsrc/category/nusigma-pyr/work/.gcc/bin/gfortran -m64 -c -O -ffixed-line-length-none -fopenmp -o dsdlxdly.o dsdlxdly.f -I../inc -fstack-protector
[*] f77 -c -O -ffixed-line-length-none -fopenmp -o dsdly.o dsdly.f -I../inc
<.> /usr/pkgsrc/category/nusigma-pyr/work/.gcc/bin/gfortran -m64 -c -O -ffixed-line-length-none -fopenmp -o dsdly.o dsdly.f -I../inc -fstack-protector
[*] f77 -c -O -ffixed-line-length-none -fopenmp -o dsdxdy.o dsdxdy.f -I../inc
<.> /usr/pkgsrc/category/nusigma-pyr/work/.gcc/bin/gfortran -m64 -c -O -ffixed-line-length-none -fopenmp -o dsdxdy.o dsdxdy.f -I../inc -fstack-protector
[*] f77 -c -O -ffixed-line-length-none -fopenmp -o dsdy.o dsdy.f -I../inc
<.> /usr/pkgsrc/category/nusigma-pyr/work/.gcc/bin/gfortran -m64 -c -O -ffixed-line-length-none -fopenmp -o dsdy.o dsdy.f -I../inc -fstack-protector
[*] f77 -c -O -ffixed-line-length-none -fopenmp -o nuNevent.o nuNevent.f -I../inc
<.> /usr/pkgsrc/category/nusigma-pyr/work/.gcc/bin/gfortran -m64 -c -O -ffixed-line-length-none -fopenmp -o nuNevent.o nuNevent.f -I../inc -fstack-protector
[*] f77 -c -O -ffixed-line-length-none -fopenmp -o nucross.o nucross.f -I../inc
<.> /usr/pkgsrc/category/nusigma-pyr/work/.gcc/bin/gfortran -m64 -c -O -ffixed-line-length-none -fopenmp -o nucross.o nucross.f -I../inc -fstack-protector
[*] f77 -c -O -ffixed-line-length-none -fopenmp -o nucrossdiff.o nucrossdiff.f -I../inc
<.> /usr/pkgsrc/category/nusigma-pyr/work/.gcc/bin/gfortran -m64 -c -O -ffixed-line-length-none -fopenmp -o nucrossdiff.o nucrossdiff.f -I../inc -fstack-protector
[*] f77 -c -O -ffixed-line-length-none -fopenmp -o nucrossdiffl.o nucrossdiffl.f -I../inc
<.> /usr/pkgsrc/category/nusigma-pyr/work/.gcc/bin/gfortran -m64 -c -O -ffixed-line-length-none -fopenmp -o nucrossdiffl.o nucrossdiffl.f -I../inc -fstack-protector
[*] f77 -c -O -ffixed-line-length-none -fopenmp -o nucrossdiffz.o nucrossdiffz.f -I../inc
<.> /usr/pkgsrc/category/nusigma-pyr/work/.gcc/bin/gfortran -m64 -c -O -ffixed-line-length-none -fopenmp -o nucrossdiffz.o nucrossdiffz.f -I../inc -fstack-protector
[*] f77 -c -O -ffixed-line-length-none -fopenmp -o nudsdlxdly.o nudsdlxdly.f -I../inc
<.> /usr/pkgsrc/category/nusigma-pyr/work/.gcc/bin/gfortran -m64 -c -O -ffixed-line-length-none -fopenmp -o nudsdlxdly.o nudsdlxdly.f -I../inc -fstack-protector
[*] f77 -c -O -ffixed-line-length-none -fopenmp -o nudsdlxdlymax.o nudsdlxdlymax.f -I../inc
<.> /usr/pkgsrc/category/nusigma-pyr/work/.gcc/bin/gfortran -m64 -c -O -ffixed-line-length-none -fopenmp -o nudsdlxdlymax.o nudsdlxdlymax.f -I../inc -fstack-protector
[*] f77 -c -O -ffixed-line-length-none -fopenmp -o nudsdlxdy.o nudsdlxdy.f -I../inc
<.> /usr/pkgsrc/category/nusigma-pyr/work/.gcc/bin/gfortran -m64 -c -O -ffixed-line-length-none -fopenmp -o nudsdlxdy.o nudsdlxdy.f -I../inc -fstack-protector
[*] f77 -c -O -ffixed-line-length-none -fopenmp -o nudsdxdy.o nudsdxdy.f -I../inc
<.> /usr/pkgsrc/category/nusigma-pyr/work/.gcc/bin/gfortran -m64 -c -O -ffixed-line-length-none -fopenmp -o nudsdxdy.o nudsdxdy.f -I../inc -fstack-protector
[*] f77 -c -O -ffixed-line-length-none -fopenmp -o nusetup.o nusetup.f -I../inc
<.> /usr/pkgsrc/category/nusigma-pyr/work/.gcc/bin/gfortran -m64 -c -O -ffixed-line-length-none -fopenmp -o nusetup.o nusetup.f -I../inc -fstack-protector
[*] f77 -c -O -ffixed-line-length-none -fopenmp -o nusig.o nusig.f -I../inc
<.> /usr/pkgsrc/category/nusigma-pyr/work/.gcc/bin/gfortran -m64 -c -O -ffixed-line-length-none -fopenmp -o nusig.o nusig.f -I../inc -fstack-protector
[*] f77 -c -O -ffixed-line-length-none -fopenmp -o nusigint.o nusigint.f -I../inc
<.> /usr/pkgsrc/category/nusigma-pyr/work/.gcc/bin/gfortran -m64 -c -O -ffixed-line-length-none -fopenmp -o nusigint.o nusigint.f -I../inc -fstack-protector
[*] f77 -c -O -ffixed-line-length-none -fopenmp -o pdf.o pdf.f -I../inc
<.> /usr/pkgsrc/category/nusigma-pyr/work/.gcc/bin/gfortran -m64 -c -O -ffixed-line-length-none -fopenmp -o pdf.o pdf.f -I../inc -fstack-protector
[*] f77 -O -ffixed-line-length-none -fopenmp -I../inc/ -L../lib/ -L../../../../DarkSUSY/library_6plus/trunk/lib -o ../bin/nusigma nusigma.f -lnusigma -lds_core -lds_generic_wimp
<.> /usr/pkgsrc/category/nusigma-pyr/work/.gcc/bin/gfortran -m64 -O -ffixed-line-length-none -fopenmp -I../inc/ -L../lib/ -L../../../../DarkSUSY/library_6plus/trunk/lib -o ../bin/nusigma nusigma.f -lnusigma -lds_core -lds_generic_wimp -fstack-protector
