This file contains any messages produced by compilers while
running configure, to aid debugging if configure makes a mistake.

It was created by Gource configure 0.51, which was
generated by GNU Autoconf 2.69.  Invocation command line was

  $ ./configure --prefix=/usr/pkg --build=x86_64-debian-linux --host=x86_64-debian-linux --mandir=/usr/pkg/man --enable-option-checking=yes

## --------- ##
## Platform. ##
## --------- ##

hostname = Dabiq
uname -m = x86_64
uname -r = 5.9.0-4-amd64
uname -s = Linux
uname -v = #1 SMP Debian 5.9.11-1 (2020-11-27)

/usr/bin/uname -p = unknown
/bin/uname -X     = unknown

/bin/arch              = x86_64
/usr/bin/arch -k       = unknown
/usr/convex/getsysinfo = unknown
/usr/bin/hostinfo      = unknown
/bin/machine           = unknown
/usr/bin/oslevel       = unknown
/bin/universe          = unknown

PATH: /usr/pkgsrc/category/gource/work/.cwrapper/bin
PATH: /usr/pkgsrc/category/gource/work/.buildlink/bin
PATH: /usr/pkgsrc/category/gource/work/.gcc/bin
PATH: /usr/pkgsrc/category/gource/work/.tools/bin
PATH: /usr/pkg/bin
PATH: /home/jihbed/WorkLabFields/pyWorkVirt/bin
PATH: /home/jihbed/.local/bin
PATH: /usr/local/bin
PATH: /usr/bin
PATH: /bin
PATH: /usr/local/games
PATH: /usr/games
PATH: /snap/bin
PATH: /usr/pkg/bin
PATH: /usr/pkg/bin


## ----------- ##
## Core tests. ##
## ----------- ##

configure:2565: checking for a BSD-compatible install
configure:2633: result: /bin/install -c -o jihbed -g jihbed
configure:2644: checking whether build environment is sane
configure:2699: result: yes
configure:2850: checking for a thread-safe mkdir -p
configure:2889: result: /usr/pkgsrc/category/gource/work/.tools/bin/mkdir -p
configure:2896: checking for gawk
configure:2923: result: /usr/pkg/bin/nawk
configure:2934: checking whether make sets $(MAKE)
configure:2956: result: yes
configure:2985: checking whether make supports nested variables
configure:3002: result: yes
configure:3133: checking build system type
configure:3147: result: x86_64-debian-linux-gnu
configure:3167: checking host system type
configure:3180: result: x86_64-debian-linux-gnu
configure:3314: checking for C++ compiler version
configure:3323: c++ --version >&5
g++ (Debian 10.2.0-19) 10.2.0
Copyright (C) 2020 Free Software Foundation, Inc.
This is free software; see the source for copying conditions.  There is NO
warranty; not even for MERCHANTABILITY or FITNESS FOR A PARTICULAR PURPOSE.

configure:3334: $? = 0
configure:3323: c++ -v >&5
Using built-in specs.
COLLECT_GCC=/usr/pkgsrc/category/gource/work/.gcc/bin/g++
COLLECT_LTO_WRAPPER=/usr/lib/gcc/x86_64-linux-gnu/10/lto-wrapper
OFFLOAD_TARGET_NAMES=nvptx-none:amdgcn-amdhsa:hsa
OFFLOAD_TARGET_DEFAULT=1
Target: x86_64-linux-gnu
Configured with: ../src/configure -v --with-pkgversion='Debian 10.2.0-19' --with-bugurl=file:///usr/share/doc/gcc-10/README.Bugs --enable-languages=c,ada,c++,go,brig,d,fortran,objc,obj-c++,m2 --prefix=/usr --with-gcc-major-version-only --program-suffix=-10 --program-prefix=x86_64-linux-gnu- --enable-shared --enable-linker-build-id --libexecdir=/usr/lib --without-included-gettext --enable-threads=posix --libdir=/usr/lib --enable-nls --enable-bootstrap --enable-clocale=gnu --enable-libstdcxx-debug --enable-libstdcxx-time=yes --with-default-libstdcxx-abi=new --enable-gnu-unique-object --disable-vtable-verify --enable-plugin --enable-default-pie --with-system-zlib --enable-libphobos-checking=release --with-target-system-zlib=auto --enable-objc-gc=auto --enable-multiarch --disable-werror --with-arch-32=i686 --with-abi=m64 --with-multilib-list=m32,m64,mx32 --enable-multilib --with-tune=generic --enable-offload-targets=nvptx-none=/build/gcc-10-Pzlurt/gcc-10-10.2.0/debian/tmp-nvptx/usr,amdgcn-amdhsa=/build/gcc-10-Pzlurt/gcc-10-10.2.0/debian/tmp-gcn/usr,hsa --without-cuda-driver --enable-checking=release --build=x86_64-linux-gnu --host=x86_64-linux-gnu --target=x86_64-linux-gnu --with-build-config=bootstrap-lto-lean --enable-link-mutex
Thread model: posix
Supported LTO compression algorithms: zlib zstd
gcc version 10.2.0 (Debian 10.2.0-19) 
... rest of stderr output deleted ...
configure:3334: $? = 0
configure:3323: c++ -V >&5
g++: error: unrecognized command-line option '-V'
g++: fatal error: no input files
compilation terminated.
configure:3334: $? = 1
configure:3323: c++ -qversion >&5
g++: error: unrecognized command-line option '-qversion'; did you mean '--version'?
g++: fatal error: no input files
compilation terminated.
configure:3334: $? = 1
configure:3354: checking whether the C++ compiler works
configure:3376: c++ -O2 -D_FORTIFY_SOURCE=2  -Wl,-R/usr/pkg/lib conftest.cpp  >&5
configure:3380: $? = 0
configure:3428: result: yes
configure:3431: checking for C++ compiler default output file name
configure:3433: result: a.out
configure:3439: checking for suffix of executables
configure:3446: c++ -o conftest -O2 -D_FORTIFY_SOURCE=2  -Wl,-R/usr/pkg/lib conftest.cpp  >&5
configure:3450: $? = 0
configure:3472: result: 
configure:3494: checking whether we are cross compiling
configure:3502: c++ -o conftest -O2 -D_FORTIFY_SOURCE=2  -Wl,-R/usr/pkg/lib conftest.cpp  >&5
configure:3506: $? = 0
configure:3513: ./conftest
configure:3517: $? = 0
configure:3532: result: no
configure:3537: checking for suffix of object files
configure:3559: c++ -c -O2 -D_FORTIFY_SOURCE=2  conftest.cpp >&5
configure:3563: $? = 0
configure:3584: result: o
configure:3588: checking whether we are using the GNU C++ compiler
configure:3607: c++ -c -O2 -D_FORTIFY_SOURCE=2  conftest.cpp >&5
configure:3607: $? = 0
configure:3616: result: yes
configure:3625: checking whether c++ accepts -g
configure:3645: c++ -c -g  conftest.cpp >&5
configure:3645: $? = 0
configure:3686: result: yes
configure:3720: checking for style of include used by make
configure:3748: result: GNU
configure:3774: checking dependency style of c++
configure:3885: result: gcc3
configure:3911: checking for timegm
configure:3911: c++ -o conftest -O2 -D_FORTIFY_SOURCE=2  -Wl,-R/usr/pkg/lib conftest.cpp  >&5
configure:3911: $? = 0
configure:3911: result: yes
configure:3911: checking for unsetenv
configure:3911: c++ -o conftest -O2 -D_FORTIFY_SOURCE=2  -Wl,-R/usr/pkg/lib conftest.cpp  >&5
configure:3911: $? = 0
configure:3911: result: yes
configure:3939: checking how to run the C++ preprocessor
configure:3966: c++ -E  conftest.cpp
configure:3966: $? = 0
configure:3980: c++ -E  conftest.cpp
conftest.cpp:13:10: fatal error: ac_nonexistent.h: No such file or directory
   13 | #include <ac_nonexistent.h>
      |          ^~~~~~~~~~~~~~~~~~
compilation terminated.
configure:3980: $? = 1
configure: failed program was:
| /* confdefs.h */
| #define PACKAGE_NAME "Gource"
| #define PACKAGE_TARNAME "gource"
| #define PACKAGE_VERSION "0.51"
| #define PACKAGE_STRING "Gource 0.51"
| #define PACKAGE_BUGREPORT "acaudwell@gmail.com"
| #define PACKAGE_URL ""
| #define PACKAGE "gource"
| #define VERSION "0.51"
| #define HAVE_TIMEGM 1
| #define HAVE_UNSETENV 1
| /* end confdefs.h.  */
| #include <ac_nonexistent.h>
configure:4005: result: c++ -E
configure:4025: c++ -E  conftest.cpp
configure:4025: $? = 0
configure:4039: c++ -E  conftest.cpp
conftest.cpp:13:10: fatal error: ac_nonexistent.h: No such file or directory
   13 | #include <ac_nonexistent.h>
      |          ^~~~~~~~~~~~~~~~~~
compilation terminated.
configure:4039: $? = 1
configure: failed program was:
| /* confdefs.h */
| #define PACKAGE_NAME "Gource"
| #define PACKAGE_TARNAME "gource"
| #define PACKAGE_VERSION "0.51"
| #define PACKAGE_STRING "Gource 0.51"
| #define PACKAGE_BUGREPORT "acaudwell@gmail.com"
| #define PACKAGE_URL ""
| #define PACKAGE "gource"
| #define VERSION "0.51"
| #define HAVE_TIMEGM 1
| #define HAVE_UNSETENV 1
| /* end confdefs.h.  */
| #include <ac_nonexistent.h>
configure:4068: checking for X
configure:4176: c++ -E  conftest.cpp
configure:4176: $? = 0
configure:4207: c++ -o conftest -O2 -D_FORTIFY_SOURCE=2  -Wl,-R/usr/pkg/lib conftest.cpp -lX11  >&5
configure:4207: $? = 0
configure:4257: result: libraries , headers 
configure:4261: checking for a sed that does not truncate output
configure:4325: result: /bin/sed
configure:4338: checking for x86_64-debian-linux-gcc
configure:4365: result: cc
configure:4634: checking for C compiler version
configure:4643: cc --version >&5
gcc (Debian 10.2.0-19) 10.2.0
Copyright (C) 2020 Free Software Foundation, Inc.
This is free software; see the source for copying conditions.  There is NO
warranty; not even for MERCHANTABILITY or FITNESS FOR A PARTICULAR PURPOSE.

configure:4654: $? = 0
configure:4643: cc -v >&5
Using built-in specs.
COLLECT_GCC=/usr/pkgsrc/category/gource/work/.gcc/bin/gcc
COLLECT_LTO_WRAPPER=/usr/lib/gcc/x86_64-linux-gnu/10/lto-wrapper
OFFLOAD_TARGET_NAMES=nvptx-none:amdgcn-amdhsa:hsa
OFFLOAD_TARGET_DEFAULT=1
Target: x86_64-linux-gnu
Configured with: ../src/configure -v --with-pkgversion='Debian 10.2.0-19' --with-bugurl=file:///usr/share/doc/gcc-10/README.Bugs --enable-languages=c,ada,c++,go,brig,d,fortran,objc,obj-c++,m2 --prefix=/usr --with-gcc-major-version-only --program-suffix=-10 --program-prefix=x86_64-linux-gnu- --enable-shared --enable-linker-build-id --libexecdir=/usr/lib --without-included-gettext --enable-threads=posix --libdir=/usr/lib --enable-nls --enable-bootstrap --enable-clocale=gnu --enable-libstdcxx-debug --enable-libstdcxx-time=yes --with-default-libstdcxx-abi=new --enable-gnu-unique-object --disable-vtable-verify --enable-plugin --enable-default-pie --with-system-zlib --enable-libphobos-checking=release --with-target-system-zlib=auto --enable-objc-gc=auto --enable-multiarch --disable-werror --with-arch-32=i686 --with-abi=m64 --with-multilib-list=m32,m64,mx32 --enable-multilib --with-tune=generic --enable-offload-targets=nvptx-none=/build/gcc-10-Pzlurt/gcc-10-10.2.0/debian/tmp-nvptx/usr,amdgcn-amdhsa=/build/gcc-10-Pzlurt/gcc-10-10.2.0/debian/tmp-gcn/usr,hsa --without-cuda-driver --enable-checking=release --build=x86_64-linux-gnu --host=x86_64-linux-gnu --target=x86_64-linux-gnu --with-build-config=bootstrap-lto-lean --enable-link-mutex
Thread model: posix
Supported LTO compression algorithms: zlib zstd
gcc version 10.2.0 (Debian 10.2.0-19) 
... rest of stderr output deleted ...
configure:4654: $? = 0
configure:4643: cc -V >&5
gcc: error: unrecognized command-line option '-V'
gcc: fatal error: no input files
compilation terminated.
configure:4654: $? = 1
configure:4643: cc -qversion >&5
gcc: error: unrecognized command-line option '-qversion'; did you mean '--version'?
gcc: fatal error: no input files
compilation terminated.
configure:4654: $? = 1
configure:4658: checking whether we are using the GNU C compiler
configure:4677: cc -c -O2 -D_FORTIFY_SOURCE=2  conftest.c >&5
configure:4677: $? = 0
configure:4686: result: yes
configure:4695: checking whether cc accepts -g
configure:4715: cc -c -g  conftest.c >&5
configure:4715: $? = 0
configure:4756: result: yes
configure:4773: checking for cc option to accept ISO C89
configure:4836: cc  -c -O2 -D_FORTIFY_SOURCE=2  conftest.c >&5
configure:4836: $? = 0
configure:4849: result: none needed
configure:4874: checking whether cc understands -c and -o together
configure:4896: cc -c conftest.c -o conftest2.o
configure:4899: $? = 0
configure:4896: cc -c conftest.c -o conftest2.o
configure:4899: $? = 0
configure:4911: result: yes
configure:4930: checking dependency style of cc
configure:5041: result: gcc3
configure:5222: checking for the pthreads library -lpthreads
configure:5260: cc -o conftest -O2 -D_FORTIFY_SOURCE=2   -Wl,-R/usr/pkg/lib conftest.c -lpthreads  >&5
/usr/bin/ld: cannot find -lpthreads
collect2: error: ld returned 1 exit status
configure:5260: $? = 1
configure: failed program was:
| /* confdefs.h */
| #define PACKAGE_NAME "Gource"
| #define PACKAGE_TARNAME "gource"
| #define PACKAGE_VERSION "0.51"
| #define PACKAGE_STRING "Gource 0.51"
| #define PACKAGE_BUGREPORT "acaudwell@gmail.com"
| #define PACKAGE_URL ""
| #define PACKAGE "gource"
| #define VERSION "0.51"
| #define HAVE_TIMEGM 1
| #define HAVE_UNSETENV 1
| /* end confdefs.h.  */
| #include <pthread.h>
| 	             static void routine(void* a) {a=0;}
| 	             static void* start_routine(void* a) {return a;}
| int
| main ()
| {
| pthread_t th; pthread_attr_t attr;
|                      pthread_join(th, 0);
|                      pthread_attr_init(&attr);
|                      pthread_cleanup_push(routine, 0);
|                      pthread_create(&th,0,start_routine,0);
|                      pthread_cleanup_pop(0);
|   ;
|   return 0;
| }
configure:5269: result: no
configure:5167: checking whether pthreads work without any flags
configure:5260: cc -o conftest -O2 -D_FORTIFY_SOURCE=2   -Wl,-R/usr/pkg/lib conftest.c   >&5
/usr/bin/ld: /tmp/ccoBb8py.o: in function `main':
conftest.c:(.text.startup+0x23): undefined reference to `pthread_join'
/usr/bin/ld: conftest.c:(.text.startup+0x4d): undefined reference to `__pthread_register_cancel'
/usr/bin/ld: conftest.c:(.text.startup+0x62): undefined reference to `pthread_create'
/usr/bin/ld: conftest.c:(.text.startup+0x6a): undefined reference to `__pthread_unregister_cancel'
collect2: error: ld returned 1 exit status
configure:5260: $? = 1
configure: failed program was:
| /* confdefs.h */
| #define PACKAGE_NAME "Gource"
| #define PACKAGE_TARNAME "gource"
| #define PACKAGE_VERSION "0.51"
| #define PACKAGE_STRING "Gource 0.51"
| #define PACKAGE_BUGREPORT "acaudwell@gmail.com"
| #define PACKAGE_URL ""
| #define PACKAGE "gource"
| #define VERSION "0.51"
| #define HAVE_TIMEGM 1
| #define HAVE_UNSETENV 1
| /* end confdefs.h.  */
| #include <pthread.h>
| 	             static void routine(void* a) {a=0;}
| 	             static void* start_routine(void* a) {return a;}
| int
| main ()
| {
| pthread_t th; pthread_attr_t attr;
|                      pthread_join(th, 0);
|                      pthread_attr_init(&attr);
|                      pthread_cleanup_push(routine, 0);
|                      pthread_create(&th,0,start_routine,0);
|                      pthread_cleanup_pop(0);
|   ;
|   return 0;
| }
configure:5269: result: no
configure:5172: checking whether pthreads work with -Kthread
configure:5260: cc -o conftest -O2 -D_FORTIFY_SOURCE=2 -Kthread  -Wl,-R/usr/pkg/lib conftest.c   >&5
gcc: error: unrecognized command-line option '-Kthread'; did you mean '-pthread'?
configure:5260: $? = 1
configure: failed program was:
| /* confdefs.h */
| #define PACKAGE_NAME "Gource"
| #define PACKAGE_TARNAME "gource"
| #define PACKAGE_VERSION "0.51"
| #define PACKAGE_STRING "Gource 0.51"
| #define PACKAGE_BUGREPORT "acaudwell@gmail.com"
| #define PACKAGE_URL ""
| #define PACKAGE "gource"
| #define VERSION "0.51"
| #define HAVE_TIMEGM 1
| #define HAVE_UNSETENV 1
| /* end confdefs.h.  */
| #include <pthread.h>
| 	             static void routine(void* a) {a=0;}
| 	             static void* start_routine(void* a) {return a;}
| int
| main ()
| {
| pthread_t th; pthread_attr_t attr;
|                      pthread_join(th, 0);
|                      pthread_attr_init(&attr);
|                      pthread_cleanup_push(routine, 0);
|                      pthread_create(&th,0,start_routine,0);
|                      pthread_cleanup_pop(0);
|   ;
|   return 0;
| }
configure:5269: result: no
configure:5172: checking whether pthreads work with -kthread
configure:5260: cc -o conftest -O2 -D_FORTIFY_SOURCE=2 -kthread  -Wl,-R/usr/pkg/lib conftest.c   >&5
gcc: error: unrecognized command-line option '-kthread'; did you mean '-pthread'?
configure:5260: $? = 1
configure: failed program was:
| /* confdefs.h */
| #define PACKAGE_NAME "Gource"
| #define PACKAGE_TARNAME "gource"
| #define PACKAGE_VERSION "0.51"
| #define PACKAGE_STRING "Gource 0.51"
| #define PACKAGE_BUGREPORT "acaudwell@gmail.com"
| #define PACKAGE_URL ""
| #define PACKAGE "gource"
| #define VERSION "0.51"
| #define HAVE_TIMEGM 1
| #define HAVE_UNSETENV 1
| /* end confdefs.h.  */
| #include <pthread.h>
| 	             static void routine(void* a) {a=0;}
| 	             static void* start_routine(void* a) {return a;}
| int
| main ()
| {
| pthread_t th; pthread_attr_t attr;
|                      pthread_join(th, 0);
|                      pthread_attr_init(&attr);
|                      pthread_cleanup_push(routine, 0);
|                      pthread_create(&th,0,start_routine,0);
|                      pthread_cleanup_pop(0);
|   ;
|   return 0;
| }
configure:5269: result: no
configure:5222: checking for the pthreads library -llthread
configure:5260: cc -o conftest -O2 -D_FORTIFY_SOURCE=2   -Wl,-R/usr/pkg/lib conftest.c -llthread  >&5
/usr/bin/ld: cannot find -llthread
collect2: error: ld returned 1 exit status
configure:5260: $? = 1
configure: failed program was:
| /* confdefs.h */
| #define PACKAGE_NAME "Gource"
| #define PACKAGE_TARNAME "gource"
| #define PACKAGE_VERSION "0.51"
| #define PACKAGE_STRING "Gource 0.51"
| #define PACKAGE_BUGREPORT "acaudwell@gmail.com"
| #define PACKAGE_URL ""
| #define PACKAGE "gource"
| #define VERSION "0.51"
| #define HAVE_TIMEGM 1
| #define HAVE_UNSETENV 1
| /* end confdefs.h.  */
| #include <pthread.h>
| 	             static void routine(void* a) {a=0;}
| 	             static void* start_routine(void* a) {return a;}
| int
| main ()
| {
| pthread_t th; pthread_attr_t attr;
|                      pthread_join(th, 0);
|                      pthread_attr_init(&attr);
|                      pthread_cleanup_push(routine, 0);
|                      pthread_create(&th,0,start_routine,0);
|                      pthread_cleanup_pop(0);
|   ;
|   return 0;
| }
configure:5269: result: no
configure:5172: checking whether pthreads work with -pthread
configure:5260: cc -o conftest -O2 -D_FORTIFY_SOURCE=2 -pthread  -Wl,-R/usr/pkg/lib conftest.c   >&5
configure:5260: $? = 0
configure:5269: result: yes
configure:5288: checking for joinable pthread attribute
configure:5303: cc -o conftest -O2 -D_FORTIFY_SOURCE=2 -pthread  -Wl,-R/usr/pkg/lib conftest.c   >&5
configure:5303: $? = 0
configure:5309: result: PTHREAD_CREATE_JOINABLE
configure:5319: checking if more special flags are required for pthreads
configure:5326: result: no
configure:5413: checking how to run the C preprocessor
configure:5444: cc -E  conftest.c
configure:5444: $? = 0
configure:5458: cc -E  conftest.c
conftest.c:14:10: fatal error: ac_nonexistent.h: No such file or directory
   14 | #include <ac_nonexistent.h>
      |          ^~~~~~~~~~~~~~~~~~
compilation terminated.
configure:5458: $? = 1
configure: failed program was:
| /* confdefs.h */
| #define PACKAGE_NAME "Gource"
| #define PACKAGE_TARNAME "gource"
| #define PACKAGE_VERSION "0.51"
| #define PACKAGE_STRING "Gource 0.51"
| #define PACKAGE_BUGREPORT "acaudwell@gmail.com"
| #define PACKAGE_URL ""
| #define PACKAGE "gource"
| #define VERSION "0.51"
| #define HAVE_TIMEGM 1
| #define HAVE_UNSETENV 1
| #define HAVE_PTHREAD 1
| /* end confdefs.h.  */
| #include <ac_nonexistent.h>
configure:5483: result: cc -E
configure:5503: cc -E  conftest.c
configure:5503: $? = 0
configure:5517: cc -E  conftest.c
conftest.c:14:10: fatal error: ac_nonexistent.h: No such file or directory
   14 | #include <ac_nonexistent.h>
      |          ^~~~~~~~~~~~~~~~~~
compilation terminated.
configure:5517: $? = 1
configure: failed program was:
| /* confdefs.h */
| #define PACKAGE_NAME "Gource"
| #define PACKAGE_TARNAME "gource"
| #define PACKAGE_VERSION "0.51"
| #define PACKAGE_STRING "Gource 0.51"
| #define PACKAGE_BUGREPORT "acaudwell@gmail.com"
| #define PACKAGE_URL ""
| #define PACKAGE "gource"
| #define VERSION "0.51"
| #define HAVE_TIMEGM 1
| #define HAVE_UNSETENV 1
| #define HAVE_PTHREAD 1
| /* end confdefs.h.  */
| #include <ac_nonexistent.h>
configure:5546: checking for grep that handles long lines and -e
configure:5604: result: /bin/grep
configure:5609: checking for egrep
configure:5671: result: /bin/egrep
configure:5676: checking for ANSI C header files
configure:5696: cc -c -O2 -D_FORTIFY_SOURCE=2  conftest.c >&5
configure:5696: $? = 0
configure:5769: cc -o conftest -O2 -D_FORTIFY_SOURCE=2  -Wl,-R/usr/pkg/lib conftest.c  >&5
configure:5769: $? = 0
configure:5769: ./conftest
configure:5769: $? = 0
configure:5780: result: yes
configure:5793: checking for sys/types.h
configure:5793: cc -c -O2 -D_FORTIFY_SOURCE=2  conftest.c >&5
configure:5793: $? = 0
configure:5793: result: yes
configure:5793: checking for sys/stat.h
configure:5793: cc -c -O2 -D_FORTIFY_SOURCE=2  conftest.c >&5
configure:5793: $? = 0
configure:5793: result: yes
configure:5793: checking for stdlib.h
configure:5793: cc -c -O2 -D_FORTIFY_SOURCE=2  conftest.c >&5
configure:5793: $? = 0
configure:5793: result: yes
configure:5793: checking for string.h
configure:5793: cc -c -O2 -D_FORTIFY_SOURCE=2  conftest.c >&5
configure:5793: $? = 0
configure:5793: result: yes
configure:5793: checking for memory.h
configure:5793: cc -c -O2 -D_FORTIFY_SOURCE=2  conftest.c >&5
configure:5793: $? = 0
configure:5793: result: yes
configure:5793: checking for strings.h
configure:5793: cc -c -O2 -D_FORTIFY_SOURCE=2  conftest.c >&5
configure:5793: $? = 0
configure:5793: result: yes
configure:5793: checking for inttypes.h
configure:5793: cc -c -O2 -D_FORTIFY_SOURCE=2  conftest.c >&5
configure:5793: $? = 0
configure:5793: result: yes
configure:5793: checking for stdint.h
configure:5793: cc -c -O2 -D_FORTIFY_SOURCE=2  conftest.c >&5
configure:5793: $? = 0
configure:5793: result: yes
configure:5793: checking for unistd.h
configure:5793: cc -c -O2 -D_FORTIFY_SOURCE=2  conftest.c >&5
configure:5793: $? = 0
configure:5793: result: yes
configure:5812: checking whether we are using the Microsoft C compiler
configure:5831: cc -c -O2 -D_FORTIFY_SOURCE=2  conftest.c >&5
conftest.c: In function 'main':
conftest.c:29:8: error: unknown type name 'choke'
   29 |        choke me
      |        ^~~~~
configure:5831: $? = 1
configure: failed program was:
| /* confdefs.h */
| #define PACKAGE_NAME "Gource"
| #define PACKAGE_TARNAME "gource"
| #define PACKAGE_VERSION "0.51"
| #define PACKAGE_STRING "Gource 0.51"
| #define PACKAGE_BUGREPORT "acaudwell@gmail.com"
| #define PACKAGE_URL ""
| #define PACKAGE "gource"
| #define VERSION "0.51"
| #define HAVE_TIMEGM 1
| #define HAVE_UNSETENV 1
| #define HAVE_PTHREAD 1
| #define STDC_HEADERS 1
| #define HAVE_SYS_TYPES_H 1
| #define HAVE_SYS_STAT_H 1
| #define HAVE_STDLIB_H 1
| #define HAVE_STRING_H 1
| #define HAVE_MEMORY_H 1
| #define HAVE_STRINGS_H 1
| #define HAVE_INTTYPES_H 1
| #define HAVE_STDINT_H 1
| #define HAVE_UNISTD_H 1
| /* end confdefs.h.  */
| 
| int
| main ()
| {
| #ifndef _MSC_VER
|        choke me
| #endif
| 
|   ;
|   return 0;
| }
configure:5840: result: no
configure:5856: checking windows.h usability
configure:5856: cc -c -O2 -D_FORTIFY_SOURCE=2  conftest.c >&5
conftest.c:57:10: fatal error: windows.h: No such file or directory
   57 | #include <windows.h>
      |          ^~~~~~~~~~~
compilation terminated.
configure:5856: $? = 1
configure: failed program was:
| /* confdefs.h */
| #define PACKAGE_NAME "Gource"
| #define PACKAGE_TARNAME "gource"
| #define PACKAGE_VERSION "0.51"
| #define PACKAGE_STRING "Gource 0.51"
| #define PACKAGE_BUGREPORT "acaudwell@gmail.com"
| #define PACKAGE_URL ""
| #define PACKAGE "gource"
| #define VERSION "0.51"
| #define HAVE_TIMEGM 1
| #define HAVE_UNSETENV 1
| #define HAVE_PTHREAD 1
| #define STDC_HEADERS 1
| #define HAVE_SYS_TYPES_H 1
| #define HAVE_SYS_STAT_H 1
| #define HAVE_STDLIB_H 1
| #define HAVE_STRING_H 1
| #define HAVE_MEMORY_H 1
| #define HAVE_STRINGS_H 1
| #define HAVE_INTTYPES_H 1
| #define HAVE_STDINT_H 1
| #define HAVE_UNISTD_H 1
| /* end confdefs.h.  */
| #include <stdio.h>
| #ifdef HAVE_SYS_TYPES_H
| # include <sys/types.h>
| #endif
| #ifdef HAVE_SYS_STAT_H
| # include <sys/stat.h>
| #endif
| #ifdef STDC_HEADERS
| # include <stdlib.h>
| # include <stddef.h>
| #else
| # ifdef HAVE_STDLIB_H
| #  include <stdlib.h>
| # endif
| #endif
| #ifdef HAVE_STRING_H
| # if !defined STDC_HEADERS && defined HAVE_MEMORY_H
| #  include <memory.h>
| # endif
| # include <string.h>
| #endif
| #ifdef HAVE_STRINGS_H
| # include <strings.h>
| #endif
| #ifdef HAVE_INTTYPES_H
| # include <inttypes.h>
| #endif
| #ifdef HAVE_STDINT_H
| # include <stdint.h>
| #endif
| #ifdef HAVE_UNISTD_H
| # include <unistd.h>
| #endif
| #include <windows.h>
configure:5856: result: no
configure:5856: checking windows.h presence
configure:5856: cc -E  conftest.c
conftest.c:24:10: fatal error: windows.h: No such file or directory
   24 | #include <windows.h>
      |          ^~~~~~~~~~~
compilation terminated.
configure:5856: $? = 1
configure: failed program was:
| /* confdefs.h */
| #define PACKAGE_NAME "Gource"
| #define PACKAGE_TARNAME "gource"
| #define PACKAGE_VERSION "0.51"
| #define PACKAGE_STRING "Gource 0.51"
| #define PACKAGE_BUGREPORT "acaudwell@gmail.com"
| #define PACKAGE_URL ""
| #define PACKAGE "gource"
| #define VERSION "0.51"
| #define HAVE_TIMEGM 1
| #define HAVE_UNSETENV 1
| #define HAVE_PTHREAD 1
| #define STDC_HEADERS 1
| #define HAVE_SYS_TYPES_H 1
| #define HAVE_SYS_STAT_H 1
| #define HAVE_STDLIB_H 1
| #define HAVE_STRING_H 1
| #define HAVE_MEMORY_H 1
| #define HAVE_STRINGS_H 1
| #define HAVE_INTTYPES_H 1
| #define HAVE_STDINT_H 1
| #define HAVE_UNISTD_H 1
| /* end confdefs.h.  */
| #include <windows.h>
configure:5856: result: no
configure:5856: checking for windows.h
configure:5856: result: no
configure:5872: checking for GL/gl.h
configure:5872: cc -c -O2 -D_FORTIFY_SOURCE=2 -pthread  conftest.c >&5
configure:5872: $? = 0
configure:5872: result: yes
configure:5872: checking for OpenGL/gl.h
configure:5872: cc -c -O2 -D_FORTIFY_SOURCE=2 -pthread  conftest.c >&5
conftest.c:31:10: fatal error: OpenGL/gl.h: No such file or directory
   31 | #include <OpenGL/gl.h>
      |          ^~~~~~~~~~~~~
compilation terminated.
configure:5872: $? = 1
configure: failed program was:
| /* confdefs.h */
| #define PACKAGE_NAME "Gource"
| #define PACKAGE_TARNAME "gource"
| #define PACKAGE_VERSION "0.51"
| #define PACKAGE_STRING "Gource 0.51"
| #define PACKAGE_BUGREPORT "acaudwell@gmail.com"
| #define PACKAGE_URL ""
| #define PACKAGE "gource"
| #define VERSION "0.51"
| #define HAVE_TIMEGM 1
| #define HAVE_UNSETENV 1
| #define HAVE_PTHREAD 1
| #define STDC_HEADERS 1
| #define HAVE_SYS_TYPES_H 1
| #define HAVE_SYS_STAT_H 1
| #define HAVE_STDLIB_H 1
| #define HAVE_STRING_H 1
| #define HAVE_MEMORY_H 1
| #define HAVE_STRINGS_H 1
| #define HAVE_INTTYPES_H 1
| #define HAVE_STDINT_H 1
| #define HAVE_UNISTD_H 1
| #define HAVE_GL_GL_H 1
| /* end confdefs.h.  */
| 
| # if defined(HAVE_WINDOWS_H) && defined(_WIN32)
| #   include <windows.h>
| # endif
| 
| 
| #include <OpenGL/gl.h>
configure:5872: result: no
configure:5893: checking for OpenGL library
configure:5940: cc -o conftest -O2 -D_FORTIFY_SOURCE=2  -pthread -Wl,-R/usr/pkg/lib  conftest.c -lopengl32  >&5
/usr/bin/ld: cannot find -lopengl32
collect2: error: ld returned 1 exit status
configure:5940: $? = 1
configure: failed program was:
| /* confdefs.h */
| #define PACKAGE_NAME "Gource"
| #define PACKAGE_TARNAME "gource"
| #define PACKAGE_VERSION "0.51"
| #define PACKAGE_STRING "Gource 0.51"
| #define PACKAGE_BUGREPORT "acaudwell@gmail.com"
| #define PACKAGE_URL ""
| #define PACKAGE "gource"
| #define VERSION "0.51"
| #define HAVE_TIMEGM 1
| #define HAVE_UNSETENV 1
| #define HAVE_PTHREAD 1
| #define STDC_HEADERS 1
| #define HAVE_SYS_TYPES_H 1
| #define HAVE_SYS_STAT_H 1
| #define HAVE_STDLIB_H 1
| #define HAVE_STRING_H 1
| #define HAVE_MEMORY_H 1
| #define HAVE_STRINGS_H 1
| #define HAVE_INTTYPES_H 1
| #define HAVE_STDINT_H 1
| #define HAVE_UNISTD_H 1
| #define HAVE_GL_GL_H 1
| /* end confdefs.h.  */
| 
| # if defined(HAVE_WINDOWS_H) && defined(_WIN32)
| #   include <windows.h>
| # endif
| # ifdef HAVE_GL_GL_H
| #   include <GL/gl.h>
| # elif defined(HAVE_OPENGL_GL_H)
| #   include <OpenGL/gl.h>
| # else
| #   error no gl.h
| # endif
| int
| main ()
| {
| glBegin(0)
|   ;
|   return 0;
| }
configure:5966: cc -o conftest -O2 -D_FORTIFY_SOURCE=2  -pthread -Wl,-R/usr/pkg/lib  -L/usr/lib64/nvidia conftest.c -lopengl32  >&5
/usr/bin/ld: cannot find -lopengl32
collect2: error: ld returned 1 exit status
configure:5966: $? = 1
configure: failed program was:
| /* confdefs.h */
| #define PACKAGE_NAME "Gource"
| #define PACKAGE_TARNAME "gource"
| #define PACKAGE_VERSION "0.51"
| #define PACKAGE_STRING "Gource 0.51"
| #define PACKAGE_BUGREPORT "acaudwell@gmail.com"
| #define PACKAGE_URL ""
| #define PACKAGE "gource"
| #define VERSION "0.51"
| #define HAVE_TIMEGM 1
| #define HAVE_UNSETENV 1
| #define HAVE_PTHREAD 1
| #define STDC_HEADERS 1
| #define HAVE_SYS_TYPES_H 1
| #define HAVE_SYS_STAT_H 1
| #define HAVE_STDLIB_H 1
| #define HAVE_STRING_H 1
| #define HAVE_MEMORY_H 1
| #define HAVE_STRINGS_H 1
| #define HAVE_INTTYPES_H 1
| #define HAVE_STDINT_H 1
| #define HAVE_UNISTD_H 1
| #define HAVE_GL_GL_H 1
| /* end confdefs.h.  */
| 
| # if defined(HAVE_WINDOWS_H) && defined(_WIN32)
| #   include <windows.h>
| # endif
| # ifdef HAVE_GL_GL_H
| #   include <GL/gl.h>
| # elif defined(HAVE_OPENGL_GL_H)
| #   include <OpenGL/gl.h>
| # else
| #   error no gl.h
| # endif
| int
| main ()
| {
| glBegin(0)
|   ;
|   return 0;
| }
configure:5992: cc -o conftest -O2 -D_FORTIFY_SOURCE=2  -pthread -Wl,-R/usr/pkg/lib  -dylib_file /System/Library/Frameworks/OpenGL.framework/Versions/A/Libraries/libGL.dylib:/System/Library/Frameworks/OpenGL.framework/Versions/A/Libraries/libGL.dylib conftest.c -lopengl32  >&5
gcc: error: /System/Library/Frameworks/OpenGL.framework/Versions/A/Libraries/libGL.dylib:/System/Library/Frameworks/OpenGL.framework/Versions/A/Libraries/libGL.dylib: No such file or directory
configure:5992: $? = 1
configure: failed program was:
| /* confdefs.h */
| #define PACKAGE_NAME "Gource"
| #define PACKAGE_TARNAME "gource"
| #define PACKAGE_VERSION "0.51"
| #define PACKAGE_STRING "Gource 0.51"
| #define PACKAGE_BUGREPORT "acaudwell@gmail.com"
| #define PACKAGE_URL ""
| #define PACKAGE "gource"
| #define VERSION "0.51"
| #define HAVE_TIMEGM 1
| #define HAVE_UNSETENV 1
| #define HAVE_PTHREAD 1
| #define STDC_HEADERS 1
| #define HAVE_SYS_TYPES_H 1
| #define HAVE_SYS_STAT_H 1
| #define HAVE_STDLIB_H 1
| #define HAVE_STRING_H 1
| #define HAVE_MEMORY_H 1
| #define HAVE_STRINGS_H 1
| #define HAVE_INTTYPES_H 1
| #define HAVE_STDINT_H 1
| #define HAVE_UNISTD_H 1
| #define HAVE_GL_GL_H 1
| /* end confdefs.h.  */
| 
| # if defined(HAVE_WINDOWS_H) && defined(_WIN32)
| #   include <windows.h>
| # endif
| # ifdef HAVE_GL_GL_H
| #   include <GL/gl.h>
| # elif defined(HAVE_OPENGL_GL_H)
| #   include <OpenGL/gl.h>
| # else
| #   error no gl.h
| # endif
| int
| main ()
| {
| glBegin(0)
|   ;
|   return 0;
| }
configure:5940: cc -o conftest -O2 -D_FORTIFY_SOURCE=2  -pthread -Wl,-R/usr/pkg/lib  conftest.c -lGL  >&5
configure:5940: $? = 0
configure:6036: cc -o conftest -O2 -D_FORTIFY_SOURCE=2  -pthread -Wl,-R/usr/pkg/lib  conftest.c -lGL  >&5
conftest.c: In function 'main':
conftest.c:39:1: warning: implicit declaration of function 'glXQueryVersion' [-Wimplicit-function-declaration]
   39 | glXQueryVersion(0, 0, 0)
      | ^~~~~~~~~~~~~~~
configure:6036: $? = 0
configure:6079: result: -lGL
configure:6104: checking for GL/glu.h
configure:6104: c++ -c -O2 -D_FORTIFY_SOURCE=2 -pthread  conftest.cpp >&5
configure:6104: $? = 0
configure:6104: result: yes
configure:6104: checking for OpenGL/glu.h
configure:6104: c++ -c -O2 -D_FORTIFY_SOURCE=2 -pthread  conftest.cpp >&5
conftest.cpp:32:10: fatal error: OpenGL/glu.h: No such file or directory
   32 | #include <OpenGL/glu.h>
      |          ^~~~~~~~~~~~~~
compilation terminated.
configure:6104: $? = 1
configure: failed program was:
| /* confdefs.h */
| #define PACKAGE_NAME "Gource"
| #define PACKAGE_TARNAME "gource"
| #define PACKAGE_VERSION "0.51"
| #define PACKAGE_STRING "Gource 0.51"
| #define PACKAGE_BUGREPORT "acaudwell@gmail.com"
| #define PACKAGE_URL ""
| #define PACKAGE "gource"
| #define VERSION "0.51"
| #define HAVE_TIMEGM 1
| #define HAVE_UNSETENV 1
| #define HAVE_PTHREAD 1
| #define STDC_HEADERS 1
| #define HAVE_SYS_TYPES_H 1
| #define HAVE_SYS_STAT_H 1
| #define HAVE_STDLIB_H 1
| #define HAVE_STRING_H 1
| #define HAVE_MEMORY_H 1
| #define HAVE_STRINGS_H 1
| #define HAVE_INTTYPES_H 1
| #define HAVE_STDINT_H 1
| #define HAVE_UNISTD_H 1
| #define HAVE_GL_GL_H 1
| #define HAVE_GL_GLU_H 1
| /* end confdefs.h.  */
| 
| # if defined(HAVE_WINDOWS_H) && defined(_WIN32)
| #   include <windows.h>
| # endif
| 
| 
| #include <OpenGL/glu.h>
configure:6104: result: no
configure:6123: checking for OpenGL Utility library
configure:6180: c++ -o conftest -O2 -D_FORTIFY_SOURCE=2 -pthread  -Wl,-R/usr/pkg/lib -lGL  conftest.cpp  >&5
/usr/bin/ld: /tmp/cc124mga.o: in function `main':
conftest.cpp:(.text.startup+0x7): undefined reference to `gluBeginCurve'
collect2: error: ld returned 1 exit status
configure:6180: $? = 1
configure: failed program was:
| /* confdefs.h */
| #define PACKAGE_NAME "Gource"
| #define PACKAGE_TARNAME "gource"
| #define PACKAGE_VERSION "0.51"
| #define PACKAGE_STRING "Gource 0.51"
| #define PACKAGE_BUGREPORT "acaudwell@gmail.com"
| #define PACKAGE_URL ""
| #define PACKAGE "gource"
| #define VERSION "0.51"
| #define HAVE_TIMEGM 1
| #define HAVE_UNSETENV 1
| #define HAVE_PTHREAD 1
| #define STDC_HEADERS 1
| #define HAVE_SYS_TYPES_H 1
| #define HAVE_SYS_STAT_H 1
| #define HAVE_STDLIB_H 1
| #define HAVE_STRING_H 1
| #define HAVE_MEMORY_H 1
| #define HAVE_STRINGS_H 1
| #define HAVE_INTTYPES_H 1
| #define HAVE_STDINT_H 1
| #define HAVE_UNISTD_H 1
| #define HAVE_GL_GL_H 1
| #define HAVE_GL_GLU_H 1
| /* end confdefs.h.  */
| 
| # if defined(HAVE_WINDOWS_H) && defined(_WIN32)
| #   include <windows.h>
| # endif
| # ifdef HAVE_GL_GLU_H
| #   include <GL/glu.h>
| # elif defined(HAVE_OPENGL_GLU_H)
| #   include <OpenGL/glu.h>
| # else
| #   error no glu.h
| # endif
| int
| main ()
| {
| gluBeginCurve(0)
|   ;
|   return 0;
| }
configure:6213: c++ -o conftest -O2 -D_FORTIFY_SOURCE=2 -pthread  -Wl,-R/usr/pkg/lib -lGL  conftest.cpp -lglu32  >&5
/usr/bin/ld: cannot find -lglu32
collect2: error: ld returned 1 exit status
configure:6213: $? = 1
configure: failed program was:
| /* confdefs.h */
| #define PACKAGE_NAME "Gource"
| #define PACKAGE_TARNAME "gource"
| #define PACKAGE_VERSION "0.51"
| #define PACKAGE_STRING "Gource 0.51"
| #define PACKAGE_BUGREPORT "acaudwell@gmail.com"
| #define PACKAGE_URL ""
| #define PACKAGE "gource"
| #define VERSION "0.51"
| #define HAVE_TIMEGM 1
| #define HAVE_UNSETENV 1
| #define HAVE_PTHREAD 1
| #define STDC_HEADERS 1
| #define HAVE_SYS_TYPES_H 1
| #define HAVE_SYS_STAT_H 1
| #define HAVE_STDLIB_H 1
| #define HAVE_STRING_H 1
| #define HAVE_MEMORY_H 1
| #define HAVE_STRINGS_H 1
| #define HAVE_INTTYPES_H 1
| #define HAVE_STDINT_H 1
| #define HAVE_UNISTD_H 1
| #define HAVE_GL_GL_H 1
| #define HAVE_GL_GLU_H 1
| /* end confdefs.h.  */
| 
| # if defined(HAVE_WINDOWS_H) && defined(_WIN32)
| #   include <windows.h>
| # endif
| # ifdef HAVE_GL_GLU_H
| #   include <GL/glu.h>
| # elif defined(HAVE_OPENGL_GLU_H)
| #   include <OpenGL/glu.h>
| # else
| #   error no glu.h
| # endif
| int
| main ()
| {
| gluBeginCurve(0)
|   ;
|   return 0;
| }
configure:6213: c++ -o conftest -O2 -D_FORTIFY_SOURCE=2 -pthread  -Wl,-R/usr/pkg/lib -lGL  conftest.cpp -lGLU  >&5
configure:6213: $? = 0
configure:6241: result: -lGLU
configure:6260: checking for varargs GLU tesselator callback function type
configure:6290: c++ -c -pthread -O2 -D_FORTIFY_SOURCE=2  conftest.cpp >&5
conftest.cpp: In function 'int main()':
conftest.cpp:35:44: error: invalid conversion from 'GLvoid (*)(...)' {aka 'void (*)(...)'} to '_GLUfuncptr' {aka 'void (*)()'} [-fpermissive]
   35 | GLvoid (*func)(...); gluTessCallback(0, 0, func)
      |                                            ^~~~
      |                                            |
      |                                            GLvoid (*)(...) {aka void (*)(...)}
In file included from conftest.cpp:28:
/usr/include/GL/glu.h:340:87: note:   initializing argument 3 of 'void gluTessCallback(GLUtesselator*, GLenum, _GLUfuncptr)'
  340 | GLAPI void GLAPIENTRY gluTessCallback (GLUtesselator* tess, GLenum which, _GLUfuncptr CallBackFunc);
      |                                                                           ~~~~~~~~~~~~^~~~~~~~~~~~
configure:6290: $? = 1
configure: failed program was:
| /* confdefs.h */
| #define PACKAGE_NAME "Gource"
| #define PACKAGE_TARNAME "gource"
| #define PACKAGE_VERSION "0.51"
| #define PACKAGE_STRING "Gource 0.51"
| #define PACKAGE_BUGREPORT "acaudwell@gmail.com"
| #define PACKAGE_URL ""
| #define PACKAGE "gource"
| #define VERSION "0.51"
| #define HAVE_TIMEGM 1
| #define HAVE_UNSETENV 1
| #define HAVE_PTHREAD 1
| #define STDC_HEADERS 1
| #define HAVE_SYS_TYPES_H 1
| #define HAVE_SYS_STAT_H 1
| #define HAVE_STDLIB_H 1
| #define HAVE_STRING_H 1
| #define HAVE_MEMORY_H 1
| #define HAVE_STRINGS_H 1
| #define HAVE_INTTYPES_H 1
| #define HAVE_STDINT_H 1
| #define HAVE_UNISTD_H 1
| #define HAVE_GL_GL_H 1
| #define HAVE_GL_GLU_H 1
| /* end confdefs.h.  */
| 
| # ifdef HAVE_GL_GLU_H
| #   include <GL/glu.h>
| # else
| #   include <OpenGL/glu.h>
| # endif
| int
| main ()
| {
| GLvoid (*func)(...); gluTessCallback(0, 0, func)
|   ;
|   return 0;
| }
configure:6302: result: no
configure:6419: checking pkg-config is at least version 0.9.0
configure:6422: result: yes
configure:6433: checking for FT2
configure:6441: $PKG_CONFIG --exists --print-errors "freetype2 >= 9.0.3"
Package freetype2 was not found in the pkg-config search path.
Perhaps you should add the directory containing `freetype2.pc'
to the PKG_CONFIG_PATH environment variable
Package 'freetype2', required by 'virtual:world', not found
configure:6444: $? = 1
configure:6459: $PKG_CONFIG --exists --print-errors "freetype2 >= 9.0.3"
Package freetype2 was not found in the pkg-config search path.
Perhaps you should add the directory containing `freetype2.pc'
to the PKG_CONFIG_PATH environment variable
Package 'freetype2', required by 'virtual:world', not found
configure:6462: $? = 1
Package 'freetype2', required by 'virtual:world', not found
configure:6490: error: Package requirements (freetype2 >= 9.0.3) were not met:

Package 'freetype2', required by 'virtual:world', not found

Consider adjusting the PKG_CONFIG_PATH environment variable if you
installed software in a non-standard prefix.

Alternatively, you may set the environment variables FT2_CFLAGS
and FT2_LIBS to avoid the need to call pkg-config.
See the pkg-config man page for more details.


## ---------------- ##
## Cache variables. ##
## ---------------- ##

ac_cv_build=x86_64-debian-linux-gnu
ac_cv_c_compiler_gnu=yes
ac_cv_cxx_compiler_gnu=yes
ac_cv_env_CCC_set=
ac_cv_env_CCC_value=
ac_cv_env_CC_set=set
ac_cv_env_CC_value=cc
ac_cv_env_CFLAGS_set=set
ac_cv_env_CFLAGS_value='-O2 -D_FORTIFY_SOURCE=2'
ac_cv_env_CPPFLAGS_set=set
ac_cv_env_CPPFLAGS_value=
ac_cv_env_CPP_set=
ac_cv_env_CPP_value=
ac_cv_env_CXXCPP_set=
ac_cv_env_CXXCPP_value=
ac_cv_env_CXXFLAGS_set=set
ac_cv_env_CXXFLAGS_value='-O2 -D_FORTIFY_SOURCE=2'
ac_cv_env_CXX_set=set
ac_cv_env_CXX_value=c++
ac_cv_env_FT2_CFLAGS_set=
ac_cv_env_FT2_CFLAGS_value=
ac_cv_env_FT2_LIBS_set=
ac_cv_env_FT2_LIBS_value=
ac_cv_env_GLEW_CFLAGS_set=
ac_cv_env_GLEW_CFLAGS_value=
ac_cv_env_GLEW_LIBS_set=
ac_cv_env_GLEW_LIBS_value=
ac_cv_env_LDFLAGS_set=set
ac_cv_env_LDFLAGS_value=-Wl,-R/usr/pkg/lib
ac_cv_env_LIBS_set=set
ac_cv_env_LIBS_value=
ac_cv_env_PCRE_CFLAGS_set=
ac_cv_env_PCRE_CFLAGS_value=
ac_cv_env_PCRE_LIBS_set=
ac_cv_env_PCRE_LIBS_value=
ac_cv_env_PKG_CONFIG_set=set
ac_cv_env_PKG_CONFIG_value=/usr/pkgsrc/category/gource/work/.tools/bin/pkg-config
ac_cv_env_PNG_CFLAGS_set=
ac_cv_env_PNG_CFLAGS_value=
ac_cv_env_PNG_LIBS_set=
ac_cv_env_PNG_LIBS_value=
ac_cv_env_SDL2_CFLAGS_set=
ac_cv_env_SDL2_CFLAGS_value=
ac_cv_env_SDL2_LIBS_set=
ac_cv_env_SDL2_LIBS_value=
ac_cv_env_XMKMF_set=
ac_cv_env_XMKMF_value=
ac_cv_env_build_alias_set=set
ac_cv_env_build_alias_value=x86_64-debian-linux
ac_cv_env_host_alias_set=set
ac_cv_env_host_alias_value=x86_64-debian-linux
ac_cv_env_target_alias_set=
ac_cv_env_target_alias_value=
ac_cv_func_timegm=yes
ac_cv_func_unsetenv=yes
ac_cv_have_x='have_x=yes	ac_x_includes='\'''\''	ac_x_libraries='\'''\'''
ac_cv_header_GL_gl_h=yes
ac_cv_header_GL_glu_h=yes
ac_cv_header_OpenGL_gl_h=no
ac_cv_header_OpenGL_glu_h=no
ac_cv_header_inttypes_h=yes
ac_cv_header_memory_h=yes
ac_cv_header_stdc=yes
ac_cv_header_stdint_h=yes
ac_cv_header_stdlib_h=yes
ac_cv_header_string_h=yes
ac_cv_header_strings_h=yes
ac_cv_header_sys_stat_h=yes
ac_cv_header_sys_types_h=yes
ac_cv_header_unistd_h=yes
ac_cv_header_windows_h=no
ac_cv_host=x86_64-debian-linux-gnu
ac_cv_objext=o
ac_cv_path_CAT=/bin/cat
ac_cv_path_ECHO=echo
ac_cv_path_EGREP=/bin/egrep
ac_cv_path_ENV=/usr/bin/env
ac_cv_path_FALSE=false
ac_cv_path_GREP=/bin/grep
ac_cv_path_SED=/bin/sed
ac_cv_path_TEST=test
ac_cv_path_TRUE=true
ac_cv_path_mkdir=/usr/pkgsrc/category/gource/work/.tools/bin/mkdir
ac_cv_prog_AWK=/usr/pkg/bin/nawk
ac_cv_prog_CC=cc
ac_cv_prog_CPP='cc -E'
ac_cv_prog_CXXCPP='c++ -E'
ac_cv_prog_cc_c89=
ac_cv_prog_cc_g=yes
ac_cv_prog_cxx_g=yes
ac_cv_prog_make_make_set=yes
am_cv_CC_dependencies_compiler_type=gcc3
am_cv_CXX_dependencies_compiler_type=gcc3
am_cv_make_support_nested_variables=yes
am_cv_prog_cc_c_o=yes
ax_cv_c_compiler_ms=no
ax_cv_check_gl_libgl=-lGL
ax_cv_check_glu_libglu=-lGLU
ax_cv_varargs_glu_tesscb=no

## ----------------- ##
## Output variables. ##
## ----------------- ##

ACLOCAL='${SHELL} /usr/pkgsrc/category/gource/work/gource-0.51/build-aux/missing aclocal-1.15'
AMDEPBACKSLASH='\'
AMDEP_FALSE='#'
AMDEP_TRUE=''
AMTAR='$${TAR-tar}'
AM_BACKSLASH='\'
AM_DEFAULT_V='$(AM_DEFAULT_VERBOSITY)'
AM_DEFAULT_VERBOSITY='1'
AM_V='$(V)'
AUTOCONF='${SHELL} /usr/pkgsrc/category/gource/work/gource-0.51/build-aux/missing autoconf'
AUTOHEADER='${SHELL} /usr/pkgsrc/category/gource/work/gource-0.51/build-aux/missing autoheader'
AUTOMAKE='${SHELL} /usr/pkgsrc/category/gource/work/gource-0.51/build-aux/missing automake-1.15'
AWK='/usr/pkg/bin/nawk'
BOOST_CPPFLAGS=''
BOOST_FILESYSTEM_LIB=''
BOOST_LDFLAGS=''
BOOST_SYSTEM_LIB=''
CC='cc'
CCDEPMODE='depmode=gcc3'
CFLAGS='-O2 -D_FORTIFY_SOURCE=2'
CPP='cc -E'
CPPFLAGS=' -pthread -pthread'
CXX='c++'
CXXCPP='c++ -E'
CXXDEPMODE='depmode=gcc3'
CXXFLAGS='-O2 -D_FORTIFY_SOURCE=2 -pthread -pthread'
CYGPATH_W='echo'
DEFS=''
DEPDIR='.deps'
ECHO_C=''
ECHO_N='-n'
ECHO_T=''
EGREP='/bin/egrep'
EXEEXT=''
FONTDIR_FALSE=''
FONTDIR_TRUE=''
FONTFILE_FALSE=''
FONTFILE_TRUE=''
FT2_CFLAGS=''
FT2_LIBS=''
GLEW_CFLAGS=''
GLEW_LIBS=''
GLU_CFLAGS='-pthread'
GLU_LIBS='-lGLU'
GL_CFLAGS='-pthread'
GL_LIBS='-lGL '
GREP='/bin/grep'
INSTALL_DATA='/bin/install -c -o jihbed -g jihbed -m 644'
INSTALL_PROGRAM='/bin/install -c -s -o jihbed -g jihbed -m 755'
INSTALL_SCRIPT='/bin/install -c -o jihbed -g jihbed -m 755'
INSTALL_STRIP_PROGRAM='$(install_sh) -c -s'
LDFLAGS='-Wl,-R/usr/pkg/lib'
LIBOBJS=''
LIBS=' -lGL  -lGLU'
LTLIBOBJS=''
MAKEINFO='/usr/pkgsrc/category/gource/work/.tools/bin/makeinfo'
MKDIR_P='/usr/pkgsrc/category/gource/work/.tools/bin/mkdir -p'
OBJEXT='o'
PACKAGE='gource'
PACKAGE_BUGREPORT='acaudwell@gmail.com'
PACKAGE_NAME='Gource'
PACKAGE_STRING='Gource 0.51'
PACKAGE_TARNAME='gource'
PACKAGE_URL=''
PACKAGE_VERSION='0.51'
PATH_SEPARATOR=':'
PCRE_CFLAGS=''
PCRE_LIBS=''
PKG_CONFIG='/usr/pkgsrc/category/gource/work/.tools/bin/pkg-config'
PNG_CFLAGS=''
PNG_LIBS=''
PTHREAD_CC='cc'
PTHREAD_CFLAGS='-pthread'
PTHREAD_LIBS=''
SDL2_CFLAGS=''
SDL2_LIBS=''
SED='/bin/sed'
SET_MAKE=''
SHELL='/bin/bash'
STRIP=''
USE_BUNDLED_TINYXML_FALSE=''
USE_BUNDLED_TINYXML_TRUE=''
VERSION='0.51'
XMKMF=''
ac_ct_CC=''
ac_ct_CXX=''
am__EXEEXT_FALSE=''
am__EXEEXT_TRUE=''
am__fastdepCC_FALSE='#'
am__fastdepCC_TRUE=''
am__fastdepCXX_FALSE='#'
am__fastdepCXX_TRUE=''
am__include='include'
am__isrc=''
am__leading_dot='.'
am__nodep='_no'
am__quote=''
am__tar='$${TAR-tar} chof - "$$tardir"'
am__untar='$${TAR-tar} xf -'
ax_pthread_config=''
bindir='${exec_prefix}/bin'
build='x86_64-debian-linux-gnu'
build_alias='x86_64-debian-linux'
build_cpu='x86_64'
build_os='linux-gnu'
build_vendor='debian'
datadir='${datarootdir}'
datarootdir='${prefix}/share'
docdir='${datarootdir}/doc/${PACKAGE_TARNAME}'
dvidir='${docdir}'
exec_prefix='NONE'
gourcefontdir=''
gourcefontfile=''
host='x86_64-debian-linux-gnu'
host_alias='x86_64-debian-linux'
host_cpu='x86_64'
host_os='linux-gnu'
host_vendor='debian'
htmldir='${docdir}'
includedir='${prefix}/include'
infodir='${datarootdir}/info'
install_sh='${SHELL} /usr/pkgsrc/category/gource/work/gource-0.51/build-aux/install-sh'
libdir='${exec_prefix}/lib'
libexecdir='${exec_prefix}/libexec'
localedir='${datarootdir}/locale'
localstatedir='${prefix}/var'
mandir='/usr/pkg/man'
mkdir_p='$(MKDIR_P)'
oldincludedir='/usr/include'
pdfdir='${docdir}'
prefix='/usr/pkg'
program_transform_name='s,x,x,'
psdir='${docdir}'
runstatedir='${localstatedir}/run'
sbindir='${exec_prefix}/sbin'
sharedstatedir='${prefix}/com'
sysconfdir='${prefix}/etc'
target_alias=''

## ----------- ##
## confdefs.h. ##
## ----------- ##

/* confdefs.h */
#define PACKAGE_NAME "Gource"
#define PACKAGE_TARNAME "gource"
#define PACKAGE_VERSION "0.51"
#define PACKAGE_STRING "Gource 0.51"
#define PACKAGE_BUGREPORT "acaudwell@gmail.com"
#define PACKAGE_URL ""
#define PACKAGE "gource"
#define VERSION "0.51"
#define HAVE_TIMEGM 1
#define HAVE_UNSETENV 1
#define HAVE_PTHREAD 1
#define STDC_HEADERS 1
#define HAVE_SYS_TYPES_H 1
#define HAVE_SYS_STAT_H 1
#define HAVE_STDLIB_H 1
#define HAVE_STRING_H 1
#define HAVE_MEMORY_H 1
#define HAVE_STRINGS_H 1
#define HAVE_INTTYPES_H 1
#define HAVE_STDINT_H 1
#define HAVE_UNISTD_H 1
#define HAVE_GL_GL_H 1
#define HAVE_GL_GLU_H 1

configure: exit 1
